2025-06-27 08:43:54,879 - src.data.google_sheets_logger - INFO - gspread worksheet opened successfully.
2025-06-27 08:43:54,883 - googleapiclient.discovery_cache - INFO - file_cache is only supported with oauth2client<4.0.0
2025-06-27 08:43:54,886 - src.data.google_sheets_logger - INFO - Google Sheets API service initialized.
2025-06-27 08:43:55,600 - __main__ - INFO - Starting trading system in Backtest mode
2025-06-27 08:43:55,600 - __main__ - INFO - Initial capital: $100,000.00
2025-06-27 08:43:56,314 - src.data.google_sheets_logger - INFO - gspread worksheet opened successfully.
2025-06-27 08:43:56,317 - googleapiclient.discovery_cache - INFO - file_cache is only supported with oauth2client<4.0.0
2025-06-27 08:43:56,319 - src.data.google_sheets_logger - INFO - Google Sheets API service initialized.
2025-06-27 08:43:57,388 - src.data.google_sheets_logger - INFO - gspread worksheet opened successfully.
2025-06-27 08:43:57,390 - googleapiclient.discovery_cache - INFO - file_cache is only supported with oauth2client<4.0.0
2025-06-27 08:43:57,392 - src.data.google_sheets_logger - INFO - Google Sheets API service initialized.
2025-06-27 08:43:57,393 - src.data.trading_system - INFO - ✅ Google Sheets logging enabled
2025-06-27 08:43:57,393 - src.data.trading_system - INFO - Connected to: https://docs.google.com/spreadsheets/d/1yhmCMKFpMsjvsEfRzzXZWXCaU7Mao8bYt1MSK7r-12A
2025-06-27 08:43:57,395 - src.data.trading_system - INFO - 
Starting backtest for all symbols
2025-06-27 08:43:57,395 - src.data.trading_system - INFO - Period: 2024-06-27 to 2025-06-27
2025-06-27 08:43:57,824 - src.data.trading_system - INFO - 
Processing BHARTIARTL.NS...
2025-06-27 08:43:57,838 - src.data.trading_system - INFO - Opened short position in BHARTIARTL.NS at $1506.01, Shares: 1.33, Size: $2000.00
2025-06-27 08:43:57,838 - src.data.trading_system - INFO - Opened short position in BHARTIARTL.NS at 1506.00732421875
2025-06-27 08:43:57,842 - src.data.trading_system - INFO - Closed short position in BHARTIARTL.NS at $1435.55, P&L: $93.57 (4.68%)
2025-06-27 08:43:58,322 - src.data.trading_system - INFO - Opened short position in BHARTIARTL.NS at $1522.75, Shares: 1.31, Size: $2001.87
2025-06-27 08:43:58,323 - src.data.trading_system - INFO - Opened short position in BHARTIARTL.NS at 1522.75
2025-06-27 08:43:58,323 - src.data.trading_system - INFO - Closed short position in BHARTIARTL.NS at $1556.35, P&L: $-44.17 (-2.21%)
2025-06-27 08:43:58,813 - src.data.trading_system - INFO - Opened short position in BHARTIARTL.NS at $1556.35, Shares: 1.29, Size: $2000.99
2025-06-27 08:43:58,813 - src.data.trading_system - INFO - Opened short position in BHARTIARTL.NS at 1556.3499755859375
2025-06-27 08:43:58,814 - src.data.trading_system - INFO - Closed short position in BHARTIARTL.NS at $1589.05, P&L: $-42.04 (-2.10%)
2025-06-27 08:43:59,199 - src.data.trading_system - INFO - Opened short position in BHARTIARTL.NS at $1589.05, Shares: 1.26, Size: $2000.15
2025-06-27 08:43:59,199 - src.data.trading_system - INFO - Opened short position in BHARTIARTL.NS at 1589.050048828125
2025-06-27 08:43:59,204 - src.data.trading_system - INFO - Closed short position in BHARTIARTL.NS at $1646.75, P&L: $-72.63 (-3.63%)
2025-06-27 08:43:59,646 - src.data.trading_system - INFO - Opened short position in BHARTIARTL.NS at $1646.75, Shares: 1.21, Size: $1998.69
2025-06-27 08:43:59,647 - src.data.trading_system - INFO - Opened short position in BHARTIARTL.NS at 1646.75
2025-06-27 08:43:59,650 - src.data.trading_system - INFO - Closed short position in BHARTIARTL.NS at $1711.75, P&L: $-78.89 (-3.95%)
2025-06-27 08:44:00,075 - src.data.trading_system - INFO - Opened short position in BHARTIARTL.NS at $1711.75, Shares: 1.17, Size: $1997.12
2025-06-27 08:44:00,076 - src.data.trading_system - INFO - Opened short position in BHARTIARTL.NS at 1711.75
2025-06-27 08:44:00,076 - src.data.trading_system - INFO - Closed short position in BHARTIARTL.NS at $1750.45, P&L: $-45.15 (-2.26%)
2025-06-27 08:44:00,534 - src.data.trading_system - INFO - Opened short position in BHARTIARTL.NS at $1750.45, Shares: 1.14, Size: $1996.21
2025-06-27 08:44:00,535 - src.data.trading_system - INFO - Opened short position in BHARTIARTL.NS at 1750.449951171875
2025-06-27 08:44:00,538 - src.data.trading_system - INFO - Closed short position in BHARTIARTL.NS at $1673.45, P&L: $87.81 (4.40%)
2025-06-27 08:44:00,948 - src.data.trading_system - INFO - Opened long position in BHARTIARTL.NS at $1612.60, Shares: 1.24, Size: $1997.97
2025-06-27 08:44:00,948 - src.data.trading_system - INFO - Opened long position in BHARTIARTL.NS at 1612.5999755859375
2025-06-27 08:44:00,950 - src.data.trading_system - INFO - Closed long position in BHARTIARTL.NS at $1578.40, P&L: $-42.37 (-2.12%)
2025-06-27 08:44:01,385 - src.data.trading_system - INFO - Opened long position in BHARTIARTL.NS at $1578.40, Shares: 1.27, Size: $1997.12
2025-06-27 08:44:01,385 - src.data.trading_system - INFO - Opened long position in BHARTIARTL.NS at 1578.4000244140625
2025-06-27 08:44:01,389 - src.data.trading_system - INFO - Closed long position in BHARTIARTL.NS at $1537.00, P&L: $-52.38 (-2.62%)
2025-06-27 08:44:02,032 - src.data.trading_system - INFO - Opened short position in BHARTIARTL.NS at $1725.80, Shares: 1.16, Size: $1996.07
2025-06-27 08:44:02,033 - src.data.trading_system - INFO - Opened short position in BHARTIARTL.NS at 1725.800048828125
2025-06-27 08:44:02,042 - src.data.trading_system - INFO - Closed short position in BHARTIARTL.NS at $1798.80, P&L: $-84.43 (-4.23%)
2025-06-27 08:44:02,514 - src.data.trading_system - INFO - Opened short position in BHARTIARTL.NS at $1889.10, Shares: 1.06, Size: $1994.39
2025-06-27 08:44:02,514 - src.data.trading_system - INFO - Opened short position in BHARTIARTL.NS at 1889.0999755859375
2025-06-27 08:44:02,531 - src.data.trading_system - INFO - Closed short position in BHARTIARTL.NS at $1808.90, P&L: $84.67 (4.25%)
2025-06-27 08:44:03,010 - src.data.trading_system - INFO - Opened short position in BHARTIARTL.NS at $1936.70, Shares: 1.03, Size: $1996.08
2025-06-27 08:44:03,011 - src.data.trading_system - INFO - Opened short position in BHARTIARTL.NS at 1936.699951171875
2025-06-27 08:44:03,013 - src.data.trading_system - INFO - Closed short position in BHARTIARTL.NS at $2014.30, P&L: $-79.98 (-4.01%)
2025-06-27 08:44:03,485 - src.data.trading_system - INFO - Opened short position in BHARTIARTL.NS at $2014.30, Shares: 0.99, Size: $1994.48
2025-06-27 08:44:03,485 - src.data.trading_system - INFO - Opened short position in BHARTIARTL.NS at 2014.300048828125
2025-06-27 08:44:03,486 - src.data.trading_system - INFO - Completed BHARTIARTL.NS: Trades: 12, P&L: $-276.00
2025-06-27 08:44:03,486 - src.data.trading_system - INFO - 
Processing RELIANCE.NS...
2025-06-27 08:44:03,525 - src.data.trading_system - INFO - Opened long position in RELIANCE.NS at $1370.72, Shares: 1.43, Size: $1954.59
2025-06-27 08:44:03,525 - src.data.trading_system - INFO - Opened long position in RELIANCE.NS at 1370.7249755859375
2025-06-27 08:44:03,532 - src.data.trading_system - INFO - Closed long position in RELIANCE.NS at $1338.53, P&L: $-45.92 (-2.35%)
2025-06-27 08:44:04,353 - src.data.trading_system - INFO - Opened long position in RELIANCE.NS at $1283.75, Shares: 1.52, Size: $1953.67
2025-06-27 08:44:04,353 - src.data.trading_system - INFO - Opened long position in RELIANCE.NS at 1283.75
2025-06-27 08:44:04,354 - src.data.trading_system - INFO - Closed long position in RELIANCE.NS at $1252.05, P&L: $-48.24 (-2.47%)
2025-06-27 08:44:04,755 - src.data.trading_system - INFO - Opened long position in RELIANCE.NS at $1252.05, Shares: 1.56, Size: $1952.71
2025-06-27 08:44:04,755 - src.data.trading_system - INFO - Opened long position in RELIANCE.NS at 1252.050048828125
2025-06-27 08:44:04,757 - src.data.trading_system - INFO - Closed long position in RELIANCE.NS at $1223.00, P&L: $-45.31 (-2.32%)
2025-06-27 08:44:05,200 - src.data.trading_system - INFO - Opened long position in RELIANCE.NS at $1223.00, Shares: 1.60, Size: $1951.80
2025-06-27 08:44:05,201 - src.data.trading_system - INFO - Opened long position in RELIANCE.NS at 1223.0
2025-06-27 08:44:05,201 - src.data.trading_system - INFO - Closed long position in RELIANCE.NS at $1287.00, P&L: $102.14 (5.23%)
2025-06-27 08:44:05,634 - src.data.trading_system - INFO - Opened long position in RELIANCE.NS at $1205.30, Shares: 1.62, Size: $1953.84
2025-06-27 08:44:05,635 - src.data.trading_system - INFO - Opened long position in RELIANCE.NS at 1205.300048828125
2025-06-27 08:44:05,642 - src.data.trading_system - INFO - Closed long position in RELIANCE.NS at $1265.50, P&L: $97.59 (4.99%)
2025-06-27 08:44:06,119 - src.data.trading_system - INFO - Opened short position in RELIANCE.NS at $1302.35, Shares: 1.50, Size: $1955.80
2025-06-27 08:44:06,119 - src.data.trading_system - INFO - Opened short position in RELIANCE.NS at 1302.3499755859375
2025-06-27 08:44:06,122 - src.data.trading_system - INFO - Closed short position in RELIANCE.NS at $1246.30, P&L: $84.17 (4.30%)
2025-06-27 08:44:06,556 - src.data.trading_system - INFO - Opened long position in RELIANCE.NS at $1171.25, Shares: 1.67, Size: $1957.48
2025-06-27 08:44:06,556 - src.data.trading_system - INFO - Opened long position in RELIANCE.NS at 1171.25
2025-06-27 08:44:06,558 - src.data.trading_system - INFO - Closed long position in RELIANCE.NS at $1249.80, P&L: $131.28 (6.71%)
2025-06-27 08:44:06,965 - src.data.trading_system - INFO - Opened short position in RELIANCE.NS at $1302.10, Shares: 1.51, Size: $1960.10
2025-06-27 08:44:06,965 - src.data.trading_system - INFO - Opened short position in RELIANCE.NS at 1302.0999755859375
2025-06-27 08:44:06,969 - src.data.trading_system - INFO - Closed short position in RELIANCE.NS at $1248.70, P&L: $80.39 (4.10%)
2025-06-27 08:44:07,358 - src.data.trading_system - INFO - Opened short position in RELIANCE.NS at $1368.80, Shares: 1.43, Size: $1961.71
2025-06-27 08:44:07,358 - src.data.trading_system - INFO - Opened short position in RELIANCE.NS at 1368.800048828125
2025-06-27 08:44:07,358 - src.data.trading_system - INFO - Closed short position in RELIANCE.NS at $1399.70, P&L: $-44.28 (-2.26%)
2025-06-27 08:44:07,747 - src.data.trading_system - INFO - Opened short position in RELIANCE.NS at $1399.70, Shares: 1.40, Size: $1960.83
2025-06-27 08:44:07,747 - src.data.trading_system - INFO - Opened short position in RELIANCE.NS at 1399.699951171875
2025-06-27 08:44:07,749 - src.data.trading_system - INFO - Closed short position in RELIANCE.NS at $1431.30, P&L: $-44.27 (-2.26%)
2025-06-27 08:44:08,261 - src.data.trading_system - INFO - Completed RELIANCE.NS: Trades: 10, P&L: $267.54
2025-06-27 08:44:08,262 - src.data.trading_system - INFO - 
Processing INFY.NS...
2025-06-27 08:44:08,315 - src.data.trading_system - INFO - Opened long position in INFY.NS at $1732.87, Shares: 1.13, Size: $1959.94
2025-06-27 08:44:08,315 - src.data.trading_system - INFO - Opened long position in INFY.NS at 1732.868408203125
2025-06-27 08:44:08,318 - src.data.trading_system - INFO - Closed long position in INFY.NS at $1804.56, P&L: $81.09 (4.14%)
2025-06-27 08:44:08,750 - src.data.trading_system - INFO - Opened long position in INFY.NS at $1739.62, Shares: 1.13, Size: $1961.56
2025-06-27 08:44:08,751 - src.data.trading_system - INFO - Opened long position in INFY.NS at 1739.623291015625
2025-06-27 08:44:08,752 - src.data.trading_system - INFO - Closed long position in INFY.NS at $1664.28, P&L: $-84.95 (-4.33%)
2025-06-27 08:44:09,139 - src.data.trading_system - INFO - Opened long position in INFY.NS at $1664.28, Shares: 1.18, Size: $1959.86
2025-06-27 08:44:09,140 - src.data.trading_system - INFO - Opened long position in INFY.NS at 1664.2833251953125
2025-06-27 08:44:09,144 - src.data.trading_system - INFO - Closed long position in INFY.NS at $1568.78, P&L: $-112.47 (-5.74%)
2025-06-27 08:44:09,538 - src.data.trading_system - INFO - Opened long position in INFY.NS at $1568.78, Shares: 1.25, Size: $1957.61
2025-06-27 08:44:09,538 - src.data.trading_system - INFO - Opened long position in INFY.NS at 1568.777099609375
2025-06-27 08:44:09,545 - src.data.trading_system - INFO - Closed long position in INFY.NS at $1505.32, P&L: $-79.19 (-4.05%)
2025-06-27 08:44:09,944 - src.data.trading_system - INFO - Opened long position in INFY.NS at $1377.37, Shares: 1.42, Size: $1956.03
2025-06-27 08:44:09,944 - src.data.trading_system - INFO - Opened long position in INFY.NS at 1377.3702392578125
2025-06-27 08:44:09,949 - src.data.trading_system - INFO - Closed long position in INFY.NS at $1454.44, P&L: $109.44 (5.60%)
2025-06-27 08:44:10,383 - src.data.trading_system - INFO - Opened short position in INFY.NS at $1604.33, Shares: 1.22, Size: $1958.22
2025-06-27 08:44:10,383 - src.data.trading_system - INFO - Opened short position in INFY.NS at 1604.3270263671875
2025-06-27 08:44:10,385 - src.data.trading_system - INFO - Closed short position in INFY.NS at $1538.16, P&L: $80.77 (4.12%)
2025-06-27 08:44:10,816 - src.data.trading_system - INFO - Opened short position in INFY.NS at $1631.10, Shares: 1.20, Size: $1959.83
2025-06-27 08:44:10,816 - src.data.trading_system - INFO - Opened short position in INFY.NS at 1631.0999755859375
2025-06-27 08:44:10,823 - src.data.trading_system - INFO - Completed INFY.NS: Trades: 6, P&L: $-5.31
2025-06-27 08:44:10,823 - src.data.trading_system - INFO - 
Processing TCS.NS...
2025-06-27 08:44:10,850 - src.data.trading_system - INFO - Opened short position in TCS.NS at $4391.70, Shares: 0.44, Size: $1920.64
2025-06-27 08:44:10,850 - src.data.trading_system - INFO - Opened short position in TCS.NS at 4391.70361328125
2025-06-27 08:44:10,857 - src.data.trading_system - INFO - Closed short position in TCS.NS at $4181.28, P&L: $92.02 (4.79%)
2025-06-27 08:44:11,297 - src.data.trading_system - INFO - Opened long position in TCS.NS at $4181.28, Shares: 0.46, Size: $1922.48
2025-06-27 08:44:11,297 - src.data.trading_system - INFO - Opened long position in TCS.NS at 4181.28369140625
2025-06-27 08:44:11,306 - src.data.trading_system - INFO - Closed long position in TCS.NS at $4038.26, P&L: $-65.76 (-3.42%)
2025-06-27 08:44:11,811 - src.data.trading_system - INFO - Opened long position in TCS.NS at $3985.46, Shares: 0.48, Size: $1921.16
2025-06-27 08:44:11,811 - src.data.trading_system - INFO - Opened long position in TCS.NS at 3985.463623046875
2025-06-27 08:44:11,817 - src.data.trading_system - INFO - Closed long position in TCS.NS at $3871.77, P&L: $-54.81 (-2.85%)
2025-06-27 08:44:12,212 - src.data.trading_system - INFO - Opened short position in TCS.NS at $4209.97, Shares: 0.46, Size: $1920.07
2025-06-27 08:44:12,212 - src.data.trading_system - INFO - Opened short position in TCS.NS at 4209.97314453125
2025-06-27 08:44:12,216 - src.data.trading_system - INFO - Closed short position in TCS.NS at $4355.29, P&L: $-66.28 (-3.45%)
2025-06-27 08:44:12,679 - src.data.trading_system - INFO - Opened long position in TCS.NS at $3928.63, Shares: 0.49, Size: $1918.74
2025-06-27 08:44:12,679 - src.data.trading_system - INFO - Opened long position in TCS.NS at 3928.631103515625
2025-06-27 08:44:12,682 - src.data.trading_system - INFO - Closed long position in TCS.NS at $3839.08, P&L: $-43.74 (-2.28%)
2025-06-27 08:44:13,141 - src.data.trading_system - INFO - Opened long position in TCS.NS at $3750.76, Shares: 0.51, Size: $1917.87
2025-06-27 08:44:13,141 - src.data.trading_system - INFO - Opened long position in TCS.NS at 3750.761962890625
2025-06-27 08:44:13,143 - src.data.trading_system - INFO - Closed long position in TCS.NS at $3643.22, P&L: $-54.99 (-2.87%)
2025-06-27 08:44:13,596 - src.data.trading_system - INFO - Opened long position in TCS.NS at $3643.22, Shares: 0.53, Size: $1916.77
2025-06-27 08:44:13,597 - src.data.trading_system - INFO - Opened long position in TCS.NS at 3643.218017578125
2025-06-27 08:44:13,598 - src.data.trading_system - INFO - Closed long position in TCS.NS at $3452.56, P&L: $-100.31 (-5.23%)
2025-06-27 08:44:14,030 - src.data.trading_system - INFO - Opened long position in TCS.NS at $3452.56, Shares: 0.55, Size: $1914.76
2025-06-27 08:44:14,030 - src.data.trading_system - INFO - Opened long position in TCS.NS at 3452.5625
2025-06-27 08:44:14,041 - src.data.trading_system - INFO - Closed long position in TCS.NS at $3596.98, P&L: $80.09 (4.18%)
2025-06-27 08:44:14,480 - src.data.trading_system - INFO - Opened long position in TCS.NS at $3285.20, Shares: 0.58, Size: $1916.36
2025-06-27 08:44:14,481 - src.data.trading_system - INFO - Opened long position in TCS.NS at 3285.199951171875
2025-06-27 08:44:14,482 - src.data.trading_system - INFO - Closed long position in TCS.NS at $3417.62, P&L: $77.25 (4.03%)
2025-06-27 08:44:15,039 - src.data.trading_system - INFO - Opened short position in TCS.NS at $3588.50, Shares: 0.53, Size: $1917.91
2025-06-27 08:44:15,040 - src.data.trading_system - INFO - Opened short position in TCS.NS at 3588.50390625
2025-06-27 08:44:15,057 - src.data.trading_system - INFO - Closed short position in TCS.NS at $3432.89, P&L: $83.17 (4.34%)
2025-06-27 08:44:15,469 - src.data.trading_system - INFO - Completed TCS.NS: Trades: 10, P&L: $-53.34
2025-06-27 08:44:15,469 - src.data.trading_system - INFO - 
Processing SBIN.NS...
2025-06-27 08:44:15,485 - src.data.trading_system - INFO - Opened long position in SBIN.NS at $795.67, Shares: 2.41, Size: $1919.57
2025-06-27 08:44:15,485 - src.data.trading_system - INFO - Opened long position in SBIN.NS at 795.6732788085938
2025-06-27 08:44:15,499 - src.data.trading_system - INFO - Closed long position in SBIN.NS at $767.10, P&L: $-68.94 (-3.59%)
2025-06-27 08:44:15,885 - src.data.trading_system - INFO - Opened long position in SBIN.NS at $768.81, Shares: 2.50, Size: $1918.19
2025-06-27 08:44:15,886 - src.data.trading_system - INFO - Opened long position in SBIN.NS at 768.8125610351562
2025-06-27 08:44:15,902 - src.data.trading_system - INFO - Closed long position in SBIN.NS at $804.25, P&L: $88.42 (4.61%)
2025-06-27 08:44:16,314 - src.data.trading_system - INFO - Opened long position in SBIN.NS at $783.91, Shares: 2.45, Size: $1919.96
2025-06-27 08:44:16,314 - src.data.trading_system - INFO - Opened long position in SBIN.NS at 783.9094848632812
2025-06-27 08:44:16,317 - src.data.trading_system - INFO - Closed long position in SBIN.NS at $761.12, P&L: $-55.82 (-2.91%)
2025-06-27 08:44:16,721 - src.data.trading_system - INFO - Opened long position in SBIN.NS at $715.14, Shares: 2.68, Size: $1918.84
2025-06-27 08:44:16,721 - src.data.trading_system - INFO - Opened long position in SBIN.NS at 715.1403198242188
2025-06-27 08:44:16,723 - src.data.trading_system - INFO - Closed long position in SBIN.NS at $751.22, P&L: $96.80 (5.04%)
2025-06-27 08:44:17,192 - src.data.trading_system - INFO - Opened short position in SBIN.NS at $765.43, Shares: 2.51, Size: $1920.78
2025-06-27 08:44:17,193 - src.data.trading_system - INFO - Opened short position in SBIN.NS at 765.4304809570312
2025-06-27 08:44:17,203 - src.data.trading_system - INFO - Closed short position in SBIN.NS at $732.20, P&L: $83.39 (4.34%)
2025-06-27 08:44:17,646 - src.data.trading_system - INFO - Completed SBIN.NS: Trades: 5, P&L: $143.85
2025-06-27 08:44:17,646 - src.data.trading_system - INFO - 
Processing LT.NS...
2025-06-27 08:44:17,706 - src.data.trading_system - INFO - Opened short position in LT.NS at $3910.83, Shares: 0.49, Size: $1922.45
2025-06-27 08:44:17,706 - src.data.trading_system - INFO - Opened short position in LT.NS at 3910.826416015625
2025-06-27 08:44:17,710 - src.data.trading_system - INFO - Closed short position in LT.NS at $3723.42, P&L: $92.12 (4.79%)
2025-06-27 08:44:18,162 - src.data.trading_system - INFO - Opened short position in LT.NS at $3384.39, Shares: 0.57, Size: $1924.29
2025-06-27 08:44:18,163 - src.data.trading_system - INFO - Opened short position in LT.NS at 3384.385986328125
2025-06-27 08:44:18,165 - src.data.trading_system - INFO - Closed short position in LT.NS at $3469.24, P&L: $-48.25 (-2.51%)
2025-06-27 08:44:18,634 - src.data.trading_system - INFO - Opened short position in LT.NS at $3554.05, Shares: 0.54, Size: $1923.33
2025-06-27 08:44:18,635 - src.data.trading_system - INFO - Opened short position in LT.NS at 3554.0537109375
2025-06-27 08:44:18,643 - src.data.trading_system - INFO - Closed short position in LT.NS at $3641.14, P&L: $-47.13 (-2.45%)
2025-06-27 08:44:19,042 - src.data.trading_system - INFO - Completed LT.NS: Trades: 3, P&L: $-3.26
2025-06-27 08:44:20,357 - src.data.trading_system - INFO - 
Performance report generated: /workspaces/algoTradingSystem/trading_results/figures/performance_report_20250627_084420.html
2025-06-27 08:44:22,056 - src.data.google_sheets_logger - INFO - gspread worksheet opened successfully.
2025-06-27 08:44:22,059 - googleapiclient.discovery_cache - INFO - file_cache is only supported with oauth2client<4.0.0
2025-06-27 08:44:22,061 - src.data.google_sheets_logger - INFO - Google Sheets API service initialized.
