2025-06-27 12:57:37,381 - src.data.google_sheets_logger - INFO - gspread worksheet opened successfully.
2025-06-27 12:57:37,383 - googleapiclient.discovery_cache - INFO - file_cache is only supported with oauth2client<4.0.0
2025-06-27 12:57:37,386 - src.data.google_sheets_logger - INFO - Google Sheets API service initialized.
2025-06-27 12:57:56,760 - src.data.google_sheets_logger - INFO - gspread worksheet opened successfully.
2025-06-27 12:57:56,763 - googleapiclient.discovery_cache - INFO - file_cache is only supported with oauth2client<4.0.0
2025-06-27 12:57:56,765 - src.data.google_sheets_logger - INFO - Google Sheets API service initialized.
2025-06-27 12:58:02,759 - src.data.google_sheets_logger - INFO - gspread worksheet opened successfully.
2025-06-27 12:58:02,761 - googleapiclient.discovery_cache - INFO - file_cache is only supported with oauth2client<4.0.0
2025-06-27 12:58:02,763 - src.data.google_sheets_logger - INFO - Google Sheets API service initialized.
2025-06-27 12:58:07,597 - src.data.google_sheets_logger - INFO - gspread worksheet opened successfully.
2025-06-27 12:58:07,600 - googleapiclient.discovery_cache - INFO - file_cache is only supported with oauth2client<4.0.0
2025-06-27 12:58:07,602 - src.data.google_sheets_logger - INFO - Google Sheets API service initialized.
2025-06-27 12:58:09,226 - __main__ - INFO - Starting trading system in Live (Real Market) mode
2025-06-27 12:58:09,227 - __main__ - INFO - Initial capital: ₹100,000.00
2025-06-27 12:58:09,230 - src.data.automation_controller - INFO - Starting automation controller...
2025-06-27 12:58:09,231 - src.data.automation_controller - INFO - Starting trading loop...
2025-06-27 12:58:38,815 - __main__ - INFO - Starting trading system in Live (Real Market) mode
2025-06-27 12:58:38,816 - __main__ - INFO - Initial capital: ₹100,000.00
2025-06-27 12:58:38,821 - src.data.automation_controller - INFO - Starting automation controller...
2025-06-27 12:58:38,822 - src.data.automation_controller - INFO - Starting trading loop...
2025-06-27 12:58:46,750 - src.data.google_sheets_logger - INFO - gspread worksheet opened successfully.
2025-06-27 12:58:46,753 - googleapiclient.discovery_cache - INFO - file_cache is only supported with oauth2client<4.0.0
2025-06-27 12:58:46,755 - src.data.google_sheets_logger - INFO - Google Sheets API service initialized.
2025-06-27 12:58:47,908 - src.data.google_sheets_logger - INFO - gspread worksheet opened successfully.
2025-06-27 12:58:47,910 - googleapiclient.discovery_cache - INFO - file_cache is only supported with oauth2client<4.0.0
2025-06-27 12:58:47,912 - src.data.google_sheets_logger - INFO - Google Sheets API service initialized.
2025-06-27 12:58:48,225 - src.data.google_sheets_logger - INFO - gspread worksheet opened successfully.
2025-06-27 12:58:48,228 - googleapiclient.discovery_cache - INFO - file_cache is only supported with oauth2client<4.0.0
2025-06-27 12:58:48,230 - src.data.google_sheets_logger - INFO - Google Sheets API service initialized.
2025-06-27 12:58:55,102 - src.data.google_sheets_logger - INFO - gspread worksheet opened successfully.
2025-06-27 12:58:55,104 - googleapiclient.discovery_cache - INFO - file_cache is only supported with oauth2client<4.0.0
2025-06-27 12:58:55,106 - src.data.google_sheets_logger - INFO - Google Sheets API service initialized.
2025-06-27 12:58:57,226 - __main__ - INFO - Starting trading system in Backtest (Test on Past Data) mode
2025-06-27 12:58:57,228 - __main__ - INFO - Initial capital: ₹100,000.00
2025-06-27 12:58:57,233 - src.data.trading_system - INFO - 
Starting backtest for all symbols
2025-06-27 12:58:57,234 - src.data.trading_system - INFO - Period: 2025-04-28 to 2025-06-27
2025-06-27 12:58:58,722 - src.data.trading_system - INFO - 
Processing INFY.NS...
2025-06-27 12:58:58,743 - src.data.trading_system - INFO - Opened short position in INFY.NS at $1631.10, Shares: 1.23, Size: $2000.00
2025-06-27 12:58:58,744 - src.data.trading_system - INFO - Opened short position in INFY.NS at 1631.0999755859375
2025-06-27 12:58:58,752 - src.data.trading_system - INFO - Completed INFY.NS: Trades: 0, P&L: $0.00
2025-06-27 12:58:58,752 - src.data.trading_system - INFO - 
Processing BHARTIARTL.NS...
2025-06-27 12:58:58,779 - src.data.trading_system - INFO - Opened short position in BHARTIARTL.NS at $1936.70, Shares: 1.01, Size: $1960.00
2025-06-27 12:58:58,779 - src.data.trading_system - INFO - Opened short position in BHARTIARTL.NS at 1936.699951171875
2025-06-27 12:58:58,781 - src.data.trading_system - INFO - Closed short position in BHARTIARTL.NS at $2014.30, P&L: $-78.53 (-4.01%)
2025-06-27 12:58:58,782 - src.data.trading_system - INFO - Opened short position in BHARTIARTL.NS at $2014.30, Shares: 0.97, Size: $1958.43
2025-06-27 12:58:58,782 - src.data.trading_system - INFO - Opened short position in BHARTIARTL.NS at 2014.300048828125
2025-06-27 12:58:58,784 - src.data.trading_system - INFO - Completed BHARTIARTL.NS: Trades: 1, P&L: $-78.53
2025-06-27 12:58:58,784 - src.data.trading_system - INFO - 
Processing LT.NS...
2025-06-27 12:58:58,812 - src.data.trading_system - INFO - Completed LT.NS: Trades: 0, P&L: $0.00
2025-06-27 12:58:58,812 - src.data.trading_system - INFO - 
Processing TCS.NS...
2025-06-27 12:58:58,838 - src.data.trading_system - INFO - Completed TCS.NS: Trades: 0, P&L: $0.00
2025-06-27 12:58:58,838 - src.data.trading_system - INFO - 
Processing SBIN.NS...
2025-06-27 12:58:58,865 - src.data.trading_system - INFO - Completed SBIN.NS: Trades: 0, P&L: $0.00
2025-06-27 12:58:58,865 - src.data.trading_system - INFO - 
Processing RELIANCE.NS...
2025-06-27 12:58:58,897 - src.data.trading_system - INFO - Completed RELIANCE.NS: Trades: 0, P&L: $0.00
2025-06-27 12:58:59,220 - src.data.trading_system - ERROR - Error in backtest: 'date'
