2025-06-28 05:03:20,176 - src.data.google_sheets_logger - INFO - gspread worksheet opened successfully.
2025-06-28 05:03:20,179 - googleapiclient.discovery_cache - INFO - file_cache is only supported with oauth2client<4.0.0
2025-06-28 05:03:20,186 - src.data.google_sheets_logger - INFO - Google Sheets API service initialized.
2025-06-28 05:03:28,972 - src.data.google_sheets_logger - INFO - gspread worksheet opened successfully.
2025-06-28 05:03:28,974 - googleapiclient.discovery_cache - INFO - file_cache is only supported with oauth2client<4.0.0
2025-06-28 05:03:28,976 - src.data.google_sheets_logger - INFO - Google Sheets API service initialized.
2025-06-28 05:03:29,979 - src.data.google_sheets_logger - INFO - gspread worksheet opened successfully.
2025-06-28 05:03:29,981 - googleapiclient.discovery_cache - INFO - file_cache is only supported with oauth2client<4.0.0
2025-06-28 05:03:29,984 - src.data.google_sheets_logger - INFO - Google Sheets API service initialized.
2025-06-28 05:03:31,871 - src.data.google_sheets_logger - INFO - gspread worksheet opened successfully.
2025-06-28 05:03:31,873 - googleapiclient.discovery_cache - INFO - file_cache is only supported with oauth2client<4.0.0
2025-06-28 05:03:31,876 - src.data.google_sheets_logger - INFO - Google Sheets API service initialized.
2025-06-28 05:03:38,258 - __main__ - INFO - Starting trading system in Backtest mode
2025-06-28 05:03:38,258 - __main__ - INFO - Starting capital: $100,000.00
2025-06-28 05:03:39,101 - src.data.google_sheets_logger - INFO - gspread worksheet opened successfully.
2025-06-28 05:03:39,104 - googleapiclient.discovery_cache - INFO - file_cache is only supported with oauth2client<4.0.0
2025-06-28 05:03:39,106 - src.data.google_sheets_logger - INFO - Google Sheets API service initialized.
2025-06-28 05:03:40,089 - src.data.google_sheets_logger - INFO - gspread worksheet opened successfully.
2025-06-28 05:03:40,092 - googleapiclient.discovery_cache - INFO - file_cache is only supported with oauth2client<4.0.0
2025-06-28 05:03:40,095 - src.data.google_sheets_logger - INFO - Google Sheets API service initialized.
2025-06-28 05:03:40,095 - src.data.trading_system - INFO - ✅ Google Sheets logging enabled
2025-06-28 05:03:40,095 - src.data.trading_system - INFO - Connected to: https://docs.google.com/spreadsheets/d/1yhmCMKFpMsjvsEfRzzXZWXCaU7Mao8bYt1MSK7r-12A
2025-06-28 05:03:40,097 - src.data.trading_system - INFO - 
Starting backtest for all symbols
2025-06-28 05:03:40,097 - src.data.trading_system - INFO - Period: 2024-06-28 to 2025-06-28
2025-06-28 05:03:40,640 - src.data.trading_system - INFO - 
Processing RELIANCE.NS...
2025-06-28 05:03:40,686 - src.data.trading_system - INFO - Opened long position in RELIANCE.NS at $1370.72, Shares: 1.46, Size: $2000.00
2025-06-28 05:03:40,686 - src.data.trading_system - INFO - Opened long position in RELIANCE.NS at 1370.7249755859375
2025-06-28 05:03:40,695 - src.data.trading_system - INFO - Closed long position in RELIANCE.NS at $1338.53, P&L: $-46.98 (-2.35%)
2025-06-28 05:03:41,309 - src.data.trading_system - INFO - Opened long position in RELIANCE.NS at $1283.75, Shares: 1.56, Size: $1999.06
2025-06-28 05:03:41,310 - src.data.trading_system - INFO - Opened long position in RELIANCE.NS at 1283.75
2025-06-28 05:03:41,312 - src.data.trading_system - INFO - Closed long position in RELIANCE.NS at $1252.05, P&L: $-49.36 (-2.47%)
2025-06-28 05:03:42,441 - src.data.trading_system - INFO - Opened long position in RELIANCE.NS at $1252.05, Shares: 1.60, Size: $1998.07
2025-06-28 05:03:42,441 - src.data.trading_system - INFO - Opened long position in RELIANCE.NS at 1252.050048828125
2025-06-28 05:03:42,444 - src.data.trading_system - INFO - Closed long position in RELIANCE.NS at $1223.00, P&L: $-46.36 (-2.32%)
2025-06-28 05:03:42,841 - src.data.trading_system - INFO - Opened long position in RELIANCE.NS at $1223.00, Shares: 1.63, Size: $1997.15
2025-06-28 05:03:42,841 - src.data.trading_system - INFO - Opened long position in RELIANCE.NS at 1223.0
2025-06-28 05:03:42,842 - src.data.trading_system - INFO - Closed long position in RELIANCE.NS at $1287.00, P&L: $104.51 (5.23%)
2025-06-28 05:03:43,262 - src.data.trading_system - INFO - Opened long position in RELIANCE.NS at $1205.30, Shares: 1.66, Size: $1999.24
2025-06-28 05:03:43,262 - src.data.trading_system - INFO - Opened long position in RELIANCE.NS at 1205.300048828125
2025-06-28 05:03:43,270 - src.data.trading_system - INFO - Closed long position in RELIANCE.NS at $1265.50, P&L: $99.85 (4.99%)
2025-06-28 05:03:43,657 - src.data.trading_system - INFO - Opened short position in RELIANCE.NS at $1302.35, Shares: 1.54, Size: $2001.23
2025-06-28 05:03:43,657 - src.data.trading_system - INFO - Opened short position in RELIANCE.NS at 1302.3499755859375
2025-06-28 05:03:43,660 - src.data.trading_system - INFO - Closed short position in RELIANCE.NS at $1246.30, P&L: $86.13 (4.30%)
2025-06-28 05:03:44,075 - src.data.trading_system - INFO - Opened long position in RELIANCE.NS at $1171.25, Shares: 1.71, Size: $2002.96
2025-06-28 05:03:44,075 - src.data.trading_system - INFO - Opened long position in RELIANCE.NS at 1171.25
2025-06-28 05:03:44,077 - src.data.trading_system - INFO - Closed long position in RELIANCE.NS at $1249.80, P&L: $134.33 (6.71%)
2025-06-28 05:03:44,469 - src.data.trading_system - INFO - Opened short position in RELIANCE.NS at $1302.10, Shares: 1.54, Size: $2005.64
2025-06-28 05:03:44,469 - src.data.trading_system - INFO - Opened short position in RELIANCE.NS at 1302.0999755859375
2025-06-28 05:03:44,477 - src.data.trading_system - INFO - Closed short position in RELIANCE.NS at $1248.70, P&L: $82.25 (4.10%)
2025-06-28 05:03:44,862 - src.data.trading_system - INFO - Opened short position in RELIANCE.NS at $1368.80, Shares: 1.47, Size: $2007.29
2025-06-28 05:03:44,862 - src.data.trading_system - INFO - Opened short position in RELIANCE.NS at 1368.800048828125
2025-06-28 05:03:44,862 - src.data.trading_system - INFO - Closed short position in RELIANCE.NS at $1399.70, P&L: $-45.31 (-2.26%)
2025-06-28 05:03:45,242 - src.data.trading_system - INFO - Opened short position in RELIANCE.NS at $1399.70, Shares: 1.43, Size: $2006.38
2025-06-28 05:03:45,242 - src.data.trading_system - INFO - Opened short position in RELIANCE.NS at 1399.699951171875
2025-06-28 05:03:45,244 - src.data.trading_system - INFO - Closed short position in RELIANCE.NS at $1431.30, P&L: $-45.30 (-2.26%)
2025-06-28 05:03:45,648 - src.data.trading_system - INFO - Completed RELIANCE.NS: Trades: 10, P&L: $273.76
2025-06-28 05:03:45,648 - src.data.trading_system - INFO - 
Processing LT.NS...
2025-06-28 05:03:45,723 - src.data.trading_system - INFO - Opened short position in LT.NS at $3910.83, Shares: 0.51, Size: $2005.48
2025-06-28 05:03:45,723 - src.data.trading_system - INFO - Opened short position in LT.NS at 3910.826416015625
2025-06-28 05:03:45,727 - src.data.trading_system - INFO - Closed short position in LT.NS at $3723.42, P&L: $96.10 (4.79%)
2025-06-28 05:03:46,218 - src.data.trading_system - INFO - Opened short position in LT.NS at $3384.39, Shares: 0.59, Size: $2007.40
2025-06-28 05:03:46,218 - src.data.trading_system - INFO - Opened short position in LT.NS at 3384.385986328125
2025-06-28 05:03:46,220 - src.data.trading_system - INFO - Closed short position in LT.NS at $3469.24, P&L: $-50.33 (-2.51%)
2025-06-28 05:03:46,631 - src.data.trading_system - INFO - Opened short position in LT.NS at $3554.05, Shares: 0.56, Size: $2006.39
2025-06-28 05:03:46,632 - src.data.trading_system - INFO - Opened short position in LT.NS at 3554.0537109375
2025-06-28 05:03:46,642 - src.data.trading_system - INFO - Closed short position in LT.NS at $3641.14, P&L: $-49.16 (-2.45%)
2025-06-28 05:03:47,031 - src.data.trading_system - INFO - Completed LT.NS: Trades: 3, P&L: $-3.40
2025-06-28 05:03:47,031 - src.data.trading_system - INFO - 
Processing TCS.NS...
2025-06-28 05:03:47,060 - src.data.trading_system - INFO - Opened short position in TCS.NS at $4391.70, Shares: 0.46, Size: $2005.41
2025-06-28 05:03:47,060 - src.data.trading_system - INFO - Opened short position in TCS.NS at 4391.70361328125
2025-06-28 05:03:47,068 - src.data.trading_system - INFO - Closed short position in TCS.NS at $4181.28, P&L: $96.09 (4.79%)
2025-06-28 05:03:47,481 - src.data.trading_system - INFO - Opened long position in TCS.NS at $4181.28, Shares: 0.48, Size: $2007.33
2025-06-28 05:03:47,482 - src.data.trading_system - INFO - Opened long position in TCS.NS at 4181.28369140625
2025-06-28 05:03:47,492 - src.data.trading_system - INFO - Closed long position in TCS.NS at $4038.26, P&L: $-68.66 (-3.42%)
2025-06-28 05:03:47,898 - src.data.trading_system - INFO - Opened long position in TCS.NS at $3985.46, Shares: 0.50, Size: $2005.96
2025-06-28 05:03:47,898 - src.data.trading_system - INFO - Opened long position in TCS.NS at 3985.463623046875
2025-06-28 05:03:47,906 - src.data.trading_system - INFO - Closed long position in TCS.NS at $3871.77, P&L: $-57.22 (-2.85%)
2025-06-28 05:03:48,290 - src.data.trading_system - INFO - Opened short position in TCS.NS at $4209.97, Shares: 0.48, Size: $2004.81
2025-06-28 05:03:48,290 - src.data.trading_system - INFO - Opened short position in TCS.NS at 4209.97314453125
2025-06-28 05:03:48,295 - src.data.trading_system - INFO - Closed short position in TCS.NS at $4355.29, P&L: $-69.20 (-3.45%)
2025-06-28 05:03:48,699 - src.data.trading_system - INFO - Opened long position in TCS.NS at $3928.63, Shares: 0.51, Size: $2003.43
2025-06-28 05:03:48,699 - src.data.trading_system - INFO - Opened long position in TCS.NS at 3928.631103515625
2025-06-28 05:03:48,701 - src.data.trading_system - INFO - Closed long position in TCS.NS at $3839.08, P&L: $-45.67 (-2.28%)
2025-06-28 05:03:49,104 - src.data.trading_system - INFO - Opened long position in TCS.NS at $3750.76, Shares: 0.53, Size: $2002.51
2025-06-28 05:03:49,104 - src.data.trading_system - INFO - Opened long position in TCS.NS at 3750.761962890625
2025-06-28 05:03:49,107 - src.data.trading_system - INFO - Closed long position in TCS.NS at $3643.22, P&L: $-57.42 (-2.87%)
2025-06-28 05:03:49,483 - src.data.trading_system - INFO - Opened long position in TCS.NS at $3643.22, Shares: 0.55, Size: $2001.37
2025-06-28 05:03:49,484 - src.data.trading_system - INFO - Opened long position in TCS.NS at 3643.218017578125
2025-06-28 05:03:49,486 - src.data.trading_system - INFO - Closed long position in TCS.NS at $3452.56, P&L: $-104.73 (-5.23%)
2025-06-28 05:03:49,864 - src.data.trading_system - INFO - Opened long position in TCS.NS at $3452.56, Shares: 0.58, Size: $1999.27
2025-06-28 05:03:49,865 - src.data.trading_system - INFO - Opened long position in TCS.NS at 3452.5625
2025-06-28 05:03:49,875 - src.data.trading_system - INFO - Closed long position in TCS.NS at $3596.98, P&L: $83.63 (4.18%)
2025-06-28 05:03:50,286 - src.data.trading_system - INFO - Opened long position in TCS.NS at $3285.20, Shares: 0.61, Size: $2000.94
2025-06-28 05:03:50,286 - src.data.trading_system - INFO - Opened long position in TCS.NS at 3285.199951171875
2025-06-28 05:03:50,287 - src.data.trading_system - INFO - Closed long position in TCS.NS at $3417.62, P&L: $80.66 (4.03%)
2025-06-28 05:03:50,670 - src.data.trading_system - INFO - Opened short position in TCS.NS at $3588.50, Shares: 0.56, Size: $2002.56
2025-06-28 05:03:50,670 - src.data.trading_system - INFO - Opened short position in TCS.NS at 3588.50390625
2025-06-28 05:03:50,680 - src.data.trading_system - INFO - Closed short position in TCS.NS at $3432.89, P&L: $86.84 (4.34%)
2025-06-28 05:03:51,083 - src.data.trading_system - INFO - Completed TCS.NS: Trades: 10, P&L: $-55.70
2025-06-28 05:03:51,083 - src.data.trading_system - INFO - 
Processing BHARTIARTL.NS...
2025-06-28 05:03:51,097 - src.data.trading_system - INFO - Opened short position in BHARTIARTL.NS at $1506.01, Shares: 1.33, Size: $2004.29
2025-06-28 05:03:51,097 - src.data.trading_system - INFO - Opened short position in BHARTIARTL.NS at 1506.00732421875
2025-06-28 05:03:51,101 - src.data.trading_system - INFO - Closed short position in BHARTIARTL.NS at $1435.55, P&L: $93.77 (4.68%)
2025-06-28 05:03:51,506 - src.data.trading_system - INFO - Opened short position in BHARTIARTL.NS at $1522.75, Shares: 1.32, Size: $2006.17
2025-06-28 05:03:51,506 - src.data.trading_system - INFO - Opened short position in BHARTIARTL.NS at 1522.75
2025-06-28 05:03:51,506 - src.data.trading_system - INFO - Closed short position in BHARTIARTL.NS at $1556.35, P&L: $-44.27 (-2.21%)
2025-06-28 05:03:51,897 - src.data.trading_system - INFO - Opened short position in BHARTIARTL.NS at $1556.35, Shares: 1.29, Size: $2005.28
2025-06-28 05:03:51,897 - src.data.trading_system - INFO - Opened short position in BHARTIARTL.NS at 1556.3499755859375
2025-06-28 05:03:51,898 - src.data.trading_system - INFO - Closed short position in BHARTIARTL.NS at $1589.05, P&L: $-42.13 (-2.10%)
2025-06-28 05:03:52,291 - src.data.trading_system - INFO - Opened short position in BHARTIARTL.NS at $1589.05, Shares: 1.26, Size: $2004.44
2025-06-28 05:03:52,291 - src.data.trading_system - INFO - Opened short position in BHARTIARTL.NS at 1589.050048828125
2025-06-28 05:03:52,297 - src.data.trading_system - INFO - Closed short position in BHARTIARTL.NS at $1646.75, P&L: $-72.78 (-3.63%)
2025-06-28 05:03:52,692 - src.data.trading_system - INFO - Opened short position in BHARTIARTL.NS at $1646.75, Shares: 1.22, Size: $2002.99
2025-06-28 05:03:52,692 - src.data.trading_system - INFO - Opened short position in BHARTIARTL.NS at 1646.75
2025-06-28 05:03:52,710 - src.data.trading_system - INFO - Closed short position in BHARTIARTL.NS at $1711.75, P&L: $-79.06 (-3.95%)
2025-06-28 05:03:53,116 - src.data.trading_system - INFO - Opened short position in BHARTIARTL.NS at $1711.75, Shares: 1.17, Size: $2001.40
2025-06-28 05:03:53,117 - src.data.trading_system - INFO - Opened short position in BHARTIARTL.NS at 1711.75
2025-06-28 05:03:53,117 - src.data.trading_system - INFO - Closed short position in BHARTIARTL.NS at $1750.45, P&L: $-45.25 (-2.26%)
2025-06-28 05:03:53,498 - src.data.trading_system - INFO - Opened short position in BHARTIARTL.NS at $1750.45, Shares: 1.14, Size: $2000.50
2025-06-28 05:03:53,498 - src.data.trading_system - INFO - Opened short position in BHARTIARTL.NS at 1750.449951171875
2025-06-28 05:03:53,505 - src.data.trading_system - INFO - Closed short position in BHARTIARTL.NS at $1673.45, P&L: $88.00 (4.40%)
2025-06-28 05:03:53,940 - src.data.trading_system - INFO - Opened long position in BHARTIARTL.NS at $1612.60, Shares: 1.24, Size: $2002.26
2025-06-28 05:03:53,940 - src.data.trading_system - INFO - Opened long position in BHARTIARTL.NS at 1612.5999755859375
2025-06-28 05:03:53,943 - src.data.trading_system - INFO - Closed long position in BHARTIARTL.NS at $1578.40, P&L: $-42.46 (-2.12%)
2025-06-28 05:03:54,347 - src.data.trading_system - INFO - Opened long position in BHARTIARTL.NS at $1578.40, Shares: 1.27, Size: $2001.41
2025-06-28 05:03:54,347 - src.data.trading_system - INFO - Opened long position in BHARTIARTL.NS at 1578.4000244140625
2025-06-28 05:03:54,353 - src.data.trading_system - INFO - Closed long position in BHARTIARTL.NS at $1537.00, P&L: $-52.50 (-2.62%)
2025-06-28 05:03:54,807 - src.data.trading_system - INFO - Opened short position in BHARTIARTL.NS at $1725.80, Shares: 1.16, Size: $2000.36
2025-06-28 05:03:54,807 - src.data.trading_system - INFO - Opened short position in BHARTIARTL.NS at 1725.800048828125
2025-06-28 05:03:54,818 - src.data.trading_system - INFO - Closed short position in BHARTIARTL.NS at $1798.80, P&L: $-84.61 (-4.23%)
2025-06-28 05:03:55,210 - src.data.trading_system - INFO - Opened short position in BHARTIARTL.NS at $1889.10, Shares: 1.06, Size: $1998.67
2025-06-28 05:03:55,211 - src.data.trading_system - INFO - Opened short position in BHARTIARTL.NS at 1889.0999755859375
2025-06-28 05:03:55,224 - src.data.trading_system - INFO - Closed short position in BHARTIARTL.NS at $1808.90, P&L: $84.85 (4.25%)
2025-06-28 05:03:55,624 - src.data.trading_system - INFO - Opened short position in BHARTIARTL.NS at $1936.70, Shares: 1.03, Size: $2000.36
2025-06-28 05:03:55,624 - src.data.trading_system - INFO - Opened short position in BHARTIARTL.NS at 1936.699951171875
2025-06-28 05:03:55,626 - src.data.trading_system - INFO - Closed short position in BHARTIARTL.NS at $2014.30, P&L: $-80.15 (-4.01%)
2025-06-28 05:03:56,005 - src.data.trading_system - INFO - Opened short position in BHARTIARTL.NS at $2014.30, Shares: 0.99, Size: $1998.76
2025-06-28 05:03:56,005 - src.data.trading_system - INFO - Opened short position in BHARTIARTL.NS at 2014.300048828125
2025-06-28 05:03:56,007 - src.data.trading_system - INFO - Completed BHARTIARTL.NS: Trades: 12, P&L: $-276.60
2025-06-28 05:03:56,007 - src.data.trading_system - INFO - 
Processing INFY.NS...
2025-06-28 05:03:56,061 - src.data.trading_system - INFO - Opened long position in INFY.NS at $1732.87, Shares: 1.13, Size: $1958.79
2025-06-28 05:03:56,061 - src.data.trading_system - INFO - Opened long position in INFY.NS at 1732.868408203125
2025-06-28 05:03:56,064 - src.data.trading_system - INFO - Closed long position in INFY.NS at $1804.56, P&L: $81.04 (4.14%)
2025-06-28 05:03:56,486 - src.data.trading_system - INFO - Opened long position in INFY.NS at $1739.62, Shares: 1.13, Size: $1960.41
2025-06-28 05:03:56,486 - src.data.trading_system - INFO - Opened long position in INFY.NS at 1739.623291015625
2025-06-28 05:03:56,488 - src.data.trading_system - INFO - Closed long position in INFY.NS at $1664.28, P&L: $-84.90 (-4.33%)
2025-06-28 05:03:56,902 - src.data.trading_system - INFO - Opened long position in INFY.NS at $1664.28, Shares: 1.18, Size: $1958.71
2025-06-28 05:03:56,902 - src.data.trading_system - INFO - Opened long position in INFY.NS at 1664.2833251953125
2025-06-28 05:03:56,907 - src.data.trading_system - INFO - Closed long position in INFY.NS at $1568.78, P&L: $-112.40 (-5.74%)
2025-06-28 05:03:57,289 - src.data.trading_system - INFO - Opened long position in INFY.NS at $1568.78, Shares: 1.25, Size: $1956.46
2025-06-28 05:03:57,289 - src.data.trading_system - INFO - Opened long position in INFY.NS at 1568.777099609375
2025-06-28 05:03:57,306 - src.data.trading_system - INFO - Closed long position in INFY.NS at $1505.32, P&L: $-79.14 (-4.05%)
2025-06-28 05:03:57,707 - src.data.trading_system - INFO - Opened long position in INFY.NS at $1377.37, Shares: 1.42, Size: $1954.88
2025-06-28 05:03:57,708 - src.data.trading_system - INFO - Opened long position in INFY.NS at 1377.3702392578125
2025-06-28 05:03:57,713 - src.data.trading_system - INFO - Closed long position in INFY.NS at $1454.44, P&L: $109.38 (5.60%)
2025-06-28 05:03:58,098 - src.data.trading_system - INFO - Opened short position in INFY.NS at $1604.33, Shares: 1.22, Size: $1957.07
2025-06-28 05:03:58,098 - src.data.trading_system - INFO - Opened short position in INFY.NS at 1604.3270263671875
2025-06-28 05:03:58,101 - src.data.trading_system - INFO - Closed short position in INFY.NS at $1538.16, P&L: $80.72 (4.12%)
2025-06-28 05:03:58,511 - src.data.trading_system - INFO - Opened short position in INFY.NS at $1631.10, Shares: 1.20, Size: $1958.68
2025-06-28 05:03:58,511 - src.data.trading_system - INFO - Opened short position in INFY.NS at 1631.0999755859375
2025-06-28 05:03:58,521 - src.data.trading_system - INFO - Completed INFY.NS: Trades: 6, P&L: $-5.31
2025-06-28 05:03:58,521 - src.data.trading_system - INFO - 
Processing SBIN.NS...
2025-06-28 05:03:58,538 - src.data.trading_system - INFO - Opened long position in SBIN.NS at $795.67, Shares: 2.41, Size: $1919.51
2025-06-28 05:03:58,538 - src.data.trading_system - INFO - Opened long position in SBIN.NS at 795.6732788085938
2025-06-28 05:03:58,554 - src.data.trading_system - INFO - Closed long position in SBIN.NS at $767.10, P&L: $-68.94 (-3.59%)
2025-06-28 05:03:58,935 - src.data.trading_system - INFO - Opened long position in SBIN.NS at $768.81, Shares: 2.49, Size: $1918.13
2025-06-28 05:03:58,935 - src.data.trading_system - INFO - Opened long position in SBIN.NS at 768.8125610351562
2025-06-28 05:03:58,953 - src.data.trading_system - INFO - Closed long position in SBIN.NS at $804.25, P&L: $88.42 (4.61%)
2025-06-28 05:03:59,373 - src.data.trading_system - INFO - Opened long position in SBIN.NS at $783.91, Shares: 2.45, Size: $1919.90
2025-06-28 05:03:59,373 - src.data.trading_system - INFO - Opened long position in SBIN.NS at 783.9094848632812
2025-06-28 05:03:59,376 - src.data.trading_system - INFO - Closed long position in SBIN.NS at $761.12, P&L: $-55.82 (-2.91%)
2025-06-28 05:03:59,774 - src.data.trading_system - INFO - Opened long position in SBIN.NS at $715.14, Shares: 2.68, Size: $1918.78
2025-06-28 05:03:59,774 - src.data.trading_system - INFO - Opened long position in SBIN.NS at 715.1403198242188
2025-06-28 05:03:59,776 - src.data.trading_system - INFO - Closed long position in SBIN.NS at $751.22, P&L: $96.79 (5.04%)
2025-06-28 05:04:00,179 - src.data.trading_system - INFO - Opened short position in SBIN.NS at $765.43, Shares: 2.51, Size: $1920.72
2025-06-28 05:04:00,179 - src.data.trading_system - INFO - Opened short position in SBIN.NS at 765.4304809570312
2025-06-28 05:04:00,184 - src.data.trading_system - INFO - Closed short position in SBIN.NS at $732.20, P&L: $83.39 (4.34%)
2025-06-28 05:04:00,616 - src.data.trading_system - INFO - Completed SBIN.NS: Trades: 5, P&L: $143.84
2025-06-28 05:04:01,730 - src.data.trading_system - INFO - 
Performance report generated: None
2025-06-28 05:04:01,730 - src.data.trading_system - INFO - 
Starting backtest for all symbols
2025-06-28 05:04:01,731 - src.data.trading_system - INFO - Period: 2024-06-28 to 2025-06-28
2025-06-28 05:04:01,732 - src.data.trading_system - INFO - 
Processing TCS.NS...
2025-06-28 05:04:01,765 - src.data.trading_system - INFO - Opened short position in TCS.NS at $4391.70, Shares: 0.44, Size: $1922.38
2025-06-28 05:04:01,765 - src.data.trading_system - INFO - Opened short position in TCS.NS at 4391.70361328125
2025-06-28 05:04:01,775 - src.data.trading_system - INFO - Closed short position in TCS.NS at $4181.28, P&L: $92.11 (4.79%)
2025-06-28 05:04:02,151 - src.data.trading_system - INFO - Opened long position in TCS.NS at $4181.28, Shares: 0.46, Size: $1924.23
2025-06-28 05:04:02,152 - src.data.trading_system - INFO - Opened long position in TCS.NS at 4181.28369140625
2025-06-28 05:04:02,162 - src.data.trading_system - INFO - Closed long position in TCS.NS at $4038.26, P&L: $-65.82 (-3.42%)
2025-06-28 05:04:02,560 - src.data.trading_system - INFO - Opened long position in TCS.NS at $3985.46, Shares: 0.48, Size: $1922.91
2025-06-28 05:04:02,560 - src.data.trading_system - INFO - Opened long position in TCS.NS at 3985.463623046875
2025-06-28 05:04:02,567 - src.data.trading_system - INFO - Closed long position in TCS.NS at $3871.77, P&L: $-54.86 (-2.85%)
2025-06-28 05:04:02,955 - src.data.trading_system - INFO - Opened short position in TCS.NS at $4209.97, Shares: 0.46, Size: $1921.81
2025-06-28 05:04:02,956 - src.data.trading_system - INFO - Opened short position in TCS.NS at 4209.97314453125
2025-06-28 05:04:02,960 - src.data.trading_system - INFO - Closed short position in TCS.NS at $4355.29, P&L: $-66.34 (-3.45%)
2025-06-28 05:04:03,356 - src.data.trading_system - INFO - Opened long position in TCS.NS at $3928.63, Shares: 0.49, Size: $1920.49
2025-06-28 05:04:03,356 - src.data.trading_system - INFO - Opened long position in TCS.NS at 3928.631103515625
2025-06-28 05:04:03,359 - src.data.trading_system - INFO - Closed long position in TCS.NS at $3839.08, P&L: $-43.78 (-2.28%)
2025-06-28 05:04:03,758 - src.data.trading_system - INFO - Opened long position in TCS.NS at $3750.76, Shares: 0.51, Size: $1919.61
2025-06-28 05:04:03,758 - src.data.trading_system - INFO - Opened long position in TCS.NS at 3750.761962890625
2025-06-28 05:04:03,760 - src.data.trading_system - INFO - Closed long position in TCS.NS at $3643.22, P&L: $-55.04 (-2.87%)
2025-06-28 05:04:04,142 - src.data.trading_system - INFO - Opened long position in TCS.NS at $3643.22, Shares: 0.53, Size: $1918.51
2025-06-28 05:04:04,142 - src.data.trading_system - INFO - Opened long position in TCS.NS at 3643.218017578125
2025-06-28 05:04:04,144 - src.data.trading_system - INFO - Closed long position in TCS.NS at $3452.56, P&L: $-100.40 (-5.23%)
2025-06-28 05:04:04,516 - src.data.trading_system - INFO - Opened long position in TCS.NS at $3452.56, Shares: 0.56, Size: $1916.50
2025-06-28 05:04:04,516 - src.data.trading_system - INFO - Opened long position in TCS.NS at 3452.5625
2025-06-28 05:04:04,526 - src.data.trading_system - INFO - Closed long position in TCS.NS at $3596.98, P&L: $80.16 (4.18%)
2025-06-28 05:04:04,913 - src.data.trading_system - INFO - Opened long position in TCS.NS at $3285.20, Shares: 0.58, Size: $1918.10
2025-06-28 05:04:04,914 - src.data.trading_system - INFO - Opened long position in TCS.NS at 3285.199951171875
2025-06-28 05:04:04,915 - src.data.trading_system - INFO - Closed long position in TCS.NS at $3417.62, P&L: $77.32 (4.03%)
2025-06-28 05:04:05,299 - src.data.trading_system - INFO - Opened short position in TCS.NS at $3588.50, Shares: 0.53, Size: $1919.65
2025-06-28 05:04:05,299 - src.data.trading_system - INFO - Opened short position in TCS.NS at 3588.50390625
2025-06-28 05:04:05,308 - src.data.trading_system - INFO - Closed short position in TCS.NS at $3432.89, P&L: $83.25 (4.34%)
2025-06-28 05:04:05,695 - src.data.trading_system - INFO - Completed TCS.NS: Trades: 10, P&L: $-53.39
2025-06-28 05:04:05,695 - src.data.trading_system - INFO - 
Processing SBIN.NS...
2025-06-28 05:04:05,714 - src.data.trading_system - INFO - Opened long position in SBIN.NS at $795.67, Shares: 2.41, Size: $1921.32
2025-06-28 05:04:05,714 - src.data.trading_system - INFO - Opened long position in SBIN.NS at 795.6732788085938
2025-06-28 05:04:05,729 - src.data.trading_system - INFO - Closed long position in SBIN.NS at $767.10, P&L: $-69.00 (-3.59%)
2025-06-28 05:04:06,142 - src.data.trading_system - INFO - Opened long position in SBIN.NS at $768.81, Shares: 2.50, Size: $1919.94
2025-06-28 05:04:06,142 - src.data.trading_system - INFO - Opened long position in SBIN.NS at 768.8125610351562
2025-06-28 05:04:06,163 - src.data.trading_system - INFO - Closed long position in SBIN.NS at $804.25, P&L: $88.50 (4.61%)
2025-06-28 05:04:06,574 - src.data.trading_system - INFO - Opened long position in SBIN.NS at $783.91, Shares: 2.45, Size: $1921.71
2025-06-28 05:04:06,574 - src.data.trading_system - INFO - Opened long position in SBIN.NS at 783.9094848632812
2025-06-28 05:04:06,577 - src.data.trading_system - INFO - Closed long position in SBIN.NS at $761.12, P&L: $-55.87 (-2.91%)
2025-06-28 05:04:06,950 - src.data.trading_system - INFO - Opened long position in SBIN.NS at $715.14, Shares: 2.69, Size: $1920.59
2025-06-28 05:04:06,950 - src.data.trading_system - INFO - Opened long position in SBIN.NS at 715.1403198242188
2025-06-28 05:04:06,952 - src.data.trading_system - INFO - Closed long position in SBIN.NS at $751.22, P&L: $96.88 (5.04%)
2025-06-28 05:04:07,371 - src.data.trading_system - INFO - Opened short position in SBIN.NS at $765.43, Shares: 2.51, Size: $1922.53
2025-06-28 05:04:07,371 - src.data.trading_system - INFO - Opened short position in SBIN.NS at 765.4304809570312
2025-06-28 05:04:07,376 - src.data.trading_system - INFO - Closed short position in SBIN.NS at $732.20, P&L: $83.47 (4.34%)
2025-06-28 05:04:07,784 - src.data.trading_system - INFO - Completed SBIN.NS: Trades: 5, P&L: $143.98
2025-06-28 05:04:07,785 - src.data.trading_system - INFO - 
Processing INFY.NS...
2025-06-28 05:04:07,786 - src.data.trading_system - INFO - Closed short position in INFY.NS at $1527.62, P&L: $124.26 (6.34%)
2025-06-28 05:04:08,227 - src.data.trading_system - INFO - Opened long position in INFY.NS at $1732.87, Shares: 1.13, Size: $1965.85
2025-06-28 05:04:08,227 - src.data.trading_system - INFO - Opened long position in INFY.NS at 1732.868408203125
2025-06-28 05:04:08,230 - src.data.trading_system - INFO - Closed long position in INFY.NS at $1804.56, P&L: $81.33 (4.14%)
2025-06-28 05:04:08,686 - src.data.trading_system - INFO - Opened long position in INFY.NS at $1739.62, Shares: 1.13, Size: $1967.48
2025-06-28 05:04:08,686 - src.data.trading_system - INFO - Opened long position in INFY.NS at 1739.623291015625
2025-06-28 05:04:08,687 - src.data.trading_system - INFO - Closed long position in INFY.NS at $1664.28, P&L: $-85.21 (-4.33%)
2025-06-28 05:04:09,078 - src.data.trading_system - INFO - Opened long position in INFY.NS at $1664.28, Shares: 1.18, Size: $1965.78
2025-06-28 05:04:09,078 - src.data.trading_system - INFO - Opened long position in INFY.NS at 1664.2833251953125
2025-06-28 05:04:09,082 - src.data.trading_system - INFO - Closed long position in INFY.NS at $1568.78, P&L: $-112.81 (-5.74%)
2025-06-28 05:04:09,460 - src.data.trading_system - INFO - Opened long position in INFY.NS at $1568.78, Shares: 1.25, Size: $1963.52
2025-06-28 05:04:09,460 - src.data.trading_system - INFO - Opened long position in INFY.NS at 1568.777099609375
2025-06-28 05:04:09,468 - src.data.trading_system - INFO - Closed long position in INFY.NS at $1505.32, P&L: $-79.42 (-4.05%)
2025-06-28 05:04:09,752 - src.data.trading_system - WARNING - Failed to log to Google Sheets: APIError: [429]: Quota exceeded for quota metric 'Write requests' and limit 'Write requests per minute per user' of service 'sheets.googleapis.com' for consumer 'project_number:865464599530'.
2025-06-28 05:04:09,755 - src.data.trading_system - INFO - Opened long position in INFY.NS at $1377.37, Shares: 1.42, Size: $1961.93
2025-06-28 05:04:09,755 - src.data.trading_system - INFO - Opened long position in INFY.NS at 1377.3702392578125
2025-06-28 05:04:09,762 - src.data.trading_system - INFO - Closed long position in INFY.NS at $1454.44, P&L: $109.77 (5.60%)
2025-06-28 05:04:10,053 - src.data.trading_system - WARNING - Failed to log to Google Sheets: APIError: [429]: Quota exceeded for quota metric 'Write requests' and limit 'Write requests per minute per user' of service 'sheets.googleapis.com' for consumer 'project_number:865464599530'.
2025-06-28 05:04:10,064 - src.data.trading_system - INFO - Opened short position in INFY.NS at $1604.33, Shares: 1.22, Size: $1964.13
2025-06-28 05:04:10,064 - src.data.trading_system - INFO - Opened short position in INFY.NS at 1604.3270263671875
2025-06-28 05:04:10,067 - src.data.trading_system - INFO - Closed short position in INFY.NS at $1538.16, P&L: $81.01 (4.12%)
2025-06-28 05:04:10,350 - src.data.trading_system - WARNING - Failed to log to Google Sheets: APIError: [429]: Quota exceeded for quota metric 'Write requests' and limit 'Write requests per minute per user' of service 'sheets.googleapis.com' for consumer 'project_number:865464599530'.
2025-06-28 05:04:10,363 - src.data.trading_system - INFO - Opened short position in INFY.NS at $1631.10, Shares: 1.21, Size: $1965.75
2025-06-28 05:04:10,363 - src.data.trading_system - INFO - Opened short position in INFY.NS at 1631.0999755859375
2025-06-28 05:04:10,373 - src.data.trading_system - INFO - Completed INFY.NS: Trades: 7, P&L: $118.94
2025-06-28 05:04:10,373 - src.data.trading_system - INFO - 
Processing RELIANCE.NS...
2025-06-28 05:04:10,415 - src.data.trading_system - INFO - Opened long position in RELIANCE.NS at $1370.72, Shares: 1.41, Size: $1926.43
2025-06-28 05:04:10,415 - src.data.trading_system - INFO - Opened long position in RELIANCE.NS at 1370.7249755859375
2025-06-28 05:04:10,423 - src.data.trading_system - INFO - Closed long position in RELIANCE.NS at $1338.53, P&L: $-45.25 (-2.35%)
2025-06-28 05:04:10,727 - src.data.trading_system - WARNING - Failed to log to Google Sheets: APIError: [429]: Quota exceeded for quota metric 'Write requests' and limit 'Write requests per minute per user' of service 'sheets.googleapis.com' for consumer 'project_number:865464599530'.
2025-06-28 05:04:10,736 - src.data.trading_system - INFO - Opened long position in RELIANCE.NS at $1283.75, Shares: 1.50, Size: $1925.53
2025-06-28 05:04:10,737 - src.data.trading_system - INFO - Opened long position in RELIANCE.NS at 1283.75
2025-06-28 05:04:10,738 - src.data.trading_system - INFO - Closed long position in RELIANCE.NS at $1252.05, P&L: $-47.55 (-2.47%)
2025-06-28 05:04:11,023 - src.data.trading_system - WARNING - Failed to log to Google Sheets: APIError: [429]: Quota exceeded for quota metric 'Write requests' and limit 'Write requests per minute per user' of service 'sheets.googleapis.com' for consumer 'project_number:865464599530'.
2025-06-28 05:04:11,024 - src.data.trading_system - INFO - Opened long position in RELIANCE.NS at $1252.05, Shares: 1.54, Size: $1924.58
2025-06-28 05:04:11,024 - src.data.trading_system - INFO - Opened long position in RELIANCE.NS at 1252.050048828125
2025-06-28 05:04:11,027 - src.data.trading_system - INFO - Closed long position in RELIANCE.NS at $1223.00, P&L: $-44.65 (-2.32%)
2025-06-28 05:04:11,320 - src.data.trading_system - WARNING - Failed to log to Google Sheets: APIError: [429]: Quota exceeded for quota metric 'Write requests' and limit 'Write requests per minute per user' of service 'sheets.googleapis.com' for consumer 'project_number:865464599530'.
2025-06-28 05:04:11,322 - src.data.trading_system - INFO - Opened long position in RELIANCE.NS at $1223.00, Shares: 1.57, Size: $1923.68
2025-06-28 05:04:11,322 - src.data.trading_system - INFO - Opened long position in RELIANCE.NS at 1223.0
2025-06-28 05:04:11,324 - src.data.trading_system - INFO - Closed long position in RELIANCE.NS at $1287.00, P&L: $100.67 (5.23%)
2025-06-28 05:04:11,612 - src.data.trading_system - WARNING - Failed to log to Google Sheets: APIError: [429]: Quota exceeded for quota metric 'Write requests' and limit 'Write requests per minute per user' of service 'sheets.googleapis.com' for consumer 'project_number:865464599530'.
2025-06-28 05:04:11,626 - src.data.trading_system - INFO - Opened long position in RELIANCE.NS at $1205.30, Shares: 1.60, Size: $1925.70
2025-06-28 05:04:11,627 - src.data.trading_system - INFO - Opened long position in RELIANCE.NS at 1205.300048828125
2025-06-28 05:04:11,634 - src.data.trading_system - INFO - Closed long position in RELIANCE.NS at $1265.50, P&L: $96.18 (4.99%)
2025-06-28 05:04:11,924 - src.data.trading_system - WARNING - Failed to log to Google Sheets: APIError: [429]: Quota exceeded for quota metric 'Write requests' and limit 'Write requests per minute per user' of service 'sheets.googleapis.com' for consumer 'project_number:865464599530'.
2025-06-28 05:04:11,930 - src.data.trading_system - INFO - Opened short position in RELIANCE.NS at $1302.35, Shares: 1.48, Size: $1927.62
2025-06-28 05:04:11,930 - src.data.trading_system - INFO - Opened short position in RELIANCE.NS at 1302.3499755859375
2025-06-28 05:04:11,934 - src.data.trading_system - INFO - Closed short position in RELIANCE.NS at $1246.30, P&L: $82.96 (4.30%)
2025-06-28 05:04:12,219 - src.data.trading_system - WARNING - Failed to log to Google Sheets: APIError: [429]: Quota exceeded for quota metric 'Write requests' and limit 'Write requests per minute per user' of service 'sheets.googleapis.com' for consumer 'project_number:865464599530'.
2025-06-28 05:04:12,237 - src.data.trading_system - INFO - Opened long position in RELIANCE.NS at $1171.25, Shares: 1.65, Size: $1929.28
2025-06-28 05:04:12,237 - src.data.trading_system - INFO - Opened long position in RELIANCE.NS at 1171.25
2025-06-28 05:04:12,239 - src.data.trading_system - INFO - Closed long position in RELIANCE.NS at $1249.80, P&L: $129.39 (6.71%)
2025-06-28 05:04:12,535 - src.data.trading_system - WARNING - Failed to log to Google Sheets: APIError: [429]: Quota exceeded for quota metric 'Write requests' and limit 'Write requests per minute per user' of service 'sheets.googleapis.com' for consumer 'project_number:865464599530'.
2025-06-28 05:04:12,543 - src.data.trading_system - INFO - Opened short position in RELIANCE.NS at $1302.10, Shares: 1.48, Size: $1931.87
2025-06-28 05:04:12,543 - src.data.trading_system - INFO - Opened short position in RELIANCE.NS at 1302.0999755859375
2025-06-28 05:04:12,548 - src.data.trading_system - INFO - Closed short position in RELIANCE.NS at $1248.70, P&L: $79.23 (4.10%)
2025-06-28 05:04:12,837 - src.data.trading_system - WARNING - Failed to log to Google Sheets: APIError: [429]: Quota exceeded for quota metric 'Write requests' and limit 'Write requests per minute per user' of service 'sheets.googleapis.com' for consumer 'project_number:865464599530'.
2025-06-28 05:04:12,849 - src.data.trading_system - INFO - Opened short position in RELIANCE.NS at $1368.80, Shares: 1.41, Size: $1933.45
2025-06-28 05:04:12,849 - src.data.trading_system - INFO - Opened short position in RELIANCE.NS at 1368.800048828125
2025-06-28 05:04:12,849 - src.data.trading_system - INFO - Closed short position in RELIANCE.NS at $1399.70, P&L: $-43.65 (-2.26%)
2025-06-28 05:04:13,143 - src.data.trading_system - WARNING - Failed to log to Google Sheets: APIError: [429]: Quota exceeded for quota metric 'Write requests' and limit 'Write requests per minute per user' of service 'sheets.googleapis.com' for consumer 'project_number:865464599530'.
2025-06-28 05:04:13,144 - src.data.trading_system - INFO - Opened short position in RELIANCE.NS at $1399.70, Shares: 1.38, Size: $1932.58
2025-06-28 05:04:13,144 - src.data.trading_system - INFO - Opened short position in RELIANCE.NS at 1399.699951171875
2025-06-28 05:04:13,146 - src.data.trading_system - INFO - Closed short position in RELIANCE.NS at $1431.30, P&L: $-43.63 (-2.26%)
2025-06-28 05:04:13,428 - src.data.trading_system - WARNING - Failed to log to Google Sheets: APIError: [429]: Quota exceeded for quota metric 'Write requests' and limit 'Write requests per minute per user' of service 'sheets.googleapis.com' for consumer 'project_number:865464599530'.
2025-06-28 05:04:13,454 - src.data.trading_system - INFO - Completed RELIANCE.NS: Trades: 10, P&L: $263.69
2025-06-28 05:04:13,454 - src.data.trading_system - INFO - 
Processing LT.NS...
2025-06-28 05:04:13,530 - src.data.trading_system - INFO - Opened short position in LT.NS at $3910.83, Shares: 0.49, Size: $1931.71
2025-06-28 05:04:13,530 - src.data.trading_system - INFO - Opened short position in LT.NS at 3910.826416015625
2025-06-28 05:04:13,538 - src.data.trading_system - INFO - Closed short position in LT.NS at $3723.42, P&L: $92.57 (4.79%)
2025-06-28 05:04:13,856 - src.data.trading_system - WARNING - Failed to log to Google Sheets: APIError: [429]: Quota exceeded for quota metric 'Write requests' and limit 'Write requests per minute per user' of service 'sheets.googleapis.com' for consumer 'project_number:865464599530'.
2025-06-28 05:04:13,899 - src.data.trading_system - INFO - Opened short position in LT.NS at $3384.39, Shares: 0.57, Size: $1933.56
2025-06-28 05:04:13,899 - src.data.trading_system - INFO - Opened short position in LT.NS at 3384.385986328125
2025-06-28 05:04:13,901 - src.data.trading_system - INFO - Closed short position in LT.NS at $3469.24, P&L: $-48.48 (-2.51%)
2025-06-28 05:04:14,181 - src.data.trading_system - WARNING - Failed to log to Google Sheets: APIError: [429]: Quota exceeded for quota metric 'Write requests' and limit 'Write requests per minute per user' of service 'sheets.googleapis.com' for consumer 'project_number:865464599530'.
2025-06-28 05:04:14,206 - src.data.trading_system - INFO - Opened short position in LT.NS at $3554.05, Shares: 0.54, Size: $1932.59
2025-06-28 05:04:14,206 - src.data.trading_system - INFO - Opened short position in LT.NS at 3554.0537109375
2025-06-28 05:04:14,216 - src.data.trading_system - INFO - Closed short position in LT.NS at $3641.14, P&L: $-47.36 (-2.45%)
2025-06-28 05:04:14,509 - src.data.trading_system - WARNING - Failed to log to Google Sheets: APIError: [429]: Quota exceeded for quota metric 'Write requests' and limit 'Write requests per minute per user' of service 'sheets.googleapis.com' for consumer 'project_number:865464599530'.
2025-06-28 05:04:14,524 - src.data.trading_system - INFO - Completed LT.NS: Trades: 3, P&L: $-3.27
2025-06-28 05:04:14,524 - src.data.trading_system - INFO - 
Processing BHARTIARTL.NS...
2025-06-28 05:04:14,526 - src.data.trading_system - INFO - Closed short position in BHARTIARTL.NS at $1436.05, P&L: $573.79 (28.71%)
2025-06-28 05:04:14,813 - src.data.trading_system - WARNING - Failed to log to Google Sheets: APIError: [429]: Quota exceeded for quota metric 'Write requests' and limit 'Write requests per minute per user' of service 'sheets.googleapis.com' for consumer 'project_number:865464599530'.
2025-06-28 05:04:14,840 - src.data.trading_system - INFO - Opened short position in BHARTIARTL.NS at $1506.01, Shares: 1.32, Size: $1983.09
2025-06-28 05:04:14,840 - src.data.trading_system - INFO - Opened short position in BHARTIARTL.NS at 1506.00732421875
2025-06-28 05:04:14,847 - src.data.trading_system - INFO - Closed short position in BHARTIARTL.NS at $1435.55, P&L: $92.78 (4.68%)
2025-06-28 05:04:15,137 - src.data.trading_system - WARNING - Failed to log to Google Sheets: APIError: [429]: Quota exceeded for quota metric 'Write requests' and limit 'Write requests per minute per user' of service 'sheets.googleapis.com' for consumer 'project_number:865464599530'.
2025-06-28 05:04:15,149 - src.data.trading_system - INFO - Opened short position in BHARTIARTL.NS at $1522.75, Shares: 1.30, Size: $1984.95
2025-06-28 05:04:15,150 - src.data.trading_system - INFO - Opened short position in BHARTIARTL.NS at 1522.75
2025-06-28 05:04:15,150 - src.data.trading_system - INFO - Closed short position in BHARTIARTL.NS at $1556.35, P&L: $-43.80 (-2.21%)
2025-06-28 05:04:15,438 - src.data.trading_system - WARNING - Failed to log to Google Sheets: APIError: [429]: Quota exceeded for quota metric 'Write requests' and limit 'Write requests per minute per user' of service 'sheets.googleapis.com' for consumer 'project_number:865464599530'.
2025-06-28 05:04:15,440 - src.data.trading_system - INFO - Opened short position in BHARTIARTL.NS at $1556.35, Shares: 1.27, Size: $1984.07
2025-06-28 05:04:15,440 - src.data.trading_system - INFO - Opened short position in BHARTIARTL.NS at 1556.3499755859375
2025-06-28 05:04:15,442 - src.data.trading_system - INFO - Closed short position in BHARTIARTL.NS at $1589.05, P&L: $-41.69 (-2.10%)
2025-06-28 05:04:15,739 - src.data.trading_system - WARNING - Failed to log to Google Sheets: APIError: [429]: Quota exceeded for quota metric 'Write requests' and limit 'Write requests per minute per user' of service 'sheets.googleapis.com' for consumer 'project_number:865464599530'.
2025-06-28 05:04:15,740 - src.data.trading_system - INFO - Opened short position in BHARTIARTL.NS at $1589.05, Shares: 1.25, Size: $1983.24
2025-06-28 05:04:15,741 - src.data.trading_system - INFO - Opened short position in BHARTIARTL.NS at 1589.050048828125
2025-06-28 05:04:15,748 - src.data.trading_system - INFO - Closed short position in BHARTIARTL.NS at $1646.75, P&L: $-72.01 (-3.63%)
2025-06-28 05:04:16,049 - src.data.trading_system - WARNING - Failed to log to Google Sheets: APIError: [429]: Quota exceeded for quota metric 'Write requests' and limit 'Write requests per minute per user' of service 'sheets.googleapis.com' for consumer 'project_number:865464599530'.
2025-06-28 05:04:16,050 - src.data.trading_system - INFO - Opened short position in BHARTIARTL.NS at $1646.75, Shares: 1.20, Size: $1981.80
2025-06-28 05:04:16,050 - src.data.trading_system - INFO - Opened short position in BHARTIARTL.NS at 1646.75
2025-06-28 05:04:16,054 - src.data.trading_system - INFO - Closed short position in BHARTIARTL.NS at $1711.75, P&L: $-78.22 (-3.95%)
2025-06-28 05:04:16,347 - src.data.trading_system - WARNING - Failed to log to Google Sheets: APIError: [429]: Quota exceeded for quota metric 'Write requests' and limit 'Write requests per minute per user' of service 'sheets.googleapis.com' for consumer 'project_number:865464599530'.
2025-06-28 05:04:16,348 - src.data.trading_system - INFO - Opened short position in BHARTIARTL.NS at $1711.75, Shares: 1.16, Size: $1980.23
2025-06-28 05:04:16,348 - src.data.trading_system - INFO - Opened short position in BHARTIARTL.NS at 1711.75
2025-06-28 05:04:16,349 - src.data.trading_system - INFO - Closed short position in BHARTIARTL.NS at $1750.45, P&L: $-44.77 (-2.26%)
2025-06-28 05:04:16,626 - src.data.trading_system - WARNING - Failed to log to Google Sheets: APIError: [429]: Quota exceeded for quota metric 'Write requests' and limit 'Write requests per minute per user' of service 'sheets.googleapis.com' for consumer 'project_number:865464599530'.
2025-06-28 05:04:16,627 - src.data.trading_system - INFO - Opened short position in BHARTIARTL.NS at $1750.45, Shares: 1.13, Size: $1979.34
2025-06-28 05:04:16,628 - src.data.trading_system - INFO - Opened short position in BHARTIARTL.NS at 1750.449951171875
2025-06-28 05:04:16,631 - src.data.trading_system - INFO - Closed short position in BHARTIARTL.NS at $1673.45, P&L: $87.07 (4.40%)
2025-06-28 05:04:16,937 - src.data.trading_system - WARNING - Failed to log to Google Sheets: APIError: [429]: Quota exceeded for quota metric 'Write requests' and limit 'Write requests per minute per user' of service 'sheets.googleapis.com' for consumer 'project_number:865464599530'.
2025-06-28 05:04:16,952 - src.data.trading_system - INFO - Opened long position in BHARTIARTL.NS at $1612.60, Shares: 1.23, Size: $1981.08
2025-06-28 05:04:16,952 - src.data.trading_system - INFO - Opened long position in BHARTIARTL.NS at 1612.5999755859375
2025-06-28 05:04:16,953 - src.data.trading_system - INFO - Closed long position in BHARTIARTL.NS at $1578.40, P&L: $-42.01 (-2.12%)
2025-06-28 05:04:17,235 - src.data.trading_system - WARNING - Failed to log to Google Sheets: APIError: [429]: Quota exceeded for quota metric 'Write requests' and limit 'Write requests per minute per user' of service 'sheets.googleapis.com' for consumer 'project_number:865464599530'.
2025-06-28 05:04:17,236 - src.data.trading_system - INFO - Opened long position in BHARTIARTL.NS at $1578.40, Shares: 1.25, Size: $1980.24
2025-06-28 05:04:17,236 - src.data.trading_system - INFO - Opened long position in BHARTIARTL.NS at 1578.4000244140625
2025-06-28 05:04:17,241 - src.data.trading_system - INFO - Closed long position in BHARTIARTL.NS at $1537.00, P&L: $-51.94 (-2.62%)
2025-06-28 05:04:17,532 - src.data.trading_system - WARNING - Failed to log to Google Sheets: APIError: [429]: Quota exceeded for quota metric 'Write requests' and limit 'Write requests per minute per user' of service 'sheets.googleapis.com' for consumer 'project_number:865464599530'.
2025-06-28 05:04:17,587 - src.data.trading_system - INFO - Opened short position in BHARTIARTL.NS at $1725.80, Shares: 1.15, Size: $1979.20
2025-06-28 05:04:17,587 - src.data.trading_system - INFO - Opened short position in BHARTIARTL.NS at 1725.800048828125
2025-06-28 05:04:17,596 - src.data.trading_system - INFO - Closed short position in BHARTIARTL.NS at $1798.80, P&L: $-83.72 (-4.23%)
2025-06-28 05:04:17,892 - src.data.trading_system - WARNING - Failed to log to Google Sheets: APIError: [429]: Quota exceeded for quota metric 'Write requests' and limit 'Write requests per minute per user' of service 'sheets.googleapis.com' for consumer 'project_number:865464599530'.
2025-06-28 05:04:17,895 - src.data.trading_system - INFO - Opened short position in BHARTIARTL.NS at $1889.10, Shares: 1.05, Size: $1977.53
2025-06-28 05:04:17,895 - src.data.trading_system - INFO - Opened short position in BHARTIARTL.NS at 1889.0999755859375
2025-06-28 05:04:17,909 - src.data.trading_system - INFO - Closed short position in BHARTIARTL.NS at $1808.90, P&L: $83.95 (4.25%)
2025-06-28 05:04:18,190 - src.data.trading_system - WARNING - Failed to log to Google Sheets: APIError: [429]: Quota exceeded for quota metric 'Write requests' and limit 'Write requests per minute per user' of service 'sheets.googleapis.com' for consumer 'project_number:865464599530'.
2025-06-28 05:04:18,209 - src.data.trading_system - INFO - Opened short position in BHARTIARTL.NS at $1936.70, Shares: 1.02, Size: $1979.20
2025-06-28 05:04:18,209 - src.data.trading_system - INFO - Opened short position in BHARTIARTL.NS at 1936.699951171875
2025-06-28 05:04:18,212 - src.data.trading_system - INFO - Closed short position in BHARTIARTL.NS at $2014.30, P&L: $-79.30 (-4.01%)
2025-06-28 05:04:18,502 - src.data.trading_system - WARNING - Failed to log to Google Sheets: APIError: [429]: Quota exceeded for quota metric 'Write requests' and limit 'Write requests per minute per user' of service 'sheets.googleapis.com' for consumer 'project_number:865464599530'.
2025-06-28 05:04:18,503 - src.data.trading_system - INFO - Opened short position in BHARTIARTL.NS at $2014.30, Shares: 0.98, Size: $1977.62
2025-06-28 05:04:18,503 - src.data.trading_system - INFO - Opened short position in BHARTIARTL.NS at 2014.300048828125
2025-06-28 05:04:18,505 - src.data.trading_system - INFO - Completed BHARTIARTL.NS: Trades: 13, P&L: $300.12
2025-06-28 05:04:19,689 - src.data.trading_system - INFO - 
Performance report generated: None
2025-06-28 05:04:19,689 - src.data.trading_system - INFO - 
Starting backtest for all symbols
2025-06-28 05:04:19,689 - src.data.trading_system - INFO - Period: 2024-06-28 to 2025-06-28
2025-06-28 05:04:19,690 - src.data.trading_system - INFO - 
Processing TCS.NS...
2025-06-28 05:04:19,722 - src.data.trading_system - INFO - Opened short position in TCS.NS at $4391.70, Shares: 0.44, Size: $1938.07
2025-06-28 05:04:19,723 - src.data.trading_system - INFO - Opened short position in TCS.NS at 4391.70361328125
2025-06-28 05:04:19,731 - src.data.trading_system - INFO - Closed short position in TCS.NS at $4181.28, P&L: $92.86 (4.79%)
2025-06-28 05:04:20,023 - src.data.trading_system - WARNING - Failed to log to Google Sheets: APIError: [429]: Quota exceeded for quota metric 'Write requests' and limit 'Write requests per minute per user' of service 'sheets.googleapis.com' for consumer 'project_number:865464599530'.
2025-06-28 05:04:20,024 - src.data.trading_system - INFO - Opened long position in TCS.NS at $4181.28, Shares: 0.46, Size: $1939.92
2025-06-28 05:04:20,024 - src.data.trading_system - INFO - Opened long position in TCS.NS at 4181.28369140625
2025-06-28 05:04:20,035 - src.data.trading_system - INFO - Closed long position in TCS.NS at $4038.26, P&L: $-66.35 (-3.42%)
2025-06-28 05:04:20,328 - src.data.trading_system - WARNING - Failed to log to Google Sheets: APIError: [429]: Quota exceeded for quota metric 'Write requests' and limit 'Write requests per minute per user' of service 'sheets.googleapis.com' for consumer 'project_number:865464599530'.
2025-06-28 05:04:20,331 - src.data.trading_system - INFO - Opened long position in TCS.NS at $3985.46, Shares: 0.49, Size: $1938.60
2025-06-28 05:04:20,331 - src.data.trading_system - INFO - Opened long position in TCS.NS at 3985.463623046875
2025-06-28 05:04:20,339 - src.data.trading_system - INFO - Closed long position in TCS.NS at $3871.77, P&L: $-55.30 (-2.85%)
2025-06-28 05:04:20,624 - src.data.trading_system - WARNING - Failed to log to Google Sheets: APIError: [429]: Quota exceeded for quota metric 'Write requests' and limit 'Write requests per minute per user' of service 'sheets.googleapis.com' for consumer 'project_number:865464599530'.
2025-06-28 05:04:20,639 - src.data.trading_system - INFO - Opened short position in TCS.NS at $4209.97, Shares: 0.46, Size: $1937.49
2025-06-28 05:04:20,639 - src.data.trading_system - INFO - Opened short position in TCS.NS at 4209.97314453125
2025-06-28 05:04:20,644 - src.data.trading_system - INFO - Closed short position in TCS.NS at $4355.29, P&L: $-66.88 (-3.45%)
2025-06-28 05:04:20,930 - src.data.trading_system - WARNING - Failed to log to Google Sheets: APIError: [429]: Quota exceeded for quota metric 'Write requests' and limit 'Write requests per minute per user' of service 'sheets.googleapis.com' for consumer 'project_number:865464599530'.
2025-06-28 05:04:20,961 - src.data.trading_system - INFO - Opened long position in TCS.NS at $3928.63, Shares: 0.49, Size: $1936.15
2025-06-28 05:04:20,962 - src.data.trading_system - INFO - Opened long position in TCS.NS at 3928.631103515625
2025-06-28 05:04:20,964 - src.data.trading_system - INFO - Closed long position in TCS.NS at $3839.08, P&L: $-44.14 (-2.28%)
2025-06-28 05:04:21,270 - src.data.trading_system - WARNING - Failed to log to Google Sheets: APIError: [429]: Quota exceeded for quota metric 'Write requests' and limit 'Write requests per minute per user' of service 'sheets.googleapis.com' for consumer 'project_number:865464599530'.
2025-06-28 05:04:21,272 - src.data.trading_system - INFO - Opened long position in TCS.NS at $3750.76, Shares: 0.52, Size: $1935.27
2025-06-28 05:04:21,272 - src.data.trading_system - INFO - Opened long position in TCS.NS at 3750.761962890625
2025-06-28 05:04:21,274 - src.data.trading_system - INFO - Closed long position in TCS.NS at $3643.22, P&L: $-55.49 (-2.87%)
2025-06-28 05:04:21,566 - src.data.trading_system - WARNING - Failed to log to Google Sheets: APIError: [429]: Quota exceeded for quota metric 'Write requests' and limit 'Write requests per minute per user' of service 'sheets.googleapis.com' for consumer 'project_number:865464599530'.
2025-06-28 05:04:21,567 - src.data.trading_system - INFO - Opened long position in TCS.NS at $3643.22, Shares: 0.53, Size: $1934.16
2025-06-28 05:04:21,567 - src.data.trading_system - INFO - Opened long position in TCS.NS at 3643.218017578125
2025-06-28 05:04:21,571 - src.data.trading_system - INFO - Closed long position in TCS.NS at $3452.56, P&L: $-101.22 (-5.23%)
2025-06-28 05:04:21,865 - src.data.trading_system - WARNING - Failed to log to Google Sheets: APIError: [429]: Quota exceeded for quota metric 'Write requests' and limit 'Write requests per minute per user' of service 'sheets.googleapis.com' for consumer 'project_number:865464599530'.
2025-06-28 05:04:21,867 - src.data.trading_system - INFO - Opened long position in TCS.NS at $3452.56, Shares: 0.56, Size: $1932.14
2025-06-28 05:04:21,867 - src.data.trading_system - INFO - Opened long position in TCS.NS at 3452.5625
2025-06-28 05:04:21,877 - src.data.trading_system - INFO - Closed long position in TCS.NS at $3596.98, P&L: $80.82 (4.18%)
2025-06-28 05:04:22,162 - src.data.trading_system - WARNING - Failed to log to Google Sheets: APIError: [429]: Quota exceeded for quota metric 'Write requests' and limit 'Write requests per minute per user' of service 'sheets.googleapis.com' for consumer 'project_number:865464599530'.
2025-06-28 05:04:22,175 - src.data.trading_system - INFO - Opened long position in TCS.NS at $3285.20, Shares: 0.59, Size: $1933.75
2025-06-28 05:04:22,175 - src.data.trading_system - INFO - Opened long position in TCS.NS at 3285.199951171875
2025-06-28 05:04:22,176 - src.data.trading_system - INFO - Closed long position in TCS.NS at $3417.62, P&L: $77.95 (4.03%)
2025-06-28 05:04:22,461 - src.data.trading_system - WARNING - Failed to log to Google Sheets: APIError: [429]: Quota exceeded for quota metric 'Write requests' and limit 'Write requests per minute per user' of service 'sheets.googleapis.com' for consumer 'project_number:865464599530'.
2025-06-28 05:04:22,472 - src.data.trading_system - INFO - Opened short position in TCS.NS at $3588.50, Shares: 0.54, Size: $1935.31
2025-06-28 05:04:22,473 - src.data.trading_system - INFO - Opened short position in TCS.NS at 3588.50390625
2025-06-28 05:04:22,490 - src.data.trading_system - INFO - Closed short position in TCS.NS at $3432.89, P&L: $83.93 (4.34%)
2025-06-28 05:04:22,781 - src.data.trading_system - WARNING - Failed to log to Google Sheets: APIError: [429]: Quota exceeded for quota metric 'Write requests' and limit 'Write requests per minute per user' of service 'sheets.googleapis.com' for consumer 'project_number:865464599530'.
2025-06-28 05:04:22,796 - src.data.trading_system - INFO - Completed TCS.NS: Trades: 10, P&L: $-53.83
2025-06-28 05:04:22,796 - src.data.trading_system - INFO - 
Processing INFY.NS...
2025-06-28 05:04:22,797 - src.data.trading_system - INFO - Closed short position in INFY.NS at $1527.62, P&L: $124.71 (6.34%)
2025-06-28 05:04:23,078 - src.data.trading_system - WARNING - Failed to log to Google Sheets: APIError: [429]: Quota exceeded for quota metric 'Write requests' and limit 'Write requests per minute per user' of service 'sheets.googleapis.com' for consumer 'project_number:865464599530'.
2025-06-28 05:04:23,130 - src.data.trading_system - INFO - Opened long position in INFY.NS at $1732.87, Shares: 1.14, Size: $1978.80
2025-06-28 05:04:23,130 - src.data.trading_system - INFO - Opened long position in INFY.NS at 1732.868408203125
2025-06-28 05:04:23,133 - src.data.trading_system - INFO - Closed long position in INFY.NS at $1804.56, P&L: $81.87 (4.14%)
2025-06-28 05:04:23,443 - src.data.trading_system - WARNING - Failed to log to Google Sheets: APIError: [429]: Quota exceeded for quota metric 'Write requests' and limit 'Write requests per minute per user' of service 'sheets.googleapis.com' for consumer 'project_number:865464599530'.
2025-06-28 05:04:23,494 - src.data.trading_system - INFO - Opened long position in INFY.NS at $1739.62, Shares: 1.14, Size: $1980.44
2025-06-28 05:04:23,494 - src.data.trading_system - INFO - Opened long position in INFY.NS at 1739.623291015625
2025-06-28 05:04:23,496 - src.data.trading_system - INFO - Closed long position in INFY.NS at $1664.28, P&L: $-85.77 (-4.33%)
2025-06-28 05:04:23,786 - src.data.trading_system - WARNING - Failed to log to Google Sheets: APIError: [429]: Quota exceeded for quota metric 'Write requests' and limit 'Write requests per minute per user' of service 'sheets.googleapis.com' for consumer 'project_number:865464599530'.
2025-06-28 05:04:23,787 - src.data.trading_system - INFO - Opened long position in INFY.NS at $1664.28, Shares: 1.19, Size: $1978.72
2025-06-28 05:04:23,788 - src.data.trading_system - INFO - Opened long position in INFY.NS at 1664.2833251953125
2025-06-28 05:04:23,793 - src.data.trading_system - INFO - Closed long position in INFY.NS at $1568.78, P&L: $-113.55 (-5.74%)
2025-06-28 05:04:24,075 - src.data.trading_system - WARNING - Failed to log to Google Sheets: APIError: [429]: Quota exceeded for quota metric 'Write requests' and limit 'Write requests per minute per user' of service 'sheets.googleapis.com' for consumer 'project_number:865464599530'.
2025-06-28 05:04:24,076 - src.data.trading_system - INFO - Opened long position in INFY.NS at $1568.78, Shares: 1.26, Size: $1976.45
2025-06-28 05:04:24,076 - src.data.trading_system - INFO - Opened long position in INFY.NS at 1568.777099609375
2025-06-28 05:04:24,085 - src.data.trading_system - INFO - Closed long position in INFY.NS at $1505.32, P&L: $-79.95 (-4.05%)
2025-06-28 05:04:24,398 - src.data.trading_system - WARNING - Failed to log to Google Sheets: APIError: [429]: Quota exceeded for quota metric 'Write requests' and limit 'Write requests per minute per user' of service 'sheets.googleapis.com' for consumer 'project_number:865464599530'.
2025-06-28 05:04:24,402 - src.data.trading_system - INFO - Opened long position in INFY.NS at $1377.37, Shares: 1.43, Size: $1974.85
2025-06-28 05:04:24,403 - src.data.trading_system - INFO - Opened long position in INFY.NS at 1377.3702392578125
2025-06-28 05:04:24,410 - src.data.trading_system - INFO - Closed long position in INFY.NS at $1454.44, P&L: $110.50 (5.60%)
2025-06-28 05:04:24,710 - src.data.trading_system - WARNING - Failed to log to Google Sheets: APIError: [429]: Quota exceeded for quota metric 'Write requests' and limit 'Write requests per minute per user' of service 'sheets.googleapis.com' for consumer 'project_number:865464599530'.
2025-06-28 05:04:24,720 - src.data.trading_system - INFO - Opened short position in INFY.NS at $1604.33, Shares: 1.23, Size: $1977.06
2025-06-28 05:04:24,720 - src.data.trading_system - INFO - Opened short position in INFY.NS at 1604.3270263671875
2025-06-28 05:04:24,723 - src.data.trading_system - INFO - Closed short position in INFY.NS at $1538.16, P&L: $81.54 (4.12%)
2025-06-28 05:04:25,018 - src.data.trading_system - WARNING - Failed to log to Google Sheets: APIError: [429]: Quota exceeded for quota metric 'Write requests' and limit 'Write requests per minute per user' of service 'sheets.googleapis.com' for consumer 'project_number:865464599530'.
2025-06-28 05:04:25,049 - src.data.trading_system - INFO - Opened short position in INFY.NS at $1631.10, Shares: 1.21, Size: $1978.69
2025-06-28 05:04:25,049 - src.data.trading_system - INFO - Opened short position in INFY.NS at 1631.0999755859375
2025-06-28 05:04:25,068 - src.data.trading_system - INFO - Completed INFY.NS: Trades: 7, P&L: $119.35
2025-06-28 05:04:25,069 - src.data.trading_system - INFO - 
Processing RELIANCE.NS...
2025-06-28 05:04:25,139 - src.data.trading_system - INFO - Opened long position in RELIANCE.NS at $1370.72, Shares: 1.41, Size: $1939.12
2025-06-28 05:04:25,140 - src.data.trading_system - INFO - Opened long position in RELIANCE.NS at 1370.7249755859375
2025-06-28 05:04:25,147 - src.data.trading_system - INFO - Closed long position in RELIANCE.NS at $1338.53, P&L: $-45.55 (-2.35%)
2025-06-28 05:04:25,430 - src.data.trading_system - WARNING - Failed to log to Google Sheets: APIError: [429]: Quota exceeded for quota metric 'Write requests' and limit 'Write requests per minute per user' of service 'sheets.googleapis.com' for consumer 'project_number:865464599530'.
2025-06-28 05:04:25,440 - src.data.trading_system - INFO - Opened long position in RELIANCE.NS at $1283.75, Shares: 1.51, Size: $1938.21
2025-06-28 05:04:25,440 - src.data.trading_system - INFO - Opened long position in RELIANCE.NS at 1283.75
2025-06-28 05:04:25,442 - src.data.trading_system - INFO - Closed long position in RELIANCE.NS at $1252.05, P&L: $-47.86 (-2.47%)
2025-06-28 05:04:25,725 - src.data.trading_system - WARNING - Failed to log to Google Sheets: APIError: [429]: Quota exceeded for quota metric 'Write requests' and limit 'Write requests per minute per user' of service 'sheets.googleapis.com' for consumer 'project_number:865464599530'.
2025-06-28 05:04:25,727 - src.data.trading_system - INFO - Opened long position in RELIANCE.NS at $1252.05, Shares: 1.55, Size: $1937.25
2025-06-28 05:04:25,727 - src.data.trading_system - INFO - Opened long position in RELIANCE.NS at 1252.050048828125
2025-06-28 05:04:25,730 - src.data.trading_system - INFO - Closed long position in RELIANCE.NS at $1223.00, P&L: $-44.95 (-2.32%)
2025-06-28 05:04:26,034 - src.data.trading_system - WARNING - Failed to log to Google Sheets: APIError: [429]: Quota exceeded for quota metric 'Write requests' and limit 'Write requests per minute per user' of service 'sheets.googleapis.com' for consumer 'project_number:865464599530'.
2025-06-28 05:04:26,035 - src.data.trading_system - INFO - Opened long position in RELIANCE.NS at $1223.00, Shares: 1.58, Size: $1936.35
2025-06-28 05:04:26,036 - src.data.trading_system - INFO - Opened long position in RELIANCE.NS at 1223.0
2025-06-28 05:04:26,037 - src.data.trading_system - INFO - Closed long position in RELIANCE.NS at $1287.00, P&L: $101.33 (5.23%)
2025-06-28 05:04:26,359 - src.data.trading_system - WARNING - Failed to log to Google Sheets: APIError: [429]: Quota exceeded for quota metric 'Write requests' and limit 'Write requests per minute per user' of service 'sheets.googleapis.com' for consumer 'project_number:865464599530'.
2025-06-28 05:04:26,373 - src.data.trading_system - INFO - Opened long position in RELIANCE.NS at $1205.30, Shares: 1.61, Size: $1938.38
2025-06-28 05:04:26,373 - src.data.trading_system - INFO - Opened long position in RELIANCE.NS at 1205.300048828125
2025-06-28 05:04:26,382 - src.data.trading_system - INFO - Closed long position in RELIANCE.NS at $1265.50, P&L: $96.81 (4.99%)
2025-06-28 05:04:26,672 - src.data.trading_system - WARNING - Failed to log to Google Sheets: APIError: [429]: Quota exceeded for quota metric 'Write requests' and limit 'Write requests per minute per user' of service 'sheets.googleapis.com' for consumer 'project_number:865464599530'.
2025-06-28 05:04:26,677 - src.data.trading_system - INFO - Opened short position in RELIANCE.NS at $1302.35, Shares: 1.49, Size: $1940.31
2025-06-28 05:04:26,677 - src.data.trading_system - INFO - Opened short position in RELIANCE.NS at 1302.3499755859375
2025-06-28 05:04:26,681 - src.data.trading_system - INFO - Closed short position in RELIANCE.NS at $1246.30, P&L: $83.51 (4.30%)
2025-06-28 05:04:26,965 - src.data.trading_system - WARNING - Failed to log to Google Sheets: APIError: [429]: Quota exceeded for quota metric 'Write requests' and limit 'Write requests per minute per user' of service 'sheets.googleapis.com' for consumer 'project_number:865464599530'.
2025-06-28 05:04:26,984 - src.data.trading_system - INFO - Opened long position in RELIANCE.NS at $1171.25, Shares: 1.66, Size: $1941.98
2025-06-28 05:04:26,984 - src.data.trading_system - INFO - Opened long position in RELIANCE.NS at 1171.25
2025-06-28 05:04:26,987 - src.data.trading_system - INFO - Closed long position in RELIANCE.NS at $1249.80, P&L: $130.24 (6.71%)
2025-06-28 05:04:27,322 - src.data.trading_system - WARNING - Failed to log to Google Sheets: APIError: [429]: Quota exceeded for quota metric 'Write requests' and limit 'Write requests per minute per user' of service 'sheets.googleapis.com' for consumer 'project_number:865464599530'.
2025-06-28 05:04:27,330 - src.data.trading_system - INFO - Opened short position in RELIANCE.NS at $1302.10, Shares: 1.49, Size: $1944.59
2025-06-28 05:04:27,330 - src.data.trading_system - INFO - Opened short position in RELIANCE.NS at 1302.0999755859375
2025-06-28 05:04:27,334 - src.data.trading_system - INFO - Closed short position in RELIANCE.NS at $1248.70, P&L: $79.75 (4.10%)
2025-06-28 05:04:27,644 - src.data.trading_system - WARNING - Failed to log to Google Sheets: APIError: [429]: Quota exceeded for quota metric 'Write requests' and limit 'Write requests per minute per user' of service 'sheets.googleapis.com' for consumer 'project_number:865464599530'.
2025-06-28 05:04:27,659 - src.data.trading_system - INFO - Opened short position in RELIANCE.NS at $1368.80, Shares: 1.42, Size: $1946.18
2025-06-28 05:04:27,660 - src.data.trading_system - INFO - Opened short position in RELIANCE.NS at 1368.800048828125
2025-06-28 05:04:27,660 - src.data.trading_system - INFO - Closed short position in RELIANCE.NS at $1399.70, P&L: $-43.93 (-2.26%)
2025-06-28 05:04:27,950 - src.data.trading_system - WARNING - Failed to log to Google Sheets: APIError: [429]: Quota exceeded for quota metric 'Write requests' and limit 'Write requests per minute per user' of service 'sheets.googleapis.com' for consumer 'project_number:865464599530'.
2025-06-28 05:04:27,952 - src.data.trading_system - INFO - Opened short position in RELIANCE.NS at $1399.70, Shares: 1.39, Size: $1945.30
2025-06-28 05:04:27,953 - src.data.trading_system - INFO - Opened short position in RELIANCE.NS at 1399.699951171875
2025-06-28 05:04:27,956 - src.data.trading_system - INFO - Closed short position in RELIANCE.NS at $1431.30, P&L: $-43.92 (-2.26%)
2025-06-28 05:04:28,247 - src.data.trading_system - WARNING - Failed to log to Google Sheets: APIError: [429]: Quota exceeded for quota metric 'Write requests' and limit 'Write requests per minute per user' of service 'sheets.googleapis.com' for consumer 'project_number:865464599530'.
2025-06-28 05:04:28,274 - src.data.trading_system - INFO - Completed RELIANCE.NS: Trades: 10, P&L: $265.43
2025-06-28 05:04:28,274 - src.data.trading_system - INFO - 
Processing SBIN.NS...
2025-06-28 05:04:28,292 - src.data.trading_system - INFO - Opened long position in SBIN.NS at $795.67, Shares: 2.44, Size: $1944.43
2025-06-28 05:04:28,293 - src.data.trading_system - INFO - Opened long position in SBIN.NS at 795.6732788085938
2025-06-28 05:04:28,308 - src.data.trading_system - INFO - Closed long position in SBIN.NS at $767.10, P&L: $-69.83 (-3.59%)
2025-06-28 05:04:28,604 - src.data.trading_system - WARNING - Failed to log to Google Sheets: APIError: [429]: Quota exceeded for quota metric 'Write requests' and limit 'Write requests per minute per user' of service 'sheets.googleapis.com' for consumer 'project_number:865464599530'.
2025-06-28 05:04:28,606 - src.data.trading_system - INFO - Opened long position in SBIN.NS at $768.81, Shares: 2.53, Size: $1943.03
2025-06-28 05:04:28,606 - src.data.trading_system - INFO - Opened long position in SBIN.NS at 768.8125610351562
2025-06-28 05:04:28,624 - src.data.trading_system - INFO - Closed long position in SBIN.NS at $804.25, P&L: $89.56 (4.61%)
2025-06-28 05:04:28,905 - src.data.trading_system - WARNING - Failed to log to Google Sheets: APIError: [429]: Quota exceeded for quota metric 'Write requests' and limit 'Write requests per minute per user' of service 'sheets.googleapis.com' for consumer 'project_number:865464599530'.
2025-06-28 05:04:28,937 - src.data.trading_system - INFO - Opened long position in SBIN.NS at $783.91, Shares: 2.48, Size: $1944.82
2025-06-28 05:04:28,937 - src.data.trading_system - INFO - Opened long position in SBIN.NS at 783.9094848632812
2025-06-28 05:04:28,940 - src.data.trading_system - INFO - Closed long position in SBIN.NS at $761.12, P&L: $-56.55 (-2.91%)
2025-06-28 05:04:29,223 - src.data.trading_system - WARNING - Failed to log to Google Sheets: APIError: [429]: Quota exceeded for quota metric 'Write requests' and limit 'Write requests per minute per user' of service 'sheets.googleapis.com' for consumer 'project_number:865464599530'.
2025-06-28 05:04:29,228 - src.data.trading_system - INFO - Opened long position in SBIN.NS at $715.14, Shares: 2.72, Size: $1943.69
2025-06-28 05:04:29,228 - src.data.trading_system - INFO - Opened long position in SBIN.NS at 715.1403198242188
2025-06-28 05:04:29,230 - src.data.trading_system - INFO - Closed long position in SBIN.NS at $751.22, P&L: $98.05 (5.04%)
2025-06-28 05:04:29,516 - src.data.trading_system - WARNING - Failed to log to Google Sheets: APIError: [429]: Quota exceeded for quota metric 'Write requests' and limit 'Write requests per minute per user' of service 'sheets.googleapis.com' for consumer 'project_number:865464599530'.
2025-06-28 05:04:29,564 - src.data.trading_system - INFO - Opened short position in SBIN.NS at $765.43, Shares: 2.54, Size: $1945.65
2025-06-28 05:04:29,564 - src.data.trading_system - INFO - Opened short position in SBIN.NS at 765.4304809570312
2025-06-28 05:04:29,574 - src.data.trading_system - INFO - Closed short position in SBIN.NS at $732.20, P&L: $84.47 (4.34%)
2025-06-28 05:04:29,864 - src.data.trading_system - WARNING - Failed to log to Google Sheets: APIError: [429]: Quota exceeded for quota metric 'Write requests' and limit 'Write requests per minute per user' of service 'sheets.googleapis.com' for consumer 'project_number:865464599530'.
2025-06-28 05:04:29,900 - src.data.trading_system - INFO - Completed SBIN.NS: Trades: 5, P&L: $145.71
2025-06-28 05:04:29,901 - src.data.trading_system - INFO - 
Processing LT.NS...
2025-06-28 05:04:29,968 - src.data.trading_system - INFO - Opened short position in LT.NS at $3910.83, Shares: 0.50, Size: $1947.34
2025-06-28 05:04:29,968 - src.data.trading_system - INFO - Opened short position in LT.NS at 3910.826416015625
2025-06-28 05:04:29,972 - src.data.trading_system - INFO - Closed short position in LT.NS at $3723.42, P&L: $93.31 (4.79%)
2025-06-28 05:04:30,261 - src.data.trading_system - WARNING - Failed to log to Google Sheets: APIError: [429]: Quota exceeded for quota metric 'Write requests' and limit 'Write requests per minute per user' of service 'sheets.googleapis.com' for consumer 'project_number:865464599530'.
2025-06-28 05:04:30,303 - src.data.trading_system - INFO - Opened short position in LT.NS at $3384.39, Shares: 0.58, Size: $1949.21
2025-06-28 05:04:30,303 - src.data.trading_system - INFO - Opened short position in LT.NS at 3384.385986328125
2025-06-28 05:04:30,305 - src.data.trading_system - INFO - Closed short position in LT.NS at $3469.24, P&L: $-48.87 (-2.51%)
2025-06-28 05:04:30,582 - src.data.trading_system - WARNING - Failed to log to Google Sheets: APIError: [429]: Quota exceeded for quota metric 'Write requests' and limit 'Write requests per minute per user' of service 'sheets.googleapis.com' for consumer 'project_number:865464599530'.
2025-06-28 05:04:30,602 - src.data.trading_system - INFO - Opened short position in LT.NS at $3554.05, Shares: 0.55, Size: $1948.23
2025-06-28 05:04:30,602 - src.data.trading_system - INFO - Opened short position in LT.NS at 3554.0537109375
2025-06-28 05:04:30,612 - src.data.trading_system - INFO - Closed short position in LT.NS at $3641.14, P&L: $-47.74 (-2.45%)
2025-06-28 05:04:30,922 - src.data.trading_system - WARNING - Failed to log to Google Sheets: APIError: [429]: Quota exceeded for quota metric 'Write requests' and limit 'Write requests per minute per user' of service 'sheets.googleapis.com' for consumer 'project_number:865464599530'.
2025-06-28 05:04:30,939 - src.data.trading_system - INFO - Completed LT.NS: Trades: 3, P&L: $-3.30
2025-06-28 05:04:30,940 - src.data.trading_system - INFO - 
Processing BHARTIARTL.NS...
2025-06-28 05:04:30,941 - src.data.trading_system - INFO - Closed short position in BHARTIARTL.NS at $1436.05, P&L: $567.72 (28.71%)
2025-06-28 05:04:31,268 - src.data.trading_system - WARNING - Failed to log to Google Sheets: APIError: [429]: Quota exceeded for quota metric 'Write requests' and limit 'Write requests per minute per user' of service 'sheets.googleapis.com' for consumer 'project_number:865464599530'.
2025-06-28 05:04:31,281 - src.data.trading_system - INFO - Opened short position in BHARTIARTL.NS at $1506.01, Shares: 1.33, Size: $1998.18
2025-06-28 05:04:31,281 - src.data.trading_system - INFO - Opened short position in BHARTIARTL.NS at 1506.00732421875
2025-06-28 05:04:31,284 - src.data.trading_system - INFO - Closed short position in BHARTIARTL.NS at $1435.55, P&L: $93.48 (4.68%)
2025-06-28 05:04:31,573 - src.data.trading_system - WARNING - Failed to log to Google Sheets: APIError: [429]: Quota exceeded for quota metric 'Write requests' and limit 'Write requests per minute per user' of service 'sheets.googleapis.com' for consumer 'project_number:865464599530'.
2025-06-28 05:04:31,584 - src.data.trading_system - INFO - Opened short position in BHARTIARTL.NS at $1522.75, Shares: 1.31, Size: $2000.05
2025-06-28 05:04:31,584 - src.data.trading_system - INFO - Opened short position in BHARTIARTL.NS at 1522.75
2025-06-28 05:04:31,585 - src.data.trading_system - INFO - Closed short position in BHARTIARTL.NS at $1556.35, P&L: $-44.13 (-2.21%)
2025-06-28 05:04:31,870 - src.data.trading_system - WARNING - Failed to log to Google Sheets: APIError: [429]: Quota exceeded for quota metric 'Write requests' and limit 'Write requests per minute per user' of service 'sheets.googleapis.com' for consumer 'project_number:865464599530'.
2025-06-28 05:04:31,872 - src.data.trading_system - INFO - Opened short position in BHARTIARTL.NS at $1556.35, Shares: 1.28, Size: $1999.17
2025-06-28 05:04:31,872 - src.data.trading_system - INFO - Opened short position in BHARTIARTL.NS at 1556.3499755859375
2025-06-28 05:04:31,873 - src.data.trading_system - INFO - Closed short position in BHARTIARTL.NS at $1589.05, P&L: $-42.00 (-2.10%)
2025-06-28 05:04:32,160 - src.data.trading_system - WARNING - Failed to log to Google Sheets: APIError: [429]: Quota exceeded for quota metric 'Write requests' and limit 'Write requests per minute per user' of service 'sheets.googleapis.com' for consumer 'project_number:865464599530'.
2025-06-28 05:04:32,161 - src.data.trading_system - INFO - Opened short position in BHARTIARTL.NS at $1589.05, Shares: 1.26, Size: $1998.33
2025-06-28 05:04:32,161 - src.data.trading_system - INFO - Opened short position in BHARTIARTL.NS at 1589.050048828125
2025-06-28 05:04:32,168 - src.data.trading_system - INFO - Closed short position in BHARTIARTL.NS at $1646.75, P&L: $-72.56 (-3.63%)
2025-06-28 05:04:32,448 - src.data.trading_system - WARNING - Failed to log to Google Sheets: APIError: [429]: Quota exceeded for quota metric 'Write requests' and limit 'Write requests per minute per user' of service 'sheets.googleapis.com' for consumer 'project_number:865464599530'.
2025-06-28 05:04:32,449 - src.data.trading_system - INFO - Opened short position in BHARTIARTL.NS at $1646.75, Shares: 1.21, Size: $1996.88
2025-06-28 05:04:32,449 - src.data.trading_system - INFO - Opened short position in BHARTIARTL.NS at 1646.75
2025-06-28 05:04:32,453 - src.data.trading_system - INFO - Closed short position in BHARTIARTL.NS at $1711.75, P&L: $-78.82 (-3.95%)
2025-06-28 05:04:32,736 - src.data.trading_system - WARNING - Failed to log to Google Sheets: APIError: [429]: Quota exceeded for quota metric 'Write requests' and limit 'Write requests per minute per user' of service 'sheets.googleapis.com' for consumer 'project_number:865464599530'.
2025-06-28 05:04:32,737 - src.data.trading_system - INFO - Opened short position in BHARTIARTL.NS at $1711.75, Shares: 1.17, Size: $1995.30
2025-06-28 05:04:32,737 - src.data.trading_system - INFO - Opened short position in BHARTIARTL.NS at 1711.75
2025-06-28 05:04:32,738 - src.data.trading_system - INFO - Closed short position in BHARTIARTL.NS at $1750.45, P&L: $-45.11 (-2.26%)
2025-06-28 05:04:33,025 - src.data.trading_system - WARNING - Failed to log to Google Sheets: APIError: [429]: Quota exceeded for quota metric 'Write requests' and limit 'Write requests per minute per user' of service 'sheets.googleapis.com' for consumer 'project_number:865464599530'.
2025-06-28 05:04:33,026 - src.data.trading_system - INFO - Opened short position in BHARTIARTL.NS at $1750.45, Shares: 1.14, Size: $1994.40
2025-06-28 05:04:33,027 - src.data.trading_system - INFO - Opened short position in BHARTIARTL.NS at 1750.449951171875
2025-06-28 05:04:33,030 - src.data.trading_system - INFO - Closed short position in BHARTIARTL.NS at $1673.45, P&L: $87.73 (4.40%)
2025-06-28 05:04:33,327 - src.data.trading_system - WARNING - Failed to log to Google Sheets: APIError: [429]: Quota exceeded for quota metric 'Write requests' and limit 'Write requests per minute per user' of service 'sheets.googleapis.com' for consumer 'project_number:865464599530'.
2025-06-28 05:04:33,341 - src.data.trading_system - INFO - Opened long position in BHARTIARTL.NS at $1612.60, Shares: 1.24, Size: $1996.15
2025-06-28 05:04:33,341 - src.data.trading_system - INFO - Opened long position in BHARTIARTL.NS at 1612.5999755859375
2025-06-28 05:04:33,343 - src.data.trading_system - INFO - Closed long position in BHARTIARTL.NS at $1578.40, P&L: $-42.33 (-2.12%)
2025-06-28 05:04:33,625 - src.data.trading_system - WARNING - Failed to log to Google Sheets: APIError: [429]: Quota exceeded for quota metric 'Write requests' and limit 'Write requests per minute per user' of service 'sheets.googleapis.com' for consumer 'project_number:865464599530'.
2025-06-28 05:04:33,626 - src.data.trading_system - INFO - Opened long position in BHARTIARTL.NS at $1578.40, Shares: 1.26, Size: $1995.31
2025-06-28 05:04:33,626 - src.data.trading_system - INFO - Opened long position in BHARTIARTL.NS at 1578.4000244140625
2025-06-28 05:04:33,631 - src.data.trading_system - INFO - Closed long position in BHARTIARTL.NS at $1537.00, P&L: $-52.34 (-2.62%)
2025-06-28 05:04:33,937 - src.data.trading_system - WARNING - Failed to log to Google Sheets: APIError: [429]: Quota exceeded for quota metric 'Write requests' and limit 'Write requests per minute per user' of service 'sheets.googleapis.com' for consumer 'project_number:865464599530'.
2025-06-28 05:04:33,991 - src.data.trading_system - INFO - Opened short position in BHARTIARTL.NS at $1725.80, Shares: 1.16, Size: $1994.26
2025-06-28 05:04:33,992 - src.data.trading_system - INFO - Opened short position in BHARTIARTL.NS at 1725.800048828125
2025-06-28 05:04:34,001 - src.data.trading_system - INFO - Closed short position in BHARTIARTL.NS at $1798.80, P&L: $-84.36 (-4.23%)
2025-06-28 05:04:34,284 - src.data.trading_system - WARNING - Failed to log to Google Sheets: APIError: [429]: Quota exceeded for quota metric 'Write requests' and limit 'Write requests per minute per user' of service 'sheets.googleapis.com' for consumer 'project_number:865464599530'.
2025-06-28 05:04:34,287 - src.data.trading_system - INFO - Opened short position in BHARTIARTL.NS at $1889.10, Shares: 1.05, Size: $1992.57
2025-06-28 05:04:34,287 - src.data.trading_system - INFO - Opened short position in BHARTIARTL.NS at 1889.0999755859375
2025-06-28 05:04:34,300 - src.data.trading_system - INFO - Closed short position in BHARTIARTL.NS at $1808.90, P&L: $84.59 (4.25%)
2025-06-28 05:04:34,608 - src.data.trading_system - WARNING - Failed to log to Google Sheets: APIError: [429]: Quota exceeded for quota metric 'Write requests' and limit 'Write requests per minute per user' of service 'sheets.googleapis.com' for consumer 'project_number:865464599530'.
2025-06-28 05:04:34,650 - src.data.trading_system - INFO - Opened short position in BHARTIARTL.NS at $1936.70, Shares: 1.03, Size: $1994.26
2025-06-28 05:04:34,650 - src.data.trading_system - INFO - Opened short position in BHARTIARTL.NS at 1936.699951171875
2025-06-28 05:04:34,654 - src.data.trading_system - INFO - Closed short position in BHARTIARTL.NS at $2014.30, P&L: $-79.91 (-4.01%)
2025-06-28 05:04:34,943 - src.data.trading_system - WARNING - Failed to log to Google Sheets: APIError: [429]: Quota exceeded for quota metric 'Write requests' and limit 'Write requests per minute per user' of service 'sheets.googleapis.com' for consumer 'project_number:865464599530'.
2025-06-28 05:04:34,944 - src.data.trading_system - INFO - Opened short position in BHARTIARTL.NS at $2014.30, Shares: 0.99, Size: $1992.67
2025-06-28 05:04:34,944 - src.data.trading_system - INFO - Opened short position in BHARTIARTL.NS at 2014.300048828125
2025-06-28 05:04:34,945 - src.data.trading_system - INFO - Completed BHARTIARTL.NS: Trades: 13, P&L: $291.97
2025-06-28 05:04:36,122 - src.data.trading_system - INFO - 
Performance report generated: None
2025-06-28 05:04:39,694 - src.data.google_sheets_logger - INFO - gspread worksheet opened successfully.
2025-06-28 05:04:39,697 - googleapiclient.discovery_cache - INFO - file_cache is only supported with oauth2client<4.0.0
2025-06-28 05:04:39,702 - src.data.google_sheets_logger - INFO - Google Sheets API service initialized.
