2025-06-26 18:25:31,023 - __main__ - INFO - Starting trading system in Backtest mode
2025-06-26 18:25:31,023 - __main__ - INFO - Initial capital: $100,000.00
2025-06-26 18:25:31,027 - src.data.trading_system - INFO - 
Starting backtest for all symbols
2025-06-26 18:25:31,027 - src.data.trading_system - INFO - Period: 2024-06-26 to 2025-06-26
2025-06-26 18:25:31,660 - src.data.trading_system - INFO - 
Processing RELIANCE.NS...
2025-06-26 18:25:31,705 - src.data.trading_system - INFO - Opened long position in RELIANCE.NS at $1370.72, Shares: 1.46, Size: $2000.00
2025-06-26 18:25:31,705 - src.data.trading_system - INFO - Opened long position in RELIANCE.NS at 1370.7249755859375
2025-06-26 18:25:31,713 - src.data.trading_system - INFO - Closed long position in RELIANCE.NS at $1338.53, P&L: $-46.98 (-2.35%)
2025-06-26 18:25:31,725 - src.data.trading_system - INFO - Opened long position in RELIANCE.NS at $1283.75, Shares: 1.56, Size: $1999.06
2025-06-26 18:25:31,725 - src.data.trading_system - INFO - Opened long position in RELIANCE.NS at 1283.75
2025-06-26 18:25:31,727 - src.data.trading_system - INFO - Closed long position in RELIANCE.NS at $1252.05, P&L: $-49.36 (-2.47%)
2025-06-26 18:25:31,728 - src.data.trading_system - INFO - Opened long position in RELIANCE.NS at $1252.05, Shares: 1.60, Size: $1998.07
2025-06-26 18:25:31,728 - src.data.trading_system - INFO - Opened long position in RELIANCE.NS at 1252.050048828125
2025-06-26 18:25:31,730 - src.data.trading_system - INFO - Closed long position in RELIANCE.NS at $1223.00, P&L: $-46.36 (-2.32%)
2025-06-26 18:25:31,731 - src.data.trading_system - INFO - Opened long position in RELIANCE.NS at $1223.00, Shares: 1.63, Size: $1997.15
2025-06-26 18:25:31,731 - src.data.trading_system - INFO - Opened long position in RELIANCE.NS at 1223.0
2025-06-26 18:25:31,732 - src.data.trading_system - INFO - Closed long position in RELIANCE.NS at $1287.00, P&L: $104.51 (5.23%)
2025-06-26 18:25:31,747 - src.data.trading_system - INFO - Opened long position in RELIANCE.NS at $1205.30, Shares: 1.66, Size: $1999.24
2025-06-26 18:25:31,747 - src.data.trading_system - INFO - Opened long position in RELIANCE.NS at 1205.300048828125
2025-06-26 18:25:31,753 - src.data.trading_system - INFO - Closed long position in RELIANCE.NS at $1265.50, P&L: $99.85 (4.99%)
2025-06-26 18:25:31,759 - src.data.trading_system - INFO - Opened short position in RELIANCE.NS at $1302.35, Shares: 1.54, Size: $2001.23
2025-06-26 18:25:31,759 - src.data.trading_system - INFO - Opened short position in RELIANCE.NS at 1302.3499755859375
2025-06-26 18:25:31,763 - src.data.trading_system - INFO - Closed short position in RELIANCE.NS at $1246.30, P&L: $86.13 (4.30%)
2025-06-26 18:25:31,779 - src.data.trading_system - INFO - Opened long position in RELIANCE.NS at $1171.25, Shares: 1.71, Size: $2002.96
2025-06-26 18:25:31,779 - src.data.trading_system - INFO - Opened long position in RELIANCE.NS at 1171.25
2025-06-26 18:25:31,781 - src.data.trading_system - INFO - Closed long position in RELIANCE.NS at $1249.80, P&L: $134.33 (6.71%)
2025-06-26 18:25:31,788 - src.data.trading_system - INFO - Opened short position in RELIANCE.NS at $1302.10, Shares: 1.54, Size: $2005.64
2025-06-26 18:25:31,789 - src.data.trading_system - INFO - Opened short position in RELIANCE.NS at 1302.0999755859375
2025-06-26 18:25:31,792 - src.data.trading_system - INFO - Closed short position in RELIANCE.NS at $1248.70, P&L: $82.25 (4.10%)
2025-06-26 18:25:31,802 - src.data.trading_system - INFO - Opened short position in RELIANCE.NS at $1368.80, Shares: 1.47, Size: $2007.29
2025-06-26 18:25:31,802 - src.data.trading_system - INFO - Opened short position in RELIANCE.NS at 1368.800048828125
2025-06-26 18:25:31,802 - src.data.trading_system - INFO - Closed short position in RELIANCE.NS at $1399.70, P&L: $-45.31 (-2.26%)
2025-06-26 18:25:31,803 - src.data.trading_system - INFO - Opened short position in RELIANCE.NS at $1399.70, Shares: 1.43, Size: $2006.38
2025-06-26 18:25:31,803 - src.data.trading_system - INFO - Opened short position in RELIANCE.NS at 1399.699951171875
2025-06-26 18:25:31,805 - src.data.trading_system - INFO - Closed short position in RELIANCE.NS at $1431.30, P&L: $-45.30 (-2.26%)
2025-06-26 18:25:31,828 - src.data.trading_system - INFO - Completed RELIANCE.NS: Trades: 10, P&L: $273.76
2025-06-26 18:25:31,828 - src.data.trading_system - INFO - 
Processing LT.NS...
2025-06-26 18:25:31,908 - src.data.trading_system - INFO - Opened short position in LT.NS at $3910.83, Shares: 0.51, Size: $2005.48
2025-06-26 18:25:31,908 - src.data.trading_system - INFO - Opened short position in LT.NS at 3910.826416015625
2025-06-26 18:25:31,927 - src.data.trading_system - INFO - Closed short position in LT.NS at $3723.42, P&L: $96.10 (4.79%)
2025-06-26 18:25:31,982 - src.data.trading_system - INFO - Opened short position in LT.NS at $3384.39, Shares: 0.59, Size: $2007.40
2025-06-26 18:25:31,982 - src.data.trading_system - INFO - Opened short position in LT.NS at 3384.385986328125
2025-06-26 18:25:31,984 - src.data.trading_system - INFO - Closed short position in LT.NS at $3469.24, P&L: $-50.33 (-2.51%)
2025-06-26 18:25:32,002 - src.data.trading_system - INFO - Opened short position in LT.NS at $3554.05, Shares: 0.56, Size: $2006.39
2025-06-26 18:25:32,002 - src.data.trading_system - INFO - Opened short position in LT.NS at 3554.0537109375
2025-06-26 18:25:32,010 - src.data.trading_system - INFO - Closed short position in LT.NS at $3641.14, P&L: $-49.16 (-2.45%)
2025-06-26 18:25:32,023 - src.data.trading_system - INFO - Completed LT.NS: Trades: 3, P&L: $-3.40
2025-06-26 18:25:32,024 - src.data.trading_system - INFO - 
Processing TCS.NS...
2025-06-26 18:25:32,067 - src.data.trading_system - INFO - Opened short position in TCS.NS at $4391.70, Shares: 0.46, Size: $2005.41
2025-06-26 18:25:32,068 - src.data.trading_system - INFO - Opened short position in TCS.NS at 4391.70361328125
2025-06-26 18:25:32,075 - src.data.trading_system - INFO - Closed short position in TCS.NS at $4181.28, P&L: $96.08 (4.79%)
2025-06-26 18:25:32,076 - src.data.trading_system - INFO - Opened long position in TCS.NS at $4181.28, Shares: 0.48, Size: $2007.33
2025-06-26 18:25:32,076 - src.data.trading_system - INFO - Opened long position in TCS.NS at 4181.2841796875
2025-06-26 18:25:32,085 - src.data.trading_system - INFO - Closed long position in TCS.NS at $4038.26, P&L: $-68.66 (-3.42%)
2025-06-26 18:25:32,088 - src.data.trading_system - INFO - Opened long position in TCS.NS at $3985.46, Shares: 0.50, Size: $2005.96
2025-06-26 18:25:32,088 - src.data.trading_system - INFO - Opened long position in TCS.NS at 3985.463623046875
2025-06-26 18:25:32,095 - src.data.trading_system - INFO - Closed long position in TCS.NS at $3871.77, P&L: $-57.22 (-2.85%)
2025-06-26 18:25:32,111 - src.data.trading_system - INFO - Opened short position in TCS.NS at $4209.97, Shares: 0.48, Size: $2004.81
2025-06-26 18:25:32,111 - src.data.trading_system - INFO - Opened short position in TCS.NS at 4209.97314453125
2025-06-26 18:25:32,118 - src.data.trading_system - INFO - Closed short position in TCS.NS at $4355.29, P&L: $-69.20 (-3.45%)
2025-06-26 18:25:32,149 - src.data.trading_system - INFO - Opened long position in TCS.NS at $3928.63, Shares: 0.51, Size: $2003.43
2025-06-26 18:25:32,149 - src.data.trading_system - INFO - Opened long position in TCS.NS at 3928.631103515625
2025-06-26 18:25:32,152 - src.data.trading_system - INFO - Closed long position in TCS.NS at $3839.08, P&L: $-45.67 (-2.28%)
2025-06-26 18:25:32,153 - src.data.trading_system - INFO - Opened long position in TCS.NS at $3750.76, Shares: 0.53, Size: $2002.51
2025-06-26 18:25:32,154 - src.data.trading_system - INFO - Opened long position in TCS.NS at 3750.761962890625
2025-06-26 18:25:32,155 - src.data.trading_system - INFO - Closed long position in TCS.NS at $3643.22, P&L: $-57.42 (-2.87%)
2025-06-26 18:25:32,157 - src.data.trading_system - INFO - Opened long position in TCS.NS at $3643.22, Shares: 0.55, Size: $2001.37
2025-06-26 18:25:32,157 - src.data.trading_system - INFO - Opened long position in TCS.NS at 3643.218017578125
2025-06-26 18:25:32,159 - src.data.trading_system - INFO - Closed long position in TCS.NS at $3452.56, P&L: $-104.73 (-5.23%)
2025-06-26 18:25:32,160 - src.data.trading_system - INFO - Opened long position in TCS.NS at $3452.56, Shares: 0.58, Size: $1999.27
2025-06-26 18:25:32,161 - src.data.trading_system - INFO - Opened long position in TCS.NS at 3452.5625
2025-06-26 18:25:32,172 - src.data.trading_system - INFO - Closed long position in TCS.NS at $3596.98, P&L: $83.63 (4.18%)
2025-06-26 18:25:32,183 - src.data.trading_system - INFO - Opened long position in TCS.NS at $3285.20, Shares: 0.61, Size: $2000.94
2025-06-26 18:25:32,184 - src.data.trading_system - INFO - Opened long position in TCS.NS at 3285.199951171875
2025-06-26 18:25:32,186 - src.data.trading_system - INFO - Closed long position in TCS.NS at $3417.62, P&L: $80.66 (4.03%)
2025-06-26 18:25:32,201 - src.data.trading_system - INFO - Opened short position in TCS.NS at $3588.50, Shares: 0.56, Size: $2002.56
2025-06-26 18:25:32,201 - src.data.trading_system - INFO - Opened short position in TCS.NS at 3588.50390625
2025-06-26 18:25:32,214 - src.data.trading_system - INFO - Closed short position in TCS.NS at $3432.89, P&L: $86.84 (4.34%)
2025-06-26 18:25:32,234 - src.data.trading_system - INFO - Completed TCS.NS: Trades: 10, P&L: $-55.70
2025-06-26 18:25:32,234 - src.data.trading_system - INFO - 
Processing SBIN.NS...
2025-06-26 18:25:32,260 - src.data.trading_system - INFO - Opened long position in SBIN.NS at $795.67, Shares: 2.52, Size: $2004.29
2025-06-26 18:25:32,260 - src.data.trading_system - INFO - Opened long position in SBIN.NS at 795.6732788085938
2025-06-26 18:25:32,281 - src.data.trading_system - INFO - Closed long position in SBIN.NS at $767.10, P&L: $-71.98 (-3.59%)
2025-06-26 18:25:32,284 - src.data.trading_system - INFO - Opened long position in SBIN.NS at $768.81, Shares: 2.61, Size: $2002.85
2025-06-26 18:25:32,284 - src.data.trading_system - INFO - Opened long position in SBIN.NS at 768.8125610351562
2025-06-26 18:25:32,309 - src.data.trading_system - INFO - Closed long position in SBIN.NS at $804.25, P&L: $92.32 (4.61%)
2025-06-26 18:25:32,338 - src.data.trading_system - INFO - Opened long position in SBIN.NS at $783.91, Shares: 2.56, Size: $2004.70
2025-06-26 18:25:32,338 - src.data.trading_system - INFO - Opened long position in SBIN.NS at 783.9094848632812
2025-06-26 18:25:32,341 - src.data.trading_system - INFO - Closed long position in SBIN.NS at $761.12, P&L: $-58.29 (-2.91%)
2025-06-26 18:25:32,347 - src.data.trading_system - INFO - Opened long position in SBIN.NS at $715.14, Shares: 2.80, Size: $2003.53
2025-06-26 18:25:32,347 - src.data.trading_system - INFO - Opened long position in SBIN.NS at 715.1403198242188
2025-06-26 18:25:32,349 - src.data.trading_system - INFO - Closed long position in SBIN.NS at $751.22, P&L: $101.07 (5.04%)
2025-06-26 18:25:32,375 - src.data.trading_system - INFO - Opened short position in SBIN.NS at $765.43, Shares: 2.62, Size: $2005.56
2025-06-26 18:25:32,375 - src.data.trading_system - INFO - Opened short position in SBIN.NS at 765.4304809570312
2025-06-26 18:25:32,380 - src.data.trading_system - INFO - Closed short position in SBIN.NS at $732.20, P&L: $87.08 (4.34%)
2025-06-26 18:25:32,414 - src.data.trading_system - INFO - Completed SBIN.NS: Trades: 5, P&L: $150.20
2025-06-26 18:25:32,414 - src.data.trading_system - INFO - 
Processing INFY.NS...
2025-06-26 18:25:32,462 - src.data.trading_system - INFO - Opened long position in INFY.NS at $1732.87, Shares: 1.16, Size: $2007.30
2025-06-26 18:25:32,462 - src.data.trading_system - INFO - Opened long position in INFY.NS at 1732.868408203125
2025-06-26 18:25:32,466 - src.data.trading_system - INFO - Closed long position in INFY.NS at $1804.56, P&L: $83.04 (4.14%)
2025-06-26 18:25:32,507 - src.data.trading_system - INFO - Opened long position in INFY.NS at $1739.62, Shares: 1.15, Size: $2008.96
2025-06-26 18:25:32,508 - src.data.trading_system - INFO - Opened long position in INFY.NS at 1739.623291015625
2025-06-26 18:25:32,509 - src.data.trading_system - INFO - Closed long position in INFY.NS at $1664.28, P&L: $-87.00 (-4.33%)
2025-06-26 18:25:32,510 - src.data.trading_system - INFO - Opened long position in INFY.NS at $1664.28, Shares: 1.21, Size: $2007.22
2025-06-26 18:25:32,511 - src.data.trading_system - INFO - Opened long position in INFY.NS at 1664.2833251953125
2025-06-26 18:25:32,515 - src.data.trading_system - INFO - Closed long position in INFY.NS at $1568.78, P&L: $-115.19 (-5.74%)
2025-06-26 18:25:32,517 - src.data.trading_system - INFO - Opened long position in INFY.NS at $1568.78, Shares: 1.28, Size: $2004.91
2025-06-26 18:25:32,517 - src.data.trading_system - INFO - Opened long position in INFY.NS at 1568.777099609375
2025-06-26 18:25:32,524 - src.data.trading_system - INFO - Closed long position in INFY.NS at $1505.32, P&L: $-81.10 (-4.05%)
2025-06-26 18:25:32,527 - src.data.trading_system - INFO - Opened long position in INFY.NS at $1377.37, Shares: 1.45, Size: $2003.29
2025-06-26 18:25:32,528 - src.data.trading_system - INFO - Opened long position in INFY.NS at 1377.3702392578125
2025-06-26 18:25:32,534 - src.data.trading_system - INFO - Closed long position in INFY.NS at $1454.44, P&L: $112.09 (5.60%)
2025-06-26 18:25:32,542 - src.data.trading_system - INFO - Opened short position in INFY.NS at $1604.33, Shares: 1.25, Size: $2005.53
2025-06-26 18:25:32,543 - src.data.trading_system - INFO - Opened short position in INFY.NS at 1604.3270263671875
2025-06-26 18:25:32,545 - src.data.trading_system - INFO - Closed short position in INFY.NS at $1538.16, P&L: $82.72 (4.12%)
2025-06-26 18:25:32,557 - src.data.trading_system - INFO - Opened short position in INFY.NS at $1631.10, Shares: 1.23, Size: $2007.19
2025-06-26 18:25:32,557 - src.data.trading_system - INFO - Opened short position in INFY.NS at 1631.0999755859375
2025-06-26 18:25:32,567 - src.data.trading_system - INFO - Completed INFY.NS: Trades: 6, P&L: $-5.44
2025-06-26 18:25:32,567 - src.data.trading_system - INFO - 
Processing BHARTIARTL.NS...
2025-06-26 18:25:32,581 - src.data.trading_system - INFO - Opened short position in BHARTIARTL.NS at $1506.01, Shares: 1.31, Size: $1967.04
2025-06-26 18:25:32,581 - src.data.trading_system - INFO - Opened short position in BHARTIARTL.NS at 1506.00732421875
2025-06-26 18:25:32,585 - src.data.trading_system - INFO - Closed short position in BHARTIARTL.NS at $1435.55, P&L: $92.03 (4.68%)
2025-06-26 18:25:32,596 - src.data.trading_system - INFO - Opened short position in BHARTIARTL.NS at $1522.75, Shares: 1.29, Size: $1968.89
2025-06-26 18:25:32,597 - src.data.trading_system - INFO - Opened short position in BHARTIARTL.NS at 1522.75
2025-06-26 18:25:32,597 - src.data.trading_system - INFO - Closed short position in BHARTIARTL.NS at $1556.35, P&L: $-43.44 (-2.21%)
2025-06-26 18:25:32,598 - src.data.trading_system - INFO - Opened short position in BHARTIARTL.NS at $1556.35, Shares: 1.26, Size: $1968.02
2025-06-26 18:25:32,598 - src.data.trading_system - INFO - Opened short position in BHARTIARTL.NS at 1556.3499755859375
2025-06-26 18:25:32,599 - src.data.trading_system - INFO - Closed short position in BHARTIARTL.NS at $1589.05, P&L: $-41.35 (-2.10%)
2025-06-26 18:25:32,600 - src.data.trading_system - INFO - Opened short position in BHARTIARTL.NS at $1589.05, Shares: 1.24, Size: $1967.19
2025-06-26 18:25:32,600 - src.data.trading_system - INFO - Opened short position in BHARTIARTL.NS at 1589.050048828125
2025-06-26 18:25:32,606 - src.data.trading_system - INFO - Closed short position in BHARTIARTL.NS at $1646.75, P&L: $-71.43 (-3.63%)
2025-06-26 18:25:32,607 - src.data.trading_system - INFO - Opened short position in BHARTIARTL.NS at $1646.75, Shares: 1.19, Size: $1965.76
2025-06-26 18:25:32,607 - src.data.trading_system - INFO - Opened short position in BHARTIARTL.NS at 1646.75
2025-06-26 18:25:32,611 - src.data.trading_system - INFO - Closed short position in BHARTIARTL.NS at $1711.75, P&L: $-77.59 (-3.95%)
2025-06-26 18:25:32,612 - src.data.trading_system - INFO - Opened short position in BHARTIARTL.NS at $1711.75, Shares: 1.15, Size: $1964.21
2025-06-26 18:25:32,612 - src.data.trading_system - INFO - Opened short position in BHARTIARTL.NS at 1711.75
2025-06-26 18:25:32,612 - src.data.trading_system - INFO - Closed short position in BHARTIARTL.NS at $1750.45, P&L: $-44.41 (-2.26%)
2025-06-26 18:25:32,613 - src.data.trading_system - INFO - Opened short position in BHARTIARTL.NS at $1750.45, Shares: 1.12, Size: $1963.32
2025-06-26 18:25:32,613 - src.data.trading_system - INFO - Opened short position in BHARTIARTL.NS at 1750.449951171875
2025-06-26 18:25:32,619 - src.data.trading_system - INFO - Closed short position in BHARTIARTL.NS at $1673.45, P&L: $86.36 (4.40%)
2025-06-26 18:25:32,633 - src.data.trading_system - INFO - Opened long position in BHARTIARTL.NS at $1612.60, Shares: 1.22, Size: $1965.05
2025-06-26 18:25:32,633 - src.data.trading_system - INFO - Opened long position in BHARTIARTL.NS at 1612.5999755859375
2025-06-26 18:25:32,635 - src.data.trading_system - INFO - Closed long position in BHARTIARTL.NS at $1578.40, P&L: $-41.67 (-2.12%)
2025-06-26 18:25:32,636 - src.data.trading_system - INFO - Opened long position in BHARTIARTL.NS at $1578.40, Shares: 1.24, Size: $1964.21
2025-06-26 18:25:32,636 - src.data.trading_system - INFO - Opened long position in BHARTIARTL.NS at 1578.4000244140625
2025-06-26 18:25:32,641 - src.data.trading_system - INFO - Closed long position in BHARTIARTL.NS at $1537.00, P&L: $-51.52 (-2.62%)
2025-06-26 18:25:32,696 - src.data.trading_system - INFO - Opened short position in BHARTIARTL.NS at $1725.80, Shares: 1.14, Size: $1963.18
2025-06-26 18:25:32,696 - src.data.trading_system - INFO - Opened short position in BHARTIARTL.NS at 1725.800048828125
2025-06-26 18:25:32,705 - src.data.trading_system - INFO - Closed short position in BHARTIARTL.NS at $1798.80, P&L: $-83.04 (-4.23%)
2025-06-26 18:25:32,707 - src.data.trading_system - INFO - Opened short position in BHARTIARTL.NS at $1889.10, Shares: 1.04, Size: $1961.52
2025-06-26 18:25:32,708 - src.data.trading_system - INFO - Opened short position in BHARTIARTL.NS at 1889.0999755859375
2025-06-26 18:25:32,725 - src.data.trading_system - INFO - Closed short position in BHARTIARTL.NS at $1808.90, P&L: $83.27 (4.25%)
2025-06-26 18:25:32,740 - src.data.trading_system - INFO - Opened short position in BHARTIARTL.NS at $1936.70, Shares: 1.01, Size: $1963.19
2025-06-26 18:25:32,740 - src.data.trading_system - INFO - Opened short position in BHARTIARTL.NS at 1936.699951171875
2025-06-26 18:25:32,742 - src.data.trading_system - INFO - Closed short position in BHARTIARTL.NS at $2014.30, P&L: $-78.66 (-4.01%)
2025-06-26 18:25:32,743 - src.data.trading_system - INFO - Opened short position in BHARTIARTL.NS at $2014.30, Shares: 0.97, Size: $1961.62
2025-06-26 18:25:32,743 - src.data.trading_system - INFO - Opened short position in BHARTIARTL.NS at 2014.300048828125
2025-06-26 18:25:32,744 - src.data.trading_system - INFO - Completed BHARTIARTL.NS: Trades: 12, P&L: $-271.46
2025-06-26 18:25:34,112 - src.data.trading_system - INFO - 
Performance report generated: /workspaces/algoTradingSystem/trading_results/figures/performance_report_20250626_182534.html
