2025-06-27 09:53:17,934 - __main__ - INFO - Starting trading system in Backtest mode
2025-06-27 09:53:17,934 - __main__ - INFO - Initial capital: $100,000.00
2025-06-27 09:53:17,937 - src.data.trading_system - INFO - 
Starting backtest for all symbols
2025-06-27 09:53:17,937 - src.data.trading_system - INFO - Period: 2024-06-27 to 2025-06-27
2025-06-27 09:53:18,494 - src.data.trading_system - INFO - 
Processing RELIANCE.NS...
2025-06-27 09:53:18,541 - src.data.trading_system - INFO - Opened long position in RELIANCE.NS at $1370.72, Shares: 1.46, Size: $2000.00
2025-06-27 09:53:18,541 - src.data.trading_system - INFO - Opened long position in RELIANCE.NS at 1370.7249755859375
2025-06-27 09:53:18,549 - src.data.trading_system - INFO - Closed long position in RELIANCE.NS at $1338.53, P&L: $-46.98 (-2.35%)
2025-06-27 09:53:18,560 - src.data.trading_system - INFO - Opened long position in RELIANCE.NS at $1283.75, Shares: 1.56, Size: $1999.06
2025-06-27 09:53:18,560 - src.data.trading_system - INFO - Opened long position in RELIANCE.NS at 1283.75
2025-06-27 09:53:18,562 - src.data.trading_system - INFO - Closed long position in RELIANCE.NS at $1252.05, P&L: $-49.36 (-2.47%)
2025-06-27 09:53:18,563 - src.data.trading_system - INFO - Opened long position in RELIANCE.NS at $1252.05, Shares: 1.60, Size: $1998.07
2025-06-27 09:53:18,563 - src.data.trading_system - INFO - Opened long position in RELIANCE.NS at 1252.050048828125
2025-06-27 09:53:18,565 - src.data.trading_system - INFO - Closed long position in RELIANCE.NS at $1223.00, P&L: $-46.36 (-2.32%)
2025-06-27 09:53:18,566 - src.data.trading_system - INFO - Opened long position in RELIANCE.NS at $1223.00, Shares: 1.63, Size: $1997.15
2025-06-27 09:53:18,566 - src.data.trading_system - INFO - Opened long position in RELIANCE.NS at 1223.0
2025-06-27 09:53:18,568 - src.data.trading_system - INFO - Closed long position in RELIANCE.NS at $1287.00, P&L: $104.51 (5.23%)
2025-06-27 09:53:18,583 - src.data.trading_system - INFO - Opened long position in RELIANCE.NS at $1205.30, Shares: 1.66, Size: $1999.24
2025-06-27 09:53:18,584 - src.data.trading_system - INFO - Opened long position in RELIANCE.NS at 1205.300048828125
2025-06-27 09:53:18,591 - src.data.trading_system - INFO - Closed long position in RELIANCE.NS at $1265.50, P&L: $99.85 (4.99%)
2025-06-27 09:53:18,599 - src.data.trading_system - INFO - Opened short position in RELIANCE.NS at $1302.35, Shares: 1.54, Size: $2001.23
2025-06-27 09:53:18,599 - src.data.trading_system - INFO - Opened short position in RELIANCE.NS at 1302.3499755859375
2025-06-27 09:53:18,603 - src.data.trading_system - INFO - Closed short position in RELIANCE.NS at $1246.30, P&L: $86.13 (4.30%)
2025-06-27 09:53:18,621 - src.data.trading_system - INFO - Opened long position in RELIANCE.NS at $1171.25, Shares: 1.71, Size: $2002.96
2025-06-27 09:53:18,621 - src.data.trading_system - INFO - Opened long position in RELIANCE.NS at 1171.25
2025-06-27 09:53:18,623 - src.data.trading_system - INFO - Closed long position in RELIANCE.NS at $1249.80, P&L: $134.33 (6.71%)
2025-06-27 09:53:18,632 - src.data.trading_system - INFO - Opened short position in RELIANCE.NS at $1302.10, Shares: 1.54, Size: $2005.64
2025-06-27 09:53:18,632 - src.data.trading_system - INFO - Opened short position in RELIANCE.NS at 1302.0999755859375
2025-06-27 09:53:18,636 - src.data.trading_system - INFO - Closed short position in RELIANCE.NS at $1248.70, P&L: $82.25 (4.10%)
2025-06-27 09:53:18,651 - src.data.trading_system - INFO - Opened short position in RELIANCE.NS at $1368.80, Shares: 1.47, Size: $2007.29
2025-06-27 09:53:18,651 - src.data.trading_system - INFO - Opened short position in RELIANCE.NS at 1368.800048828125
2025-06-27 09:53:18,651 - src.data.trading_system - INFO - Closed short position in RELIANCE.NS at $1399.70, P&L: $-45.31 (-2.26%)
2025-06-27 09:53:18,652 - src.data.trading_system - INFO - Opened short position in RELIANCE.NS at $1399.70, Shares: 1.43, Size: $2006.38
2025-06-27 09:53:18,652 - src.data.trading_system - INFO - Opened short position in RELIANCE.NS at 1399.699951171875
2025-06-27 09:53:18,654 - src.data.trading_system - INFO - Closed short position in RELIANCE.NS at $1431.30, P&L: $-45.30 (-2.26%)
2025-06-27 09:53:18,680 - src.data.trading_system - INFO - Completed RELIANCE.NS: Trades: 10, P&L: $273.76
2025-06-27 09:53:18,680 - src.data.trading_system - INFO - 
Processing SBIN.NS...
2025-06-27 09:53:18,700 - src.data.trading_system - INFO - Opened long position in SBIN.NS at $795.67, Shares: 2.52, Size: $2005.48
2025-06-27 09:53:18,700 - src.data.trading_system - INFO - Opened long position in SBIN.NS at 795.6732788085938
2025-06-27 09:53:18,716 - src.data.trading_system - INFO - Closed long position in SBIN.NS at $767.10, P&L: $-72.03 (-3.59%)
2025-06-27 09:53:18,718 - src.data.trading_system - INFO - Opened long position in SBIN.NS at $768.81, Shares: 2.61, Size: $2004.03
2025-06-27 09:53:18,718 - src.data.trading_system - INFO - Opened long position in SBIN.NS at 768.8125610351562
2025-06-27 09:53:18,735 - src.data.trading_system - INFO - Closed long position in SBIN.NS at $804.25, P&L: $92.38 (4.61%)
2025-06-27 09:53:18,766 - src.data.trading_system - INFO - Opened long position in SBIN.NS at $783.91, Shares: 2.56, Size: $2005.88
2025-06-27 09:53:18,767 - src.data.trading_system - INFO - Opened long position in SBIN.NS at 783.9094848632812
2025-06-27 09:53:18,770 - src.data.trading_system - INFO - Closed long position in SBIN.NS at $761.12, P&L: $-58.32 (-2.91%)
2025-06-27 09:53:18,775 - src.data.trading_system - INFO - Opened long position in SBIN.NS at $715.14, Shares: 2.80, Size: $2004.72
2025-06-27 09:53:18,775 - src.data.trading_system - INFO - Opened long position in SBIN.NS at 715.1403198242188
2025-06-27 09:53:18,777 - src.data.trading_system - INFO - Closed long position in SBIN.NS at $751.22, P&L: $101.13 (5.04%)
2025-06-27 09:53:18,805 - src.data.trading_system - INFO - Opened short position in SBIN.NS at $765.43, Shares: 2.62, Size: $2006.74
2025-06-27 09:53:18,805 - src.data.trading_system - INFO - Opened short position in SBIN.NS at 765.4304809570312
2025-06-27 09:53:18,810 - src.data.trading_system - INFO - Closed short position in SBIN.NS at $732.20, P&L: $87.13 (4.34%)
2025-06-27 09:53:18,850 - src.data.trading_system - INFO - Completed SBIN.NS: Trades: 5, P&L: $150.28
2025-06-27 09:53:18,851 - src.data.trading_system - INFO - 
Processing BHARTIARTL.NS...
2025-06-27 09:53:18,865 - src.data.trading_system - INFO - Opened short position in BHARTIARTL.NS at $1506.01, Shares: 1.33, Size: $2008.48
2025-06-27 09:53:18,865 - src.data.trading_system - INFO - Opened short position in BHARTIARTL.NS at 1506.00732421875
2025-06-27 09:53:18,869 - src.data.trading_system - INFO - Closed short position in BHARTIARTL.NS at $1435.55, P&L: $93.97 (4.68%)
2025-06-27 09:53:18,880 - src.data.trading_system - INFO - Opened short position in BHARTIARTL.NS at $1522.75, Shares: 1.32, Size: $2010.36
2025-06-27 09:53:18,880 - src.data.trading_system - INFO - Opened short position in BHARTIARTL.NS at 1522.75
2025-06-27 09:53:18,880 - src.data.trading_system - INFO - Closed short position in BHARTIARTL.NS at $1556.35, P&L: $-44.36 (-2.21%)
2025-06-27 09:53:18,881 - src.data.trading_system - INFO - Opened short position in BHARTIARTL.NS at $1556.35, Shares: 1.29, Size: $2009.47
2025-06-27 09:53:18,881 - src.data.trading_system - INFO - Opened short position in BHARTIARTL.NS at 1556.3499755859375
2025-06-27 09:53:18,882 - src.data.trading_system - INFO - Closed short position in BHARTIARTL.NS at $1589.05, P&L: $-42.22 (-2.10%)
2025-06-27 09:53:18,883 - src.data.trading_system - INFO - Opened short position in BHARTIARTL.NS at $1589.05, Shares: 1.26, Size: $2008.63
2025-06-27 09:53:18,884 - src.data.trading_system - INFO - Opened short position in BHARTIARTL.NS at 1589.050048828125
2025-06-27 09:53:18,891 - src.data.trading_system - INFO - Closed short position in BHARTIARTL.NS at $1646.75, P&L: $-72.94 (-3.63%)
2025-06-27 09:53:18,891 - src.data.trading_system - INFO - Opened short position in BHARTIARTL.NS at $1646.75, Shares: 1.22, Size: $2007.17
2025-06-27 09:53:18,892 - src.data.trading_system - INFO - Opened short position in BHARTIARTL.NS at 1646.75
2025-06-27 09:53:18,895 - src.data.trading_system - INFO - Closed short position in BHARTIARTL.NS at $1711.75, P&L: $-79.23 (-3.95%)
2025-06-27 09:53:18,896 - src.data.trading_system - INFO - Opened short position in BHARTIARTL.NS at $1711.75, Shares: 1.17, Size: $2005.59
2025-06-27 09:53:18,896 - src.data.trading_system - INFO - Opened short position in BHARTIARTL.NS at 1711.75
2025-06-27 09:53:18,897 - src.data.trading_system - INFO - Closed short position in BHARTIARTL.NS at $1750.45, P&L: $-45.34 (-2.26%)
2025-06-27 09:53:18,898 - src.data.trading_system - INFO - Opened short position in BHARTIARTL.NS at $1750.45, Shares: 1.15, Size: $2004.68
2025-06-27 09:53:18,898 - src.data.trading_system - INFO - Opened short position in BHARTIARTL.NS at 1750.449951171875
2025-06-27 09:53:18,905 - src.data.trading_system - INFO - Closed short position in BHARTIARTL.NS at $1673.45, P&L: $88.18 (4.40%)
2025-06-27 09:53:18,919 - src.data.trading_system - INFO - Opened long position in BHARTIARTL.NS at $1612.60, Shares: 1.24, Size: $2006.44
2025-06-27 09:53:18,919 - src.data.trading_system - INFO - Opened long position in BHARTIARTL.NS at 1612.5999755859375
2025-06-27 09:53:18,921 - src.data.trading_system - INFO - Closed long position in BHARTIARTL.NS at $1578.40, P&L: $-42.55 (-2.12%)
2025-06-27 09:53:18,922 - src.data.trading_system - INFO - Opened long position in BHARTIARTL.NS at $1578.40, Shares: 1.27, Size: $2005.59
2025-06-27 09:53:18,922 - src.data.trading_system - INFO - Opened long position in BHARTIARTL.NS at 1578.4000244140625
2025-06-27 09:53:18,928 - src.data.trading_system - INFO - Closed long position in BHARTIARTL.NS at $1537.00, P&L: $-52.60 (-2.62%)
2025-06-27 09:53:18,994 - src.data.trading_system - INFO - Opened short position in BHARTIARTL.NS at $1725.80, Shares: 1.16, Size: $2004.54
2025-06-27 09:53:18,994 - src.data.trading_system - INFO - Opened short position in BHARTIARTL.NS at 1725.800048828125
2025-06-27 09:53:19,005 - src.data.trading_system - INFO - Closed short position in BHARTIARTL.NS at $1798.80, P&L: $-84.79 (-4.23%)
2025-06-27 09:53:19,008 - src.data.trading_system - INFO - Opened short position in BHARTIARTL.NS at $1889.10, Shares: 1.06, Size: $2002.84
2025-06-27 09:53:19,009 - src.data.trading_system - INFO - Opened short position in BHARTIARTL.NS at 1889.0999755859375
2025-06-27 09:53:19,023 - src.data.trading_system - INFO - Closed short position in BHARTIARTL.NS at $1808.90, P&L: $85.03 (4.25%)
2025-06-27 09:53:19,039 - src.data.trading_system - INFO - Opened short position in BHARTIARTL.NS at $1936.70, Shares: 1.04, Size: $2004.54
2025-06-27 09:53:19,040 - src.data.trading_system - INFO - Opened short position in BHARTIARTL.NS at 1936.699951171875
2025-06-27 09:53:19,042 - src.data.trading_system - INFO - Closed short position in BHARTIARTL.NS at $2014.30, P&L: $-80.32 (-4.01%)
2025-06-27 09:53:19,043 - src.data.trading_system - INFO - Opened short position in BHARTIARTL.NS at $2014.30, Shares: 0.99, Size: $2002.94
2025-06-27 09:53:19,043 - src.data.trading_system - INFO - Opened short position in BHARTIARTL.NS at 2014.300048828125
2025-06-27 09:53:19,044 - src.data.trading_system - INFO - Completed BHARTIARTL.NS: Trades: 12, P&L: $-277.17
2025-06-27 09:53:19,044 - src.data.trading_system - INFO - 
Processing TCS.NS...
2025-06-27 09:53:19,077 - src.data.trading_system - INFO - Opened short position in TCS.NS at $4391.70, Shares: 0.45, Size: $1962.88
2025-06-27 09:53:19,078 - src.data.trading_system - INFO - Opened short position in TCS.NS at 4391.7041015625
2025-06-27 09:53:19,086 - src.data.trading_system - INFO - Closed short position in TCS.NS at $4181.28, P&L: $94.05 (4.79%)
2025-06-27 09:53:19,087 - src.data.trading_system - INFO - Opened long position in TCS.NS at $4181.28, Shares: 0.47, Size: $1964.76
2025-06-27 09:53:19,088 - src.data.trading_system - INFO - Opened long position in TCS.NS at 4181.2841796875
2025-06-27 09:53:19,099 - src.data.trading_system - INFO - Closed long position in TCS.NS at $4038.26, P&L: $-67.20 (-3.42%)
2025-06-27 09:53:19,102 - src.data.trading_system - INFO - Opened long position in TCS.NS at $3985.46, Shares: 0.49, Size: $1963.42
2025-06-27 09:53:19,102 - src.data.trading_system - INFO - Opened long position in TCS.NS at 3985.463623046875
2025-06-27 09:53:19,111 - src.data.trading_system - INFO - Closed long position in TCS.NS at $3871.77, P&L: $-56.01 (-2.85%)
2025-06-27 09:53:19,123 - src.data.trading_system - INFO - Opened short position in TCS.NS at $4209.97, Shares: 0.47, Size: $1962.30
2025-06-27 09:53:19,123 - src.data.trading_system - INFO - Opened short position in TCS.NS at 4209.97314453125
2025-06-27 09:53:19,128 - src.data.trading_system - INFO - Closed short position in TCS.NS at $4355.29, P&L: $-67.73 (-3.45%)
2025-06-27 09:53:19,158 - src.data.trading_system - INFO - Opened long position in TCS.NS at $3928.63, Shares: 0.50, Size: $1960.94
2025-06-27 09:53:19,158 - src.data.trading_system - INFO - Opened long position in TCS.NS at 3928.631103515625
2025-06-27 09:53:19,160 - src.data.trading_system - INFO - Closed long position in TCS.NS at $3839.08, P&L: $-44.70 (-2.28%)
2025-06-27 09:53:19,162 - src.data.trading_system - INFO - Opened long position in TCS.NS at $3750.76, Shares: 0.52, Size: $1960.05
2025-06-27 09:53:19,162 - src.data.trading_system - INFO - Opened long position in TCS.NS at 3750.761962890625
2025-06-27 09:53:19,164 - src.data.trading_system - INFO - Closed long position in TCS.NS at $3643.22, P&L: $-56.20 (-2.87%)
2025-06-27 09:53:19,165 - src.data.trading_system - INFO - Opened long position in TCS.NS at $3643.22, Shares: 0.54, Size: $1958.92
2025-06-27 09:53:19,165 - src.data.trading_system - INFO - Opened long position in TCS.NS at 3643.218017578125
2025-06-27 09:53:19,167 - src.data.trading_system - INFO - Closed long position in TCS.NS at $3452.56, P&L: $-102.51 (-5.23%)
2025-06-27 09:53:19,169 - src.data.trading_system - INFO - Opened long position in TCS.NS at $3452.56, Shares: 0.57, Size: $1956.87
2025-06-27 09:53:19,169 - src.data.trading_system - INFO - Opened long position in TCS.NS at 3452.5625
2025-06-27 09:53:19,180 - src.data.trading_system - INFO - Closed long position in TCS.NS at $3596.98, P&L: $81.85 (4.18%)
2025-06-27 09:53:19,193 - src.data.trading_system - INFO - Opened long position in TCS.NS at $3285.20, Shares: 0.60, Size: $1958.51
2025-06-27 09:53:19,193 - src.data.trading_system - INFO - Opened long position in TCS.NS at 3285.199951171875
2025-06-27 09:53:19,195 - src.data.trading_system - INFO - Closed long position in TCS.NS at $3417.62, P&L: $78.95 (4.03%)
2025-06-27 09:53:19,204 - src.data.trading_system - INFO - Opened short position in TCS.NS at $3588.50, Shares: 0.55, Size: $1960.09
2025-06-27 09:53:19,204 - src.data.trading_system - INFO - Opened short position in TCS.NS at 3588.50390625
2025-06-27 09:53:19,214 - src.data.trading_system - INFO - Closed short position in TCS.NS at $3432.89, P&L: $85.00 (4.34%)
2025-06-27 09:53:19,229 - src.data.trading_system - INFO - Completed TCS.NS: Trades: 10, P&L: $-54.52
2025-06-27 09:53:19,229 - src.data.trading_system - INFO - 
Processing INFY.NS...
2025-06-27 09:53:19,282 - src.data.trading_system - INFO - Opened long position in INFY.NS at $1732.87, Shares: 1.13, Size: $1961.79
2025-06-27 09:53:19,282 - src.data.trading_system - INFO - Opened long position in INFY.NS at 1732.868408203125
2025-06-27 09:53:19,285 - src.data.trading_system - INFO - Closed long position in INFY.NS at $1804.56, P&L: $81.16 (4.14%)
2025-06-27 09:53:19,330 - src.data.trading_system - INFO - Opened long position in INFY.NS at $1739.62, Shares: 1.13, Size: $1963.41
2025-06-27 09:53:19,330 - src.data.trading_system - INFO - Opened long position in INFY.NS at 1739.623291015625
2025-06-27 09:53:19,332 - src.data.trading_system - INFO - Closed long position in INFY.NS at $1664.28, P&L: $-85.03 (-4.33%)
2025-06-27 09:53:19,333 - src.data.trading_system - INFO - Opened long position in INFY.NS at $1664.28, Shares: 1.18, Size: $1961.71
2025-06-27 09:53:19,333 - src.data.trading_system - INFO - Opened long position in INFY.NS at 1664.2833251953125
2025-06-27 09:53:19,339 - src.data.trading_system - INFO - Closed long position in INFY.NS at $1568.78, P&L: $-112.57 (-5.74%)
2025-06-27 09:53:19,341 - src.data.trading_system - INFO - Opened long position in INFY.NS at $1568.78, Shares: 1.25, Size: $1959.46
2025-06-27 09:53:19,342 - src.data.trading_system - INFO - Opened long position in INFY.NS at 1568.777099609375
2025-06-27 09:53:19,351 - src.data.trading_system - INFO - Closed long position in INFY.NS at $1505.32, P&L: $-79.26 (-4.05%)
2025-06-27 09:53:19,355 - src.data.trading_system - INFO - Opened long position in INFY.NS at $1377.37, Shares: 1.42, Size: $1957.87
2025-06-27 09:53:19,355 - src.data.trading_system - INFO - Opened long position in INFY.NS at 1377.3702392578125
2025-06-27 09:53:19,363 - src.data.trading_system - INFO - Closed long position in INFY.NS at $1454.44, P&L: $109.55 (5.60%)
2025-06-27 09:53:19,372 - src.data.trading_system - INFO - Opened short position in INFY.NS at $1604.33, Shares: 1.22, Size: $1960.07
2025-06-27 09:53:19,373 - src.data.trading_system - INFO - Opened short position in INFY.NS at 1604.3270263671875
2025-06-27 09:53:19,376 - src.data.trading_system - INFO - Closed short position in INFY.NS at $1538.16, P&L: $80.84 (4.12%)
2025-06-27 09:53:19,388 - src.data.trading_system - INFO - Opened short position in INFY.NS at $1631.10, Shares: 1.20, Size: $1961.68
2025-06-27 09:53:19,388 - src.data.trading_system - INFO - Opened short position in INFY.NS at 1631.0999755859375
2025-06-27 09:53:19,396 - src.data.trading_system - INFO - Completed INFY.NS: Trades: 6, P&L: $-5.32
2025-06-27 09:53:19,396 - src.data.trading_system - INFO - 
Processing LT.NS...
2025-06-27 09:53:19,465 - src.data.trading_system - INFO - Opened short position in LT.NS at $3910.83, Shares: 0.49, Size: $1922.45
2025-06-27 09:53:19,465 - src.data.trading_system - INFO - Opened short position in LT.NS at 3910.826416015625
2025-06-27 09:53:19,469 - src.data.trading_system - INFO - Closed short position in LT.NS at $3723.42, P&L: $92.12 (4.79%)
2025-06-27 09:53:19,508 - src.data.trading_system - INFO - Opened short position in LT.NS at $3384.39, Shares: 0.57, Size: $1924.29
2025-06-27 09:53:19,508 - src.data.trading_system - INFO - Opened short position in LT.NS at 3384.385986328125
2025-06-27 09:53:19,511 - src.data.trading_system - INFO - Closed short position in LT.NS at $3469.24, P&L: $-48.25 (-2.51%)
2025-06-27 09:53:19,531 - src.data.trading_system - INFO - Opened short position in LT.NS at $3554.05, Shares: 0.54, Size: $1923.33
2025-06-27 09:53:19,532 - src.data.trading_system - INFO - Opened short position in LT.NS at 3554.0537109375
2025-06-27 09:53:19,542 - src.data.trading_system - INFO - Closed short position in LT.NS at $3641.14, P&L: $-47.13 (-2.45%)
2025-06-27 09:53:19,557 - src.data.trading_system - INFO - Completed LT.NS: Trades: 3, P&L: $-3.26
2025-06-27 09:53:20,816 - src.data.trading_system - INFO - 
Performance report generated: /workspaces/algoTradingSystem/trading_results/figures/performance_report_20250627_095320.html
