2025-06-27 08:25:02,753 - src.data.google_sheets_logger - INFO - gspread worksheet opened successfully.
2025-06-27 08:25:02,757 - googleapiclient.discovery_cache - INFO - file_cache is only supported with oauth2client<4.0.0
2025-06-27 08:25:02,759 - src.data.google_sheets_logger - INFO - Google Sheets API service initialized.
2025-06-27 08:25:05,463 - src.data.google_sheets_logger - INFO - gspread worksheet opened successfully.
2025-06-27 08:25:05,466 - googleapiclient.discovery_cache - INFO - file_cache is only supported with oauth2client<4.0.0
2025-06-27 08:25:05,468 - src.data.google_sheets_logger - INFO - Google Sheets API service initialized.
2025-06-27 08:25:06,132 - __main__ - INFO - Starting trading system in Backtest mode
2025-06-27 08:25:06,132 - __main__ - INFO - Initial capital: $100,000.00
2025-06-27 08:25:07,808 - src.data.google_sheets_logger - INFO - gspread worksheet opened successfully.
2025-06-27 08:25:07,810 - googleapiclient.discovery_cache - INFO - file_cache is only supported with oauth2client<4.0.0
2025-06-27 08:25:07,812 - src.data.google_sheets_logger - INFO - Google Sheets API service initialized.
2025-06-27 08:25:07,812 - src.data.trading_system - INFO - ✅ Google Sheets logging enabled
2025-06-27 08:25:07,812 - src.data.trading_system - INFO - Connected to: https://docs.google.com/spreadsheets/d/1yhmCMKFpMsjvsEfRzzXZWXCaU7Mao8bYt1MSK7r-12A
2025-06-27 08:25:07,814 - src.data.trading_system - INFO - 
Starting backtest for all symbols
2025-06-27 08:25:07,814 - src.data.trading_system - INFO - Period: 2024-06-27 to 2025-06-27
2025-06-27 08:25:08,218 - src.data.trading_system - INFO - 
Processing LT.NS...
2025-06-27 08:25:08,280 - src.data.trading_system - INFO - Opened short position in LT.NS at $3910.83, Shares: 0.51, Size: $2000.00
2025-06-27 08:25:08,280 - src.data.trading_system - INFO - Opened short position in LT.NS at 3910.826416015625
2025-06-27 08:25:08,283 - src.data.trading_system - INFO - Closed short position in LT.NS at $3723.42, P&L: $95.84 (4.79%)
2025-06-27 08:25:08,809 - src.data.trading_system - INFO - Opened short position in LT.NS at $3384.39, Shares: 0.59, Size: $2001.92
2025-06-27 08:25:08,810 - src.data.trading_system - INFO - Opened short position in LT.NS at 3384.385986328125
2025-06-27 08:25:08,811 - src.data.trading_system - INFO - Closed short position in LT.NS at $3469.24, P&L: $-50.20 (-2.51%)
2025-06-27 08:25:09,894 - src.data.trading_system - INFO - Opened short position in LT.NS at $3554.05, Shares: 0.56, Size: $2000.91
2025-06-27 08:25:09,894 - src.data.trading_system - INFO - Opened short position in LT.NS at 3554.0537109375
2025-06-27 08:25:09,903 - src.data.trading_system - INFO - Closed short position in LT.NS at $3641.14, P&L: $-49.03 (-2.45%)
2025-06-27 08:25:10,369 - src.data.trading_system - INFO - Completed LT.NS: Trades: 3, P&L: $-3.39
2025-06-27 08:25:10,369 - src.data.trading_system - INFO - 
Processing SBIN.NS...
2025-06-27 08:25:10,385 - src.data.trading_system - INFO - Opened long position in SBIN.NS at $795.67, Shares: 2.51, Size: $1999.93
2025-06-27 08:25:10,385 - src.data.trading_system - INFO - Opened long position in SBIN.NS at 795.6732788085938
2025-06-27 08:25:10,399 - src.data.trading_system - INFO - Closed long position in SBIN.NS at $767.10, P&L: $-71.83 (-3.59%)
2025-06-27 08:25:10,871 - src.data.trading_system - INFO - Opened long position in SBIN.NS at $768.81, Shares: 2.60, Size: $1998.50
2025-06-27 08:25:10,871 - src.data.trading_system - INFO - Opened long position in SBIN.NS at 768.8125610351562
2025-06-27 08:25:10,887 - src.data.trading_system - INFO - Closed long position in SBIN.NS at $804.25, P&L: $92.12 (4.61%)
2025-06-27 08:25:11,352 - src.data.trading_system - INFO - Opened long position in SBIN.NS at $783.91, Shares: 2.55, Size: $2000.34
2025-06-27 08:25:11,352 - src.data.trading_system - INFO - Opened long position in SBIN.NS at 783.9094848632812
2025-06-27 08:25:11,355 - src.data.trading_system - INFO - Closed long position in SBIN.NS at $761.12, P&L: $-58.16 (-2.91%)
2025-06-27 08:25:11,796 - src.data.trading_system - INFO - Opened long position in SBIN.NS at $715.14, Shares: 2.80, Size: $1999.17
2025-06-27 08:25:11,796 - src.data.trading_system - INFO - Opened long position in SBIN.NS at 715.1403198242188
2025-06-27 08:25:11,798 - src.data.trading_system - INFO - Closed long position in SBIN.NS at $751.22, P&L: $100.85 (5.04%)
2025-06-27 08:25:12,260 - src.data.trading_system - INFO - Opened short position in SBIN.NS at $765.43, Shares: 2.61, Size: $2001.19
2025-06-27 08:25:12,261 - src.data.trading_system - INFO - Opened short position in SBIN.NS at 765.4304809570312
2025-06-27 08:25:12,265 - src.data.trading_system - INFO - Closed short position in SBIN.NS at $732.20, P&L: $86.89 (4.34%)
2025-06-27 08:25:12,730 - src.data.trading_system - INFO - Completed SBIN.NS: Trades: 5, P&L: $149.87
2025-06-27 08:25:12,730 - src.data.trading_system - INFO - 
Processing BHARTIARTL.NS...
2025-06-27 08:25:12,743 - src.data.trading_system - INFO - Opened short position in BHARTIARTL.NS at $1506.01, Shares: 1.33, Size: $2002.93
2025-06-27 08:25:12,743 - src.data.trading_system - INFO - Opened short position in BHARTIARTL.NS at 1506.00732421875
2025-06-27 08:25:12,747 - src.data.trading_system - INFO - Closed short position in BHARTIARTL.NS at $1435.55, P&L: $93.71 (4.68%)
2025-06-27 08:25:13,150 - src.data.trading_system - INFO - Opened short position in BHARTIARTL.NS at $1522.75, Shares: 1.32, Size: $2004.80
2025-06-27 08:25:13,150 - src.data.trading_system - INFO - Opened short position in BHARTIARTL.NS at 1522.75
2025-06-27 08:25:13,151 - src.data.trading_system - INFO - Closed short position in BHARTIARTL.NS at $1556.35, P&L: $-44.24 (-2.21%)
2025-06-27 08:25:13,537 - src.data.trading_system - INFO - Opened short position in BHARTIARTL.NS at $1556.35, Shares: 1.29, Size: $2003.92
2025-06-27 08:25:13,538 - src.data.trading_system - INFO - Opened short position in BHARTIARTL.NS at 1556.3499755859375
2025-06-27 08:25:13,539 - src.data.trading_system - INFO - Closed short position in BHARTIARTL.NS at $1589.05, P&L: $-42.10 (-2.10%)
2025-06-27 08:25:13,942 - src.data.trading_system - INFO - Opened short position in BHARTIARTL.NS at $1589.05, Shares: 1.26, Size: $2003.08
2025-06-27 08:25:13,942 - src.data.trading_system - INFO - Opened short position in BHARTIARTL.NS at 1589.050048828125
2025-06-27 08:25:13,948 - src.data.trading_system - INFO - Closed short position in BHARTIARTL.NS at $1646.75, P&L: $-72.73 (-3.63%)
2025-06-27 08:25:14,351 - src.data.trading_system - INFO - Opened short position in BHARTIARTL.NS at $1646.75, Shares: 1.22, Size: $2001.62
2025-06-27 08:25:14,351 - src.data.trading_system - INFO - Opened short position in BHARTIARTL.NS at 1646.75
2025-06-27 08:25:14,355 - src.data.trading_system - INFO - Closed short position in BHARTIARTL.NS at $1711.75, P&L: $-79.01 (-3.95%)
2025-06-27 08:25:14,752 - src.data.trading_system - INFO - Opened short position in BHARTIARTL.NS at $1711.75, Shares: 1.17, Size: $2000.04
2025-06-27 08:25:14,752 - src.data.trading_system - INFO - Opened short position in BHARTIARTL.NS at 1711.75
2025-06-27 08:25:14,752 - src.data.trading_system - INFO - Closed short position in BHARTIARTL.NS at $1750.45, P&L: $-45.22 (-2.26%)
2025-06-27 08:25:15,188 - src.data.trading_system - INFO - Opened short position in BHARTIARTL.NS at $1750.45, Shares: 1.14, Size: $1999.14
2025-06-27 08:25:15,188 - src.data.trading_system - INFO - Opened short position in BHARTIARTL.NS at 1750.449951171875
2025-06-27 08:25:15,191 - src.data.trading_system - INFO - Closed short position in BHARTIARTL.NS at $1673.45, P&L: $87.94 (4.40%)
2025-06-27 08:25:15,608 - src.data.trading_system - INFO - Opened long position in BHARTIARTL.NS at $1612.60, Shares: 1.24, Size: $2000.90
2025-06-27 08:25:15,608 - src.data.trading_system - INFO - Opened long position in BHARTIARTL.NS at 1612.5999755859375
2025-06-27 08:25:15,610 - src.data.trading_system - INFO - Closed long position in BHARTIARTL.NS at $1578.40, P&L: $-42.43 (-2.12%)
2025-06-27 08:25:16,006 - src.data.trading_system - INFO - Opened long position in BHARTIARTL.NS at $1578.40, Shares: 1.27, Size: $2000.05
2025-06-27 08:25:16,006 - src.data.trading_system - INFO - Opened long position in BHARTIARTL.NS at 1578.4000244140625
2025-06-27 08:25:16,010 - src.data.trading_system - INFO - Closed long position in BHARTIARTL.NS at $1537.00, P&L: $-52.46 (-2.62%)
2025-06-27 08:25:16,452 - src.data.trading_system - INFO - Opened short position in BHARTIARTL.NS at $1725.80, Shares: 1.16, Size: $1999.00
2025-06-27 08:25:16,452 - src.data.trading_system - INFO - Opened short position in BHARTIARTL.NS at 1725.800048828125
2025-06-27 08:25:16,460 - src.data.trading_system - INFO - Closed short position in BHARTIARTL.NS at $1798.80, P&L: $-84.56 (-4.23%)
2025-06-27 08:25:16,847 - src.data.trading_system - INFO - Opened short position in BHARTIARTL.NS at $1889.10, Shares: 1.06, Size: $1997.31
2025-06-27 08:25:16,848 - src.data.trading_system - INFO - Opened short position in BHARTIARTL.NS at 1889.0999755859375
2025-06-27 08:25:16,860 - src.data.trading_system - INFO - Closed short position in BHARTIARTL.NS at $1808.90, P&L: $84.79 (4.25%)
2025-06-27 08:25:17,256 - src.data.trading_system - INFO - Opened short position in BHARTIARTL.NS at $1936.70, Shares: 1.03, Size: $1999.00
2025-06-27 08:25:17,256 - src.data.trading_system - INFO - Opened short position in BHARTIARTL.NS at 1936.699951171875
2025-06-27 08:25:17,258 - src.data.trading_system - INFO - Closed short position in BHARTIARTL.NS at $2014.30, P&L: $-80.10 (-4.01%)
2025-06-27 08:25:17,667 - src.data.trading_system - INFO - Opened short position in BHARTIARTL.NS at $2014.30, Shares: 0.99, Size: $1997.40
2025-06-27 08:25:17,668 - src.data.trading_system - INFO - Opened short position in BHARTIARTL.NS at 2014.300048828125
2025-06-27 08:25:17,668 - src.data.trading_system - INFO - Completed BHARTIARTL.NS: Trades: 12, P&L: $-276.41
2025-06-27 08:25:17,669 - src.data.trading_system - INFO - 
Processing TCS.NS...
2025-06-27 08:25:17,697 - src.data.trading_system - INFO - Opened short position in TCS.NS at $4391.70, Shares: 0.45, Size: $1957.45
2025-06-27 08:25:17,697 - src.data.trading_system - INFO - Opened short position in TCS.NS at 4391.70361328125
2025-06-27 08:25:17,708 - src.data.trading_system - INFO - Closed short position in TCS.NS at $4181.28, P&L: $93.79 (4.79%)
2025-06-27 08:25:18,097 - src.data.trading_system - INFO - Opened long position in TCS.NS at $4181.28, Shares: 0.47, Size: $1959.33
2025-06-27 08:25:18,097 - src.data.trading_system - INFO - Opened long position in TCS.NS at 4181.2841796875
2025-06-27 08:25:18,107 - src.data.trading_system - INFO - Closed long position in TCS.NS at $4038.26, P&L: $-67.02 (-3.42%)
2025-06-27 08:25:18,514 - src.data.trading_system - INFO - Opened long position in TCS.NS at $3985.46, Shares: 0.49, Size: $1957.99
2025-06-27 08:25:18,514 - src.data.trading_system - INFO - Opened long position in TCS.NS at 3985.463623046875
2025-06-27 08:25:18,520 - src.data.trading_system - INFO - Closed long position in TCS.NS at $3871.77, P&L: $-55.86 (-2.85%)
2025-06-27 08:25:18,914 - src.data.trading_system - INFO - Opened short position in TCS.NS at $4209.97, Shares: 0.46, Size: $1956.87
2025-06-27 08:25:18,915 - src.data.trading_system - INFO - Opened short position in TCS.NS at 4209.97314453125
2025-06-27 08:25:18,919 - src.data.trading_system - INFO - Closed short position in TCS.NS at $4355.29, P&L: $-67.55 (-3.45%)
2025-06-27 08:25:19,336 - src.data.trading_system - INFO - Opened long position in TCS.NS at $3928.63, Shares: 0.50, Size: $1955.52
2025-06-27 08:25:19,337 - src.data.trading_system - INFO - Opened long position in TCS.NS at 3928.631103515625
2025-06-27 08:25:19,341 - src.data.trading_system - INFO - Closed long position in TCS.NS at $3839.08, P&L: $-44.58 (-2.28%)
2025-06-27 08:25:19,748 - src.data.trading_system - INFO - Opened long position in TCS.NS at $3750.76, Shares: 0.52, Size: $1954.63
2025-06-27 08:25:19,749 - src.data.trading_system - INFO - Opened long position in TCS.NS at 3750.761962890625
2025-06-27 08:25:19,750 - src.data.trading_system - INFO - Closed long position in TCS.NS at $3643.22, P&L: $-56.04 (-2.87%)
2025-06-27 08:25:20,173 - src.data.trading_system - INFO - Opened long position in TCS.NS at $3643.22, Shares: 0.54, Size: $1953.51
2025-06-27 08:25:20,173 - src.data.trading_system - INFO - Opened long position in TCS.NS at 3643.218017578125
2025-06-27 08:25:20,174 - src.data.trading_system - INFO - Closed long position in TCS.NS at $3452.56, P&L: $-102.23 (-5.23%)
2025-06-27 08:25:20,577 - src.data.trading_system - INFO - Opened long position in TCS.NS at $3452.56, Shares: 0.57, Size: $1951.46
2025-06-27 08:25:20,577 - src.data.trading_system - INFO - Opened long position in TCS.NS at 3452.5625
2025-06-27 08:25:20,587 - src.data.trading_system - INFO - Closed long position in TCS.NS at $3596.98, P&L: $81.63 (4.18%)
2025-06-27 08:25:20,992 - src.data.trading_system - INFO - Opened long position in TCS.NS at $3285.20, Shares: 0.59, Size: $1953.10
2025-06-27 08:25:20,992 - src.data.trading_system - INFO - Opened long position in TCS.NS at 3285.199951171875
2025-06-27 08:25:20,994 - src.data.trading_system - INFO - Closed long position in TCS.NS at $3417.62, P&L: $78.73 (4.03%)
2025-06-27 08:25:21,384 - src.data.trading_system - INFO - Opened short position in TCS.NS at $3588.50, Shares: 0.54, Size: $1954.67
2025-06-27 08:25:21,384 - src.data.trading_system - INFO - Opened short position in TCS.NS at 3588.50390625
2025-06-27 08:25:21,392 - src.data.trading_system - INFO - Closed short position in TCS.NS at $3432.89, P&L: $84.76 (4.34%)
2025-06-27 08:25:21,798 - src.data.trading_system - INFO - Completed TCS.NS: Trades: 10, P&L: $-54.37
2025-06-27 08:25:21,798 - src.data.trading_system - INFO - 
Processing RELIANCE.NS...
2025-06-27 08:25:21,836 - src.data.trading_system - INFO - Opened long position in RELIANCE.NS at $1370.72, Shares: 1.43, Size: $1956.37
2025-06-27 08:25:21,837 - src.data.trading_system - INFO - Opened long position in RELIANCE.NS at 1370.7249755859375
2025-06-27 08:25:21,843 - src.data.trading_system - INFO - Closed long position in RELIANCE.NS at $1338.53, P&L: $-45.96 (-2.35%)
2025-06-27 08:25:22,252 - src.data.trading_system - INFO - Opened long position in RELIANCE.NS at $1283.75, Shares: 1.52, Size: $1955.45
2025-06-27 08:25:22,252 - src.data.trading_system - INFO - Opened long position in RELIANCE.NS at 1283.75
2025-06-27 08:25:22,253 - src.data.trading_system - INFO - Closed long position in RELIANCE.NS at $1252.05, P&L: $-48.29 (-2.47%)
2025-06-27 08:25:22,677 - src.data.trading_system - INFO - Opened long position in RELIANCE.NS at $1252.05, Shares: 1.56, Size: $1954.48
2025-06-27 08:25:22,677 - src.data.trading_system - INFO - Opened long position in RELIANCE.NS at 1252.050048828125
2025-06-27 08:25:22,679 - src.data.trading_system - INFO - Closed long position in RELIANCE.NS at $1223.00, P&L: $-45.35 (-2.32%)
2025-06-27 08:25:23,072 - src.data.trading_system - INFO - Opened long position in RELIANCE.NS at $1223.00, Shares: 1.60, Size: $1953.57
2025-06-27 08:25:23,072 - src.data.trading_system - INFO - Opened long position in RELIANCE.NS at 1223.0
2025-06-27 08:25:23,073 - src.data.trading_system - INFO - Closed long position in RELIANCE.NS at $1287.00, P&L: $102.23 (5.23%)
2025-06-27 08:25:23,484 - src.data.trading_system - INFO - Opened long position in RELIANCE.NS at $1205.30, Shares: 1.62, Size: $1955.62
2025-06-27 08:25:23,484 - src.data.trading_system - INFO - Opened long position in RELIANCE.NS at 1205.300048828125
2025-06-27 08:25:23,491 - src.data.trading_system - INFO - Closed long position in RELIANCE.NS at $1265.50, P&L: $97.68 (4.99%)
2025-06-27 08:25:23,900 - src.data.trading_system - INFO - Opened short position in RELIANCE.NS at $1302.35, Shares: 1.50, Size: $1957.57
2025-06-27 08:25:23,900 - src.data.trading_system - INFO - Opened short position in RELIANCE.NS at 1302.3499755859375
2025-06-27 08:25:23,903 - src.data.trading_system - INFO - Closed short position in RELIANCE.NS at $1246.30, P&L: $84.25 (4.30%)
2025-06-27 08:25:24,334 - src.data.trading_system - INFO - Opened long position in RELIANCE.NS at $1171.25, Shares: 1.67, Size: $1959.26
2025-06-27 08:25:24,334 - src.data.trading_system - INFO - Opened long position in RELIANCE.NS at 1171.25
2025-06-27 08:25:24,336 - src.data.trading_system - INFO - Closed long position in RELIANCE.NS at $1249.80, P&L: $131.40 (6.71%)
2025-06-27 08:25:24,735 - src.data.trading_system - INFO - Opened short position in RELIANCE.NS at $1302.10, Shares: 1.51, Size: $1961.89
2025-06-27 08:25:24,735 - src.data.trading_system - INFO - Opened short position in RELIANCE.NS at 1302.0999755859375
2025-06-27 08:25:24,739 - src.data.trading_system - INFO - Closed short position in RELIANCE.NS at $1248.70, P&L: $80.46 (4.10%)
2025-06-27 08:25:25,147 - src.data.trading_system - INFO - Opened short position in RELIANCE.NS at $1368.80, Shares: 1.43, Size: $1963.49
2025-06-27 08:25:25,147 - src.data.trading_system - INFO - Opened short position in RELIANCE.NS at 1368.800048828125
2025-06-27 08:25:25,147 - src.data.trading_system - INFO - Closed short position in RELIANCE.NS at $1399.70, P&L: $-44.32 (-2.26%)
2025-06-27 08:25:25,540 - src.data.trading_system - INFO - Opened short position in RELIANCE.NS at $1399.70, Shares: 1.40, Size: $1962.61
2025-06-27 08:25:25,540 - src.data.trading_system - INFO - Opened short position in RELIANCE.NS at 1399.699951171875
2025-06-27 08:25:25,542 - src.data.trading_system - INFO - Closed short position in RELIANCE.NS at $1431.30, P&L: $-44.31 (-2.26%)
2025-06-27 08:25:25,952 - src.data.trading_system - INFO - Completed RELIANCE.NS: Trades: 10, P&L: $267.79
2025-06-27 08:25:25,952 - src.data.trading_system - INFO - 
Processing INFY.NS...
2025-06-27 08:25:26,007 - src.data.trading_system - INFO - Opened long position in INFY.NS at $1732.87, Shares: 1.13, Size: $1961.72
2025-06-27 08:25:26,008 - src.data.trading_system - INFO - Opened long position in INFY.NS at 1732.868408203125
2025-06-27 08:25:26,011 - src.data.trading_system - INFO - Closed long position in INFY.NS at $1804.56, P&L: $81.16 (4.14%)
2025-06-27 08:25:26,443 - src.data.trading_system - INFO - Opened long position in INFY.NS at $1739.62, Shares: 1.13, Size: $1963.35
2025-06-27 08:25:26,443 - src.data.trading_system - INFO - Opened long position in INFY.NS at 1739.623291015625
2025-06-27 08:25:26,444 - src.data.trading_system - INFO - Closed long position in INFY.NS at $1664.28, P&L: $-85.03 (-4.33%)
2025-06-27 08:25:26,880 - src.data.trading_system - INFO - Opened long position in INFY.NS at $1664.28, Shares: 1.18, Size: $1961.64
2025-06-27 08:25:26,880 - src.data.trading_system - INFO - Opened long position in INFY.NS at 1664.2833251953125
2025-06-27 08:25:26,884 - src.data.trading_system - INFO - Closed long position in INFY.NS at $1568.78, P&L: $-112.57 (-5.74%)
2025-06-27 08:25:27,279 - src.data.trading_system - INFO - Opened long position in INFY.NS at $1568.78, Shares: 1.25, Size: $1959.39
2025-06-27 08:25:27,280 - src.data.trading_system - INFO - Opened long position in INFY.NS at 1568.777099609375
2025-06-27 08:25:27,286 - src.data.trading_system - INFO - Closed long position in INFY.NS at $1505.32, P&L: $-79.26 (-4.05%)
2025-06-27 08:25:27,686 - src.data.trading_system - INFO - Opened long position in INFY.NS at $1377.37, Shares: 1.42, Size: $1957.81
2025-06-27 08:25:27,687 - src.data.trading_system - INFO - Opened long position in INFY.NS at 1377.3702392578125
2025-06-27 08:25:27,691 - src.data.trading_system - INFO - Closed long position in INFY.NS at $1454.44, P&L: $109.54 (5.60%)
2025-06-27 08:25:28,089 - src.data.trading_system - INFO - Opened short position in INFY.NS at $1604.33, Shares: 1.22, Size: $1960.00
2025-06-27 08:25:28,089 - src.data.trading_system - INFO - Opened short position in INFY.NS at 1604.3270263671875
2025-06-27 08:25:28,092 - src.data.trading_system - INFO - Closed short position in INFY.NS at $1538.16, P&L: $80.84 (4.12%)
2025-06-27 08:25:28,496 - src.data.trading_system - INFO - Opened short position in INFY.NS at $1631.10, Shares: 1.20, Size: $1961.62
2025-06-27 08:25:28,496 - src.data.trading_system - INFO - Opened short position in INFY.NS at 1631.0999755859375
2025-06-27 08:25:28,504 - src.data.trading_system - INFO - Completed INFY.NS: Trades: 6, P&L: $-5.32
2025-06-27 08:25:29,756 - src.data.trading_system - INFO - 
Performance report generated: /workspaces/algoTradingSystem/trading_results/figures/performance_report_20250627_082529.html
2025-06-27 08:25:31,840 - src.data.google_sheets_logger - INFO - gspread worksheet opened successfully.
2025-06-27 08:25:31,843 - googleapiclient.discovery_cache - INFO - file_cache is only supported with oauth2client<4.0.0
2025-06-27 08:25:31,848 - src.data.google_sheets_logger - INFO - Google Sheets API service initialized.
