2025-06-27 07:52:54,578 - __main__ - INFO - Starting trading system in Backtest mode
2025-06-27 07:52:54,579 - __main__ - INFO - Initial capital: $100,000.00
2025-06-27 07:52:55,570 - src.data.google_sheets_logger - INFO - gspread worksheet opened successfully.
2025-06-27 07:52:55,576 - googleapiclient.discovery_cache - INFO - file_cache is only supported with oauth2client<4.0.0
2025-06-27 07:52:55,581 - src.data.google_sheets_logger - INFO - Google Sheets API service initialized.
2025-06-27 07:52:56,148 - src.data.google_sheets_logger - INFO - gspread worksheet opened successfully.
2025-06-27 07:52:56,151 - googleapiclient.discovery_cache - INFO - file_cache is only supported with oauth2client<4.0.0
2025-06-27 07:52:56,154 - src.data.google_sheets_logger - INFO - Google Sheets API service initialized.
2025-06-27 07:52:56,154 - src.data.trading_system - INFO - ✅ Google Sheets logging enabled
2025-06-27 07:52:56,154 - src.data.trading_system - INFO - Connected to: https://docs.google.com/spreadsheets/d/1yhmCMKFpMsjvsEfRzzXZWXCaU7Mao8bYt1MSK7r-12A
2025-06-27 07:52:56,155 - src.data.trading_system - INFO - 
Starting backtest for all symbols
2025-06-27 07:52:56,155 - src.data.trading_system - INFO - Period: 2024-06-27 to 2025-06-27
2025-06-27 07:52:56,646 - src.data.trading_system - INFO - 
Processing RELIANCE.NS...
2025-06-27 07:52:56,688 - src.data.trading_system - INFO - Opened long position in RELIANCE.NS at $1370.72, Shares: 1.46, Size: $2000.00
2025-06-27 07:52:56,689 - src.data.trading_system - INFO - Opened long position in RELIANCE.NS at 1370.7249755859375
2025-06-27 07:52:56,695 - src.data.trading_system - INFO - Closed long position in RELIANCE.NS at $1338.53, P&L: $-46.98 (-2.35%)
2025-06-27 07:52:57,150 - src.data.trading_system - INFO - Opened long position in RELIANCE.NS at $1283.75, Shares: 1.56, Size: $1999.06
2025-06-27 07:52:57,150 - src.data.trading_system - INFO - Opened long position in RELIANCE.NS at 1283.75
2025-06-27 07:52:57,152 - src.data.trading_system - INFO - Closed long position in RELIANCE.NS at $1252.05, P&L: $-49.36 (-2.47%)
2025-06-27 07:52:57,600 - src.data.trading_system - INFO - Opened long position in RELIANCE.NS at $1252.05, Shares: 1.60, Size: $1998.07
2025-06-27 07:52:57,601 - src.data.trading_system - INFO - Opened long position in RELIANCE.NS at 1252.050048828125
2025-06-27 07:52:57,603 - src.data.trading_system - INFO - Closed long position in RELIANCE.NS at $1223.00, P&L: $-46.36 (-2.32%)
2025-06-27 07:52:57,994 - src.data.trading_system - INFO - Opened long position in RELIANCE.NS at $1223.00, Shares: 1.63, Size: $1997.15
2025-06-27 07:52:57,994 - src.data.trading_system - INFO - Opened long position in RELIANCE.NS at 1223.0
2025-06-27 07:52:57,995 - src.data.trading_system - INFO - Closed long position in RELIANCE.NS at $1287.00, P&L: $104.51 (5.23%)
2025-06-27 07:52:58,379 - src.data.trading_system - INFO - Opened long position in RELIANCE.NS at $1205.30, Shares: 1.66, Size: $1999.24
2025-06-27 07:52:58,380 - src.data.trading_system - INFO - Opened long position in RELIANCE.NS at 1205.300048828125
2025-06-27 07:52:58,387 - src.data.trading_system - INFO - Closed long position in RELIANCE.NS at $1265.50, P&L: $99.85 (4.99%)
2025-06-27 07:52:58,773 - src.data.trading_system - INFO - Opened short position in RELIANCE.NS at $1302.35, Shares: 1.54, Size: $2001.23
2025-06-27 07:52:58,773 - src.data.trading_system - INFO - Opened short position in RELIANCE.NS at 1302.3499755859375
2025-06-27 07:52:58,776 - src.data.trading_system - INFO - Closed short position in RELIANCE.NS at $1246.30, P&L: $86.13 (4.30%)
2025-06-27 07:52:59,187 - src.data.trading_system - INFO - Opened long position in RELIANCE.NS at $1171.25, Shares: 1.71, Size: $2002.96
2025-06-27 07:52:59,187 - src.data.trading_system - INFO - Opened long position in RELIANCE.NS at 1171.25
2025-06-27 07:52:59,189 - src.data.trading_system - INFO - Closed long position in RELIANCE.NS at $1249.80, P&L: $134.33 (6.71%)
2025-06-27 07:52:59,576 - src.data.trading_system - INFO - Opened short position in RELIANCE.NS at $1302.10, Shares: 1.54, Size: $2005.64
2025-06-27 07:52:59,576 - src.data.trading_system - INFO - Opened short position in RELIANCE.NS at 1302.0999755859375
2025-06-27 07:52:59,580 - src.data.trading_system - INFO - Closed short position in RELIANCE.NS at $1248.70, P&L: $82.25 (4.10%)
2025-06-27 07:53:00,034 - src.data.trading_system - INFO - Opened short position in RELIANCE.NS at $1368.80, Shares: 1.47, Size: $2007.29
2025-06-27 07:53:00,034 - src.data.trading_system - INFO - Opened short position in RELIANCE.NS at 1368.800048828125
2025-06-27 07:53:00,034 - src.data.trading_system - INFO - Closed short position in RELIANCE.NS at $1399.70, P&L: $-45.31 (-2.26%)
2025-06-27 07:53:00,433 - src.data.trading_system - INFO - Opened short position in RELIANCE.NS at $1399.70, Shares: 1.43, Size: $2006.38
2025-06-27 07:53:00,433 - src.data.trading_system - INFO - Opened short position in RELIANCE.NS at 1399.699951171875
2025-06-27 07:53:00,435 - src.data.trading_system - INFO - Closed short position in RELIANCE.NS at $1431.30, P&L: $-45.30 (-2.26%)
2025-06-27 07:53:00,829 - src.data.trading_system - INFO - Completed RELIANCE.NS: Trades: 10, P&L: $273.76
2025-06-27 07:53:00,829 - src.data.trading_system - INFO - 
Processing INFY.NS...
2025-06-27 07:53:00,877 - src.data.trading_system - INFO - Opened long position in INFY.NS at $1732.87, Shares: 1.16, Size: $2005.48
2025-06-27 07:53:00,877 - src.data.trading_system - INFO - Opened long position in INFY.NS at 1732.868408203125
2025-06-27 07:53:00,880 - src.data.trading_system - INFO - Closed long position in INFY.NS at $1804.56, P&L: $82.97 (4.14%)
2025-06-27 07:53:01,314 - src.data.trading_system - INFO - Opened long position in INFY.NS at $1739.62, Shares: 1.15, Size: $2007.13
2025-06-27 07:53:01,314 - src.data.trading_system - INFO - Opened long position in INFY.NS at 1739.623291015625
2025-06-27 07:53:01,315 - src.data.trading_system - INFO - Closed long position in INFY.NS at $1664.28, P&L: $-86.93 (-4.33%)
2025-06-27 07:53:01,733 - src.data.trading_system - INFO - Opened long position in INFY.NS at $1664.28, Shares: 1.20, Size: $2005.40
2025-06-27 07:53:01,733 - src.data.trading_system - INFO - Opened long position in INFY.NS at 1664.2833251953125
2025-06-27 07:53:01,737 - src.data.trading_system - INFO - Closed long position in INFY.NS at $1568.78, P&L: $-115.08 (-5.74%)
2025-06-27 07:53:02,125 - src.data.trading_system - INFO - Opened long position in INFY.NS at $1568.78, Shares: 1.28, Size: $2003.09
2025-06-27 07:53:02,125 - src.data.trading_system - INFO - Opened long position in INFY.NS at 1568.777099609375
2025-06-27 07:53:02,132 - src.data.trading_system - INFO - Closed long position in INFY.NS at $1505.32, P&L: $-81.03 (-4.05%)
2025-06-27 07:53:02,536 - src.data.trading_system - INFO - Opened long position in INFY.NS at $1377.37, Shares: 1.45, Size: $2001.47
2025-06-27 07:53:02,536 - src.data.trading_system - INFO - Opened long position in INFY.NS at 1377.3702392578125
2025-06-27 07:53:02,541 - src.data.trading_system - INFO - Closed long position in INFY.NS at $1454.44, P&L: $111.99 (5.60%)
2025-06-27 07:53:02,990 - src.data.trading_system - INFO - Opened short position in INFY.NS at $1604.33, Shares: 1.25, Size: $2003.71
2025-06-27 07:53:02,991 - src.data.trading_system - INFO - Opened short position in INFY.NS at 1604.3270263671875
2025-06-27 07:53:02,993 - src.data.trading_system - INFO - Closed short position in INFY.NS at $1538.16, P&L: $82.64 (4.12%)
2025-06-27 07:53:03,378 - src.data.trading_system - INFO - Opened short position in INFY.NS at $1631.10, Shares: 1.23, Size: $2005.37
2025-06-27 07:53:03,379 - src.data.trading_system - INFO - Opened short position in INFY.NS at 1631.0999755859375
2025-06-27 07:53:03,387 - src.data.trading_system - INFO - Completed INFY.NS: Trades: 6, P&L: $-5.44
2025-06-27 07:53:03,387 - src.data.trading_system - INFO - 
Processing LT.NS...
2025-06-27 07:53:03,465 - src.data.trading_system - INFO - Opened short position in LT.NS at $3910.83, Shares: 0.50, Size: $1965.26
2025-06-27 07:53:03,466 - src.data.trading_system - INFO - Opened short position in LT.NS at 3910.826416015625
2025-06-27 07:53:03,469 - src.data.trading_system - INFO - Closed short position in LT.NS at $3723.42, P&L: $94.17 (4.79%)
2025-06-27 07:53:03,893 - src.data.trading_system - INFO - Opened short position in LT.NS at $3384.39, Shares: 0.58, Size: $1967.14
2025-06-27 07:53:03,893 - src.data.trading_system - INFO - Opened short position in LT.NS at 3384.385986328125
2025-06-27 07:53:03,895 - src.data.trading_system - INFO - Closed short position in LT.NS at $3469.24, P&L: $-49.32 (-2.51%)
2025-06-27 07:53:04,331 - src.data.trading_system - INFO - Opened short position in LT.NS at $3554.05, Shares: 0.55, Size: $1966.16
2025-06-27 07:53:04,331 - src.data.trading_system - INFO - Opened short position in LT.NS at 3554.0537109375
2025-06-27 07:53:04,348 - src.data.trading_system - INFO - Closed short position in LT.NS at $3641.14, P&L: $-48.18 (-2.45%)
2025-06-27 07:53:04,757 - src.data.trading_system - INFO - Completed LT.NS: Trades: 3, P&L: $-3.33
2025-06-27 07:53:04,757 - src.data.trading_system - INFO - 
Processing SBIN.NS...
2025-06-27 07:53:04,773 - src.data.trading_system - INFO - Opened long position in SBIN.NS at $795.67, Shares: 2.47, Size: $1965.19
2025-06-27 07:53:04,773 - src.data.trading_system - INFO - Opened long position in SBIN.NS at 795.6732788085938
2025-06-27 07:53:04,787 - src.data.trading_system - INFO - Closed long position in SBIN.NS at $767.10, P&L: $-70.58 (-3.59%)
2025-06-27 07:53:05,200 - src.data.trading_system - INFO - Opened long position in SBIN.NS at $768.81, Shares: 2.55, Size: $1963.78
2025-06-27 07:53:05,200 - src.data.trading_system - INFO - Opened long position in SBIN.NS at 768.8125610351562
2025-06-27 07:53:05,216 - src.data.trading_system - INFO - Closed long position in SBIN.NS at $804.25, P&L: $90.52 (4.61%)
2025-06-27 07:53:05,620 - src.data.trading_system - INFO - Opened long position in SBIN.NS at $783.91, Shares: 2.51, Size: $1965.59
2025-06-27 07:53:05,620 - src.data.trading_system - INFO - Opened long position in SBIN.NS at 783.9094848632812
2025-06-27 07:53:05,623 - src.data.trading_system - INFO - Closed long position in SBIN.NS at $761.12, P&L: $-57.15 (-2.91%)
2025-06-27 07:53:06,048 - src.data.trading_system - INFO - Opened long position in SBIN.NS at $715.14, Shares: 2.75, Size: $1964.45
2025-06-27 07:53:06,048 - src.data.trading_system - INFO - Opened long position in SBIN.NS at 715.1403198242188
2025-06-27 07:53:06,049 - src.data.trading_system - INFO - Closed long position in SBIN.NS at $751.22, P&L: $99.10 (5.04%)
2025-06-27 07:53:06,485 - src.data.trading_system - INFO - Opened short position in SBIN.NS at $765.43, Shares: 2.57, Size: $1966.43
2025-06-27 07:53:06,485 - src.data.trading_system - INFO - Opened short position in SBIN.NS at 765.4304809570312
2025-06-27 07:53:06,490 - src.data.trading_system - INFO - Closed short position in SBIN.NS at $732.20, P&L: $85.38 (4.34%)
2025-06-27 07:53:06,919 - src.data.trading_system - INFO - Completed SBIN.NS: Trades: 5, P&L: $147.27
2025-06-27 07:53:06,919 - src.data.trading_system - INFO - 
Processing TCS.NS...
2025-06-27 07:53:06,945 - src.data.trading_system - INFO - Opened short position in TCS.NS at $4391.70, Shares: 0.45, Size: $1968.14
2025-06-27 07:53:06,946 - src.data.trading_system - INFO - Opened short position in TCS.NS at 4391.70361328125
2025-06-27 07:53:06,952 - src.data.trading_system - INFO - Closed short position in TCS.NS at $4181.28, P&L: $94.30 (4.79%)
2025-06-27 07:53:07,337 - src.data.trading_system - INFO - Opened long position in TCS.NS at $4181.28, Shares: 0.47, Size: $1970.02
2025-06-27 07:53:07,337 - src.data.trading_system - INFO - Opened long position in TCS.NS at 4181.2841796875
2025-06-27 07:53:07,346 - src.data.trading_system - INFO - Closed long position in TCS.NS at $4038.26, P&L: $-67.38 (-3.42%)
2025-06-27 07:53:07,728 - src.data.trading_system - INFO - Opened long position in TCS.NS at $3985.46, Shares: 0.49, Size: $1968.68
2025-06-27 07:53:07,729 - src.data.trading_system - INFO - Opened long position in TCS.NS at 3985.46337890625
2025-06-27 07:53:07,735 - src.data.trading_system - INFO - Closed long position in TCS.NS at $3871.77, P&L: $-56.16 (-2.85%)
2025-06-27 07:53:08,139 - src.data.trading_system - INFO - Opened short position in TCS.NS at $4209.97, Shares: 0.47, Size: $1967.55
2025-06-27 07:53:08,140 - src.data.trading_system - INFO - Opened short position in TCS.NS at 4209.97314453125
2025-06-27 07:53:08,144 - src.data.trading_system - INFO - Closed short position in TCS.NS at $4355.29, P&L: $-67.92 (-3.45%)
2025-06-27 07:53:08,564 - src.data.trading_system - INFO - Opened long position in TCS.NS at $3928.63, Shares: 0.50, Size: $1966.19
2025-06-27 07:53:08,564 - src.data.trading_system - INFO - Opened long position in TCS.NS at 3928.631103515625
2025-06-27 07:53:08,567 - src.data.trading_system - INFO - Closed long position in TCS.NS at $3839.08, P&L: $-44.82 (-2.28%)
2025-06-27 07:53:08,959 - src.data.trading_system - INFO - Opened long position in TCS.NS at $3750.76, Shares: 0.52, Size: $1965.30
2025-06-27 07:53:08,959 - src.data.trading_system - INFO - Opened long position in TCS.NS at 3750.761962890625
2025-06-27 07:53:08,961 - src.data.trading_system - INFO - Closed long position in TCS.NS at $3643.22, P&L: $-56.35 (-2.87%)
2025-06-27 07:53:10,962 - src.data.trading_system - INFO - Opened long position in TCS.NS at $3643.22, Shares: 0.54, Size: $1964.17
2025-06-27 07:53:10,962 - src.data.trading_system - INFO - Opened long position in TCS.NS at 3643.218017578125
2025-06-27 07:53:10,963 - src.data.trading_system - INFO - Closed long position in TCS.NS at $3452.56, P&L: $-102.79 (-5.23%)
2025-06-27 07:53:11,332 - src.data.trading_system - INFO - Opened long position in TCS.NS at $3452.56, Shares: 0.57, Size: $1962.12
2025-06-27 07:53:11,333 - src.data.trading_system - INFO - Opened long position in TCS.NS at 3452.5625
2025-06-27 07:53:11,342 - src.data.trading_system - INFO - Closed long position in TCS.NS at $3596.98, P&L: $82.07 (4.18%)
2025-06-27 07:53:11,723 - src.data.trading_system - INFO - Opened long position in TCS.NS at $3285.20, Shares: 0.60, Size: $1963.76
2025-06-27 07:53:11,723 - src.data.trading_system - INFO - Opened long position in TCS.NS at 3285.199951171875
2025-06-27 07:53:11,725 - src.data.trading_system - INFO - Closed long position in TCS.NS at $3417.62, P&L: $79.16 (4.03%)
2025-06-27 07:53:12,111 - src.data.trading_system - INFO - Opened short position in TCS.NS at $3588.50, Shares: 0.55, Size: $1965.34
2025-06-27 07:53:12,111 - src.data.trading_system - INFO - Opened short position in TCS.NS at 3588.50390625
2025-06-27 07:53:12,119 - src.data.trading_system - INFO - Closed short position in TCS.NS at $3432.89, P&L: $85.23 (4.34%)
2025-06-27 07:53:12,528 - src.data.trading_system - INFO - Completed TCS.NS: Trades: 10, P&L: $-54.66
2025-06-27 07:53:12,528 - src.data.trading_system - INFO - 
Processing BHARTIARTL.NS...
2025-06-27 07:53:12,546 - src.data.trading_system - INFO - Opened short position in BHARTIARTL.NS at $1506.01, Shares: 1.31, Size: $1967.04
2025-06-27 07:53:12,546 - src.data.trading_system - INFO - Opened short position in BHARTIARTL.NS at 1506.00732421875
2025-06-27 07:53:12,550 - src.data.trading_system - INFO - Closed short position in BHARTIARTL.NS at $1435.55, P&L: $92.03 (4.68%)
2025-06-27 07:53:12,970 - src.data.trading_system - INFO - Opened short position in BHARTIARTL.NS at $1522.75, Shares: 1.29, Size: $1968.89
2025-06-27 07:53:12,970 - src.data.trading_system - INFO - Opened short position in BHARTIARTL.NS at 1522.75
2025-06-27 07:53:12,970 - src.data.trading_system - INFO - Closed short position in BHARTIARTL.NS at $1556.35, P&L: $-43.44 (-2.21%)
2025-06-27 07:53:13,378 - src.data.trading_system - INFO - Opened short position in BHARTIARTL.NS at $1556.35, Shares: 1.26, Size: $1968.02
2025-06-27 07:53:13,378 - src.data.trading_system - INFO - Opened short position in BHARTIARTL.NS at 1556.3499755859375
2025-06-27 07:53:13,379 - src.data.trading_system - INFO - Closed short position in BHARTIARTL.NS at $1589.05, P&L: $-41.35 (-2.10%)
2025-06-27 07:53:13,779 - src.data.trading_system - INFO - Opened short position in BHARTIARTL.NS at $1589.05, Shares: 1.24, Size: $1967.19
2025-06-27 07:53:13,780 - src.data.trading_system - INFO - Opened short position in BHARTIARTL.NS at 1589.050048828125
2025-06-27 07:53:13,784 - src.data.trading_system - INFO - Closed short position in BHARTIARTL.NS at $1646.75, P&L: $-71.43 (-3.63%)
2025-06-27 07:53:14,164 - src.data.trading_system - INFO - Opened short position in BHARTIARTL.NS at $1646.75, Shares: 1.19, Size: $1965.76
2025-06-27 07:53:14,164 - src.data.trading_system - INFO - Opened short position in BHARTIARTL.NS at 1646.75
2025-06-27 07:53:14,167 - src.data.trading_system - INFO - Closed short position in BHARTIARTL.NS at $1711.75, P&L: $-77.59 (-3.95%)
2025-06-27 07:53:14,562 - src.data.trading_system - INFO - Opened short position in BHARTIARTL.NS at $1711.75, Shares: 1.15, Size: $1964.21
2025-06-27 07:53:14,562 - src.data.trading_system - INFO - Opened short position in BHARTIARTL.NS at 1711.75
2025-06-27 07:53:14,563 - src.data.trading_system - INFO - Closed short position in BHARTIARTL.NS at $1750.45, P&L: $-44.41 (-2.26%)
2025-06-27 07:53:14,951 - src.data.trading_system - INFO - Opened short position in BHARTIARTL.NS at $1750.45, Shares: 1.12, Size: $1963.32
2025-06-27 07:53:14,952 - src.data.trading_system - INFO - Opened short position in BHARTIARTL.NS at 1750.449951171875
2025-06-27 07:53:14,959 - src.data.trading_system - INFO - Closed short position in BHARTIARTL.NS at $1673.45, P&L: $86.36 (4.40%)
2025-06-27 07:53:15,361 - src.data.trading_system - INFO - Opened long position in BHARTIARTL.NS at $1612.60, Shares: 1.22, Size: $1965.05
2025-06-27 07:53:15,362 - src.data.trading_system - INFO - Opened long position in BHARTIARTL.NS at 1612.5999755859375
2025-06-27 07:53:15,363 - src.data.trading_system - INFO - Closed long position in BHARTIARTL.NS at $1578.40, P&L: $-41.67 (-2.12%)
2025-06-27 07:53:15,769 - src.data.trading_system - INFO - Opened long position in BHARTIARTL.NS at $1578.40, Shares: 1.24, Size: $1964.21
2025-06-27 07:53:15,769 - src.data.trading_system - INFO - Opened long position in BHARTIARTL.NS at 1578.4000244140625
2025-06-27 07:53:15,773 - src.data.trading_system - INFO - Closed long position in BHARTIARTL.NS at $1537.00, P&L: $-51.52 (-2.62%)
2025-06-27 07:53:16,240 - src.data.trading_system - INFO - Opened short position in BHARTIARTL.NS at $1725.80, Shares: 1.14, Size: $1963.18
2025-06-27 07:53:16,241 - src.data.trading_system - INFO - Opened short position in BHARTIARTL.NS at 1725.800048828125
2025-06-27 07:53:16,256 - src.data.trading_system - INFO - Closed short position in BHARTIARTL.NS at $1798.80, P&L: $-83.04 (-4.23%)
2025-06-27 07:53:16,640 - src.data.trading_system - INFO - Opened short position in BHARTIARTL.NS at $1889.10, Shares: 1.04, Size: $1961.52
2025-06-27 07:53:16,640 - src.data.trading_system - INFO - Opened short position in BHARTIARTL.NS at 1889.0999755859375
2025-06-27 07:53:16,652 - src.data.trading_system - INFO - Closed short position in BHARTIARTL.NS at $1808.90, P&L: $83.27 (4.25%)
2025-06-27 07:53:17,059 - src.data.trading_system - INFO - Opened short position in BHARTIARTL.NS at $1936.70, Shares: 1.01, Size: $1963.19
2025-06-27 07:53:17,059 - src.data.trading_system - INFO - Opened short position in BHARTIARTL.NS at 1936.699951171875
2025-06-27 07:53:17,061 - src.data.trading_system - INFO - Closed short position in BHARTIARTL.NS at $2014.30, P&L: $-78.66 (-4.01%)
2025-06-27 07:53:17,458 - src.data.trading_system - INFO - Opened short position in BHARTIARTL.NS at $2014.30, Shares: 0.97, Size: $1961.62
2025-06-27 07:53:17,459 - src.data.trading_system - INFO - Opened short position in BHARTIARTL.NS at 2014.300048828125
2025-06-27 07:53:17,459 - src.data.trading_system - INFO - Completed BHARTIARTL.NS: Trades: 12, P&L: $-271.46
2025-06-27 07:53:18,747 - src.data.trading_system - INFO - 
Performance report generated: /workspaces/algoTradingSystem/trading_results/figures/performance_report_20250627_075318.html
2025-06-27 07:53:18,748 - src.data.trading_system - INFO - 
Starting backtest for all symbols
2025-06-27 07:53:18,748 - src.data.trading_system - INFO - Period: 2024-06-27 to 2025-06-27
2025-06-27 07:53:18,749 - src.data.trading_system - INFO - 
Processing SBIN.NS...
2025-06-27 07:53:18,767 - src.data.trading_system - INFO - Opened long position in SBIN.NS at $795.67, Shares: 2.42, Size: $1922.38
2025-06-27 07:53:18,767 - src.data.trading_system - INFO - Opened long position in SBIN.NS at 795.6732788085938
2025-06-27 07:53:18,783 - src.data.trading_system - INFO - Closed long position in SBIN.NS at $767.10, P&L: $-69.04 (-3.59%)
2025-06-27 07:53:19,160 - src.data.trading_system - INFO - Opened long position in SBIN.NS at $768.81, Shares: 2.50, Size: $1921.00
2025-06-27 07:53:19,160 - src.data.trading_system - INFO - Opened long position in SBIN.NS at 768.8125610351562
2025-06-27 07:53:19,177 - src.data.trading_system - INFO - Closed long position in SBIN.NS at $804.25, P&L: $88.55 (4.61%)
2025-06-27 07:53:19,593 - src.data.trading_system - INFO - Opened long position in SBIN.NS at $783.91, Shares: 2.45, Size: $1922.77
2025-06-27 07:53:19,593 - src.data.trading_system - INFO - Opened long position in SBIN.NS at 783.9094848632812
2025-06-27 07:53:19,598 - src.data.trading_system - INFO - Closed long position in SBIN.NS at $761.12, P&L: $-55.91 (-2.91%)
2025-06-27 07:53:20,014 - src.data.trading_system - INFO - Opened long position in SBIN.NS at $715.14, Shares: 2.69, Size: $1921.66
2025-06-27 07:53:20,016 - src.data.trading_system - INFO - Opened long position in SBIN.NS at 715.1403198242188
2025-06-27 07:53:20,019 - src.data.trading_system - INFO - Closed long position in SBIN.NS at $751.22, P&L: $96.94 (5.04%)
2025-06-27 07:53:20,418 - src.data.trading_system - INFO - Opened short position in SBIN.NS at $765.43, Shares: 2.51, Size: $1923.59
2025-06-27 07:53:20,418 - src.data.trading_system - INFO - Opened short position in SBIN.NS at 765.4304809570312
2025-06-27 07:53:20,423 - src.data.trading_system - INFO - Closed short position in SBIN.NS at $732.20, P&L: $83.52 (4.34%)
2025-06-27 07:53:20,861 - src.data.trading_system - INFO - Completed SBIN.NS: Trades: 5, P&L: $144.06
2025-06-27 07:53:20,861 - src.data.trading_system - INFO - 
Processing TCS.NS...
2025-06-27 07:53:20,891 - src.data.trading_system - INFO - Opened short position in TCS.NS at $4391.70, Shares: 0.44, Size: $1925.26
2025-06-27 07:53:20,892 - src.data.trading_system - INFO - Opened short position in TCS.NS at 4391.70361328125
2025-06-27 07:53:20,899 - src.data.trading_system - INFO - Closed short position in TCS.NS at $4181.28, P&L: $92.25 (4.79%)
2025-06-27 07:53:21,290 - src.data.trading_system - INFO - Opened long position in TCS.NS at $4181.28, Shares: 0.46, Size: $1927.11
2025-06-27 07:53:21,291 - src.data.trading_system - INFO - Opened long position in TCS.NS at 4181.2841796875
2025-06-27 07:53:21,305 - src.data.trading_system - INFO - Closed long position in TCS.NS at $4038.26, P&L: $-65.92 (-3.42%)
2025-06-27 07:53:21,704 - src.data.trading_system - INFO - Opened long position in TCS.NS at $3985.46, Shares: 0.48, Size: $1925.79
2025-06-27 07:53:21,705 - src.data.trading_system - INFO - Opened long position in TCS.NS at 3985.46337890625
2025-06-27 07:53:21,712 - src.data.trading_system - INFO - Closed long position in TCS.NS at $3871.77, P&L: $-54.94 (-2.85%)
2025-06-27 07:53:22,193 - src.data.trading_system - INFO - Opened short position in TCS.NS at $4209.97, Shares: 0.46, Size: $1924.69
2025-06-27 07:53:22,193 - src.data.trading_system - INFO - Opened short position in TCS.NS at 4209.97314453125
2025-06-27 07:53:22,197 - src.data.trading_system - INFO - Closed short position in TCS.NS at $4355.29, P&L: $-66.44 (-3.45%)
2025-06-27 07:53:22,628 - src.data.trading_system - INFO - Opened long position in TCS.NS at $3928.63, Shares: 0.49, Size: $1923.36
2025-06-27 07:53:22,628 - src.data.trading_system - INFO - Opened long position in TCS.NS at 3928.631103515625
2025-06-27 07:53:22,631 - src.data.trading_system - INFO - Closed long position in TCS.NS at $3839.08, P&L: $-43.84 (-2.28%)
2025-06-27 07:53:22,995 - src.data.trading_system - INFO - Opened long position in TCS.NS at $3750.76, Shares: 0.51, Size: $1922.49
2025-06-27 07:53:22,995 - src.data.trading_system - INFO - Opened long position in TCS.NS at 3750.761962890625
2025-06-27 07:53:22,997 - src.data.trading_system - INFO - Closed long position in TCS.NS at $3643.22, P&L: $-55.12 (-2.87%)
2025-06-27 07:53:23,390 - src.data.trading_system - INFO - Opened long position in TCS.NS at $3643.22, Shares: 0.53, Size: $1921.38
2025-06-27 07:53:23,390 - src.data.trading_system - INFO - Opened long position in TCS.NS at 3643.218017578125
2025-06-27 07:53:23,391 - src.data.trading_system - INFO - Closed long position in TCS.NS at $3452.56, P&L: $-100.55 (-5.23%)
2025-06-27 07:53:23,787 - src.data.trading_system - INFO - Opened long position in TCS.NS at $3452.56, Shares: 0.56, Size: $1919.37
2025-06-27 07:53:23,788 - src.data.trading_system - INFO - Opened long position in TCS.NS at 3452.5625
2025-06-27 07:53:23,797 - src.data.trading_system - INFO - Closed long position in TCS.NS at $3596.98, P&L: $80.28 (4.18%)
2025-06-27 07:53:24,187 - src.data.trading_system - INFO - Opened long position in TCS.NS at $3285.20, Shares: 0.58, Size: $1920.98
2025-06-27 07:53:24,187 - src.data.trading_system - INFO - Opened long position in TCS.NS at 3285.199951171875
2025-06-27 07:53:24,188 - src.data.trading_system - INFO - Closed long position in TCS.NS at $3417.62, P&L: $77.43 (4.03%)
2025-06-27 07:53:24,600 - src.data.trading_system - INFO - Opened short position in TCS.NS at $3588.50, Shares: 0.54, Size: $1922.53
2025-06-27 07:53:24,600 - src.data.trading_system - INFO - Opened short position in TCS.NS at 3588.50390625
2025-06-27 07:53:24,608 - src.data.trading_system - INFO - Closed short position in TCS.NS at $3432.89, P&L: $83.37 (4.34%)
2025-06-27 07:53:25,006 - src.data.trading_system - INFO - Completed TCS.NS: Trades: 10, P&L: $-53.47
2025-06-27 07:53:25,006 - src.data.trading_system - INFO - 
Processing INFY.NS...
2025-06-27 07:53:25,007 - src.data.trading_system - INFO - Closed short position in INFY.NS at $1534.05, P&L: $119.32 (5.95%)
2025-06-27 07:53:25,451 - src.data.trading_system - INFO - Opened long position in INFY.NS at $1732.87, Shares: 1.13, Size: $1966.69
2025-06-27 07:53:25,451 - src.data.trading_system - INFO - Opened long position in INFY.NS at 1732.868408203125
2025-06-27 07:53:25,456 - src.data.trading_system - INFO - Closed long position in INFY.NS at $1804.56, P&L: $81.36 (4.14%)
2025-06-27 07:53:25,895 - src.data.trading_system - INFO - Opened long position in INFY.NS at $1739.62, Shares: 1.13, Size: $1968.32
2025-06-27 07:53:25,895 - src.data.trading_system - INFO - Opened long position in INFY.NS at 1739.623291015625
2025-06-27 07:53:25,897 - src.data.trading_system - INFO - Closed long position in INFY.NS at $1664.28, P&L: $-85.24 (-4.33%)
2025-06-27 07:53:26,263 - src.data.trading_system - INFO - Opened long position in INFY.NS at $1664.28, Shares: 1.18, Size: $1966.61
2025-06-27 07:53:26,263 - src.data.trading_system - INFO - Opened long position in INFY.NS at 1664.2833251953125
2025-06-27 07:53:26,267 - src.data.trading_system - INFO - Closed long position in INFY.NS at $1568.78, P&L: $-112.86 (-5.74%)
2025-06-27 07:53:26,659 - src.data.trading_system - INFO - Opened long position in INFY.NS at $1568.78, Shares: 1.25, Size: $1964.35
2025-06-27 07:53:26,660 - src.data.trading_system - INFO - Opened long position in INFY.NS at 1568.777099609375
2025-06-27 07:53:26,668 - src.data.trading_system - INFO - Closed long position in INFY.NS at $1505.32, P&L: $-79.46 (-4.05%)
2025-06-27 07:53:27,064 - src.data.trading_system - INFO - Opened long position in INFY.NS at $1377.37, Shares: 1.43, Size: $1962.76
2025-06-27 07:53:27,064 - src.data.trading_system - INFO - Opened long position in INFY.NS at 1377.3702392578125
2025-06-27 07:53:27,069 - src.data.trading_system - INFO - Closed long position in INFY.NS at $1454.44, P&L: $109.82 (5.60%)
2025-06-27 07:53:27,473 - src.data.trading_system - INFO - Opened short position in INFY.NS at $1604.33, Shares: 1.22, Size: $1964.96
2025-06-27 07:53:27,474 - src.data.trading_system - INFO - Opened short position in INFY.NS at 1604.3270263671875
2025-06-27 07:53:27,476 - src.data.trading_system - INFO - Closed short position in INFY.NS at $1538.16, P&L: $81.04 (4.12%)
2025-06-27 07:53:27,871 - src.data.trading_system - INFO - Opened short position in INFY.NS at $1631.10, Shares: 1.21, Size: $1966.58
2025-06-27 07:53:27,871 - src.data.trading_system - INFO - Opened short position in INFY.NS at 1631.0999755859375
2025-06-27 07:53:27,879 - src.data.trading_system - INFO - Completed INFY.NS: Trades: 7, P&L: $113.98
2025-06-27 07:53:27,879 - src.data.trading_system - INFO - 
Processing BHARTIARTL.NS...
2025-06-27 07:53:27,879 - src.data.trading_system - INFO - Closed short position in BHARTIARTL.NS at $1467.62, P&L: $532.38 (27.14%)
2025-06-27 07:53:28,271 - src.data.trading_system - INFO - Opened short position in BHARTIARTL.NS at $1506.01, Shares: 1.31, Size: $1977.13
2025-06-27 07:53:28,272 - src.data.trading_system - INFO - Opened short position in BHARTIARTL.NS at 1506.00732421875
2025-06-27 07:53:28,275 - src.data.trading_system - INFO - Closed short position in BHARTIARTL.NS at $1435.55, P&L: $92.50 (4.68%)
2025-06-27 07:53:28,695 - src.data.trading_system - INFO - Opened short position in BHARTIARTL.NS at $1522.75, Shares: 1.30, Size: $1978.98
2025-06-27 07:53:28,696 - src.data.trading_system - INFO - Opened short position in BHARTIARTL.NS at 1522.75
2025-06-27 07:53:28,696 - src.data.trading_system - INFO - Closed short position in BHARTIARTL.NS at $1556.35, P&L: $-43.67 (-2.21%)
2025-06-27 07:53:29,082 - src.data.trading_system - INFO - Opened short position in BHARTIARTL.NS at $1556.35, Shares: 1.27, Size: $1978.11
2025-06-27 07:53:29,082 - src.data.trading_system - INFO - Opened short position in BHARTIARTL.NS at 1556.3499755859375
2025-06-27 07:53:29,200 - src.data.trading_system - INFO - Closed short position in BHARTIARTL.NS at $1589.05, P&L: $-41.56 (-2.10%)
2025-06-27 07:53:29,565 - src.data.trading_system - INFO - Opened short position in BHARTIARTL.NS at $1589.05, Shares: 1.24, Size: $1977.28
2025-06-27 07:53:29,566 - src.data.trading_system - INFO - Opened short position in BHARTIARTL.NS at 1589.050048828125
2025-06-27 07:53:29,571 - src.data.trading_system - INFO - Closed short position in BHARTIARTL.NS at $1646.75, P&L: $-71.80 (-3.63%)
2025-06-27 07:53:29,962 - src.data.trading_system - INFO - Opened short position in BHARTIARTL.NS at $1646.75, Shares: 1.20, Size: $1975.84
2025-06-27 07:53:29,962 - src.data.trading_system - INFO - Opened short position in BHARTIARTL.NS at 1646.75
2025-06-27 07:53:29,965 - src.data.trading_system - INFO - Closed short position in BHARTIARTL.NS at $1711.75, P&L: $-77.99 (-3.95%)
2025-06-27 07:53:30,356 - src.data.trading_system - INFO - Opened short position in BHARTIARTL.NS at $1711.75, Shares: 1.15, Size: $1974.28
2025-06-27 07:53:30,356 - src.data.trading_system - INFO - Opened short position in BHARTIARTL.NS at 1711.75
2025-06-27 07:53:30,356 - src.data.trading_system - INFO - Closed short position in BHARTIARTL.NS at $1750.45, P&L: $-44.64 (-2.26%)
2025-06-27 07:53:30,767 - src.data.trading_system - INFO - Opened short position in BHARTIARTL.NS at $1750.45, Shares: 1.13, Size: $1973.39
2025-06-27 07:53:30,767 - src.data.trading_system - INFO - Opened short position in BHARTIARTL.NS at 1750.449951171875
2025-06-27 07:53:30,771 - src.data.trading_system - INFO - Closed short position in BHARTIARTL.NS at $1673.45, P&L: $86.81 (4.40%)
2025-06-27 07:53:31,169 - src.data.trading_system - INFO - Opened long position in BHARTIARTL.NS at $1612.60, Shares: 1.22, Size: $1975.12
2025-06-27 07:53:31,169 - src.data.trading_system - INFO - Opened long position in BHARTIARTL.NS at 1612.5999755859375
2025-06-27 07:53:31,171 - src.data.trading_system - INFO - Closed long position in BHARTIARTL.NS at $1578.40, P&L: $-41.89 (-2.12%)
2025-06-27 07:53:31,547 - src.data.trading_system - INFO - Opened long position in BHARTIARTL.NS at $1578.40, Shares: 1.25, Size: $1974.29
2025-06-27 07:53:31,547 - src.data.trading_system - INFO - Opened long position in BHARTIARTL.NS at 1578.4000244140625
2025-06-27 07:53:31,552 - src.data.trading_system - INFO - Closed long position in BHARTIARTL.NS at $1537.00, P&L: $-51.78 (-2.62%)
2025-06-27 07:53:31,969 - src.data.trading_system - INFO - Opened short position in BHARTIARTL.NS at $1725.80, Shares: 1.14, Size: $1973.25
2025-06-27 07:53:31,969 - src.data.trading_system - INFO - Opened short position in BHARTIARTL.NS at 1725.800048828125
2025-06-27 07:53:31,978 - src.data.trading_system - INFO - Closed short position in BHARTIARTL.NS at $1798.80, P&L: $-83.47 (-4.23%)
2025-06-27 07:53:32,377 - src.data.trading_system - INFO - Opened short position in BHARTIARTL.NS at $1889.10, Shares: 1.04, Size: $1971.58
2025-06-27 07:53:32,377 - src.data.trading_system - INFO - Opened short position in BHARTIARTL.NS at 1889.0999755859375
2025-06-27 07:53:32,390 - src.data.trading_system - INFO - Closed short position in BHARTIARTL.NS at $1808.90, P&L: $83.70 (4.25%)
2025-06-27 07:53:32,812 - src.data.trading_system - INFO - Opened short position in BHARTIARTL.NS at $1936.70, Shares: 1.02, Size: $1973.25
2025-06-27 07:53:32,812 - src.data.trading_system - INFO - Opened short position in BHARTIARTL.NS at 1936.699951171875
2025-06-27 07:53:32,814 - src.data.trading_system - INFO - Closed short position in BHARTIARTL.NS at $2014.30, P&L: $-79.06 (-4.01%)
2025-06-27 07:53:33,109 - src.data.trading_system - WARNING - Failed to log to Google Sheets: APIError: [429]: Quota exceeded for quota metric 'Write requests' and limit 'Write requests per minute per user' of service 'sheets.googleapis.com' for consumer 'project_number:865464599530'.
2025-06-27 07:53:33,110 - src.data.trading_system - INFO - Opened short position in BHARTIARTL.NS at $2014.30, Shares: 0.98, Size: $1971.67
2025-06-27 07:53:33,110 - src.data.trading_system - INFO - Opened short position in BHARTIARTL.NS at 2014.300048828125
2025-06-27 07:53:33,111 - src.data.trading_system - INFO - Completed BHARTIARTL.NS: Trades: 13, P&L: $259.53
2025-06-27 07:53:33,111 - src.data.trading_system - INFO - 
Processing LT.NS...
2025-06-27 07:53:33,175 - src.data.trading_system - INFO - Opened short position in LT.NS at $3910.83, Shares: 0.49, Size: $1932.24
2025-06-27 07:53:33,175 - src.data.trading_system - INFO - Opened short position in LT.NS at 3910.826416015625
2025-06-27 07:53:33,179 - src.data.trading_system - INFO - Closed short position in LT.NS at $3723.42, P&L: $92.59 (4.79%)
2025-06-27 07:53:33,472 - src.data.trading_system - WARNING - Failed to log to Google Sheets: APIError: [429]: Quota exceeded for quota metric 'Write requests' and limit 'Write requests per minute per user' of service 'sheets.googleapis.com' for consumer 'project_number:865464599530'.
2025-06-27 07:53:33,509 - src.data.trading_system - INFO - Opened short position in LT.NS at $3384.39, Shares: 0.57, Size: $1934.09
2025-06-27 07:53:33,509 - src.data.trading_system - INFO - Opened short position in LT.NS at 3384.385986328125
2025-06-27 07:53:33,511 - src.data.trading_system - INFO - Closed short position in LT.NS at $3469.24, P&L: $-48.49 (-2.51%)
2025-06-27 07:53:33,824 - src.data.trading_system - WARNING - Failed to log to Google Sheets: APIError: [429]: Quota exceeded for quota metric 'Write requests' and limit 'Write requests per minute per user' of service 'sheets.googleapis.com' for consumer 'project_number:865464599530'.
2025-06-27 07:53:33,842 - src.data.trading_system - INFO - Opened short position in LT.NS at $3554.05, Shares: 0.54, Size: $1933.12
2025-06-27 07:53:33,842 - src.data.trading_system - INFO - Opened short position in LT.NS at 3554.0537109375
2025-06-27 07:53:33,850 - src.data.trading_system - INFO - Closed short position in LT.NS at $3641.14, P&L: $-47.37 (-2.45%)
2025-06-27 07:53:34,183 - src.data.trading_system - WARNING - Failed to log to Google Sheets: APIError: [429]: Quota exceeded for quota metric 'Write requests' and limit 'Write requests per minute per user' of service 'sheets.googleapis.com' for consumer 'project_number:865464599530'.
2025-06-27 07:53:34,197 - src.data.trading_system - INFO - Completed LT.NS: Trades: 3, P&L: $-3.27
2025-06-27 07:53:34,197 - src.data.trading_system - INFO - 
Processing RELIANCE.NS...
2025-06-27 07:53:34,235 - src.data.trading_system - INFO - Opened long position in RELIANCE.NS at $1370.72, Shares: 1.41, Size: $1932.17
2025-06-27 07:53:34,235 - src.data.trading_system - INFO - Opened long position in RELIANCE.NS at 1370.7249755859375
2025-06-27 07:53:34,241 - src.data.trading_system - INFO - Closed long position in RELIANCE.NS at $1338.53, P&L: $-45.39 (-2.35%)
2025-06-27 07:53:34,543 - src.data.trading_system - WARNING - Failed to log to Google Sheets: APIError: [429]: Quota exceeded for quota metric 'Write requests' and limit 'Write requests per minute per user' of service 'sheets.googleapis.com' for consumer 'project_number:865464599530'.
2025-06-27 07:53:34,552 - src.data.trading_system - INFO - Opened long position in RELIANCE.NS at $1283.75, Shares: 1.50, Size: $1931.27
2025-06-27 07:53:34,553 - src.data.trading_system - INFO - Opened long position in RELIANCE.NS at 1283.75
2025-06-27 07:53:34,554 - src.data.trading_system - INFO - Closed long position in RELIANCE.NS at $1252.05, P&L: $-47.69 (-2.47%)
2025-06-27 07:53:34,837 - src.data.trading_system - WARNING - Failed to log to Google Sheets: APIError: [429]: Quota exceeded for quota metric 'Write requests' and limit 'Write requests per minute per user' of service 'sheets.googleapis.com' for consumer 'project_number:865464599530'.
2025-06-27 07:53:34,838 - src.data.trading_system - INFO - Opened long position in RELIANCE.NS at $1252.05, Shares: 1.54, Size: $1930.31
2025-06-27 07:53:34,838 - src.data.trading_system - INFO - Opened long position in RELIANCE.NS at 1252.050048828125
2025-06-27 07:53:34,841 - src.data.trading_system - INFO - Closed long position in RELIANCE.NS at $1223.00, P&L: $-44.79 (-2.32%)
2025-06-27 07:53:35,154 - src.data.trading_system - WARNING - Failed to log to Google Sheets: APIError: [429]: Quota exceeded for quota metric 'Write requests' and limit 'Write requests per minute per user' of service 'sheets.googleapis.com' for consumer 'project_number:865464599530'.
2025-06-27 07:53:35,155 - src.data.trading_system - INFO - Opened long position in RELIANCE.NS at $1223.00, Shares: 1.58, Size: $1929.42
2025-06-27 07:53:35,155 - src.data.trading_system - INFO - Opened long position in RELIANCE.NS at 1223.0
2025-06-27 07:53:35,156 - src.data.trading_system - INFO - Closed long position in RELIANCE.NS at $1287.00, P&L: $100.97 (5.23%)
2025-06-27 07:53:35,470 - src.data.trading_system - WARNING - Failed to log to Google Sheets: APIError: [429]: Quota exceeded for quota metric 'Write requests' and limit 'Write requests per minute per user' of service 'sheets.googleapis.com' for consumer 'project_number:865464599530'.
2025-06-27 07:53:35,482 - src.data.trading_system - INFO - Opened long position in RELIANCE.NS at $1205.30, Shares: 1.60, Size: $1931.44
2025-06-27 07:53:35,483 - src.data.trading_system - INFO - Opened long position in RELIANCE.NS at 1205.300048828125
2025-06-27 07:53:35,489 - src.data.trading_system - INFO - Closed long position in RELIANCE.NS at $1265.50, P&L: $96.47 (4.99%)
2025-06-27 07:53:35,793 - src.data.trading_system - WARNING - Failed to log to Google Sheets: APIError: [429]: Quota exceeded for quota metric 'Write requests' and limit 'Write requests per minute per user' of service 'sheets.googleapis.com' for consumer 'project_number:865464599530'.
2025-06-27 07:53:35,798 - src.data.trading_system - INFO - Opened short position in RELIANCE.NS at $1302.35, Shares: 1.48, Size: $1933.37
2025-06-27 07:53:35,798 - src.data.trading_system - INFO - Opened short position in RELIANCE.NS at 1302.3499755859375
2025-06-27 07:53:35,802 - src.data.trading_system - INFO - Closed short position in RELIANCE.NS at $1246.30, P&L: $83.21 (4.30%)
2025-06-27 07:53:36,119 - src.data.trading_system - WARNING - Failed to log to Google Sheets: APIError: [429]: Quota exceeded for quota metric 'Write requests' and limit 'Write requests per minute per user' of service 'sheets.googleapis.com' for consumer 'project_number:865464599530'.
2025-06-27 07:53:36,140 - src.data.trading_system - INFO - Opened long position in RELIANCE.NS at $1171.25, Shares: 1.65, Size: $1935.03
2025-06-27 07:53:36,140 - src.data.trading_system - INFO - Opened long position in RELIANCE.NS at 1171.25
2025-06-27 07:53:36,143 - src.data.trading_system - INFO - Closed long position in RELIANCE.NS at $1249.80, P&L: $129.77 (6.71%)
2025-06-27 07:53:36,461 - src.data.trading_system - WARNING - Failed to log to Google Sheets: APIError: [429]: Quota exceeded for quota metric 'Write requests' and limit 'Write requests per minute per user' of service 'sheets.googleapis.com' for consumer 'project_number:865464599530'.
2025-06-27 07:53:36,476 - src.data.trading_system - INFO - Opened short position in RELIANCE.NS at $1302.10, Shares: 1.49, Size: $1937.63
2025-06-27 07:53:36,477 - src.data.trading_system - INFO - Opened short position in RELIANCE.NS at 1302.0999755859375
2025-06-27 07:53:36,485 - src.data.trading_system - INFO - Closed short position in RELIANCE.NS at $1248.70, P&L: $79.46 (4.10%)
2025-06-27 07:53:36,786 - src.data.trading_system - WARNING - Failed to log to Google Sheets: APIError: [429]: Quota exceeded for quota metric 'Write requests' and limit 'Write requests per minute per user' of service 'sheets.googleapis.com' for consumer 'project_number:865464599530'.
2025-06-27 07:53:36,796 - src.data.trading_system - INFO - Opened short position in RELIANCE.NS at $1368.80, Shares: 1.42, Size: $1939.21
2025-06-27 07:53:36,796 - src.data.trading_system - INFO - Opened short position in RELIANCE.NS at 1368.800048828125
2025-06-27 07:53:36,796 - src.data.trading_system - INFO - Closed short position in RELIANCE.NS at $1399.70, P&L: $-43.78 (-2.26%)
2025-06-27 07:53:37,096 - src.data.trading_system - WARNING - Failed to log to Google Sheets: APIError: [429]: Quota exceeded for quota metric 'Write requests' and limit 'Write requests per minute per user' of service 'sheets.googleapis.com' for consumer 'project_number:865464599530'.
2025-06-27 07:53:37,097 - src.data.trading_system - INFO - Opened short position in RELIANCE.NS at $1399.70, Shares: 1.38, Size: $1938.34
2025-06-27 07:53:37,097 - src.data.trading_system - INFO - Opened short position in RELIANCE.NS at 1399.699951171875
2025-06-27 07:53:37,099 - src.data.trading_system - INFO - Closed short position in RELIANCE.NS at $1431.30, P&L: $-43.76 (-2.26%)
2025-06-27 07:53:37,397 - src.data.trading_system - WARNING - Failed to log to Google Sheets: APIError: [429]: Quota exceeded for quota metric 'Write requests' and limit 'Write requests per minute per user' of service 'sheets.googleapis.com' for consumer 'project_number:865464599530'.
2025-06-27 07:53:37,420 - src.data.trading_system - INFO - Completed RELIANCE.NS: Trades: 10, P&L: $264.48
2025-06-27 07:53:38,639 - src.data.trading_system - INFO - 
Performance report generated: /workspaces/algoTradingSystem/trading_results/figures/performance_report_20250627_075338.html
2025-06-27 07:53:40,223 - src.data.google_sheets_logger - INFO - gspread worksheet opened successfully.
2025-06-27 07:53:40,226 - googleapiclient.discovery_cache - INFO - file_cache is only supported with oauth2client<4.0.0
2025-06-27 07:53:40,229 - src.data.google_sheets_logger - INFO - Google Sheets API service initialized.
