2025-06-26 17:26:50,986 - __main__ - INFO - Starting trading system in backtest mode
2025-06-26 17:26:50,986 - __main__ - INFO - Initial capital: $100,000.00
2025-06-26 17:26:53,475 - src.data.google_sheets_logger - INFO - gspread worksheet opened successfully.
2025-06-26 17:26:53,478 - googleapiclient.discovery_cache - INFO - file_cache is only supported with oauth2client<4.0.0
2025-06-26 17:26:53,480 - src.data.google_sheets_logger - INFO - Google Sheets API service initialized.
2025-06-26 17:26:53,480 - src.data.trading_system - INFO - ✅ Google Sheets logging enabled
2025-06-26 17:26:53,481 - src.data.trading_system - INFO - Connected to: https://docs.google.com/spreadsheets/d/1yhmCMKFpMsjvsEfRzzXZWXCaU7Mao8bYt1MSK7r-12A
2025-06-26 17:26:53,481 - src.data.trading_system - INFO - 
Starting backtest for all symbols
2025-06-26 17:26:53,481 - src.data.trading_system - INFO - Period: 2024-06-26 to 2025-06-26
2025-06-26 17:26:54,131 - src.data.trading_system - INFO - 
Processing ICICIBANK.NS...
2025-06-26 17:26:54,150 - src.data.trading_system - INFO - Opened long position in ICICIBANK.NS at $1162.59, Shares: 1.72, Size: $2000.00
2025-06-26 17:26:54,150 - src.data.trading_system - INFO - Opened long position in ICICIBANK.NS at 1162.5914306640625
2025-06-26 17:26:54,159 - src.data.trading_system - INFO - Closed long position in ICICIBANK.NS at $1213.30, P&L: $87.23 (4.36%)
2025-06-26 17:26:54,160 - src.data.trading_system - WARNING - Failed to log to Google Sheets: name 'pd' is not defined
2025-06-26 17:26:54,161 - src.data.trading_system - INFO - Opened short position in ICICIBANK.NS at $1226.35, Shares: 1.63, Size: $2001.74
2025-06-26 17:26:54,161 - src.data.trading_system - INFO - Opened short position in ICICIBANK.NS at 1226.3499755859375
2025-06-26 17:26:54,169 - src.data.trading_system - INFO - Closed short position in ICICIBANK.NS at $1252.15, P&L: $-42.11 (-2.10%)
2025-06-26 17:26:54,170 - src.data.trading_system - WARNING - Failed to log to Google Sheets: name 'pd' is not defined
2025-06-26 17:26:54,173 - src.data.trading_system - INFO - Opened short position in ICICIBANK.NS at $1288.35, Shares: 1.55, Size: $2000.90
2025-06-26 17:26:54,173 - src.data.trading_system - INFO - Opened short position in ICICIBANK.NS at 1288.3499755859375
2025-06-26 17:26:54,174 - src.data.trading_system - INFO - Closed short position in ICICIBANK.NS at $1338.45, P&L: $-77.81 (-3.89%)
2025-06-26 17:26:54,174 - src.data.trading_system - WARNING - Failed to log to Google Sheets: name 'pd' is not defined
2025-06-26 17:26:54,175 - src.data.trading_system - INFO - Opened short position in ICICIBANK.NS at $1338.45, Shares: 1.49, Size: $1999.35
2025-06-26 17:26:54,175 - src.data.trading_system - INFO - Opened short position in ICICIBANK.NS at 1338.449951171875
2025-06-26 17:26:54,180 - src.data.trading_system - INFO - Closed short position in ICICIBANK.NS at $1273.00, P&L: $97.77 (4.89%)
2025-06-26 17:26:54,180 - src.data.trading_system - WARNING - Failed to log to Google Sheets: name 'pd' is not defined
2025-06-26 17:26:54,212 - src.data.trading_system - INFO - Opened short position in ICICIBANK.NS at $1336.50, Shares: 1.50, Size: $2001.30
2025-06-26 17:26:54,212 - src.data.trading_system - INFO - Opened short position in ICICIBANK.NS at 1336.5
2025-06-26 17:26:54,224 - src.data.trading_system - INFO - Closed short position in ICICIBANK.NS at $1281.65, P&L: $82.13 (4.10%)
2025-06-26 17:26:54,224 - src.data.trading_system - WARNING - Failed to log to Google Sheets: name 'pd' is not defined
2025-06-26 17:26:54,230 - src.data.trading_system - INFO - Opened long position in ICICIBANK.NS at $1229.75, Shares: 1.63, Size: $2002.94
2025-06-26 17:26:54,230 - src.data.trading_system - INFO - Opened long position in ICICIBANK.NS at 1229.75
2025-06-26 17:26:54,235 - src.data.trading_system - INFO - Closed long position in ICICIBANK.NS at $1196.15, P&L: $-54.73 (-2.73%)
2025-06-26 17:26:54,235 - src.data.trading_system - WARNING - Failed to log to Google Sheets: name 'pd' is not defined
2025-06-26 17:26:54,236 - src.data.trading_system - INFO - Opened long position in ICICIBANK.NS at $1196.15, Shares: 1.67, Size: $2001.85
2025-06-26 17:26:54,236 - src.data.trading_system - INFO - Opened long position in ICICIBANK.NS at 1196.1500244140625
2025-06-26 17:26:54,242 - src.data.trading_system - INFO - Closed long position in ICICIBANK.NS at $1246.90, P&L: $84.93 (4.24%)
2025-06-26 17:26:54,242 - src.data.trading_system - WARNING - Failed to log to Google Sheets: name 'pd' is not defined
2025-06-26 17:26:54,265 - src.data.trading_system - INFO - Opened short position in ICICIBANK.NS at $1313.10, Shares: 1.53, Size: $2003.55
2025-06-26 17:26:54,266 - src.data.trading_system - INFO - Opened short position in ICICIBANK.NS at 1313.0999755859375
2025-06-26 17:26:54,267 - src.data.trading_system - INFO - Closed short position in ICICIBANK.NS at $1343.10, P&L: $-45.77 (-2.28%)
2025-06-26 17:26:54,267 - src.data.trading_system - WARNING - Failed to log to Google Sheets: name 'pd' is not defined
2025-06-26 17:26:54,268 - src.data.trading_system - INFO - Opened short position in ICICIBANK.NS at $1343.10, Shares: 1.49, Size: $2002.63
2025-06-26 17:26:54,268 - src.data.trading_system - INFO - Opened short position in ICICIBANK.NS at 1343.0999755859375
2025-06-26 17:26:54,274 - src.data.trading_system - INFO - Closed short position in ICICIBANK.NS at $1287.55, P&L: $82.83 (4.14%)
2025-06-26 17:26:54,274 - src.data.trading_system - WARNING - Failed to log to Google Sheets: name 'pd' is not defined
2025-06-26 17:26:54,290 - src.data.trading_system - INFO - Opened short position in ICICIBANK.NS at $1435.50, Shares: 1.40, Size: $2004.29
2025-06-26 17:26:54,291 - src.data.trading_system - INFO - Opened short position in ICICIBANK.NS at 1435.5
2025-06-26 17:26:54,314 - src.data.trading_system - INFO - Completed ICICIBANK.NS: Trades: 9, P&L: $214.47
2025-06-26 17:26:54,314 - src.data.trading_system - INFO - 
Processing KOTAKBANK.NS...
2025-06-26 17:26:54,354 - src.data.trading_system - INFO - Opened short position in KOTAKBANK.NS at $1871.95, Shares: 1.05, Size: $1964.20
2025-06-26 17:26:54,354 - src.data.trading_system - INFO - Opened short position in KOTAKBANK.NS at 1871.949951171875
2025-06-26 17:26:54,355 - src.data.trading_system - INFO - Closed short position in KOTAKBANK.NS at $1934.70, P&L: $-65.84 (-3.35%)
2025-06-26 17:26:54,355 - src.data.trading_system - WARNING - Failed to log to Google Sheets: name 'pd' is not defined
2025-06-26 17:26:54,356 - src.data.trading_system - INFO - Opened short position in KOTAKBANK.NS at $1934.70, Shares: 1.01, Size: $1962.89
2025-06-26 17:26:54,356 - src.data.trading_system - INFO - Opened short position in KOTAKBANK.NS at 1934.699951171875
2025-06-26 17:26:54,359 - src.data.trading_system - INFO - Closed short position in KOTAKBANK.NS at $1853.95, P&L: $81.93 (4.17%)
2025-06-26 17:26:54,359 - src.data.trading_system - WARNING - Failed to log to Google Sheets: name 'pd' is not defined
2025-06-26 17:26:54,431 - src.data.trading_system - INFO - Opened short position in KOTAKBANK.NS at $2079.00, Shares: 0.94, Size: $1964.53
2025-06-26 17:26:54,431 - src.data.trading_system - INFO - Opened short position in KOTAKBANK.NS at 2079.0
2025-06-26 17:26:54,431 - src.data.trading_system - INFO - Closed short position in KOTAKBANK.NS at $2176.15, P&L: $-91.80 (-4.67%)
2025-06-26 17:26:54,431 - src.data.trading_system - WARNING - Failed to log to Google Sheets: name 'pd' is not defined
2025-06-26 17:26:54,432 - src.data.trading_system - INFO - Opened short position in KOTAKBANK.NS at $2176.15, Shares: 0.90, Size: $1962.69
2025-06-26 17:26:54,432 - src.data.trading_system - INFO - Opened short position in KOTAKBANK.NS at 2176.14990234375
2025-06-26 17:26:54,438 - src.data.trading_system - INFO - Closed short position in KOTAKBANK.NS at $2037.85, P&L: $124.73 (6.36%)
2025-06-26 17:26:54,438 - src.data.trading_system - WARNING - Failed to log to Google Sheets: name 'pd' is not defined
2025-06-26 17:26:54,449 - src.data.trading_system - INFO - Opened short position in KOTAKBANK.NS at $2208.10, Shares: 0.89, Size: $1965.18
2025-06-26 17:26:54,449 - src.data.trading_system - INFO - Opened short position in KOTAKBANK.NS at 2208.10009765625
2025-06-26 17:26:54,450 - src.data.trading_system - INFO - Closed short position in KOTAKBANK.NS at $2084.90, P&L: $109.65 (5.58%)
2025-06-26 17:26:54,450 - src.data.trading_system - WARNING - Failed to log to Google Sheets: name 'pd' is not defined
2025-06-26 17:26:54,472 - src.data.trading_system - INFO - Opened short position in KOTAKBANK.NS at $2223.60, Shares: 0.88, Size: $1967.38
2025-06-26 17:26:54,472 - src.data.trading_system - INFO - Opened short position in KOTAKBANK.NS at 2223.60009765625
2025-06-26 17:26:54,474 - src.data.trading_system - INFO - Completed KOTAKBANK.NS: Trades: 5, P&L: $158.66
2025-06-26 17:26:54,474 - src.data.trading_system - INFO - 
Processing BHARTIARTL.NS...
2025-06-26 17:26:54,489 - src.data.trading_system - INFO - Opened short position in BHARTIARTL.NS at $1506.01, Shares: 1.28, Size: $1928.03
2025-06-26 17:26:54,489 - src.data.trading_system - INFO - Opened short position in BHARTIARTL.NS at 1506.00732421875
2025-06-26 17:26:54,493 - src.data.trading_system - INFO - Closed short position in BHARTIARTL.NS at $1435.55, P&L: $90.20 (4.68%)
2025-06-26 17:26:54,494 - src.data.trading_system - WARNING - Failed to log to Google Sheets: name 'pd' is not defined
2025-06-26 17:26:54,504 - src.data.trading_system - INFO - Opened short position in BHARTIARTL.NS at $1522.75, Shares: 1.27, Size: $1929.83
2025-06-26 17:26:54,504 - src.data.trading_system - INFO - Opened short position in BHARTIARTL.NS at 1522.75
2025-06-26 17:26:54,504 - src.data.trading_system - INFO - Closed short position in BHARTIARTL.NS at $1556.35, P&L: $-42.58 (-2.21%)
2025-06-26 17:26:54,504 - src.data.trading_system - WARNING - Failed to log to Google Sheets: name 'pd' is not defined
2025-06-26 17:26:54,505 - src.data.trading_system - INFO - Opened short position in BHARTIARTL.NS at $1556.35, Shares: 1.24, Size: $1928.98
2025-06-26 17:26:54,505 - src.data.trading_system - INFO - Opened short position in BHARTIARTL.NS at 1556.3499755859375
2025-06-26 17:26:54,506 - src.data.trading_system - INFO - Closed short position in BHARTIARTL.NS at $1589.05, P&L: $-40.53 (-2.10%)
2025-06-26 17:26:54,506 - src.data.trading_system - WARNING - Failed to log to Google Sheets: name 'pd' is not defined
2025-06-26 17:26:54,507 - src.data.trading_system - INFO - Opened short position in BHARTIARTL.NS at $1589.05, Shares: 1.21, Size: $1928.17
2025-06-26 17:26:54,507 - src.data.trading_system - INFO - Opened short position in BHARTIARTL.NS at 1589.050048828125
2025-06-26 17:26:54,514 - src.data.trading_system - INFO - Closed short position in BHARTIARTL.NS at $1646.75, P&L: $-70.01 (-3.63%)
2025-06-26 17:26:54,514 - src.data.trading_system - WARNING - Failed to log to Google Sheets: name 'pd' is not defined
2025-06-26 17:26:54,515 - src.data.trading_system - INFO - Opened short position in BHARTIARTL.NS at $1646.75, Shares: 1.17, Size: $1926.77
2025-06-26 17:26:54,515 - src.data.trading_system - INFO - Opened short position in BHARTIARTL.NS at 1646.75
2025-06-26 17:26:54,518 - src.data.trading_system - INFO - Closed short position in BHARTIARTL.NS at $1711.75, P&L: $-76.05 (-3.95%)
2025-06-26 17:26:54,518 - src.data.trading_system - WARNING - Failed to log to Google Sheets: name 'pd' is not defined
2025-06-26 17:26:54,519 - src.data.trading_system - INFO - Opened short position in BHARTIARTL.NS at $1711.75, Shares: 1.12, Size: $1925.25
2025-06-26 17:26:54,519 - src.data.trading_system - INFO - Opened short position in BHARTIARTL.NS at 1711.75
2025-06-26 17:26:54,519 - src.data.trading_system - INFO - Closed short position in BHARTIARTL.NS at $1750.45, P&L: $-43.53 (-2.26%)
2025-06-26 17:26:54,519 - src.data.trading_system - WARNING - Failed to log to Google Sheets: name 'pd' is not defined
2025-06-26 17:26:54,521 - src.data.trading_system - INFO - Opened short position in BHARTIARTL.NS at $1750.45, Shares: 1.10, Size: $1924.38
2025-06-26 17:26:54,521 - src.data.trading_system - INFO - Opened short position in BHARTIARTL.NS at 1750.449951171875
2025-06-26 17:26:54,527 - src.data.trading_system - INFO - Closed short position in BHARTIARTL.NS at $1673.45, P&L: $84.65 (4.40%)
2025-06-26 17:26:54,527 - src.data.trading_system - WARNING - Failed to log to Google Sheets: name 'pd' is not defined
2025-06-26 17:26:54,543 - src.data.trading_system - INFO - Opened long position in BHARTIARTL.NS at $1612.60, Shares: 1.19, Size: $1926.07
2025-06-26 17:26:54,543 - src.data.trading_system - INFO - Opened long position in BHARTIARTL.NS at 1612.5999755859375
2025-06-26 17:26:54,545 - src.data.trading_system - INFO - Closed long position in BHARTIARTL.NS at $1578.40, P&L: $-40.85 (-2.12%)
2025-06-26 17:26:54,545 - src.data.trading_system - WARNING - Failed to log to Google Sheets: name 'pd' is not defined
2025-06-26 17:26:54,546 - src.data.trading_system - INFO - Opened long position in BHARTIARTL.NS at $1578.40, Shares: 1.22, Size: $1925.26
2025-06-26 17:26:54,547 - src.data.trading_system - INFO - Opened long position in BHARTIARTL.NS at 1578.4000244140625
2025-06-26 17:26:54,554 - src.data.trading_system - INFO - Closed long position in BHARTIARTL.NS at $1537.00, P&L: $-50.50 (-2.62%)
2025-06-26 17:26:54,554 - src.data.trading_system - WARNING - Failed to log to Google Sheets: name 'pd' is not defined
2025-06-26 17:26:54,613 - src.data.trading_system - INFO - Opened short position in BHARTIARTL.NS at $1725.80, Shares: 1.11, Size: $1924.25
2025-06-26 17:26:54,613 - src.data.trading_system - INFO - Opened short position in BHARTIARTL.NS at 1725.800048828125
2025-06-26 17:26:54,621 - src.data.trading_system - INFO - Closed short position in BHARTIARTL.NS at $1798.80, P&L: $-81.39 (-4.23%)
2025-06-26 17:26:54,622 - src.data.trading_system - WARNING - Failed to log to Google Sheets: name 'pd' is not defined
2025-06-26 17:26:54,625 - src.data.trading_system - INFO - Opened short position in BHARTIARTL.NS at $1889.10, Shares: 1.02, Size: $1922.62
2025-06-26 17:26:54,625 - src.data.trading_system - INFO - Opened short position in BHARTIARTL.NS at 1889.0999755859375
2025-06-26 17:26:54,638 - src.data.trading_system - INFO - Closed short position in BHARTIARTL.NS at $1808.90, P&L: $81.62 (4.25%)
2025-06-26 17:26:54,638 - src.data.trading_system - WARNING - Failed to log to Google Sheets: name 'pd' is not defined
2025-06-26 17:26:54,653 - src.data.trading_system - INFO - Opened short position in BHARTIARTL.NS at $1936.70, Shares: 0.99, Size: $1924.25
2025-06-26 17:26:54,653 - src.data.trading_system - INFO - Opened short position in BHARTIARTL.NS at 1936.699951171875
2025-06-26 17:26:54,655 - src.data.trading_system - INFO - Closed short position in BHARTIARTL.NS at $2014.30, P&L: $-77.10 (-4.01%)
2025-06-26 17:26:54,655 - src.data.trading_system - WARNING - Failed to log to Google Sheets: name 'pd' is not defined
2025-06-26 17:26:54,656 - src.data.trading_system - INFO - Opened short position in BHARTIARTL.NS at $2014.30, Shares: 0.95, Size: $1922.71
2025-06-26 17:26:54,656 - src.data.trading_system - INFO - Opened short position in BHARTIARTL.NS at 2014.300048828125
2025-06-26 17:26:54,657 - src.data.trading_system - INFO - Completed BHARTIARTL.NS: Trades: 12, P&L: $-266.07
2025-06-26 17:26:54,657 - src.data.trading_system - INFO - 
Processing RELIANCE.NS...
2025-06-26 17:26:54,700 - src.data.trading_system - INFO - Opened long position in RELIANCE.NS at $1370.72, Shares: 1.37, Size: $1884.25
2025-06-26 17:26:54,700 - src.data.trading_system - INFO - Opened long position in RELIANCE.NS at 1370.7249755859375
2025-06-26 17:26:54,706 - src.data.trading_system - INFO - Closed long position in RELIANCE.NS at $1338.53, P&L: $-44.26 (-2.35%)
2025-06-26 17:26:54,707 - src.data.trading_system - WARNING - Failed to log to Google Sheets: name 'pd' is not defined
2025-06-26 17:26:54,719 - src.data.trading_system - INFO - Opened long position in RELIANCE.NS at $1283.75, Shares: 1.47, Size: $1883.37
2025-06-26 17:26:54,719 - src.data.trading_system - INFO - Opened long position in RELIANCE.NS at 1283.75
2025-06-26 17:26:54,720 - src.data.trading_system - INFO - Closed long position in RELIANCE.NS at $1252.05, P&L: $-46.51 (-2.47%)
2025-06-26 17:26:54,720 - src.data.trading_system - WARNING - Failed to log to Google Sheets: name 'pd' is not defined
2025-06-26 17:26:54,721 - src.data.trading_system - INFO - Opened long position in RELIANCE.NS at $1252.05, Shares: 1.50, Size: $1882.44
2025-06-26 17:26:54,721 - src.data.trading_system - INFO - Opened long position in RELIANCE.NS at 1252.050048828125
2025-06-26 17:26:54,723 - src.data.trading_system - INFO - Closed long position in RELIANCE.NS at $1223.00, P&L: $-43.68 (-2.32%)
2025-06-26 17:26:54,723 - src.data.trading_system - WARNING - Failed to log to Google Sheets: name 'pd' is not defined
2025-06-26 17:26:54,724 - src.data.trading_system - INFO - Opened long position in RELIANCE.NS at $1223.00, Shares: 1.54, Size: $1881.56
2025-06-26 17:26:54,724 - src.data.trading_system - INFO - Opened long position in RELIANCE.NS at 1223.0
2025-06-26 17:26:54,725 - src.data.trading_system - INFO - Closed long position in RELIANCE.NS at $1287.00, P&L: $98.46 (5.23%)
2025-06-26 17:26:54,725 - src.data.trading_system - WARNING - Failed to log to Google Sheets: name 'pd' is not defined
2025-06-26 17:26:54,742 - src.data.trading_system - INFO - Opened long position in RELIANCE.NS at $1205.30, Shares: 1.56, Size: $1883.53
2025-06-26 17:26:54,742 - src.data.trading_system - INFO - Opened long position in RELIANCE.NS at 1205.300048828125
2025-06-26 17:26:54,754 - src.data.trading_system - INFO - Closed long position in RELIANCE.NS at $1265.50, P&L: $94.08 (4.99%)
2025-06-26 17:26:54,756 - src.data.trading_system - WARNING - Failed to log to Google Sheets: name 'pd' is not defined
2025-06-26 17:26:54,764 - src.data.trading_system - INFO - Opened short position in RELIANCE.NS at $1302.35, Shares: 1.45, Size: $1885.42
2025-06-26 17:26:54,764 - src.data.trading_system - INFO - Opened short position in RELIANCE.NS at 1302.3499755859375
2025-06-26 17:26:54,767 - src.data.trading_system - INFO - Closed short position in RELIANCE.NS at $1246.30, P&L: $81.14 (4.30%)
2025-06-26 17:26:54,767 - src.data.trading_system - WARNING - Failed to log to Google Sheets: name 'pd' is not defined
2025-06-26 17:26:54,794 - src.data.trading_system - INFO - Opened long position in RELIANCE.NS at $1171.25, Shares: 1.61, Size: $1887.04
2025-06-26 17:26:54,794 - src.data.trading_system - INFO - Opened long position in RELIANCE.NS at 1171.25
2025-06-26 17:26:54,797 - src.data.trading_system - INFO - Closed long position in RELIANCE.NS at $1249.80, P&L: $126.55 (6.71%)
2025-06-26 17:26:54,798 - src.data.trading_system - WARNING - Failed to log to Google Sheets: name 'pd' is not defined
2025-06-26 17:26:54,808 - src.data.trading_system - INFO - Opened short position in RELIANCE.NS at $1302.10, Shares: 1.45, Size: $1889.57
2025-06-26 17:26:54,809 - src.data.trading_system - INFO - Opened short position in RELIANCE.NS at 1302.0999755859375
2025-06-26 17:26:54,815 - src.data.trading_system - INFO - Closed short position in RELIANCE.NS at $1248.70, P&L: $77.49 (4.10%)
2025-06-26 17:26:54,815 - src.data.trading_system - WARNING - Failed to log to Google Sheets: name 'pd' is not defined
2025-06-26 17:26:54,834 - src.data.trading_system - INFO - Opened short position in RELIANCE.NS at $1368.80, Shares: 1.38, Size: $1891.12
2025-06-26 17:26:54,834 - src.data.trading_system - INFO - Opened short position in RELIANCE.NS at 1368.800048828125
2025-06-26 17:26:54,835 - src.data.trading_system - INFO - Closed short position in RELIANCE.NS at $1399.70, P&L: $-42.69 (-2.26%)
2025-06-26 17:26:54,835 - src.data.trading_system - WARNING - Failed to log to Google Sheets: name 'pd' is not defined
2025-06-26 17:26:54,836 - src.data.trading_system - INFO - Opened short position in RELIANCE.NS at $1399.70, Shares: 1.35, Size: $1890.27
2025-06-26 17:26:54,836 - src.data.trading_system - INFO - Opened short position in RELIANCE.NS at 1399.699951171875
2025-06-26 17:26:54,838 - src.data.trading_system - INFO - Closed short position in RELIANCE.NS at $1431.30, P&L: $-42.68 (-2.26%)
2025-06-26 17:26:54,838 - src.data.trading_system - WARNING - Failed to log to Google Sheets: name 'pd' is not defined
2025-06-26 17:26:54,863 - src.data.trading_system - INFO - Completed RELIANCE.NS: Trades: 10, P&L: $257.92
2025-06-26 17:26:54,864 - src.data.trading_system - INFO - 
Processing INFY.NS...
2025-06-26 17:26:54,942 - src.data.trading_system - INFO - Opened long position in INFY.NS at $1732.87, Shares: 1.09, Size: $1889.41
2025-06-26 17:26:54,943 - src.data.trading_system - INFO - Opened long position in INFY.NS at 1732.868408203125
2025-06-26 17:26:54,955 - src.data.trading_system - INFO - Closed long position in INFY.NS at $1804.56, P&L: $78.17 (4.14%)
2025-06-26 17:26:54,956 - src.data.trading_system - WARNING - Failed to log to Google Sheets: name 'pd' is not defined
2025-06-26 17:26:55,000 - src.data.trading_system - INFO - Opened long position in INFY.NS at $1739.62, Shares: 1.09, Size: $1890.98
2025-06-26 17:26:55,000 - src.data.trading_system - INFO - Opened long position in INFY.NS at 1739.623291015625
2025-06-26 17:26:55,002 - src.data.trading_system - INFO - Closed long position in INFY.NS at $1664.28, P&L: $-81.89 (-4.33%)
2025-06-26 17:26:55,002 - src.data.trading_system - WARNING - Failed to log to Google Sheets: name 'pd' is not defined
2025-06-26 17:26:55,003 - src.data.trading_system - INFO - Opened long position in INFY.NS at $1664.28, Shares: 1.14, Size: $1889.34
2025-06-26 17:26:55,003 - src.data.trading_system - INFO - Opened long position in INFY.NS at 1664.2833251953125
2025-06-26 17:26:55,007 - src.data.trading_system - INFO - Closed long position in INFY.NS at $1568.78, P&L: $-108.42 (-5.74%)
2025-06-26 17:26:55,008 - src.data.trading_system - WARNING - Failed to log to Google Sheets: name 'pd' is not defined
2025-06-26 17:26:55,009 - src.data.trading_system - INFO - Opened long position in INFY.NS at $1568.78, Shares: 1.20, Size: $1887.17
2025-06-26 17:26:55,009 - src.data.trading_system - INFO - Opened long position in INFY.NS at 1568.777099609375
2025-06-26 17:26:55,020 - src.data.trading_system - INFO - Closed long position in INFY.NS at $1505.32, P&L: $-76.34 (-4.05%)
2025-06-26 17:26:55,020 - src.data.trading_system - WARNING - Failed to log to Google Sheets: name 'pd' is not defined
2025-06-26 17:26:55,023 - src.data.trading_system - INFO - Opened long position in INFY.NS at $1377.37, Shares: 1.37, Size: $1885.64
2025-06-26 17:26:55,023 - src.data.trading_system - INFO - Opened long position in INFY.NS at 1377.3702392578125
2025-06-26 17:26:55,029 - src.data.trading_system - INFO - Closed long position in INFY.NS at $1454.44, P&L: $105.50 (5.60%)
2025-06-26 17:26:55,029 - src.data.trading_system - WARNING - Failed to log to Google Sheets: name 'pd' is not defined
2025-06-26 17:26:55,038 - src.data.trading_system - INFO - Opened short position in INFY.NS at $1604.33, Shares: 1.18, Size: $1887.75
2025-06-26 17:26:55,038 - src.data.trading_system - INFO - Opened short position in INFY.NS at 1604.3270263671875
2025-06-26 17:26:55,042 - src.data.trading_system - INFO - Closed short position in INFY.NS at $1538.16, P&L: $77.86 (4.12%)
2025-06-26 17:26:55,042 - src.data.trading_system - WARNING - Failed to log to Google Sheets: name 'pd' is not defined
2025-06-26 17:26:55,055 - src.data.trading_system - INFO - Opened short position in INFY.NS at $1631.10, Shares: 1.16, Size: $1889.31
2025-06-26 17:26:55,055 - src.data.trading_system - INFO - Opened short position in INFY.NS at 1631.0999755859375
2025-06-26 17:26:55,066 - src.data.trading_system - INFO - Completed INFY.NS: Trades: 6, P&L: $-5.12
2025-06-26 17:26:55,066 - src.data.trading_system - INFO - 
Processing SBIN.NS...
2025-06-26 17:26:55,087 - src.data.trading_system - INFO - Opened long position in SBIN.NS at $795.67, Shares: 2.33, Size: $1851.52
2025-06-26 17:26:55,087 - src.data.trading_system - INFO - Opened long position in SBIN.NS at 795.6732788085938
2025-06-26 17:26:55,102 - src.data.trading_system - INFO - Closed long position in SBIN.NS at $767.10, P&L: $-66.50 (-3.59%)
2025-06-26 17:26:55,102 - src.data.trading_system - WARNING - Failed to log to Google Sheets: name 'pd' is not defined
2025-06-26 17:26:55,105 - src.data.trading_system - INFO - Opened long position in SBIN.NS at $768.81, Shares: 2.41, Size: $1850.19
2025-06-26 17:26:55,105 - src.data.trading_system - INFO - Opened long position in SBIN.NS at 768.8125610351562
2025-06-26 17:26:55,123 - src.data.trading_system - INFO - Closed long position in SBIN.NS at $804.25, P&L: $85.28 (4.61%)
2025-06-26 17:26:55,124 - src.data.trading_system - WARNING - Failed to log to Google Sheets: name 'pd' is not defined
2025-06-26 17:26:55,164 - src.data.trading_system - INFO - Opened long position in SBIN.NS at $783.91, Shares: 2.36, Size: $1851.90
2025-06-26 17:26:55,164 - src.data.trading_system - INFO - Opened long position in SBIN.NS at 783.9094848632812
2025-06-26 17:26:55,169 - src.data.trading_system - INFO - Closed long position in SBIN.NS at $761.12, P&L: $-53.84 (-2.91%)
2025-06-26 17:26:55,170 - src.data.trading_system - WARNING - Failed to log to Google Sheets: name 'pd' is not defined
2025-06-26 17:26:55,176 - src.data.trading_system - INFO - Opened long position in SBIN.NS at $715.14, Shares: 2.59, Size: $1850.82
2025-06-26 17:26:55,176 - src.data.trading_system - INFO - Opened long position in SBIN.NS at 715.1403198242188
2025-06-26 17:26:55,178 - src.data.trading_system - INFO - Closed long position in SBIN.NS at $751.22, P&L: $93.37 (5.04%)
2025-06-26 17:26:55,178 - src.data.trading_system - WARNING - Failed to log to Google Sheets: name 'pd' is not defined
2025-06-26 17:26:55,223 - src.data.trading_system - INFO - Opened short position in SBIN.NS at $765.43, Shares: 2.42, Size: $1852.69
2025-06-26 17:26:55,223 - src.data.trading_system - INFO - Opened short position in SBIN.NS at 765.4304809570312
2025-06-26 17:26:55,228 - src.data.trading_system - INFO - Closed short position in SBIN.NS at $732.20, P&L: $80.44 (4.34%)
2025-06-26 17:26:55,228 - src.data.trading_system - WARNING - Failed to log to Google Sheets: name 'pd' is not defined
2025-06-26 17:26:55,262 - src.data.trading_system - INFO - Completed SBIN.NS: Trades: 5, P&L: $138.75
2025-06-26 17:26:55,263 - src.data.trading_system - INFO - 
Processing HDFCBANK.NS...
2025-06-26 17:26:55,295 - src.data.trading_system - INFO - Opened short position in HDFCBANK.NS at $1666.60, Shares: 1.11, Size: $1854.30
2025-06-26 17:26:55,296 - src.data.trading_system - INFO - Opened short position in HDFCBANK.NS at 1666.5999755859375
2025-06-26 17:26:55,298 - src.data.trading_system - INFO - Closed short position in HDFCBANK.NS at $1708.50, P&L: $-46.62 (-2.51%)
2025-06-26 17:26:55,298 - src.data.trading_system - WARNING - Failed to log to Google Sheets: name 'pd' is not defined
2025-06-26 17:26:55,299 - src.data.trading_system - INFO - Opened short position in HDFCBANK.NS at $1708.50, Shares: 1.08, Size: $1853.37
2025-06-26 17:26:55,299 - src.data.trading_system - INFO - Opened short position in HDFCBANK.NS at 1708.5
2025-06-26 17:26:55,300 - src.data.trading_system - INFO - Closed short position in HDFCBANK.NS at $1759.80, P&L: $-55.65 (-3.00%)
2025-06-26 17:26:55,300 - src.data.trading_system - WARNING - Failed to log to Google Sheets: name 'pd' is not defined
2025-06-26 17:26:55,301 - src.data.trading_system - INFO - Opened short position in HDFCBANK.NS at $1759.80, Shares: 1.05, Size: $1852.25
2025-06-26 17:26:55,301 - src.data.trading_system - INFO - Opened short position in HDFCBANK.NS at 1759.800048828125
2025-06-26 17:26:55,307 - src.data.trading_system - INFO - Closed short position in HDFCBANK.NS at $1682.00, P&L: $81.89 (4.42%)
2025-06-26 17:26:55,307 - src.data.trading_system - WARNING - Failed to log to Google Sheets: name 'pd' is not defined
2025-06-26 17:26:55,334 - src.data.trading_system - INFO - Opened short position in HDFCBANK.NS at $1860.10, Shares: 1.00, Size: $1853.89
2025-06-26 17:26:55,334 - src.data.trading_system - INFO - Opened short position in HDFCBANK.NS at 1860.0999755859375
2025-06-26 17:26:55,341 - src.data.trading_system - INFO - Closed short position in HDFCBANK.NS at $1771.50, P&L: $88.30 (4.76%)
2025-06-26 17:26:55,341 - src.data.trading_system - WARNING - Failed to log to Google Sheets: name 'pd' is not defined
2025-06-26 17:26:55,351 - src.data.trading_system - INFO - Opened long position in HDFCBANK.NS at $1710.50, Shares: 1.08, Size: $1855.66
2025-06-26 17:26:55,351 - src.data.trading_system - INFO - Opened long position in HDFCBANK.NS at 1710.5
2025-06-26 17:26:55,353 - src.data.trading_system - INFO - Closed long position in HDFCBANK.NS at $1667.80, P&L: $-46.32 (-2.50%)
2025-06-26 17:26:55,354 - src.data.trading_system - WARNING - Failed to log to Google Sheets: name 'pd' is not defined
2025-06-26 17:26:55,354 - src.data.trading_system - INFO - Opened long position in HDFCBANK.NS at $1667.80, Shares: 1.11, Size: $1854.73
2025-06-26 17:26:55,355 - src.data.trading_system - INFO - Opened long position in HDFCBANK.NS at 1667.800048828125
2025-06-26 17:26:55,355 - src.data.trading_system - INFO - Closed long position in HDFCBANK.NS at $1630.85, P&L: $-41.09 (-2.22%)
2025-06-26 17:26:55,356 - src.data.trading_system - WARNING - Failed to log to Google Sheets: name 'pd' is not defined
2025-06-26 17:26:55,356 - src.data.trading_system - INFO - Opened long position in HDFCBANK.NS at $1630.85, Shares: 1.14, Size: $1853.91
2025-06-26 17:26:55,356 - src.data.trading_system - INFO - Opened long position in HDFCBANK.NS at 1630.8499755859375
2025-06-26 17:26:55,368 - src.data.trading_system - INFO - Closed long position in HDFCBANK.NS at $1698.75, P&L: $77.19 (4.16%)
2025-06-26 17:26:55,368 - src.data.trading_system - WARNING - Failed to log to Google Sheets: name 'pd' is not defined
2025-06-26 17:26:55,371 - src.data.trading_system - INFO - Opened short position in HDFCBANK.NS at $1737.80, Shares: 1.07, Size: $1855.45
2025-06-26 17:26:55,371 - src.data.trading_system - INFO - Opened short position in HDFCBANK.NS at 1737.800048828125
2025-06-26 17:26:55,389 - src.data.trading_system - INFO - Closed short position in HDFCBANK.NS at $1800.00, P&L: $-66.41 (-3.58%)
2025-06-26 17:26:55,390 - src.data.trading_system - WARNING - Failed to log to Google Sheets: name 'pd' is not defined
2025-06-26 17:26:55,390 - src.data.trading_system - INFO - Opened short position in HDFCBANK.NS at $1800.00, Shares: 1.03, Size: $1854.12
2025-06-26 17:26:55,391 - src.data.trading_system - INFO - Opened short position in HDFCBANK.NS at 1800.0
2025-06-26 17:26:55,399 - src.data.trading_system - INFO - Closed short position in HDFCBANK.NS at $1864.90, P&L: $-66.85 (-3.61%)
2025-06-26 17:26:55,399 - src.data.trading_system - WARNING - Failed to log to Google Sheets: name 'pd' is not defined
2025-06-26 17:26:55,410 - src.data.trading_system - INFO - Opened short position in HDFCBANK.NS at $1931.70, Shares: 0.96, Size: $1852.79
2025-06-26 17:26:55,410 - src.data.trading_system - INFO - Opened short position in HDFCBANK.NS at 1931.699951171875
2025-06-26 17:26:55,430 - src.data.trading_system - INFO - Closed short position in HDFCBANK.NS at $1978.70, P&L: $-45.08 (-2.43%)
2025-06-26 17:26:55,430 - src.data.trading_system - WARNING - Failed to log to Google Sheets: name 'pd' is not defined
2025-06-26 17:26:55,432 - src.data.trading_system - INFO - Opened short position in HDFCBANK.NS at $1978.90, Shares: 0.94, Size: $1851.89
2025-06-26 17:26:55,432 - src.data.trading_system - INFO - Opened short position in HDFCBANK.NS at 1978.9000244140625
2025-06-26 17:26:55,441 - src.data.trading_system - INFO - Closed short position in HDFCBANK.NS at $2021.80, P&L: $-40.15 (-2.17%)
2025-06-26 17:26:55,441 - src.data.trading_system - WARNING - Failed to log to Google Sheets: name 'pd' is not defined
2025-06-26 17:26:55,442 - src.data.trading_system - INFO - Completed HDFCBANK.NS: Trades: 11, P&L: $-160.79
2025-06-26 17:26:55,442 - src.data.trading_system - INFO - 
Processing LT.NS...
2025-06-26 17:26:55,516 - src.data.trading_system - INFO - Opened short position in LT.NS at $3910.83, Shares: 0.47, Size: $1851.08
2025-06-26 17:26:55,516 - src.data.trading_system - INFO - Opened short position in LT.NS at 3910.826416015625
2025-06-26 17:26:55,522 - src.data.trading_system - INFO - Closed short position in LT.NS at $3723.42, P&L: $88.70 (4.79%)
2025-06-26 17:26:55,522 - src.data.trading_system - WARNING - Failed to log to Google Sheets: name 'pd' is not defined
2025-06-26 17:26:55,575 - src.data.trading_system - INFO - Opened short position in LT.NS at $3384.39, Shares: 0.55, Size: $1852.86
2025-06-26 17:26:55,575 - src.data.trading_system - INFO - Opened short position in LT.NS at 3384.385986328125
2025-06-26 17:26:55,577 - src.data.trading_system - INFO - Closed short position in LT.NS at $3469.24, P&L: $-46.46 (-2.51%)
2025-06-26 17:26:55,577 - src.data.trading_system - WARNING - Failed to log to Google Sheets: name 'pd' is not defined
2025-06-26 17:26:55,594 - src.data.trading_system - INFO - Opened short position in LT.NS at $3554.05, Shares: 0.52, Size: $1851.93
2025-06-26 17:26:55,594 - src.data.trading_system - INFO - Opened short position in LT.NS at 3554.0537109375
2025-06-26 17:26:55,611 - src.data.trading_system - INFO - Closed short position in LT.NS at $3641.14, P&L: $-45.38 (-2.45%)
2025-06-26 17:26:55,611 - src.data.trading_system - WARNING - Failed to log to Google Sheets: name 'pd' is not defined
2025-06-26 17:26:55,631 - src.data.trading_system - INFO - Completed LT.NS: Trades: 3, P&L: $-3.14
2025-06-26 17:26:55,631 - src.data.trading_system - INFO - 
Processing TCS.NS...
2025-06-26 17:26:55,666 - src.data.trading_system - INFO - Opened short position in TCS.NS at $4451.10, Shares: 0.42, Size: $1851.02
2025-06-26 17:26:55,666 - src.data.trading_system - INFO - Opened short position in TCS.NS at 4451.10400390625
2025-06-26 17:26:55,673 - src.data.trading_system - INFO - Closed short position in TCS.NS at $4237.84, P&L: $88.69 (4.79%)
2025-06-26 17:26:55,674 - src.data.trading_system - WARNING - Failed to log to Google Sheets: name 'pd' is not defined
2025-06-26 17:26:55,675 - src.data.trading_system - INFO - Opened long position in TCS.NS at $4237.84, Shares: 0.44, Size: $1852.79
2025-06-26 17:26:55,675 - src.data.trading_system - INFO - Opened long position in TCS.NS at 4237.837890625
2025-06-26 17:26:55,686 - src.data.trading_system - INFO - Closed long position in TCS.NS at $4092.88, P&L: $-63.37 (-3.42%)
2025-06-26 17:26:55,686 - src.data.trading_system - WARNING - Failed to log to Google Sheets: name 'pd' is not defined
2025-06-26 17:26:55,689 - src.data.trading_system - INFO - Opened long position in TCS.NS at $4039.37, Shares: 0.46, Size: $1851.53
2025-06-26 17:26:55,689 - src.data.trading_system - INFO - Opened long position in TCS.NS at 4039.369140625
2025-06-26 17:26:55,699 - src.data.trading_system - INFO - Closed long position in TCS.NS at $3924.14, P&L: $-52.82 (-2.85%)
2025-06-26 17:26:55,699 - src.data.trading_system - WARNING - Failed to log to Google Sheets: name 'pd' is not defined
2025-06-26 17:26:55,713 - src.data.trading_system - INFO - Opened short position in TCS.NS at $4266.92, Shares: 0.43, Size: $1850.47
2025-06-26 17:26:55,713 - src.data.trading_system - INFO - Opened short position in TCS.NS at 4266.91552734375
2025-06-26 17:26:55,717 - src.data.trading_system - INFO - Closed short position in TCS.NS at $4414.20, P&L: $-63.88 (-3.45%)
2025-06-26 17:26:55,717 - src.data.trading_system - WARNING - Failed to log to Google Sheets: name 'pd' is not defined
2025-06-26 17:26:55,746 - src.data.trading_system - INFO - Opened long position in TCS.NS at $3928.63, Shares: 0.47, Size: $1849.19
2025-06-26 17:26:55,747 - src.data.trading_system - INFO - Opened long position in TCS.NS at 3928.631103515625
2025-06-26 17:26:55,749 - src.data.trading_system - INFO - Closed long position in TCS.NS at $3839.08, P&L: $-42.15 (-2.28%)
2025-06-26 17:26:55,749 - src.data.trading_system - WARNING - Failed to log to Google Sheets: name 'pd' is not defined
2025-06-26 17:26:55,750 - src.data.trading_system - INFO - Opened long position in TCS.NS at $3750.76, Shares: 0.49, Size: $1848.35
2025-06-26 17:26:55,751 - src.data.trading_system - INFO - Opened long position in TCS.NS at 3750.761962890625
2025-06-26 17:26:55,752 - src.data.trading_system - INFO - Closed long position in TCS.NS at $3643.22, P&L: $-53.00 (-2.87%)
2025-06-26 17:26:55,752 - src.data.trading_system - WARNING - Failed to log to Google Sheets: name 'pd' is not defined
2025-06-26 17:26:55,753 - src.data.trading_system - INFO - Opened long position in TCS.NS at $3643.22, Shares: 0.51, Size: $1847.29
2025-06-26 17:26:55,753 - src.data.trading_system - INFO - Opened long position in TCS.NS at 3643.218017578125
2025-06-26 17:26:55,756 - src.data.trading_system - INFO - Closed long position in TCS.NS at $3452.56, P&L: $-96.67 (-5.23%)
2025-06-26 17:26:55,756 - src.data.trading_system - WARNING - Failed to log to Google Sheets: name 'pd' is not defined
2025-06-26 17:26:55,757 - src.data.trading_system - INFO - Opened long position in TCS.NS at $3452.56, Shares: 0.53, Size: $1845.36
2025-06-26 17:26:55,757 - src.data.trading_system - INFO - Opened long position in TCS.NS at 3452.5625
2025-06-26 17:26:55,770 - src.data.trading_system - INFO - Closed long position in TCS.NS at $3596.98, P&L: $77.19 (4.18%)
2025-06-26 17:26:55,770 - src.data.trading_system - WARNING - Failed to log to Google Sheets: name 'pd' is not defined
2025-06-26 17:26:55,786 - src.data.trading_system - INFO - Opened long position in TCS.NS at $3285.20, Shares: 0.56, Size: $1846.90
2025-06-26 17:26:55,786 - src.data.trading_system - INFO - Opened long position in TCS.NS at 3285.199951171875
2025-06-26 17:26:55,788 - src.data.trading_system - INFO - Closed long position in TCS.NS at $3417.62, P&L: $74.45 (4.03%)
2025-06-26 17:26:55,788 - src.data.trading_system - WARNING - Failed to log to Google Sheets: name 'pd' is not defined
2025-06-26 17:26:55,795 - src.data.trading_system - INFO - Opened short position in TCS.NS at $3588.50, Shares: 0.52, Size: $1848.39
2025-06-26 17:26:55,795 - src.data.trading_system - INFO - Opened short position in TCS.NS at 3588.50390625
2025-06-26 17:26:55,805 - src.data.trading_system - INFO - Closed short position in TCS.NS at $3432.89, P&L: $80.16 (4.34%)
2025-06-26 17:26:55,806 - src.data.trading_system - WARNING - Failed to log to Google Sheets: name 'pd' is not defined
2025-06-26 17:26:55,820 - src.data.trading_system - INFO - Completed TCS.NS: Trades: 10, P&L: $-51.41
2025-06-26 17:26:55,820 - src.data.trading_system - INFO - 
Processing ITC.NS...
2025-06-26 17:26:55,864 - src.data.trading_system - INFO - Opened short position in ITC.NS at $505.32, Shares: 3.66, Size: $1849.99
2025-06-26 17:26:55,864 - src.data.trading_system - INFO - Opened short position in ITC.NS at 505.31646728515625
2025-06-26 17:26:55,868 - src.data.trading_system - INFO - Closed short position in ITC.NS at $475.30, P&L: $109.88 (5.94%)
2025-06-26 17:26:55,868 - src.data.trading_system - WARNING - Failed to log to Google Sheets: name 'pd' is not defined
2025-06-26 17:26:55,870 - src.data.trading_system - INFO - Opened long position in ITC.NS at $471.92, Shares: 3.92, Size: $1852.19
2025-06-26 17:26:55,870 - src.data.trading_system - INFO - Opened long position in ITC.NS at 471.918701171875
2025-06-26 17:26:55,877 - src.data.trading_system - INFO - Closed long position in ITC.NS at $455.97, P&L: $-62.60 (-3.38%)
2025-06-26 17:26:55,877 - src.data.trading_system - WARNING - Failed to log to Google Sheets: name 'pd' is not defined
2025-06-26 17:26:55,891 - src.data.trading_system - INFO - Opened long position in ITC.NS at $450.41, Shares: 4.11, Size: $1850.94
2025-06-26 17:26:55,891 - src.data.trading_system - INFO - Opened long position in ITC.NS at 450.41070556640625
2025-06-26 17:26:55,910 - src.data.trading_system - INFO - Closed long position in ITC.NS at $472.74, P&L: $91.76 (4.96%)
2025-06-26 17:26:55,910 - src.data.trading_system - WARNING - Failed to log to Google Sheets: name 'pd' is not defined
2025-06-26 17:26:55,910 - src.data.trading_system - INFO - Opened short position in ITC.NS at $472.74, Shares: 3.92, Size: $1852.77
2025-06-26 17:26:55,911 - src.data.trading_system - INFO - Opened short position in ITC.NS at 472.7403259277344
2025-06-26 17:26:55,911 - src.data.trading_system - INFO - Closed short position in ITC.NS at $427.89, P&L: $175.79 (9.49%)
2025-06-26 17:26:55,912 - src.data.trading_system - WARNING - Failed to log to Google Sheets: name 'pd' is not defined
2025-06-26 17:26:55,925 - src.data.trading_system - INFO - Opened short position in ITC.NS at $447.12, Shares: 4.15, Size: $1856.29
2025-06-26 17:26:55,925 - src.data.trading_system - INFO - Opened short position in ITC.NS at 447.1240539550781
2025-06-26 17:26:55,928 - src.data.trading_system - INFO - Closed short position in ITC.NS at $426.39, P&L: $86.08 (4.64%)
2025-06-26 17:26:55,928 - src.data.trading_system - WARNING - Failed to log to Google Sheets: name 'pd' is not defined
2025-06-26 17:26:55,960 - src.data.trading_system - INFO - Opened short position in ITC.NS at $413.92, Shares: 4.49, Size: $1858.01
2025-06-26 17:26:55,960 - src.data.trading_system - INFO - Opened short position in ITC.NS at 413.92340087890625
2025-06-26 17:26:55,963 - src.data.trading_system - INFO - Closed short position in ITC.NS at $425.76, P&L: $-53.11 (-2.86%)
2025-06-26 17:26:55,963 - src.data.trading_system - WARNING - Failed to log to Google Sheets: name 'pd' is not defined
2025-06-26 17:26:55,964 - src.data.trading_system - INFO - Opened short position in ITC.NS at $425.76, Shares: 4.36, Size: $1856.95
2025-06-26 17:26:55,964 - src.data.trading_system - INFO - Opened short position in ITC.NS at 425.75543212890625
2025-06-26 17:26:55,978 - src.data.trading_system - INFO - Closed short position in ITC.NS at $434.89, P&L: $-39.83 (-2.14%)
2025-06-26 17:26:55,978 - src.data.trading_system - WARNING - Failed to log to Google Sheets: name 'pd' is not defined
2025-06-26 17:26:55,993 - src.data.trading_system - INFO - Completed ITC.NS: Trades: 7, P&L: $307.98
2025-06-26 17:26:57,682 - src.data.trading_system - INFO - 
Performance report generated: /workspaces/algoTradingSystem/trading_results/figures/performance_report_20250626_172657.html
2025-06-26 17:26:57,688 - root - INFO - Results saved to trading_results
