2025-06-27 14:44:06,751 - src.data.google_sheets_logger - INFO - gspread worksheet opened successfully.
2025-06-27 14:44:06,754 - googleapiclient.discovery_cache - INFO - file_cache is only supported with oauth2client<4.0.0
2025-06-27 14:44:06,756 - src.data.google_sheets_logger - INFO - Google Sheets API service initialized.
2025-06-27 14:44:13,103 - src.data.google_sheets_logger - INFO - gspread worksheet opened successfully.
2025-06-27 14:44:13,105 - googleapiclient.discovery_cache - INFO - file_cache is only supported with oauth2client<4.0.0
2025-06-27 14:44:13,108 - src.data.google_sheets_logger - INFO - Google Sheets API service initialized.
2025-06-27 14:44:13,147 - src.data.google_sheets_logger - INFO - gspread worksheet opened successfully.
2025-06-27 14:44:13,150 - googleapiclient.discovery_cache - INFO - file_cache is only supported with oauth2client<4.0.0
2025-06-27 14:44:13,152 - src.data.google_sheets_logger - INFO - Google Sheets API service initialized.
2025-06-27 14:44:16,804 - src.data.google_sheets_logger - INFO - gspread worksheet opened successfully.
2025-06-27 14:44:16,806 - googleapiclient.discovery_cache - INFO - file_cache is only supported with oauth2client<4.0.0
2025-06-27 14:44:16,808 - src.data.google_sheets_logger - INFO - Google Sheets API service initialized.
2025-06-27 14:44:21,608 - src.data.google_sheets_logger - INFO - gspread worksheet opened successfully.
2025-06-27 14:44:21,610 - googleapiclient.discovery_cache - INFO - file_cache is only supported with oauth2client<4.0.0
2025-06-27 14:44:21,613 - src.data.google_sheets_logger - INFO - Google Sheets API service initialized.
2025-06-27 14:44:22,679 - src.data.google_sheets_logger - INFO - gspread worksheet opened successfully.
2025-06-27 14:44:22,682 - googleapiclient.discovery_cache - INFO - file_cache is only supported with oauth2client<4.0.0
2025-06-27 14:44:22,684 - src.data.google_sheets_logger - INFO - Google Sheets API service initialized.
2025-06-27 14:44:23,904 - src.data.google_sheets_logger - INFO - gspread worksheet opened successfully.
2025-06-27 14:44:23,906 - googleapiclient.discovery_cache - INFO - file_cache is only supported with oauth2client<4.0.0
2025-06-27 14:44:23,909 - src.data.google_sheets_logger - INFO - Google Sheets API service initialized.
2025-06-27 14:44:25,457 - src.data.google_sheets_logger - INFO - gspread worksheet opened successfully.
2025-06-27 14:44:25,460 - googleapiclient.discovery_cache - INFO - file_cache is only supported with oauth2client<4.0.0
2025-06-27 14:44:25,462 - src.data.google_sheets_logger - INFO - Google Sheets API service initialized.
2025-06-27 14:44:29,257 - src.data.google_sheets_logger - INFO - gspread worksheet opened successfully.
2025-06-27 14:44:29,260 - googleapiclient.discovery_cache - INFO - file_cache is only supported with oauth2client<4.0.0
2025-06-27 14:44:29,262 - src.data.google_sheets_logger - INFO - Google Sheets API service initialized.
2025-06-27 14:44:36,271 - src.data.google_sheets_logger - INFO - gspread worksheet opened successfully.
2025-06-27 14:44:36,274 - googleapiclient.discovery_cache - INFO - file_cache is only supported with oauth2client<4.0.0
2025-06-27 14:44:36,276 - src.data.google_sheets_logger - INFO - Google Sheets API service initialized.
2025-06-27 14:44:40,358 - src.data.google_sheets_logger - INFO - gspread worksheet opened successfully.
2025-06-27 14:44:40,361 - googleapiclient.discovery_cache - INFO - file_cache is only supported with oauth2client<4.0.0
2025-06-27 14:44:40,363 - src.data.google_sheets_logger - INFO - Google Sheets API service initialized.
2025-06-27 14:44:40,862 - src.data.google_sheets_logger - INFO - gspread worksheet opened successfully.
2025-06-27 14:44:40,865 - googleapiclient.discovery_cache - INFO - file_cache is only supported with oauth2client<4.0.0
2025-06-27 14:44:40,868 - src.data.google_sheets_logger - INFO - Google Sheets API service initialized.
2025-06-27 14:44:41,002 - src.data.google_sheets_logger - INFO - gspread worksheet opened successfully.
2025-06-27 14:44:41,004 - googleapiclient.discovery_cache - INFO - file_cache is only supported with oauth2client<4.0.0
2025-06-27 14:44:41,006 - src.data.google_sheets_logger - INFO - Google Sheets API service initialized.
2025-06-27 14:44:43,116 - __main__ - INFO - Starting trading system in Backtest mode
2025-06-27 14:44:43,117 - __main__ - INFO - Starting capital: $100,000.00
2025-06-27 14:44:44,674 - src.data.google_sheets_logger - INFO - gspread worksheet opened successfully.
2025-06-27 14:44:44,676 - googleapiclient.discovery_cache - INFO - file_cache is only supported with oauth2client<4.0.0
2025-06-27 14:44:44,679 - src.data.google_sheets_logger - INFO - Google Sheets API service initialized.
2025-06-27 14:44:44,679 - src.data.trading_system - INFO - ✅ Google Sheets logging enabled
2025-06-27 14:44:44,679 - src.data.trading_system - INFO - Connected to: https://docs.google.com/spreadsheets/d/1yhmCMKFpMsjvsEfRzzXZWXCaU7Mao8bYt1MSK7r-12A
2025-06-27 14:44:44,680 - src.data.trading_system - INFO - 
Starting backtest for all symbols
2025-06-27 14:44:44,680 - src.data.trading_system - INFO - Period: 2025-05-24 to 2025-06-27
2025-06-27 14:44:45,244 - src.data.trading_system - INFO - 
Processing RELIANCE.NS...
2025-06-27 14:44:45,262 - src.data.trading_system - INFO - Completed RELIANCE.NS: Trades: 0, P&L: $0.00
2025-06-27 14:44:45,262 - src.data.trading_system - INFO - 
Processing LT.NS...
2025-06-27 14:44:45,277 - src.data.trading_system - INFO - Completed LT.NS: Trades: 0, P&L: $0.00
2025-06-27 14:44:45,277 - src.data.trading_system - INFO - 
Processing INFY.NS...
2025-06-27 14:44:45,292 - src.data.trading_system - INFO - Completed INFY.NS: Trades: 0, P&L: $0.00
2025-06-27 14:44:45,292 - src.data.trading_system - INFO - 
Processing SBIN.NS...
2025-06-27 14:44:45,307 - src.data.trading_system - INFO - Completed SBIN.NS: Trades: 0, P&L: $0.00
2025-06-27 14:44:45,307 - src.data.trading_system - INFO - 
Processing BHARTIARTL.NS...
2025-06-27 14:44:45,320 - src.data.trading_system - INFO - Opened short position in BHARTIARTL.NS at $1936.70, Shares: 1.03, Size: $2000.00
2025-06-27 14:44:45,320 - src.data.trading_system - INFO - Opened short position in BHARTIARTL.NS at 1936.699951171875
2025-06-27 14:44:45,322 - src.data.trading_system - INFO - Closed short position in BHARTIARTL.NS at $2014.30, P&L: $-80.14 (-4.01%)
2025-06-27 14:44:45,773 - src.data.trading_system - INFO - Opened short position in BHARTIARTL.NS at $2014.30, Shares: 0.99, Size: $1998.40
2025-06-27 14:44:45,773 - src.data.trading_system - INFO - Opened short position in BHARTIARTL.NS at 2014.300048828125
2025-06-27 14:44:45,774 - src.data.trading_system - INFO - Completed BHARTIARTL.NS: Trades: 1, P&L: $-80.14
2025-06-27 14:44:45,775 - src.data.trading_system - INFO - 
Processing TCS.NS...
2025-06-27 14:44:45,790 - src.data.trading_system - INFO - Completed TCS.NS: Trades: 0, P&L: $0.00
2025-06-27 14:44:45,790 - src.data.trading_system - ERROR - Error in backtest: 'TradingVisualizer' object has no attribute 'plot_all'
