2025-06-26 17:30:56,826 - __main__ - INFO - Starting trading system in backtest mode
2025-06-26 17:30:56,826 - __main__ - INFO - Initial capital: $100,000.00
2025-06-26 17:30:58,759 - src.data.google_sheets_logger - INFO - gspread worksheet opened successfully.
2025-06-26 17:30:58,761 - googleapiclient.discovery_cache - INFO - file_cache is only supported with oauth2client<4.0.0
2025-06-26 17:30:58,764 - src.data.google_sheets_logger - INFO - Google Sheets API service initialized.
2025-06-26 17:30:58,764 - src.data.trading_system - INFO - ✅ Google Sheets logging enabled
2025-06-26 17:30:58,765 - src.data.trading_system - INFO - Connected to: https://docs.google.com/spreadsheets/d/1yhmCMKFpMsjvsEfRzzXZWXCaU7Mao8bYt1MSK7r-12A
2025-06-26 17:30:58,765 - src.data.trading_system - INFO - 
Starting backtest for all symbols
2025-06-26 17:30:58,766 - src.data.trading_system - INFO - Period: 2024-06-26 to 2025-06-26
2025-06-26 17:30:59,354 - src.data.trading_system - INFO - 
Processing ICICIBANK.NS...
2025-06-26 17:30:59,372 - src.data.trading_system - INFO - Opened long position in ICICIBANK.NS at $1162.59, Shares: 1.72, Size: $2000.00
2025-06-26 17:30:59,372 - src.data.trading_system - INFO - Opened long position in ICICIBANK.NS at 1162.5914306640625
2025-06-26 17:30:59,380 - src.data.trading_system - INFO - Closed long position in ICICIBANK.NS at $1213.30, P&L: $87.23 (4.36%)
2025-06-26 17:30:59,917 - src.data.trading_system - INFO - Opened short position in ICICIBANK.NS at $1226.35, Shares: 1.63, Size: $2001.74
2025-06-26 17:30:59,918 - src.data.trading_system - INFO - Opened short position in ICICIBANK.NS at 1226.3499755859375
2025-06-26 17:30:59,924 - src.data.trading_system - INFO - Closed short position in ICICIBANK.NS at $1252.15, P&L: $-42.11 (-2.10%)
2025-06-26 17:31:01,170 - src.data.trading_system - INFO - Opened short position in ICICIBANK.NS at $1288.35, Shares: 1.55, Size: $2000.90
2025-06-26 17:31:01,170 - src.data.trading_system - INFO - Opened short position in ICICIBANK.NS at 1288.3499755859375
2025-06-26 17:31:01,171 - src.data.trading_system - INFO - Closed short position in ICICIBANK.NS at $1338.45, P&L: $-77.81 (-3.89%)
2025-06-26 17:31:01,553 - src.data.trading_system - INFO - Opened short position in ICICIBANK.NS at $1338.45, Shares: 1.49, Size: $1999.35
2025-06-26 17:31:01,553 - src.data.trading_system - INFO - Opened short position in ICICIBANK.NS at 1338.449951171875
2025-06-26 17:31:01,557 - src.data.trading_system - INFO - Closed short position in ICICIBANK.NS at $1273.00, P&L: $97.77 (4.89%)
2025-06-26 17:31:01,962 - src.data.trading_system - INFO - Opened short position in ICICIBANK.NS at $1336.50, Shares: 1.50, Size: $2001.30
2025-06-26 17:31:01,962 - src.data.trading_system - INFO - Opened short position in ICICIBANK.NS at 1336.5
2025-06-26 17:31:01,972 - src.data.trading_system - INFO - Closed short position in ICICIBANK.NS at $1281.65, P&L: $82.13 (4.10%)
2025-06-26 17:31:02,360 - src.data.trading_system - INFO - Opened long position in ICICIBANK.NS at $1229.75, Shares: 1.63, Size: $2002.94
2025-06-26 17:31:02,360 - src.data.trading_system - INFO - Opened long position in ICICIBANK.NS at 1229.75
2025-06-26 17:31:02,363 - src.data.trading_system - INFO - Closed long position in ICICIBANK.NS at $1196.15, P&L: $-54.73 (-2.73%)
2025-06-26 17:31:02,768 - src.data.trading_system - INFO - Opened long position in ICICIBANK.NS at $1196.15, Shares: 1.67, Size: $2001.85
2025-06-26 17:31:02,768 - src.data.trading_system - INFO - Opened long position in ICICIBANK.NS at 1196.1500244140625
2025-06-26 17:31:02,771 - src.data.trading_system - INFO - Closed long position in ICICIBANK.NS at $1246.90, P&L: $84.93 (4.24%)
2025-06-26 17:31:03,188 - src.data.trading_system - INFO - Opened short position in ICICIBANK.NS at $1313.10, Shares: 1.53, Size: $2003.55
2025-06-26 17:31:03,188 - src.data.trading_system - INFO - Opened short position in ICICIBANK.NS at 1313.0999755859375
2025-06-26 17:31:03,189 - src.data.trading_system - INFO - Closed short position in ICICIBANK.NS at $1343.10, P&L: $-45.77 (-2.28%)
2025-06-26 17:31:03,671 - src.data.trading_system - INFO - Opened short position in ICICIBANK.NS at $1343.10, Shares: 1.49, Size: $2002.63
2025-06-26 17:31:03,671 - src.data.trading_system - INFO - Opened short position in ICICIBANK.NS at 1343.0999755859375
2025-06-26 17:31:03,679 - src.data.trading_system - INFO - Closed short position in ICICIBANK.NS at $1287.55, P&L: $82.83 (4.14%)
2025-06-26 17:31:04,102 - src.data.trading_system - INFO - Opened short position in ICICIBANK.NS at $1435.50, Shares: 1.40, Size: $2004.29
2025-06-26 17:31:04,102 - src.data.trading_system - INFO - Opened short position in ICICIBANK.NS at 1435.5
2025-06-26 17:31:04,123 - src.data.trading_system - INFO - Completed ICICIBANK.NS: Trades: 9, P&L: $214.47
2025-06-26 17:31:04,123 - src.data.trading_system - INFO - 
Processing RELIANCE.NS...
2025-06-26 17:31:04,161 - src.data.trading_system - INFO - Opened long position in RELIANCE.NS at $1370.72, Shares: 1.43, Size: $1964.20
2025-06-26 17:31:04,161 - src.data.trading_system - INFO - Opened long position in RELIANCE.NS at 1370.7249755859375
2025-06-26 17:31:04,167 - src.data.trading_system - INFO - Closed long position in RELIANCE.NS at $1338.53, P&L: $-46.14 (-2.35%)
2025-06-26 17:31:04,564 - src.data.trading_system - INFO - Opened long position in RELIANCE.NS at $1283.75, Shares: 1.53, Size: $1963.28
2025-06-26 17:31:04,564 - src.data.trading_system - INFO - Opened long position in RELIANCE.NS at 1283.75
2025-06-26 17:31:04,565 - src.data.trading_system - INFO - Closed long position in RELIANCE.NS at $1252.05, P&L: $-48.48 (-2.47%)
2025-06-26 17:31:04,953 - src.data.trading_system - INFO - Opened long position in RELIANCE.NS at $1252.05, Shares: 1.57, Size: $1962.31
2025-06-26 17:31:04,954 - src.data.trading_system - INFO - Opened long position in RELIANCE.NS at 1252.050048828125
2025-06-26 17:31:04,955 - src.data.trading_system - INFO - Closed long position in RELIANCE.NS at $1223.00, P&L: $-45.53 (-2.32%)
2025-06-26 17:31:05,364 - src.data.trading_system - INFO - Opened long position in RELIANCE.NS at $1223.00, Shares: 1.60, Size: $1961.40
2025-06-26 17:31:05,364 - src.data.trading_system - INFO - Opened long position in RELIANCE.NS at 1223.0
2025-06-26 17:31:05,365 - src.data.trading_system - INFO - Closed long position in RELIANCE.NS at $1287.00, P&L: $102.64 (5.23%)
2025-06-26 17:31:05,797 - src.data.trading_system - INFO - Opened long position in RELIANCE.NS at $1205.30, Shares: 1.63, Size: $1963.45
2025-06-26 17:31:05,798 - src.data.trading_system - INFO - Opened long position in RELIANCE.NS at 1205.300048828125
2025-06-26 17:31:05,804 - src.data.trading_system - INFO - Closed long position in RELIANCE.NS at $1265.50, P&L: $98.07 (4.99%)
2025-06-26 17:31:06,319 - src.data.trading_system - INFO - Opened short position in RELIANCE.NS at $1302.35, Shares: 1.51, Size: $1965.41
2025-06-26 17:31:06,319 - src.data.trading_system - INFO - Opened short position in RELIANCE.NS at 1302.3499755859375
2025-06-26 17:31:06,322 - src.data.trading_system - INFO - Closed short position in RELIANCE.NS at $1246.30, P&L: $84.59 (4.30%)
2025-06-26 17:31:06,749 - src.data.trading_system - INFO - Opened long position in RELIANCE.NS at $1171.25, Shares: 1.68, Size: $1967.11
2025-06-26 17:31:06,750 - src.data.trading_system - INFO - Opened long position in RELIANCE.NS at 1171.25
2025-06-26 17:31:06,752 - src.data.trading_system - INFO - Closed long position in RELIANCE.NS at $1249.80, P&L: $131.92 (6.71%)
2025-06-26 17:31:07,162 - src.data.trading_system - INFO - Opened short position in RELIANCE.NS at $1302.10, Shares: 1.51, Size: $1969.75
2025-06-26 17:31:07,162 - src.data.trading_system - INFO - Opened short position in RELIANCE.NS at 1302.0999755859375
2025-06-26 17:31:07,168 - src.data.trading_system - INFO - Closed short position in RELIANCE.NS at $1248.70, P&L: $80.78 (4.10%)
2025-06-26 17:31:07,616 - src.data.trading_system - INFO - Opened short position in RELIANCE.NS at $1368.80, Shares: 1.44, Size: $1971.36
2025-06-26 17:31:07,616 - src.data.trading_system - INFO - Opened short position in RELIANCE.NS at 1368.800048828125
2025-06-26 17:31:07,617 - src.data.trading_system - INFO - Closed short position in RELIANCE.NS at $1399.70, P&L: $-44.50 (-2.26%)
2025-06-26 17:31:07,998 - src.data.trading_system - INFO - Opened short position in RELIANCE.NS at $1399.70, Shares: 1.41, Size: $1970.47
2025-06-26 17:31:07,998 - src.data.trading_system - INFO - Opened short position in RELIANCE.NS at 1399.699951171875
2025-06-26 17:31:08,000 - src.data.trading_system - INFO - Closed short position in RELIANCE.NS at $1431.30, P&L: $-44.49 (-2.26%)
2025-06-26 17:31:08,452 - src.data.trading_system - INFO - Completed RELIANCE.NS: Trades: 10, P&L: $268.86
2025-06-26 17:31:08,452 - src.data.trading_system - INFO - 
Processing HDFCBANK.NS...
2025-06-26 17:31:08,499 - src.data.trading_system - INFO - Opened short position in HDFCBANK.NS at $1666.60, Shares: 1.18, Size: $1969.58
2025-06-26 17:31:08,499 - src.data.trading_system - INFO - Opened short position in HDFCBANK.NS at 1666.5999755859375
2025-06-26 17:31:08,502 - src.data.trading_system - INFO - Closed short position in HDFCBANK.NS at $1708.50, P&L: $-49.52 (-2.51%)
2025-06-26 17:31:08,911 - src.data.trading_system - INFO - Opened short position in HDFCBANK.NS at $1708.50, Shares: 1.15, Size: $1968.59
2025-06-26 17:31:08,911 - src.data.trading_system - INFO - Opened short position in HDFCBANK.NS at 1708.5
2025-06-26 17:31:08,912 - src.data.trading_system - INFO - Closed short position in HDFCBANK.NS at $1759.80, P&L: $-59.11 (-3.00%)
2025-06-26 17:31:09,367 - src.data.trading_system - INFO - Opened short position in HDFCBANK.NS at $1759.80, Shares: 1.12, Size: $1967.41
2025-06-26 17:31:09,367 - src.data.trading_system - INFO - Opened short position in HDFCBANK.NS at 1759.800048828125
2025-06-26 17:31:09,370 - src.data.trading_system - INFO - Closed short position in HDFCBANK.NS at $1682.00, P&L: $86.98 (4.42%)
2025-06-26 17:31:09,813 - src.data.trading_system - INFO - Opened short position in HDFCBANK.NS at $1860.10, Shares: 1.06, Size: $1969.15
2025-06-26 17:31:09,814 - src.data.trading_system - INFO - Opened short position in HDFCBANK.NS at 1860.0999755859375
2025-06-26 17:31:09,820 - src.data.trading_system - INFO - Closed short position in HDFCBANK.NS at $1771.50, P&L: $93.79 (4.76%)
2025-06-26 17:31:10,228 - src.data.trading_system - INFO - Opened long position in HDFCBANK.NS at $1710.50, Shares: 1.15, Size: $1971.02
2025-06-26 17:31:10,228 - src.data.trading_system - INFO - Opened long position in HDFCBANK.NS at 1710.5
2025-06-26 17:31:10,230 - src.data.trading_system - INFO - Closed long position in HDFCBANK.NS at $1667.80, P&L: $-49.20 (-2.50%)
2025-06-26 17:31:10,627 - src.data.trading_system - INFO - Opened long position in HDFCBANK.NS at $1667.80, Shares: 1.18, Size: $1970.04
2025-06-26 17:31:10,628 - src.data.trading_system - INFO - Opened long position in HDFCBANK.NS at 1667.800048828125
2025-06-26 17:31:10,629 - src.data.trading_system - INFO - Closed long position in HDFCBANK.NS at $1630.85, P&L: $-43.65 (-2.22%)
2025-06-26 17:31:11,018 - src.data.trading_system - INFO - Opened long position in HDFCBANK.NS at $1630.85, Shares: 1.21, Size: $1969.17
2025-06-26 17:31:11,018 - src.data.trading_system - INFO - Opened long position in HDFCBANK.NS at 1630.8499755859375
2025-06-26 17:31:11,028 - src.data.trading_system - INFO - Closed long position in HDFCBANK.NS at $1698.75, P&L: $81.99 (4.16%)
2025-06-26 17:31:11,556 - src.data.trading_system - INFO - Opened short position in HDFCBANK.NS at $1737.80, Shares: 1.13, Size: $1970.81
2025-06-26 17:31:11,556 - src.data.trading_system - INFO - Opened short position in HDFCBANK.NS at 1737.800048828125
2025-06-26 17:31:11,574 - src.data.trading_system - INFO - Closed short position in HDFCBANK.NS at $1800.00, P&L: $-70.54 (-3.58%)
2025-06-26 17:31:11,989 - src.data.trading_system - INFO - Opened short position in HDFCBANK.NS at $1800.00, Shares: 1.09, Size: $1969.40
2025-06-26 17:31:11,989 - src.data.trading_system - INFO - Opened short position in HDFCBANK.NS at 1800.0
2025-06-26 17:31:11,996 - src.data.trading_system - INFO - Closed short position in HDFCBANK.NS at $1864.90, P&L: $-71.01 (-3.61%)
2025-06-26 17:31:12,394 - src.data.trading_system - INFO - Opened short position in HDFCBANK.NS at $1931.70, Shares: 1.02, Size: $1967.98
2025-06-26 17:31:12,395 - src.data.trading_system - INFO - Opened short position in HDFCBANK.NS at 1931.699951171875
2025-06-26 17:31:12,408 - src.data.trading_system - INFO - Closed short position in HDFCBANK.NS at $1978.70, P&L: $-47.88 (-2.43%)
2025-06-26 17:31:12,800 - src.data.trading_system - INFO - Opened short position in HDFCBANK.NS at $1978.90, Shares: 0.99, Size: $1967.02
2025-06-26 17:31:12,800 - src.data.trading_system - INFO - Opened short position in HDFCBANK.NS at 1978.9000244140625
2025-06-26 17:31:12,807 - src.data.trading_system - INFO - Closed short position in HDFCBANK.NS at $2021.80, P&L: $-42.64 (-2.17%)
2025-06-26 17:31:13,195 - src.data.trading_system - INFO - Completed HDFCBANK.NS: Trades: 11, P&L: $-170.79
2025-06-26 17:31:13,195 - src.data.trading_system - INFO - 
Processing ITC.NS...
2025-06-26 17:31:13,230 - src.data.trading_system - INFO - Opened short position in ITC.NS at $505.32, Shares: 3.89, Size: $1966.17
2025-06-26 17:31:13,230 - src.data.trading_system - INFO - Opened short position in ITC.NS at 505.31646728515625
2025-06-26 17:31:13,235 - src.data.trading_system - INFO - Closed short position in ITC.NS at $475.30, P&L: $116.79 (5.94%)
2025-06-26 17:31:13,621 - src.data.trading_system - INFO - Opened long position in ITC.NS at $471.92, Shares: 4.17, Size: $1968.50
2025-06-26 17:31:13,621 - src.data.trading_system - INFO - Opened long position in ITC.NS at 471.918701171875
2025-06-26 17:31:13,626 - src.data.trading_system - INFO - Closed long position in ITC.NS at $455.97, P&L: $-66.53 (-3.38%)
2025-06-26 17:31:14,047 - src.data.trading_system - INFO - Opened long position in ITC.NS at $450.41, Shares: 4.37, Size: $1967.17
2025-06-26 17:31:14,047 - src.data.trading_system - INFO - Opened long position in ITC.NS at 450.41070556640625
2025-06-26 17:31:14,068 - src.data.trading_system - INFO - Closed long position in ITC.NS at $472.74, P&L: $97.52 (4.96%)
2025-06-26 17:31:14,472 - src.data.trading_system - INFO - Opened short position in ITC.NS at $472.74, Shares: 4.17, Size: $1969.12
2025-06-26 17:31:14,472 - src.data.trading_system - INFO - Opened short position in ITC.NS at 472.7403259277344
2025-06-26 17:31:14,473 - src.data.trading_system - INFO - Closed short position in ITC.NS at $427.89, P&L: $186.83 (9.49%)
2025-06-26 17:31:14,896 - src.data.trading_system - INFO - Opened short position in ITC.NS at $447.12, Shares: 4.41, Size: $1972.86
2025-06-26 17:31:14,897 - src.data.trading_system - INFO - Opened short position in ITC.NS at 447.1240539550781
2025-06-26 17:31:14,899 - src.data.trading_system - INFO - Closed short position in ITC.NS at $426.39, P&L: $91.49 (4.64%)
2025-06-26 17:31:15,329 - src.data.trading_system - INFO - Opened short position in ITC.NS at $413.92, Shares: 4.77, Size: $1974.69
2025-06-26 17:31:15,329 - src.data.trading_system - INFO - Opened short position in ITC.NS at 413.92340087890625
2025-06-26 17:31:15,331 - src.data.trading_system - INFO - Closed short position in ITC.NS at $425.76, P&L: $-56.45 (-2.86%)
2025-06-26 17:31:15,730 - src.data.trading_system - INFO - Opened short position in ITC.NS at $425.76, Shares: 4.64, Size: $1973.56
2025-06-26 17:31:15,730 - src.data.trading_system - INFO - Opened short position in ITC.NS at 425.75543212890625
2025-06-26 17:31:15,744 - src.data.trading_system - INFO - Closed short position in ITC.NS at $434.89, P&L: $-42.33 (-2.14%)
2025-06-26 17:31:16,301 - src.data.trading_system - INFO - Completed ITC.NS: Trades: 7, P&L: $327.32
2025-06-26 17:31:16,301 - src.data.trading_system - INFO - 
Processing KOTAKBANK.NS...
2025-06-26 17:31:16,339 - src.data.trading_system - INFO - Opened short position in KOTAKBANK.NS at $1871.95, Shares: 1.05, Size: $1972.71
2025-06-26 17:31:16,339 - src.data.trading_system - INFO - Opened short position in KOTAKBANK.NS at 1871.949951171875
2025-06-26 17:31:16,340 - src.data.trading_system - INFO - Closed short position in KOTAKBANK.NS at $1934.70, P&L: $-66.13 (-3.35%)
2025-06-26 17:31:16,786 - src.data.trading_system - INFO - Opened short position in KOTAKBANK.NS at $1934.70, Shares: 1.02, Size: $1971.39
2025-06-26 17:31:16,787 - src.data.trading_system - INFO - Opened short position in KOTAKBANK.NS at 1934.699951171875
2025-06-26 17:31:16,789 - src.data.trading_system - INFO - Closed short position in KOTAKBANK.NS at $1853.95, P&L: $82.28 (4.17%)
2025-06-26 17:31:17,387 - src.data.trading_system - INFO - Opened short position in KOTAKBANK.NS at $2079.00, Shares: 0.95, Size: $1973.03
2025-06-26 17:31:17,387 - src.data.trading_system - INFO - Opened short position in KOTAKBANK.NS at 2079.0
2025-06-26 17:31:17,387 - src.data.trading_system - INFO - Closed short position in KOTAKBANK.NS at $2176.15, P&L: $-92.20 (-4.67%)
2025-06-26 17:31:17,877 - src.data.trading_system - INFO - Opened short position in KOTAKBANK.NS at $2176.15, Shares: 0.91, Size: $1971.19
2025-06-26 17:31:17,877 - src.data.trading_system - INFO - Opened short position in KOTAKBANK.NS at 2176.14990234375
2025-06-26 17:31:17,889 - src.data.trading_system - INFO - Closed short position in KOTAKBANK.NS at $2037.85, P&L: $125.27 (6.36%)
2025-06-26 17:31:18,297 - src.data.trading_system - INFO - Opened short position in KOTAKBANK.NS at $2208.10, Shares: 0.89, Size: $1973.70
2025-06-26 17:31:18,297 - src.data.trading_system - INFO - Opened short position in KOTAKBANK.NS at 2208.10009765625
2025-06-26 17:31:18,298 - src.data.trading_system - INFO - Closed short position in KOTAKBANK.NS at $2084.90, P&L: $110.12 (5.58%)
2025-06-26 17:31:18,698 - src.data.trading_system - INFO - Opened short position in KOTAKBANK.NS at $2223.60, Shares: 0.89, Size: $1975.90
2025-06-26 17:31:18,698 - src.data.trading_system - INFO - Opened short position in KOTAKBANK.NS at 2223.60009765625
2025-06-26 17:31:18,700 - src.data.trading_system - INFO - Completed KOTAKBANK.NS: Trades: 5, P&L: $159.35
2025-06-26 17:31:18,700 - src.data.trading_system - INFO - 
Processing BHARTIARTL.NS...
2025-06-26 17:31:18,713 - src.data.trading_system - INFO - Opened short position in BHARTIARTL.NS at $1506.01, Shares: 1.29, Size: $1936.38
2025-06-26 17:31:18,714 - src.data.trading_system - INFO - Opened short position in BHARTIARTL.NS at 1506.00732421875
2025-06-26 17:31:18,717 - src.data.trading_system - INFO - Closed short position in BHARTIARTL.NS at $1435.55, P&L: $90.59 (4.68%)
2025-06-26 17:31:19,105 - src.data.trading_system - INFO - Opened short position in BHARTIARTL.NS at $1522.75, Shares: 1.27, Size: $1938.19
2025-06-26 17:31:19,106 - src.data.trading_system - INFO - Opened short position in BHARTIARTL.NS at 1522.75
2025-06-26 17:31:19,106 - src.data.trading_system - INFO - Closed short position in BHARTIARTL.NS at $1556.35, P&L: $-42.77 (-2.21%)
2025-06-26 17:31:19,574 - src.data.trading_system - INFO - Opened short position in BHARTIARTL.NS at $1556.35, Shares: 1.24, Size: $1937.34
2025-06-26 17:31:19,574 - src.data.trading_system - INFO - Opened short position in BHARTIARTL.NS at 1556.3499755859375
2025-06-26 17:31:19,575 - src.data.trading_system - INFO - Closed short position in BHARTIARTL.NS at $1589.05, P&L: $-40.70 (-2.10%)
2025-06-26 17:31:20,287 - src.data.trading_system - INFO - Opened short position in BHARTIARTL.NS at $1589.05, Shares: 1.22, Size: $1936.52
2025-06-26 17:31:20,288 - src.data.trading_system - INFO - Opened short position in BHARTIARTL.NS at 1589.050048828125
2025-06-26 17:31:20,292 - src.data.trading_system - INFO - Closed short position in BHARTIARTL.NS at $1646.75, P&L: $-70.32 (-3.63%)
2025-06-26 17:31:20,684 - src.data.trading_system - INFO - Opened short position in BHARTIARTL.NS at $1646.75, Shares: 1.18, Size: $1935.12
2025-06-26 17:31:20,684 - src.data.trading_system - INFO - Opened short position in BHARTIARTL.NS at 1646.75
2025-06-26 17:31:20,687 - src.data.trading_system - INFO - Closed short position in BHARTIARTL.NS at $1711.75, P&L: $-76.38 (-3.95%)
2025-06-26 17:31:21,094 - src.data.trading_system - INFO - Opened short position in BHARTIARTL.NS at $1711.75, Shares: 1.13, Size: $1933.59
2025-06-26 17:31:21,094 - src.data.trading_system - INFO - Opened short position in BHARTIARTL.NS at 1711.75
2025-06-26 17:31:21,095 - src.data.trading_system - INFO - Closed short position in BHARTIARTL.NS at $1750.45, P&L: $-43.72 (-2.26%)
2025-06-26 17:31:21,500 - src.data.trading_system - INFO - Opened short position in BHARTIARTL.NS at $1750.45, Shares: 1.10, Size: $1932.71
2025-06-26 17:31:21,500 - src.data.trading_system - INFO - Opened short position in BHARTIARTL.NS at 1750.449951171875
2025-06-26 17:31:21,506 - src.data.trading_system - INFO - Closed short position in BHARTIARTL.NS at $1673.45, P&L: $85.02 (4.40%)
2025-06-26 17:31:21,902 - src.data.trading_system - INFO - Opened long position in BHARTIARTL.NS at $1612.60, Shares: 1.20, Size: $1934.41
2025-06-26 17:31:21,902 - src.data.trading_system - INFO - Opened long position in BHARTIARTL.NS at 1612.5999755859375
2025-06-26 17:31:21,903 - src.data.trading_system - INFO - Closed long position in BHARTIARTL.NS at $1578.40, P&L: $-41.02 (-2.12%)
2025-06-26 17:31:22,292 - src.data.trading_system - INFO - Opened long position in BHARTIARTL.NS at $1578.40, Shares: 1.23, Size: $1933.59
2025-06-26 17:31:22,292 - src.data.trading_system - INFO - Opened long position in BHARTIARTL.NS at 1578.4000244140625
2025-06-26 17:31:22,297 - src.data.trading_system - INFO - Closed long position in BHARTIARTL.NS at $1537.00, P&L: $-50.72 (-2.62%)
2025-06-26 17:31:22,924 - src.data.trading_system - INFO - Opened short position in BHARTIARTL.NS at $1725.80, Shares: 1.12, Size: $1932.58
2025-06-26 17:31:22,924 - src.data.trading_system - INFO - Opened short position in BHARTIARTL.NS at 1725.800048828125
2025-06-26 17:31:22,953 - src.data.trading_system - INFO - Closed short position in BHARTIARTL.NS at $1798.80, P&L: $-81.75 (-4.23%)
2025-06-26 17:31:23,386 - src.data.trading_system - INFO - Opened short position in BHARTIARTL.NS at $1889.10, Shares: 1.02, Size: $1930.95
2025-06-26 17:31:23,386 - src.data.trading_system - INFO - Opened short position in BHARTIARTL.NS at 1889.0999755859375
2025-06-26 17:31:23,399 - src.data.trading_system - INFO - Closed short position in BHARTIARTL.NS at $1808.90, P&L: $81.98 (4.25%)
2025-06-26 17:31:23,819 - src.data.trading_system - INFO - Opened short position in BHARTIARTL.NS at $1936.70, Shares: 1.00, Size: $1932.58
2025-06-26 17:31:23,820 - src.data.trading_system - INFO - Opened short position in BHARTIARTL.NS at 1936.699951171875
2025-06-26 17:31:23,823 - src.data.trading_system - INFO - Closed short position in BHARTIARTL.NS at $2014.30, P&L: $-77.44 (-4.01%)
2025-06-26 17:31:24,194 - src.data.trading_system - INFO - Opened short position in BHARTIARTL.NS at $2014.30, Shares: 0.96, Size: $1931.04
2025-06-26 17:31:24,194 - src.data.trading_system - INFO - Opened short position in BHARTIARTL.NS at 2014.300048828125
2025-06-26 17:31:24,195 - src.data.trading_system - INFO - Completed BHARTIARTL.NS: Trades: 12, P&L: $-267.22
2025-06-26 17:31:24,195 - src.data.trading_system - INFO - 
Processing SBIN.NS...
2025-06-26 17:31:24,241 - src.data.trading_system - INFO - Opened long position in SBIN.NS at $795.67, Shares: 2.38, Size: $1892.42
2025-06-26 17:31:24,241 - src.data.trading_system - INFO - Opened long position in SBIN.NS at 795.6732788085938
2025-06-26 17:31:24,266 - src.data.trading_system - INFO - Closed long position in SBIN.NS at $767.10, P&L: $-67.97 (-3.59%)
2025-06-26 17:31:24,663 - src.data.trading_system - INFO - Opened long position in SBIN.NS at $768.81, Shares: 2.46, Size: $1891.06
2025-06-26 17:31:24,663 - src.data.trading_system - INFO - Opened long position in SBIN.NS at 768.8125610351562
2025-06-26 17:31:24,680 - src.data.trading_system - INFO - Closed long position in SBIN.NS at $804.25, P&L: $87.17 (4.61%)
2025-06-26 17:31:25,307 - src.data.trading_system - INFO - Opened long position in SBIN.NS at $783.91, Shares: 2.41, Size: $1892.80
2025-06-26 17:31:25,307 - src.data.trading_system - INFO - Opened long position in SBIN.NS at 783.9094848632812
2025-06-26 17:31:25,310 - src.data.trading_system - INFO - Closed long position in SBIN.NS at $761.12, P&L: $-55.03 (-2.91%)
2025-06-26 17:31:25,704 - src.data.trading_system - INFO - Opened long position in SBIN.NS at $715.14, Shares: 2.65, Size: $1891.70
2025-06-26 17:31:25,705 - src.data.trading_system - INFO - Opened long position in SBIN.NS at 715.1403198242188
2025-06-26 17:31:25,706 - src.data.trading_system - INFO - Closed long position in SBIN.NS at $751.22, P&L: $95.43 (5.04%)
2025-06-26 17:31:26,158 - src.data.trading_system - INFO - Opened short position in SBIN.NS at $765.43, Shares: 2.47, Size: $1893.61
2025-06-26 17:31:26,158 - src.data.trading_system - INFO - Opened short position in SBIN.NS at 765.4304809570312
2025-06-26 17:31:26,168 - src.data.trading_system - INFO - Closed short position in SBIN.NS at $732.20, P&L: $82.21 (4.34%)
2025-06-26 17:31:26,590 - src.data.trading_system - INFO - Completed SBIN.NS: Trades: 5, P&L: $141.81
2025-06-26 17:31:26,590 - src.data.trading_system - INFO - 
Processing TCS.NS...
2025-06-26 17:31:26,617 - src.data.trading_system - INFO - Opened short position in TCS.NS at $4451.10, Shares: 0.43, Size: $1895.25
2025-06-26 17:31:26,617 - src.data.trading_system - INFO - Opened short position in TCS.NS at 4451.10400390625
2025-06-26 17:31:26,623 - src.data.trading_system - INFO - Closed short position in TCS.NS at $4237.84, P&L: $90.81 (4.79%)
2025-06-26 17:31:27,003 - src.data.trading_system - INFO - Opened long position in TCS.NS at $4237.84, Shares: 0.45, Size: $1897.07
2025-06-26 17:31:27,003 - src.data.trading_system - INFO - Opened long position in TCS.NS at 4237.837890625
2025-06-26 17:31:27,012 - src.data.trading_system - INFO - Closed long position in TCS.NS at $4092.88, P&L: $-64.89 (-3.42%)
2025-06-26 17:31:27,419 - src.data.trading_system - INFO - Opened long position in TCS.NS at $4039.37, Shares: 0.47, Size: $1895.77
2025-06-26 17:31:27,419 - src.data.trading_system - INFO - Opened long position in TCS.NS at 4039.369384765625
2025-06-26 17:31:27,425 - src.data.trading_system - INFO - Closed long position in TCS.NS at $3924.14, P&L: $-54.08 (-2.85%)
2025-06-26 17:31:27,833 - src.data.trading_system - INFO - Opened short position in TCS.NS at $4266.92, Shares: 0.44, Size: $1894.69
2025-06-26 17:31:27,833 - src.data.trading_system - INFO - Opened short position in TCS.NS at 4266.91552734375
2025-06-26 17:31:27,837 - src.data.trading_system - INFO - Closed short position in TCS.NS at $4414.20, P&L: $-65.40 (-3.45%)
2025-06-26 17:31:28,407 - src.data.trading_system - WARNING - Failed to log to Google Sheets: APIError: [429]: Quota exceeded for quota metric 'Write requests' and limit 'Write requests per minute per user' of service 'sheets.googleapis.com' for consumer 'project_number:865464599530'.
2025-06-26 17:31:28,436 - src.data.trading_system - INFO - Opened long position in TCS.NS at $3928.63, Shares: 0.48, Size: $1893.38
2025-06-26 17:31:28,436 - src.data.trading_system - INFO - Opened long position in TCS.NS at 3928.631103515625
2025-06-26 17:31:28,438 - src.data.trading_system - INFO - Closed long position in TCS.NS at $3839.08, P&L: $-43.16 (-2.28%)
2025-06-26 17:31:28,755 - src.data.trading_system - WARNING - Failed to log to Google Sheets: APIError: [429]: Quota exceeded for quota metric 'Write requests' and limit 'Write requests per minute per user' of service 'sheets.googleapis.com' for consumer 'project_number:865464599530'.
2025-06-26 17:31:28,757 - src.data.trading_system - INFO - Opened long position in TCS.NS at $3750.76, Shares: 0.50, Size: $1892.52
2025-06-26 17:31:28,757 - src.data.trading_system - INFO - Opened long position in TCS.NS at 3750.761962890625
2025-06-26 17:31:28,759 - src.data.trading_system - INFO - Closed long position in TCS.NS at $3643.22, P&L: $-54.26 (-2.87%)
2025-06-26 17:31:29,070 - src.data.trading_system - WARNING - Failed to log to Google Sheets: APIError: [429]: Quota exceeded for quota metric 'Write requests' and limit 'Write requests per minute per user' of service 'sheets.googleapis.com' for consumer 'project_number:865464599530'.
2025-06-26 17:31:29,071 - src.data.trading_system - INFO - Opened long position in TCS.NS at $3643.22, Shares: 0.52, Size: $1891.43
2025-06-26 17:31:29,071 - src.data.trading_system - INFO - Opened long position in TCS.NS at 3643.218017578125
2025-06-26 17:31:29,073 - src.data.trading_system - INFO - Closed long position in TCS.NS at $3452.56, P&L: $-98.98 (-5.23%)
2025-06-26 17:31:29,383 - src.data.trading_system - WARNING - Failed to log to Google Sheets: APIError: [429]: Quota exceeded for quota metric 'Write requests' and limit 'Write requests per minute per user' of service 'sheets.googleapis.com' for consumer 'project_number:865464599530'.
2025-06-26 17:31:29,384 - src.data.trading_system - INFO - Opened long position in TCS.NS at $3452.56, Shares: 0.55, Size: $1889.45
2025-06-26 17:31:29,384 - src.data.trading_system - INFO - Opened long position in TCS.NS at 3452.5625
2025-06-26 17:31:29,394 - src.data.trading_system - INFO - Closed long position in TCS.NS at $3596.98, P&L: $79.03 (4.18%)
2025-06-26 17:31:29,691 - src.data.trading_system - WARNING - Failed to log to Google Sheets: APIError: [429]: Quota exceeded for quota metric 'Write requests' and limit 'Write requests per minute per user' of service 'sheets.googleapis.com' for consumer 'project_number:865464599530'.
2025-06-26 17:31:29,703 - src.data.trading_system - INFO - Opened long position in TCS.NS at $3285.20, Shares: 0.58, Size: $1891.03
2025-06-26 17:31:29,703 - src.data.trading_system - INFO - Opened long position in TCS.NS at 3285.199951171875
2025-06-26 17:31:29,704 - src.data.trading_system - INFO - Closed long position in TCS.NS at $3417.62, P&L: $76.23 (4.03%)
2025-06-26 17:31:30,001 - src.data.trading_system - WARNING - Failed to log to Google Sheets: APIError: [429]: Quota exceeded for quota metric 'Write requests' and limit 'Write requests per minute per user' of service 'sheets.googleapis.com' for consumer 'project_number:865464599530'.
2025-06-26 17:31:30,007 - src.data.trading_system - INFO - Opened short position in TCS.NS at $3588.50, Shares: 0.53, Size: $1892.56
2025-06-26 17:31:30,007 - src.data.trading_system - INFO - Opened short position in TCS.NS at 3588.50390625
2025-06-26 17:31:30,018 - src.data.trading_system - INFO - Closed short position in TCS.NS at $3432.89, P&L: $82.07 (4.34%)
2025-06-26 17:31:30,339 - src.data.trading_system - WARNING - Failed to log to Google Sheets: APIError: [429]: Quota exceeded for quota metric 'Write requests' and limit 'Write requests per minute per user' of service 'sheets.googleapis.com' for consumer 'project_number:865464599530'.
2025-06-26 17:31:30,351 - src.data.trading_system - INFO - Completed TCS.NS: Trades: 10, P&L: $-52.64
2025-06-26 17:31:30,352 - src.data.trading_system - INFO - 
Processing LT.NS...
2025-06-26 17:31:30,443 - src.data.trading_system - INFO - Opened short position in LT.NS at $3910.83, Shares: 0.48, Size: $1894.20
2025-06-26 17:31:30,443 - src.data.trading_system - INFO - Opened short position in LT.NS at 3910.826416015625
2025-06-26 17:31:30,446 - src.data.trading_system - INFO - Closed short position in LT.NS at $3723.42, P&L: $90.77 (4.79%)
2025-06-26 17:31:30,734 - src.data.trading_system - WARNING - Failed to log to Google Sheets: APIError: [429]: Quota exceeded for quota metric 'Write requests' and limit 'Write requests per minute per user' of service 'sheets.googleapis.com' for consumer 'project_number:865464599530'.
2025-06-26 17:31:30,796 - src.data.trading_system - INFO - Opened short position in LT.NS at $3384.39, Shares: 0.56, Size: $1896.01
2025-06-26 17:31:30,797 - src.data.trading_system - INFO - Opened short position in LT.NS at 3384.385986328125
2025-06-26 17:31:30,800 - src.data.trading_system - INFO - Closed short position in LT.NS at $3469.24, P&L: $-47.54 (-2.51%)
2025-06-26 17:31:31,091 - src.data.trading_system - WARNING - Failed to log to Google Sheets: APIError: [429]: Quota exceeded for quota metric 'Write requests' and limit 'Write requests per minute per user' of service 'sheets.googleapis.com' for consumer 'project_number:865464599530'.
2025-06-26 17:31:31,110 - src.data.trading_system - INFO - Opened short position in LT.NS at $3554.05, Shares: 0.53, Size: $1895.06
2025-06-26 17:31:31,111 - src.data.trading_system - INFO - Opened short position in LT.NS at 3554.0537109375
2025-06-26 17:31:31,118 - src.data.trading_system - INFO - Closed short position in LT.NS at $3641.14, P&L: $-46.44 (-2.45%)
2025-06-26 17:31:31,437 - src.data.trading_system - WARNING - Failed to log to Google Sheets: APIError: [429]: Quota exceeded for quota metric 'Write requests' and limit 'Write requests per minute per user' of service 'sheets.googleapis.com' for consumer 'project_number:865464599530'.
2025-06-26 17:31:31,450 - src.data.trading_system - INFO - Completed LT.NS: Trades: 3, P&L: $-3.21
2025-06-26 17:31:31,450 - src.data.trading_system - INFO - 
Processing INFY.NS...
2025-06-26 17:31:31,497 - src.data.trading_system - INFO - Opened long position in INFY.NS at $1732.87, Shares: 1.09, Size: $1894.13
2025-06-26 17:31:31,497 - src.data.trading_system - INFO - Opened long position in INFY.NS at 1732.868408203125
2025-06-26 17:31:31,500 - src.data.trading_system - INFO - Closed long position in INFY.NS at $1804.56, P&L: $78.36 (4.14%)
2025-06-26 17:31:31,789 - src.data.trading_system - WARNING - Failed to log to Google Sheets: APIError: [429]: Quota exceeded for quota metric 'Write requests' and limit 'Write requests per minute per user' of service 'sheets.googleapis.com' for consumer 'project_number:865464599530'.
2025-06-26 17:31:31,831 - src.data.trading_system - INFO - Opened long position in INFY.NS at $1739.62, Shares: 1.09, Size: $1895.70
2025-06-26 17:31:31,831 - src.data.trading_system - INFO - Opened long position in INFY.NS at 1739.623291015625
2025-06-26 17:31:31,832 - src.data.trading_system - INFO - Closed long position in INFY.NS at $1664.28, P&L: $-82.10 (-4.33%)
2025-06-26 17:31:32,134 - src.data.trading_system - WARNING - Failed to log to Google Sheets: APIError: [429]: Quota exceeded for quota metric 'Write requests' and limit 'Write requests per minute per user' of service 'sheets.googleapis.com' for consumer 'project_number:865464599530'.
2025-06-26 17:31:32,135 - src.data.trading_system - INFO - Opened long position in INFY.NS at $1664.28, Shares: 1.14, Size: $1894.06
2025-06-26 17:31:32,135 - src.data.trading_system - INFO - Opened long position in INFY.NS at 1664.2833251953125
2025-06-26 17:31:32,139 - src.data.trading_system - INFO - Closed long position in INFY.NS at $1568.78, P&L: $-108.69 (-5.74%)
2025-06-26 17:31:32,489 - src.data.trading_system - WARNING - Failed to log to Google Sheets: APIError: [429]: Quota exceeded for quota metric 'Write requests' and limit 'Write requests per minute per user' of service 'sheets.googleapis.com' for consumer 'project_number:865464599530'.
2025-06-26 17:31:32,490 - src.data.trading_system - INFO - Opened long position in INFY.NS at $1568.78, Shares: 1.21, Size: $1891.89
2025-06-26 17:31:32,491 - src.data.trading_system - INFO - Opened long position in INFY.NS at 1568.777099609375
2025-06-26 17:31:32,497 - src.data.trading_system - INFO - Closed long position in INFY.NS at $1505.32, P&L: $-76.53 (-4.05%)
2025-06-26 17:31:32,810 - src.data.trading_system - WARNING - Failed to log to Google Sheets: APIError: [429]: Quota exceeded for quota metric 'Write requests' and limit 'Write requests per minute per user' of service 'sheets.googleapis.com' for consumer 'project_number:865464599530'.
2025-06-26 17:31:32,814 - src.data.trading_system - INFO - Opened long position in INFY.NS at $1377.37, Shares: 1.37, Size: $1890.36
2025-06-26 17:31:32,814 - src.data.trading_system - INFO - Opened long position in INFY.NS at 1377.3702392578125
2025-06-26 17:31:32,824 - src.data.trading_system - INFO - Closed long position in INFY.NS at $1454.44, P&L: $105.77 (5.60%)
2025-06-26 17:31:33,110 - src.data.trading_system - WARNING - Failed to log to Google Sheets: APIError: [429]: Quota exceeded for quota metric 'Write requests' and limit 'Write requests per minute per user' of service 'sheets.googleapis.com' for consumer 'project_number:865464599530'.
2025-06-26 17:31:33,118 - src.data.trading_system - INFO - Opened short position in INFY.NS at $1604.33, Shares: 1.18, Size: $1892.47
2025-06-26 17:31:33,119 - src.data.trading_system - INFO - Opened short position in INFY.NS at 1604.3270263671875
2025-06-26 17:31:33,122 - src.data.trading_system - INFO - Closed short position in INFY.NS at $1538.16, P&L: $78.05 (4.12%)
2025-06-26 17:31:33,417 - src.data.trading_system - WARNING - Failed to log to Google Sheets: APIError: [429]: Quota exceeded for quota metric 'Write requests' and limit 'Write requests per minute per user' of service 'sheets.googleapis.com' for consumer 'project_number:865464599530'.
2025-06-26 17:31:33,429 - src.data.trading_system - INFO - Opened short position in INFY.NS at $1631.10, Shares: 1.16, Size: $1894.03
2025-06-26 17:31:33,429 - src.data.trading_system - INFO - Opened short position in INFY.NS at 1631.0999755859375
2025-06-26 17:31:33,436 - src.data.trading_system - INFO - Completed INFY.NS: Trades: 6, P&L: $-5.13
2025-06-26 17:31:35,063 - src.data.trading_system - INFO - 
Performance report generated: /workspaces/algoTradingSystem/trading_results/figures/performance_report_20250626_173135.html
2025-06-26 17:31:35,070 - root - INFO - Results saved to trading_results
