2025-06-27 08:37:25,042 - src.data.google_sheets_logger - INFO - gspread worksheet opened successfully.
2025-06-27 08:37:25,047 - googleapiclient.discovery_cache - INFO - file_cache is only supported with oauth2client<4.0.0
2025-06-27 08:37:25,051 - src.data.google_sheets_logger - INFO - Google Sheets API service initialized.
2025-06-27 08:38:16,969 - __main__ - INFO - Starting trading system in Backtest mode
2025-06-27 08:38:16,969 - __main__ - INFO - Initial capital: $100,000.00
2025-06-27 08:38:18,617 - src.data.google_sheets_logger - INFO - gspread worksheet opened successfully.
2025-06-27 08:38:18,620 - googleapiclient.discovery_cache - INFO - file_cache is only supported with oauth2client<4.0.0
2025-06-27 08:38:18,622 - src.data.google_sheets_logger - INFO - Google Sheets API service initialized.
2025-06-27 08:38:18,622 - src.data.trading_system - INFO - ✅ Google Sheets logging enabled
2025-06-27 08:38:18,622 - src.data.trading_system - INFO - Connected to: https://docs.google.com/spreadsheets/d/1yhmCMKFpMsjvsEfRzzXZWXCaU7Mao8bYt1MSK7r-12A
2025-06-27 08:38:18,624 - src.data.trading_system - INFO - 
Starting backtest for all symbols
2025-06-27 08:38:18,624 - src.data.trading_system - INFO - Period: 2024-06-27 to 2025-06-27
2025-06-27 08:38:19,144 - src.data.trading_system - INFO - 
Processing RELIANCE.NS...
2025-06-27 08:38:19,234 - src.data.trading_system - INFO - Opened long position in RELIANCE.NS at $1370.72, Shares: 1.46, Size: $2000.00
2025-06-27 08:38:19,234 - src.data.trading_system - INFO - Opened long position in RELIANCE.NS at 1370.7249755859375
2025-06-27 08:38:19,246 - src.data.trading_system - INFO - Closed long position in RELIANCE.NS at $1338.53, P&L: $-46.98 (-2.35%)
2025-06-27 08:38:19,698 - src.data.trading_system - INFO - Opened long position in RELIANCE.NS at $1283.75, Shares: 1.56, Size: $1999.06
2025-06-27 08:38:19,699 - src.data.trading_system - INFO - Opened long position in RELIANCE.NS at 1283.75
2025-06-27 08:38:19,700 - src.data.trading_system - INFO - Closed long position in RELIANCE.NS at $1252.05, P&L: $-49.36 (-2.47%)
2025-06-27 08:38:21,065 - src.data.trading_system - INFO - Opened long position in RELIANCE.NS at $1252.05, Shares: 1.60, Size: $1998.07
2025-06-27 08:38:21,065 - src.data.trading_system - INFO - Opened long position in RELIANCE.NS at 1252.050048828125
2025-06-27 08:38:21,067 - src.data.trading_system - INFO - Closed long position in RELIANCE.NS at $1223.00, P&L: $-46.36 (-2.32%)
2025-06-27 08:38:21,486 - src.data.trading_system - INFO - Opened long position in RELIANCE.NS at $1223.00, Shares: 1.63, Size: $1997.15
2025-06-27 08:38:21,486 - src.data.trading_system - INFO - Opened long position in RELIANCE.NS at 1223.0
2025-06-27 08:38:21,487 - src.data.trading_system - INFO - Closed long position in RELIANCE.NS at $1287.00, P&L: $104.51 (5.23%)
2025-06-27 08:38:21,901 - src.data.trading_system - INFO - Opened long position in RELIANCE.NS at $1205.30, Shares: 1.66, Size: $1999.24
2025-06-27 08:38:21,901 - src.data.trading_system - INFO - Opened long position in RELIANCE.NS at 1205.300048828125
2025-06-27 08:38:21,908 - src.data.trading_system - INFO - Closed long position in RELIANCE.NS at $1265.50, P&L: $99.85 (4.99%)
2025-06-27 08:38:22,330 - src.data.trading_system - INFO - Opened short position in RELIANCE.NS at $1302.35, Shares: 1.54, Size: $2001.23
2025-06-27 08:38:22,330 - src.data.trading_system - INFO - Opened short position in RELIANCE.NS at 1302.3499755859375
2025-06-27 08:38:22,332 - src.data.trading_system - INFO - Closed short position in RELIANCE.NS at $1246.30, P&L: $86.13 (4.30%)
2025-06-27 08:38:22,743 - src.data.trading_system - INFO - Opened long position in RELIANCE.NS at $1171.25, Shares: 1.71, Size: $2002.96
2025-06-27 08:38:22,743 - src.data.trading_system - INFO - Opened long position in RELIANCE.NS at 1171.25
2025-06-27 08:38:22,745 - src.data.trading_system - INFO - Closed long position in RELIANCE.NS at $1249.80, P&L: $134.33 (6.71%)
2025-06-27 08:38:23,158 - src.data.trading_system - INFO - Opened short position in RELIANCE.NS at $1302.10, Shares: 1.54, Size: $2005.64
2025-06-27 08:38:23,158 - src.data.trading_system - INFO - Opened short position in RELIANCE.NS at 1302.0999755859375
2025-06-27 08:38:23,161 - src.data.trading_system - INFO - Closed short position in RELIANCE.NS at $1248.70, P&L: $82.25 (4.10%)
2025-06-27 08:38:23,600 - src.data.trading_system - INFO - Opened short position in RELIANCE.NS at $1368.80, Shares: 1.47, Size: $2007.29
2025-06-27 08:38:23,600 - src.data.trading_system - INFO - Opened short position in RELIANCE.NS at 1368.800048828125
2025-06-27 08:38:23,600 - src.data.trading_system - INFO - Closed short position in RELIANCE.NS at $1399.70, P&L: $-45.31 (-2.26%)
2025-06-27 08:38:24,048 - src.data.trading_system - INFO - Opened short position in RELIANCE.NS at $1399.70, Shares: 1.43, Size: $2006.38
2025-06-27 08:38:24,049 - src.data.trading_system - INFO - Opened short position in RELIANCE.NS at 1399.699951171875
2025-06-27 08:38:24,050 - src.data.trading_system - INFO - Closed short position in RELIANCE.NS at $1431.30, P&L: $-45.30 (-2.26%)
2025-06-27 08:38:24,496 - src.data.trading_system - INFO - Completed RELIANCE.NS: Trades: 10, P&L: $273.76
2025-06-27 08:38:24,496 - src.data.trading_system - INFO - 
Processing BHARTIARTL.NS...
2025-06-27 08:38:24,509 - src.data.trading_system - INFO - Opened short position in BHARTIARTL.NS at $1506.01, Shares: 1.33, Size: $2005.48
2025-06-27 08:38:24,509 - src.data.trading_system - INFO - Opened short position in BHARTIARTL.NS at 1506.00732421875
2025-06-27 08:38:24,513 - src.data.trading_system - INFO - Closed short position in BHARTIARTL.NS at $1435.55, P&L: $93.82 (4.68%)
2025-06-27 08:38:24,909 - src.data.trading_system - INFO - Opened short position in BHARTIARTL.NS at $1522.75, Shares: 1.32, Size: $2007.35
2025-06-27 08:38:24,909 - src.data.trading_system - INFO - Opened short position in BHARTIARTL.NS at 1522.75
2025-06-27 08:38:24,910 - src.data.trading_system - INFO - Closed short position in BHARTIARTL.NS at $1556.35, P&L: $-44.29 (-2.21%)
2025-06-27 08:38:25,302 - src.data.trading_system - INFO - Opened short position in BHARTIARTL.NS at $1556.35, Shares: 1.29, Size: $2006.47
2025-06-27 08:38:25,303 - src.data.trading_system - INFO - Opened short position in BHARTIARTL.NS at 1556.3499755859375
2025-06-27 08:38:25,303 - src.data.trading_system - INFO - Closed short position in BHARTIARTL.NS at $1589.05, P&L: $-42.16 (-2.10%)
2025-06-27 08:38:25,706 - src.data.trading_system - INFO - Opened short position in BHARTIARTL.NS at $1589.05, Shares: 1.26, Size: $2005.62
2025-06-27 08:38:25,706 - src.data.trading_system - INFO - Opened short position in BHARTIARTL.NS at 1589.050048828125
2025-06-27 08:38:25,710 - src.data.trading_system - INFO - Closed short position in BHARTIARTL.NS at $1646.75, P&L: $-72.83 (-3.63%)
2025-06-27 08:38:26,108 - src.data.trading_system - INFO - Opened short position in BHARTIARTL.NS at $1646.75, Shares: 1.22, Size: $2004.17
2025-06-27 08:38:26,108 - src.data.trading_system - INFO - Opened short position in BHARTIARTL.NS at 1646.75
2025-06-27 08:38:26,111 - src.data.trading_system - INFO - Closed short position in BHARTIARTL.NS at $1711.75, P&L: $-79.11 (-3.95%)
2025-06-27 08:38:26,529 - src.data.trading_system - INFO - Opened short position in BHARTIARTL.NS at $1711.75, Shares: 1.17, Size: $2002.58
2025-06-27 08:38:26,529 - src.data.trading_system - INFO - Opened short position in BHARTIARTL.NS at 1711.75
2025-06-27 08:38:26,529 - src.data.trading_system - INFO - Closed short position in BHARTIARTL.NS at $1750.45, P&L: $-45.28 (-2.26%)
2025-06-27 08:38:26,911 - src.data.trading_system - INFO - Opened short position in BHARTIARTL.NS at $1750.45, Shares: 1.14, Size: $2001.68
2025-06-27 08:38:26,912 - src.data.trading_system - INFO - Opened short position in BHARTIARTL.NS at 1750.449951171875
2025-06-27 08:38:26,915 - src.data.trading_system - INFO - Closed short position in BHARTIARTL.NS at $1673.45, P&L: $88.05 (4.40%)
2025-06-27 08:38:27,347 - src.data.trading_system - INFO - Opened long position in BHARTIARTL.NS at $1612.60, Shares: 1.24, Size: $2003.44
2025-06-27 08:38:27,347 - src.data.trading_system - INFO - Opened long position in BHARTIARTL.NS at 1612.5999755859375
2025-06-27 08:38:27,348 - src.data.trading_system - INFO - Closed long position in BHARTIARTL.NS at $1578.40, P&L: $-42.49 (-2.12%)
2025-06-27 08:38:27,761 - src.data.trading_system - INFO - Opened long position in BHARTIARTL.NS at $1578.40, Shares: 1.27, Size: $2002.59
2025-06-27 08:38:27,761 - src.data.trading_system - INFO - Opened long position in BHARTIARTL.NS at 1578.4000244140625
2025-06-27 08:38:27,765 - src.data.trading_system - INFO - Closed long position in BHARTIARTL.NS at $1537.00, P&L: $-52.53 (-2.62%)
2025-06-27 08:38:28,205 - src.data.trading_system - INFO - Opened short position in BHARTIARTL.NS at $1725.80, Shares: 1.16, Size: $2001.54
2025-06-27 08:38:28,205 - src.data.trading_system - INFO - Opened short position in BHARTIARTL.NS at 1725.800048828125
2025-06-27 08:38:28,214 - src.data.trading_system - INFO - Closed short position in BHARTIARTL.NS at $1798.80, P&L: $-84.66 (-4.23%)
2025-06-27 08:38:28,633 - src.data.trading_system - INFO - Opened short position in BHARTIARTL.NS at $1889.10, Shares: 1.06, Size: $1999.85
2025-06-27 08:38:28,633 - src.data.trading_system - INFO - Opened short position in BHARTIARTL.NS at 1889.0999755859375
2025-06-27 08:38:28,646 - src.data.trading_system - INFO - Closed short position in BHARTIARTL.NS at $1808.90, P&L: $84.90 (4.25%)
2025-06-27 08:38:29,045 - src.data.trading_system - INFO - Opened short position in BHARTIARTL.NS at $1936.70, Shares: 1.03, Size: $2001.54
2025-06-27 08:38:29,045 - src.data.trading_system - INFO - Opened short position in BHARTIARTL.NS at 1936.699951171875
2025-06-27 08:38:29,047 - src.data.trading_system - INFO - Closed short position in BHARTIARTL.NS at $2014.30, P&L: $-80.20 (-4.01%)
2025-06-27 08:38:29,449 - src.data.trading_system - INFO - Opened short position in BHARTIARTL.NS at $2014.30, Shares: 0.99, Size: $1999.94
2025-06-27 08:38:29,449 - src.data.trading_system - INFO - Opened short position in BHARTIARTL.NS at 2014.300048828125
2025-06-27 08:38:29,450 - src.data.trading_system - INFO - Completed BHARTIARTL.NS: Trades: 12, P&L: $-276.76
2025-06-27 08:38:29,450 - src.data.trading_system - INFO - 
Processing TCS.NS...
2025-06-27 08:38:29,502 - src.data.trading_system - INFO - Opened short position in TCS.NS at $4391.70, Shares: 0.45, Size: $1959.94
2025-06-27 08:38:29,502 - src.data.trading_system - INFO - Opened short position in TCS.NS at 4391.70361328125
2025-06-27 08:38:29,517 - src.data.trading_system - INFO - Closed short position in TCS.NS at $4181.28, P&L: $93.91 (4.79%)
2025-06-27 08:38:29,930 - src.data.trading_system - INFO - Opened long position in TCS.NS at $4181.28, Shares: 0.47, Size: $1961.82
2025-06-27 08:38:29,930 - src.data.trading_system - INFO - Opened long position in TCS.NS at 4181.2841796875
2025-06-27 08:38:29,940 - src.data.trading_system - INFO - Closed long position in TCS.NS at $4038.26, P&L: $-67.10 (-3.42%)
2025-06-27 08:38:30,336 - src.data.trading_system - INFO - Opened long position in TCS.NS at $3985.46, Shares: 0.49, Size: $1960.48
2025-06-27 08:38:30,336 - src.data.trading_system - INFO - Opened long position in TCS.NS at 3985.463623046875
2025-06-27 08:38:30,343 - src.data.trading_system - INFO - Closed long position in TCS.NS at $3871.77, P&L: $-55.93 (-2.85%)
2025-06-27 08:38:30,763 - src.data.trading_system - INFO - Opened short position in TCS.NS at $4209.97, Shares: 0.47, Size: $1959.36
2025-06-27 08:38:30,763 - src.data.trading_system - INFO - Opened short position in TCS.NS at 4209.97314453125
2025-06-27 08:38:30,767 - src.data.trading_system - INFO - Closed short position in TCS.NS at $4355.29, P&L: $-67.63 (-3.45%)
2025-06-27 08:38:31,197 - src.data.trading_system - INFO - Opened long position in TCS.NS at $3928.63, Shares: 0.50, Size: $1958.01
2025-06-27 08:38:31,197 - src.data.trading_system - INFO - Opened long position in TCS.NS at 3928.631103515625
2025-06-27 08:38:31,200 - src.data.trading_system - INFO - Closed long position in TCS.NS at $3839.08, P&L: $-44.63 (-2.28%)
2025-06-27 08:38:31,588 - src.data.trading_system - INFO - Opened long position in TCS.NS at $3750.76, Shares: 0.52, Size: $1957.11
2025-06-27 08:38:31,589 - src.data.trading_system - INFO - Opened long position in TCS.NS at 3750.761962890625
2025-06-27 08:38:31,590 - src.data.trading_system - INFO - Closed long position in TCS.NS at $3643.22, P&L: $-56.12 (-2.87%)
2025-06-27 08:38:32,011 - src.data.trading_system - INFO - Opened long position in TCS.NS at $3643.22, Shares: 0.54, Size: $1955.99
2025-06-27 08:38:32,011 - src.data.trading_system - INFO - Opened long position in TCS.NS at 3643.218017578125
2025-06-27 08:38:32,013 - src.data.trading_system - INFO - Closed long position in TCS.NS at $3452.56, P&L: $-102.36 (-5.23%)
2025-06-27 08:38:32,407 - src.data.trading_system - INFO - Opened long position in TCS.NS at $3452.56, Shares: 0.57, Size: $1953.94
2025-06-27 08:38:32,407 - src.data.trading_system - INFO - Opened long position in TCS.NS at 3452.5625
2025-06-27 08:38:32,417 - src.data.trading_system - INFO - Closed long position in TCS.NS at $3596.98, P&L: $81.73 (4.18%)
2025-06-27 08:38:32,816 - src.data.trading_system - INFO - Opened long position in TCS.NS at $3285.20, Shares: 0.60, Size: $1955.58
2025-06-27 08:38:32,817 - src.data.trading_system - INFO - Opened long position in TCS.NS at 3285.199951171875
2025-06-27 08:38:32,818 - src.data.trading_system - INFO - Closed long position in TCS.NS at $3417.62, P&L: $78.83 (4.03%)
2025-06-27 08:38:33,238 - src.data.trading_system - INFO - Opened short position in TCS.NS at $3588.50, Shares: 0.55, Size: $1957.16
2025-06-27 08:38:33,238 - src.data.trading_system - INFO - Opened short position in TCS.NS at 3588.50390625
2025-06-27 08:38:33,246 - src.data.trading_system - INFO - Closed short position in TCS.NS at $3432.89, P&L: $84.87 (4.34%)
2025-06-27 08:38:33,661 - src.data.trading_system - INFO - Completed TCS.NS: Trades: 10, P&L: $-54.44
2025-06-27 08:38:33,661 - src.data.trading_system - INFO - 
Processing INFY.NS...
2025-06-27 08:38:33,710 - src.data.trading_system - INFO - Opened long position in INFY.NS at $1732.87, Shares: 1.13, Size: $1958.85
2025-06-27 08:38:33,710 - src.data.trading_system - INFO - Opened long position in INFY.NS at 1732.868408203125
2025-06-27 08:38:33,714 - src.data.trading_system - INFO - Closed long position in INFY.NS at $1804.56, P&L: $81.04 (4.14%)
2025-06-27 08:38:34,173 - src.data.trading_system - INFO - Opened long position in INFY.NS at $1739.62, Shares: 1.13, Size: $1960.47
2025-06-27 08:38:34,173 - src.data.trading_system - INFO - Opened long position in INFY.NS at 1739.623291015625
2025-06-27 08:38:34,175 - src.data.trading_system - INFO - Closed long position in INFY.NS at $1664.28, P&L: $-84.90 (-4.33%)
2025-06-27 08:38:34,570 - src.data.trading_system - INFO - Opened long position in INFY.NS at $1664.28, Shares: 1.18, Size: $1958.78
2025-06-27 08:38:34,570 - src.data.trading_system - INFO - Opened long position in INFY.NS at 1664.2833251953125
2025-06-27 08:38:34,574 - src.data.trading_system - INFO - Closed long position in INFY.NS at $1568.78, P&L: $-112.41 (-5.74%)
2025-06-27 08:38:34,983 - src.data.trading_system - INFO - Opened long position in INFY.NS at $1568.78, Shares: 1.25, Size: $1956.53
2025-06-27 08:38:34,984 - src.data.trading_system - INFO - Opened long position in INFY.NS at 1568.777099609375
2025-06-27 08:38:34,990 - src.data.trading_system - INFO - Closed long position in INFY.NS at $1505.32, P&L: $-79.14 (-4.05%)
2025-06-27 08:38:35,380 - src.data.trading_system - INFO - Opened long position in INFY.NS at $1377.37, Shares: 1.42, Size: $1954.94
2025-06-27 08:38:35,380 - src.data.trading_system - INFO - Opened long position in INFY.NS at 1377.3702392578125
2025-06-27 08:38:35,385 - src.data.trading_system - INFO - Closed long position in INFY.NS at $1454.44, P&L: $109.38 (5.60%)
2025-06-27 08:38:35,807 - src.data.trading_system - INFO - Opened short position in INFY.NS at $1604.33, Shares: 1.22, Size: $1957.13
2025-06-27 08:38:35,807 - src.data.trading_system - INFO - Opened short position in INFY.NS at 1604.3270263671875
2025-06-27 08:38:35,810 - src.data.trading_system - INFO - Closed short position in INFY.NS at $1538.16, P&L: $80.72 (4.12%)
2025-06-27 08:38:36,208 - src.data.trading_system - INFO - Opened short position in INFY.NS at $1631.10, Shares: 1.20, Size: $1958.75
2025-06-27 08:38:36,208 - src.data.trading_system - INFO - Opened short position in INFY.NS at 1631.0999755859375
2025-06-27 08:38:36,215 - src.data.trading_system - INFO - Completed INFY.NS: Trades: 6, P&L: $-5.31
2025-06-27 08:38:36,215 - src.data.trading_system - INFO - 
Processing LT.NS...
2025-06-27 08:38:36,278 - src.data.trading_system - INFO - Opened short position in LT.NS at $3910.83, Shares: 0.49, Size: $1919.57
2025-06-27 08:38:36,278 - src.data.trading_system - INFO - Opened short position in LT.NS at 3910.826416015625
2025-06-27 08:38:36,282 - src.data.trading_system - INFO - Closed short position in LT.NS at $3723.42, P&L: $91.98 (4.79%)
2025-06-27 08:38:36,728 - src.data.trading_system - INFO - Opened short position in LT.NS at $3384.39, Shares: 0.57, Size: $1921.41
2025-06-27 08:38:36,728 - src.data.trading_system - INFO - Opened short position in LT.NS at 3384.385986328125
2025-06-27 08:38:36,730 - src.data.trading_system - INFO - Closed short position in LT.NS at $3469.24, P&L: $-48.18 (-2.51%)
2025-06-27 08:38:37,165 - src.data.trading_system - INFO - Opened short position in LT.NS at $3554.05, Shares: 0.54, Size: $1920.45
2025-06-27 08:38:37,165 - src.data.trading_system - INFO - Opened short position in LT.NS at 3554.0537109375
2025-06-27 08:38:37,173 - src.data.trading_system - INFO - Closed short position in LT.NS at $3641.14, P&L: $-47.06 (-2.45%)
2025-06-27 08:38:37,591 - src.data.trading_system - INFO - Completed LT.NS: Trades: 3, P&L: $-3.25
2025-06-27 08:38:37,592 - src.data.trading_system - INFO - 
Processing SBIN.NS...
2025-06-27 08:38:37,607 - src.data.trading_system - INFO - Opened long position in SBIN.NS at $795.67, Shares: 2.41, Size: $1919.51
2025-06-27 08:38:37,607 - src.data.trading_system - INFO - Opened long position in SBIN.NS at 795.6732788085938
2025-06-27 08:38:37,621 - src.data.trading_system - INFO - Closed long position in SBIN.NS at $767.10, P&L: $-68.94 (-3.59%)
2025-06-27 08:38:38,036 - src.data.trading_system - INFO - Opened long position in SBIN.NS at $768.81, Shares: 2.49, Size: $1918.13
2025-06-27 08:38:38,036 - src.data.trading_system - INFO - Opened long position in SBIN.NS at 768.8125610351562
2025-06-27 08:38:38,052 - src.data.trading_system - INFO - Closed long position in SBIN.NS at $804.25, P&L: $88.42 (4.61%)
2025-06-27 08:38:38,537 - src.data.trading_system - INFO - Opened long position in SBIN.NS at $783.91, Shares: 2.45, Size: $1919.90
2025-06-27 08:38:38,538 - src.data.trading_system - INFO - Opened long position in SBIN.NS at 783.9094848632812
2025-06-27 08:38:38,540 - src.data.trading_system - INFO - Closed long position in SBIN.NS at $761.12, P&L: $-55.82 (-2.91%)
2025-06-27 08:38:38,945 - src.data.trading_system - INFO - Opened long position in SBIN.NS at $715.14, Shares: 2.68, Size: $1918.78
2025-06-27 08:38:38,945 - src.data.trading_system - INFO - Opened long position in SBIN.NS at 715.1403198242188
2025-06-27 08:38:38,947 - src.data.trading_system - INFO - Closed long position in SBIN.NS at $751.22, P&L: $96.79 (5.04%)
2025-06-27 08:38:39,377 - src.data.trading_system - INFO - Opened short position in SBIN.NS at $765.43, Shares: 2.51, Size: $1920.72
2025-06-27 08:38:39,377 - src.data.trading_system - INFO - Opened short position in SBIN.NS at 765.4304809570312
2025-06-27 08:38:39,382 - src.data.trading_system - INFO - Closed short position in SBIN.NS at $732.20, P&L: $83.39 (4.34%)
2025-06-27 08:38:39,826 - src.data.trading_system - INFO - Completed SBIN.NS: Trades: 5, P&L: $143.84
2025-06-27 08:38:41,218 - src.data.trading_system - INFO - 
Performance report generated: /workspaces/algoTradingSystem/trading_results/figures/performance_report_20250627_083841.html
2025-06-27 08:38:42,868 - src.data.google_sheets_logger - INFO - gspread worksheet opened successfully.
2025-06-27 08:38:42,871 - googleapiclient.discovery_cache - INFO - file_cache is only supported with oauth2client<4.0.0
2025-06-27 08:38:42,873 - src.data.google_sheets_logger - INFO - Google Sheets API service initialized.
