2025-06-27 08:31:09,150 - src.data.google_sheets_logger - INFO - gspread worksheet opened successfully.
2025-06-27 08:31:09,154 - googleapiclient.discovery_cache - INFO - file_cache is only supported with oauth2client<4.0.0
2025-06-27 08:31:09,157 - src.data.google_sheets_logger - INFO - Google Sheets API service initialized.
2025-06-27 08:31:13,172 - __main__ - INFO - Starting trading system in Backtest mode
2025-06-27 08:31:13,172 - __main__ - INFO - Initial capital: $100,000.00
2025-06-27 08:31:14,890 - src.data.google_sheets_logger - INFO - gspread worksheet opened successfully.
2025-06-27 08:31:14,892 - googleapiclient.discovery_cache - INFO - file_cache is only supported with oauth2client<4.0.0
2025-06-27 08:31:14,894 - src.data.google_sheets_logger - INFO - Google Sheets API service initialized.
2025-06-27 08:31:14,894 - src.data.trading_system - INFO - ✅ Google Sheets logging enabled
2025-06-27 08:31:14,894 - src.data.trading_system - INFO - Connected to: https://docs.google.com/spreadsheets/d/1yhmCMKFpMsjvsEfRzzXZWXCaU7Mao8bYt1MSK7r-12A
2025-06-27 08:31:14,896 - src.data.trading_system - INFO - 
Starting backtest for all symbols
2025-06-27 08:31:14,896 - src.data.trading_system - INFO - Period: 2024-06-27 to 2025-06-27
2025-06-27 08:31:15,312 - src.data.trading_system - INFO - 
Processing LT.NS...
2025-06-27 08:31:15,378 - src.data.trading_system - INFO - Opened short position in LT.NS at $3910.83, Shares: 0.51, Size: $2000.00
2025-06-27 08:31:15,378 - src.data.trading_system - INFO - Opened short position in LT.NS at 3910.826416015625
2025-06-27 08:31:15,382 - src.data.trading_system - INFO - Closed short position in LT.NS at $3723.42, P&L: $95.84 (4.79%)
2025-06-27 08:31:15,866 - src.data.trading_system - INFO - Opened short position in LT.NS at $3384.39, Shares: 0.59, Size: $2001.92
2025-06-27 08:31:15,867 - src.data.trading_system - INFO - Opened short position in LT.NS at 3384.385986328125
2025-06-27 08:31:15,869 - src.data.trading_system - INFO - Closed short position in LT.NS at $3469.24, P&L: $-50.20 (-2.51%)
2025-06-27 08:31:17,009 - src.data.trading_system - INFO - Opened short position in LT.NS at $3554.05, Shares: 0.56, Size: $2000.91
2025-06-27 08:31:17,009 - src.data.trading_system - INFO - Opened short position in LT.NS at 3554.0537109375
2025-06-27 08:31:17,018 - src.data.trading_system - INFO - Closed short position in LT.NS at $3641.14, P&L: $-49.03 (-2.45%)
2025-06-27 08:31:17,506 - src.data.trading_system - INFO - Completed LT.NS: Trades: 3, P&L: $-3.39
2025-06-27 08:31:17,506 - src.data.trading_system - INFO - 
Processing SBIN.NS...
2025-06-27 08:31:17,523 - src.data.trading_system - INFO - Opened long position in SBIN.NS at $795.67, Shares: 2.51, Size: $1999.93
2025-06-27 08:31:17,524 - src.data.trading_system - INFO - Opened long position in SBIN.NS at 795.6732788085938
2025-06-27 08:31:17,537 - src.data.trading_system - INFO - Closed long position in SBIN.NS at $767.10, P&L: $-71.83 (-3.59%)
2025-06-27 08:31:17,974 - src.data.trading_system - INFO - Opened long position in SBIN.NS at $768.81, Shares: 2.60, Size: $1998.50
2025-06-27 08:31:17,974 - src.data.trading_system - INFO - Opened long position in SBIN.NS at 768.8125610351562
2025-06-27 08:31:17,990 - src.data.trading_system - INFO - Closed long position in SBIN.NS at $804.25, P&L: $92.12 (4.61%)
2025-06-27 08:31:18,425 - src.data.trading_system - INFO - Opened long position in SBIN.NS at $783.91, Shares: 2.55, Size: $2000.34
2025-06-27 08:31:18,425 - src.data.trading_system - INFO - Opened long position in SBIN.NS at 783.9094848632812
2025-06-27 08:31:18,428 - src.data.trading_system - INFO - Closed long position in SBIN.NS at $761.12, P&L: $-58.16 (-2.91%)
2025-06-27 08:31:18,923 - src.data.trading_system - INFO - Opened long position in SBIN.NS at $715.14, Shares: 2.80, Size: $1999.17
2025-06-27 08:31:18,924 - src.data.trading_system - INFO - Opened long position in SBIN.NS at 715.1403198242188
2025-06-27 08:31:18,926 - src.data.trading_system - INFO - Closed long position in SBIN.NS at $751.22, P&L: $100.85 (5.04%)
2025-06-27 08:31:19,394 - src.data.trading_system - INFO - Opened short position in SBIN.NS at $765.43, Shares: 2.61, Size: $2001.19
2025-06-27 08:31:19,395 - src.data.trading_system - INFO - Opened short position in SBIN.NS at 765.4304809570312
2025-06-27 08:31:19,404 - src.data.trading_system - INFO - Closed short position in SBIN.NS at $732.20, P&L: $86.89 (4.34%)
2025-06-27 08:31:19,830 - src.data.trading_system - INFO - Completed SBIN.NS: Trades: 5, P&L: $149.87
2025-06-27 08:31:19,830 - src.data.trading_system - INFO - 
Processing BHARTIARTL.NS...
2025-06-27 08:31:19,846 - src.data.trading_system - INFO - Opened short position in BHARTIARTL.NS at $1506.01, Shares: 1.33, Size: $2002.93
2025-06-27 08:31:19,847 - src.data.trading_system - INFO - Opened short position in BHARTIARTL.NS at 1506.00732421875
2025-06-27 08:31:19,852 - src.data.trading_system - INFO - Closed short position in BHARTIARTL.NS at $1435.55, P&L: $93.71 (4.68%)
2025-06-27 08:31:20,281 - src.data.trading_system - INFO - Opened short position in BHARTIARTL.NS at $1522.75, Shares: 1.32, Size: $2004.80
2025-06-27 08:31:20,282 - src.data.trading_system - INFO - Opened short position in BHARTIARTL.NS at 1522.75
2025-06-27 08:31:20,282 - src.data.trading_system - INFO - Closed short position in BHARTIARTL.NS at $1556.35, P&L: $-44.24 (-2.21%)
2025-06-27 08:31:20,677 - src.data.trading_system - INFO - Opened short position in BHARTIARTL.NS at $1556.35, Shares: 1.29, Size: $2003.92
2025-06-27 08:31:20,677 - src.data.trading_system - INFO - Opened short position in BHARTIARTL.NS at 1556.3499755859375
2025-06-27 08:31:20,678 - src.data.trading_system - INFO - Closed short position in BHARTIARTL.NS at $1589.05, P&L: $-42.10 (-2.10%)
2025-06-27 08:31:21,086 - src.data.trading_system - INFO - Opened short position in BHARTIARTL.NS at $1589.05, Shares: 1.26, Size: $2003.08
2025-06-27 08:31:21,086 - src.data.trading_system - INFO - Opened short position in BHARTIARTL.NS at 1589.050048828125
2025-06-27 08:31:21,091 - src.data.trading_system - INFO - Closed short position in BHARTIARTL.NS at $1646.75, P&L: $-72.73 (-3.63%)
2025-06-27 08:31:21,485 - src.data.trading_system - INFO - Opened short position in BHARTIARTL.NS at $1646.75, Shares: 1.22, Size: $2001.62
2025-06-27 08:31:21,485 - src.data.trading_system - INFO - Opened short position in BHARTIARTL.NS at 1646.75
2025-06-27 08:31:21,488 - src.data.trading_system - INFO - Closed short position in BHARTIARTL.NS at $1711.75, P&L: $-79.01 (-3.95%)
2025-06-27 08:31:21,875 - src.data.trading_system - INFO - Opened short position in BHARTIARTL.NS at $1711.75, Shares: 1.17, Size: $2000.04
2025-06-27 08:31:21,875 - src.data.trading_system - INFO - Opened short position in BHARTIARTL.NS at 1711.75
2025-06-27 08:31:21,875 - src.data.trading_system - INFO - Closed short position in BHARTIARTL.NS at $1750.45, P&L: $-45.22 (-2.26%)
2025-06-27 08:31:22,259 - src.data.trading_system - INFO - Opened short position in BHARTIARTL.NS at $1750.45, Shares: 1.14, Size: $1999.14
2025-06-27 08:31:22,259 - src.data.trading_system - INFO - Opened short position in BHARTIARTL.NS at 1750.449951171875
2025-06-27 08:31:22,263 - src.data.trading_system - INFO - Closed short position in BHARTIARTL.NS at $1673.45, P&L: $87.94 (4.40%)
2025-06-27 08:31:22,674 - src.data.trading_system - INFO - Opened long position in BHARTIARTL.NS at $1612.60, Shares: 1.24, Size: $2000.90
2025-06-27 08:31:22,674 - src.data.trading_system - INFO - Opened long position in BHARTIARTL.NS at 1612.5999755859375
2025-06-27 08:31:22,676 - src.data.trading_system - INFO - Closed long position in BHARTIARTL.NS at $1578.40, P&L: $-42.43 (-2.12%)
2025-06-27 08:31:23,296 - src.data.trading_system - INFO - Opened long position in BHARTIARTL.NS at $1578.40, Shares: 1.27, Size: $2000.05
2025-06-27 08:31:23,296 - src.data.trading_system - INFO - Opened long position in BHARTIARTL.NS at 1578.4000244140625
2025-06-27 08:31:23,300 - src.data.trading_system - INFO - Closed long position in BHARTIARTL.NS at $1537.00, P&L: $-52.46 (-2.62%)
2025-06-27 08:31:23,739 - src.data.trading_system - INFO - Opened short position in BHARTIARTL.NS at $1725.80, Shares: 1.16, Size: $1999.00
2025-06-27 08:31:23,739 - src.data.trading_system - INFO - Opened short position in BHARTIARTL.NS at 1725.800048828125
2025-06-27 08:31:23,748 - src.data.trading_system - INFO - Closed short position in BHARTIARTL.NS at $1798.80, P&L: $-84.56 (-4.23%)
2025-06-27 08:31:24,135 - src.data.trading_system - INFO - Opened short position in BHARTIARTL.NS at $1889.10, Shares: 1.06, Size: $1997.31
2025-06-27 08:31:24,136 - src.data.trading_system - INFO - Opened short position in BHARTIARTL.NS at 1889.0999755859375
2025-06-27 08:31:24,148 - src.data.trading_system - INFO - Closed short position in BHARTIARTL.NS at $1808.90, P&L: $84.79 (4.25%)
2025-06-27 08:31:24,570 - src.data.trading_system - INFO - Opened short position in BHARTIARTL.NS at $1936.70, Shares: 1.03, Size: $1999.00
2025-06-27 08:31:24,571 - src.data.trading_system - INFO - Opened short position in BHARTIARTL.NS at 1936.699951171875
2025-06-27 08:31:24,572 - src.data.trading_system - INFO - Closed short position in BHARTIARTL.NS at $2014.30, P&L: $-80.10 (-4.01%)
2025-06-27 08:31:24,951 - src.data.trading_system - INFO - Opened short position in BHARTIARTL.NS at $2014.30, Shares: 0.99, Size: $1997.40
2025-06-27 08:31:24,951 - src.data.trading_system - INFO - Opened short position in BHARTIARTL.NS at 2014.300048828125
2025-06-27 08:31:24,952 - src.data.trading_system - INFO - Completed BHARTIARTL.NS: Trades: 12, P&L: $-276.41
2025-06-27 08:31:24,953 - src.data.trading_system - INFO - 
Processing RELIANCE.NS...
2025-06-27 08:31:24,995 - src.data.trading_system - INFO - Opened long position in RELIANCE.NS at $1370.72, Shares: 1.43, Size: $1957.45
2025-06-27 08:31:24,995 - src.data.trading_system - INFO - Opened long position in RELIANCE.NS at 1370.7249755859375
2025-06-27 08:31:25,004 - src.data.trading_system - INFO - Closed long position in RELIANCE.NS at $1338.53, P&L: $-45.98 (-2.35%)
2025-06-27 08:31:25,398 - src.data.trading_system - INFO - Opened long position in RELIANCE.NS at $1283.75, Shares: 1.52, Size: $1956.53
2025-06-27 08:31:25,399 - src.data.trading_system - INFO - Opened long position in RELIANCE.NS at 1283.75
2025-06-27 08:31:25,400 - src.data.trading_system - INFO - Closed long position in RELIANCE.NS at $1252.05, P&L: $-48.31 (-2.47%)
2025-06-27 08:31:25,786 - src.data.trading_system - INFO - Opened long position in RELIANCE.NS at $1252.05, Shares: 1.56, Size: $1955.57
2025-06-27 08:31:25,786 - src.data.trading_system - INFO - Opened long position in RELIANCE.NS at 1252.050048828125
2025-06-27 08:31:25,789 - src.data.trading_system - INFO - Closed long position in RELIANCE.NS at $1223.00, P&L: $-45.37 (-2.32%)
2025-06-27 08:31:26,164 - src.data.trading_system - INFO - Opened long position in RELIANCE.NS at $1223.00, Shares: 1.60, Size: $1954.66
2025-06-27 08:31:26,165 - src.data.trading_system - INFO - Opened long position in RELIANCE.NS at 1223.0
2025-06-27 08:31:26,165 - src.data.trading_system - INFO - Closed long position in RELIANCE.NS at $1287.00, P&L: $102.29 (5.23%)
2025-06-27 08:31:26,997 - src.data.trading_system - INFO - Opened long position in RELIANCE.NS at $1205.30, Shares: 1.62, Size: $1956.71
2025-06-27 08:31:26,997 - src.data.trading_system - INFO - Opened long position in RELIANCE.NS at 1205.300048828125
2025-06-27 08:31:27,004 - src.data.trading_system - INFO - Closed long position in RELIANCE.NS at $1265.50, P&L: $97.73 (4.99%)
2025-06-27 08:31:27,413 - src.data.trading_system - INFO - Opened short position in RELIANCE.NS at $1302.35, Shares: 1.50, Size: $1958.66
2025-06-27 08:31:27,413 - src.data.trading_system - INFO - Opened short position in RELIANCE.NS at 1302.3499755859375
2025-06-27 08:31:27,416 - src.data.trading_system - INFO - Closed short position in RELIANCE.NS at $1246.30, P&L: $84.30 (4.30%)
2025-06-27 08:31:27,829 - src.data.trading_system - INFO - Opened long position in RELIANCE.NS at $1171.25, Shares: 1.67, Size: $1960.35
2025-06-27 08:31:27,829 - src.data.trading_system - INFO - Opened long position in RELIANCE.NS at 1171.25
2025-06-27 08:31:27,831 - src.data.trading_system - INFO - Closed long position in RELIANCE.NS at $1249.80, P&L: $131.47 (6.71%)
2025-06-27 08:31:28,229 - src.data.trading_system - INFO - Opened short position in RELIANCE.NS at $1302.10, Shares: 1.51, Size: $1962.98
2025-06-27 08:31:28,230 - src.data.trading_system - INFO - Opened short position in RELIANCE.NS at 1302.0999755859375
2025-06-27 08:31:28,233 - src.data.trading_system - INFO - Closed short position in RELIANCE.NS at $1248.70, P&L: $80.50 (4.10%)
2025-06-27 08:31:28,628 - src.data.trading_system - INFO - Opened short position in RELIANCE.NS at $1368.80, Shares: 1.44, Size: $1964.59
2025-06-27 08:31:28,628 - src.data.trading_system - INFO - Opened short position in RELIANCE.NS at 1368.800048828125
2025-06-27 08:31:28,628 - src.data.trading_system - INFO - Closed short position in RELIANCE.NS at $1399.70, P&L: $-44.35 (-2.26%)
2025-06-27 08:31:29,029 - src.data.trading_system - INFO - Opened short position in RELIANCE.NS at $1399.70, Shares: 1.40, Size: $1963.70
2025-06-27 08:31:29,030 - src.data.trading_system - INFO - Opened short position in RELIANCE.NS at 1399.699951171875
2025-06-27 08:31:29,031 - src.data.trading_system - INFO - Closed short position in RELIANCE.NS at $1431.30, P&L: $-44.33 (-2.26%)
2025-06-27 08:31:29,443 - src.data.trading_system - INFO - Completed RELIANCE.NS: Trades: 10, P&L: $267.94
2025-06-27 08:31:29,443 - src.data.trading_system - INFO - 
Processing INFY.NS...
2025-06-27 08:31:29,493 - src.data.trading_system - INFO - Opened long position in INFY.NS at $1732.87, Shares: 1.13, Size: $1962.81
2025-06-27 08:31:29,493 - src.data.trading_system - INFO - Opened long position in INFY.NS at 1732.868408203125
2025-06-27 08:31:29,499 - src.data.trading_system - INFO - Closed long position in INFY.NS at $1804.56, P&L: $81.20 (4.14%)
2025-06-27 08:31:29,926 - src.data.trading_system - INFO - Opened long position in INFY.NS at $1739.62, Shares: 1.13, Size: $1964.44
2025-06-27 08:31:29,926 - src.data.trading_system - INFO - Opened long position in INFY.NS at 1739.623291015625
2025-06-27 08:31:29,928 - src.data.trading_system - INFO - Closed long position in INFY.NS at $1664.28, P&L: $-85.08 (-4.33%)
2025-06-27 08:31:30,319 - src.data.trading_system - INFO - Opened long position in INFY.NS at $1664.28, Shares: 1.18, Size: $1962.73
2025-06-27 08:31:30,319 - src.data.trading_system - INFO - Opened long position in INFY.NS at 1664.2833251953125
2025-06-27 08:31:30,324 - src.data.trading_system - INFO - Closed long position in INFY.NS at $1568.78, P&L: $-112.63 (-5.74%)
2025-06-27 08:31:30,725 - src.data.trading_system - INFO - Opened long position in INFY.NS at $1568.78, Shares: 1.25, Size: $1960.48
2025-06-27 08:31:30,725 - src.data.trading_system - INFO - Opened long position in INFY.NS at 1568.777099609375
2025-06-27 08:31:30,732 - src.data.trading_system - INFO - Closed long position in INFY.NS at $1505.32, P&L: $-79.30 (-4.05%)
2025-06-27 08:31:31,127 - src.data.trading_system - INFO - Opened long position in INFY.NS at $1377.37, Shares: 1.42, Size: $1958.90
2025-06-27 08:31:31,127 - src.data.trading_system - INFO - Opened long position in INFY.NS at 1377.3702392578125
2025-06-27 08:31:31,132 - src.data.trading_system - INFO - Closed long position in INFY.NS at $1454.44, P&L: $109.60 (5.60%)
2025-06-27 08:31:31,874 - src.data.trading_system - INFO - Opened short position in INFY.NS at $1604.33, Shares: 1.22, Size: $1961.09
2025-06-27 08:31:31,874 - src.data.trading_system - INFO - Opened short position in INFY.NS at 1604.3270263671875
2025-06-27 08:31:31,877 - src.data.trading_system - INFO - Closed short position in INFY.NS at $1538.16, P&L: $80.88 (4.12%)
2025-06-27 08:31:32,286 - src.data.trading_system - INFO - Opened short position in INFY.NS at $1631.10, Shares: 1.20, Size: $1962.71
2025-06-27 08:31:32,286 - src.data.trading_system - INFO - Opened short position in INFY.NS at 1631.0999755859375
2025-06-27 08:31:32,294 - src.data.trading_system - INFO - Completed INFY.NS: Trades: 6, P&L: $-5.32
2025-06-27 08:31:32,295 - src.data.trading_system - INFO - 
Processing TCS.NS...
2025-06-27 08:31:32,322 - src.data.trading_system - INFO - Opened short position in TCS.NS at $4391.70, Shares: 0.44, Size: $1923.45
2025-06-27 08:31:32,322 - src.data.trading_system - INFO - Opened short position in TCS.NS at 4391.70361328125
2025-06-27 08:31:32,328 - src.data.trading_system - INFO - Closed short position in TCS.NS at $4181.28, P&L: $92.16 (4.79%)
2025-06-27 08:31:32,728 - src.data.trading_system - INFO - Opened long position in TCS.NS at $4181.28, Shares: 0.46, Size: $1925.29
2025-06-27 08:31:32,728 - src.data.trading_system - INFO - Opened long position in TCS.NS at 4181.2841796875
2025-06-27 08:31:32,748 - src.data.trading_system - INFO - Closed long position in TCS.NS at $4038.26, P&L: $-65.85 (-3.42%)
2025-06-27 08:31:33,150 - src.data.trading_system - INFO - Opened long position in TCS.NS at $3985.46, Shares: 0.48, Size: $1923.98
2025-06-27 08:31:33,150 - src.data.trading_system - INFO - Opened long position in TCS.NS at 3985.463623046875
2025-06-27 08:31:33,157 - src.data.trading_system - INFO - Closed long position in TCS.NS at $3871.77, P&L: $-54.89 (-2.85%)
2025-06-27 08:31:33,563 - src.data.trading_system - INFO - Opened short position in TCS.NS at $4209.97, Shares: 0.46, Size: $1922.88
2025-06-27 08:31:33,564 - src.data.trading_system - INFO - Opened short position in TCS.NS at 4209.97314453125
2025-06-27 08:31:33,568 - src.data.trading_system - INFO - Closed short position in TCS.NS at $4355.29, P&L: $-66.37 (-3.45%)
2025-06-27 08:31:33,986 - src.data.trading_system - INFO - Opened long position in TCS.NS at $3928.63, Shares: 0.49, Size: $1921.55
2025-06-27 08:31:33,986 - src.data.trading_system - INFO - Opened long position in TCS.NS at 3928.631103515625
2025-06-27 08:31:33,988 - src.data.trading_system - INFO - Closed long position in TCS.NS at $3839.08, P&L: $-43.80 (-2.28%)
2025-06-27 08:31:34,383 - src.data.trading_system - INFO - Opened long position in TCS.NS at $3750.76, Shares: 0.51, Size: $1920.68
2025-06-27 08:31:34,383 - src.data.trading_system - INFO - Opened long position in TCS.NS at 3750.761962890625
2025-06-27 08:31:34,388 - src.data.trading_system - INFO - Closed long position in TCS.NS at $3643.22, P&L: $-55.07 (-2.87%)
2025-06-27 08:31:34,789 - src.data.trading_system - INFO - Opened long position in TCS.NS at $3643.22, Shares: 0.53, Size: $1919.58
2025-06-27 08:31:34,789 - src.data.trading_system - INFO - Opened long position in TCS.NS at 3643.218017578125
2025-06-27 08:31:34,791 - src.data.trading_system - INFO - Closed long position in TCS.NS at $3452.56, P&L: $-100.45 (-5.23%)
2025-06-27 08:31:35,197 - src.data.trading_system - INFO - Opened long position in TCS.NS at $3452.56, Shares: 0.56, Size: $1917.57
2025-06-27 08:31:35,198 - src.data.trading_system - INFO - Opened long position in TCS.NS at 3452.5625
2025-06-27 08:31:35,207 - src.data.trading_system - INFO - Closed long position in TCS.NS at $3596.98, P&L: $80.21 (4.18%)
2025-06-27 08:31:35,632 - src.data.trading_system - INFO - Opened long position in TCS.NS at $3285.20, Shares: 0.58, Size: $1919.17
2025-06-27 08:31:35,632 - src.data.trading_system - INFO - Opened long position in TCS.NS at 3285.199951171875
2025-06-27 08:31:35,633 - src.data.trading_system - INFO - Closed long position in TCS.NS at $3417.62, P&L: $77.36 (4.03%)
2025-06-27 08:31:36,058 - src.data.trading_system - INFO - Opened short position in TCS.NS at $3588.50, Shares: 0.54, Size: $1920.72
2025-06-27 08:31:36,058 - src.data.trading_system - INFO - Opened short position in TCS.NS at 3588.50390625
2025-06-27 08:31:36,066 - src.data.trading_system - INFO - Closed short position in TCS.NS at $3432.89, P&L: $83.29 (4.34%)
2025-06-27 08:31:36,471 - src.data.trading_system - INFO - Completed TCS.NS: Trades: 10, P&L: $-53.42
2025-06-27 08:31:37,712 - src.data.trading_system - INFO - 
Performance report generated: /workspaces/algoTradingSystem/trading_results/figures/performance_report_20250627_083137.html
2025-06-27 08:31:39,328 - src.data.google_sheets_logger - INFO - gspread worksheet opened successfully.
2025-06-27 08:31:39,330 - googleapiclient.discovery_cache - INFO - file_cache is only supported with oauth2client<4.0.0
2025-06-27 08:31:39,333 - src.data.google_sheets_logger - INFO - Google Sheets API service initialized.
