2025-06-26 17:44:57,455 - __main__ - INFO - Starting trading system in backtest mode
2025-06-26 17:44:57,455 - __main__ - INFO - Initial capital: $100,000.00
2025-06-26 17:44:59,170 - src.data.google_sheets_logger - INFO - gspread worksheet opened successfully.
2025-06-26 17:44:59,172 - googleapiclient.discovery_cache - INFO - file_cache is only supported with oauth2client<4.0.0
2025-06-26 17:44:59,175 - src.data.google_sheets_logger - INFO - Google Sheets API service initialized.
2025-06-26 17:44:59,175 - src.data.trading_system - INFO - ✅ Google Sheets logging enabled
2025-06-26 17:44:59,175 - src.data.trading_system - INFO - Connected to: https://docs.google.com/spreadsheets/d/1yhmCMKFpMsjvsEfRzzXZWXCaU7Mao8bYt1MSK7r-12A
2025-06-26 17:44:59,175 - src.data.trading_system - INFO - 
Starting backtest for all symbols
2025-06-26 17:44:59,175 - src.data.trading_system - INFO - Period: 2024-06-26 to 2025-06-26
2025-06-26 17:44:59,646 - src.data.trading_system - INFO - 
Processing RELIANCE.NS...
2025-06-26 17:44:59,685 - src.data.trading_system - INFO - Opened long position in RELIANCE.NS at $1370.72, Shares: 1.46, Size: $2000.00
2025-06-26 17:44:59,685 - src.data.trading_system - INFO - Opened long position in RELIANCE.NS at 1370.7249755859375
2025-06-26 17:44:59,692 - src.data.trading_system - INFO - Closed long position in RELIANCE.NS at $1338.53, P&L: $-46.98 (-2.35%)
2025-06-26 17:45:00,147 - src.data.trading_system - INFO - Opened long position in RELIANCE.NS at $1283.75, Shares: 1.56, Size: $1999.06
2025-06-26 17:45:00,147 - src.data.trading_system - INFO - Opened long position in RELIANCE.NS at 1283.75
2025-06-26 17:45:00,149 - src.data.trading_system - INFO - Closed long position in RELIANCE.NS at $1252.05, P&L: $-49.36 (-2.47%)
2025-06-26 17:45:01,212 - src.data.trading_system - INFO - Opened long position in RELIANCE.NS at $1252.05, Shares: 1.60, Size: $1998.07
2025-06-26 17:45:01,212 - src.data.trading_system - INFO - Opened long position in RELIANCE.NS at 1252.050048828125
2025-06-26 17:45:01,214 - src.data.trading_system - INFO - Closed long position in RELIANCE.NS at $1223.00, P&L: $-46.36 (-2.32%)
2025-06-26 17:45:01,632 - src.data.trading_system - INFO - Opened long position in RELIANCE.NS at $1223.00, Shares: 1.63, Size: $1997.15
2025-06-26 17:45:01,632 - src.data.trading_system - INFO - Opened long position in RELIANCE.NS at 1223.0
2025-06-26 17:45:01,633 - src.data.trading_system - INFO - Closed long position in RELIANCE.NS at $1287.00, P&L: $104.51 (5.23%)
2025-06-26 17:45:02,028 - src.data.trading_system - INFO - Opened long position in RELIANCE.NS at $1205.30, Shares: 1.66, Size: $1999.24
2025-06-26 17:45:02,028 - src.data.trading_system - INFO - Opened long position in RELIANCE.NS at 1205.300048828125
2025-06-26 17:45:02,035 - src.data.trading_system - INFO - Closed long position in RELIANCE.NS at $1265.50, P&L: $99.85 (4.99%)
2025-06-26 17:45:02,443 - src.data.trading_system - INFO - Opened short position in RELIANCE.NS at $1302.35, Shares: 1.54, Size: $2001.23
2025-06-26 17:45:02,443 - src.data.trading_system - INFO - Opened short position in RELIANCE.NS at 1302.3499755859375
2025-06-26 17:45:02,448 - src.data.trading_system - INFO - Closed short position in RELIANCE.NS at $1246.30, P&L: $86.13 (4.30%)
2025-06-26 17:45:02,866 - src.data.trading_system - INFO - Opened long position in RELIANCE.NS at $1171.25, Shares: 1.71, Size: $2002.96
2025-06-26 17:45:02,867 - src.data.trading_system - INFO - Opened long position in RELIANCE.NS at 1171.25
2025-06-26 17:45:02,869 - src.data.trading_system - INFO - Closed long position in RELIANCE.NS at $1249.80, P&L: $134.33 (6.71%)
2025-06-26 17:45:03,267 - src.data.trading_system - INFO - Opened short position in RELIANCE.NS at $1302.10, Shares: 1.54, Size: $2005.64
2025-06-26 17:45:03,267 - src.data.trading_system - INFO - Opened short position in RELIANCE.NS at 1302.0999755859375
2025-06-26 17:45:03,270 - src.data.trading_system - INFO - Closed short position in RELIANCE.NS at $1248.70, P&L: $82.25 (4.10%)
2025-06-26 17:45:03,660 - src.data.trading_system - INFO - Opened short position in RELIANCE.NS at $1368.80, Shares: 1.47, Size: $2007.29
2025-06-26 17:45:03,660 - src.data.trading_system - INFO - Opened short position in RELIANCE.NS at 1368.800048828125
2025-06-26 17:45:03,660 - src.data.trading_system - INFO - Closed short position in RELIANCE.NS at $1399.70, P&L: $-45.31 (-2.26%)
2025-06-26 17:45:04,054 - src.data.trading_system - INFO - Opened short position in RELIANCE.NS at $1399.70, Shares: 1.43, Size: $2006.38
2025-06-26 17:45:04,054 - src.data.trading_system - INFO - Opened short position in RELIANCE.NS at 1399.699951171875
2025-06-26 17:45:04,056 - src.data.trading_system - INFO - Closed short position in RELIANCE.NS at $1431.30, P&L: $-45.30 (-2.26%)
2025-06-26 17:45:04,468 - src.data.trading_system - INFO - Completed RELIANCE.NS: Trades: 10, P&L: $273.76
2025-06-26 17:45:04,468 - src.data.trading_system - INFO - 
Processing LT.NS...
2025-06-26 17:45:04,596 - src.data.trading_system - INFO - Opened short position in LT.NS at $3910.83, Shares: 0.51, Size: $2005.48
2025-06-26 17:45:04,596 - src.data.trading_system - INFO - Opened short position in LT.NS at 3910.826416015625
2025-06-26 17:45:04,603 - src.data.trading_system - INFO - Closed short position in LT.NS at $3723.42, P&L: $96.10 (4.79%)
2025-06-26 17:45:05,030 - src.data.trading_system - INFO - Opened short position in LT.NS at $3384.39, Shares: 0.59, Size: $2007.40
2025-06-26 17:45:05,030 - src.data.trading_system - INFO - Opened short position in LT.NS at 3384.385986328125
2025-06-26 17:45:05,033 - src.data.trading_system - INFO - Closed short position in LT.NS at $3469.24, P&L: $-50.33 (-2.51%)
2025-06-26 17:45:05,442 - src.data.trading_system - INFO - Opened short position in LT.NS at $3554.05, Shares: 0.56, Size: $2006.39
2025-06-26 17:45:05,443 - src.data.trading_system - INFO - Opened short position in LT.NS at 3554.0537109375
2025-06-26 17:45:05,451 - src.data.trading_system - INFO - Closed short position in LT.NS at $3641.14, P&L: $-49.16 (-2.45%)
2025-06-26 17:45:05,876 - src.data.trading_system - INFO - Completed LT.NS: Trades: 3, P&L: $-3.40
2025-06-26 17:45:05,876 - src.data.trading_system - INFO - 
Processing INFY.NS...
2025-06-26 17:45:05,939 - src.data.trading_system - INFO - Opened long position in INFY.NS at $1732.87, Shares: 1.16, Size: $2005.41
2025-06-26 17:45:05,939 - src.data.trading_system - INFO - Opened long position in INFY.NS at 1732.868408203125
2025-06-26 17:45:05,942 - src.data.trading_system - INFO - Closed long position in INFY.NS at $1804.56, P&L: $82.97 (4.14%)
2025-06-26 17:45:06,381 - src.data.trading_system - INFO - Opened long position in INFY.NS at $1739.62, Shares: 1.15, Size: $2007.07
2025-06-26 17:45:06,381 - src.data.trading_system - INFO - Opened long position in INFY.NS at 1739.623291015625
2025-06-26 17:45:06,382 - src.data.trading_system - INFO - Closed long position in INFY.NS at $1664.28, P&L: $-86.92 (-4.33%)
2025-06-26 17:45:06,775 - src.data.trading_system - INFO - Opened long position in INFY.NS at $1664.28, Shares: 1.20, Size: $2005.33
2025-06-26 17:45:06,775 - src.data.trading_system - INFO - Opened long position in INFY.NS at 1664.2833251953125
2025-06-26 17:45:06,780 - src.data.trading_system - INFO - Closed long position in INFY.NS at $1568.78, P&L: $-115.08 (-5.74%)
2025-06-26 17:45:07,184 - src.data.trading_system - INFO - Opened long position in INFY.NS at $1568.78, Shares: 1.28, Size: $2003.03
2025-06-26 17:45:07,184 - src.data.trading_system - INFO - Opened long position in INFY.NS at 1568.777099609375
2025-06-26 17:45:07,191 - src.data.trading_system - INFO - Closed long position in INFY.NS at $1505.32, P&L: $-81.02 (-4.05%)
2025-06-26 17:45:07,585 - src.data.trading_system - INFO - Opened long position in INFY.NS at $1377.37, Shares: 1.45, Size: $2001.41
2025-06-26 17:45:07,585 - src.data.trading_system - INFO - Opened long position in INFY.NS at 1377.3702392578125
2025-06-26 17:45:07,590 - src.data.trading_system - INFO - Closed long position in INFY.NS at $1454.44, P&L: $111.98 (5.60%)
2025-06-26 17:45:08,011 - src.data.trading_system - INFO - Opened short position in INFY.NS at $1604.33, Shares: 1.25, Size: $2003.65
2025-06-26 17:45:08,011 - src.data.trading_system - INFO - Opened short position in INFY.NS at 1604.3270263671875
2025-06-26 17:45:08,014 - src.data.trading_system - INFO - Closed short position in INFY.NS at $1538.16, P&L: $82.64 (4.12%)
2025-06-26 17:45:08,432 - src.data.trading_system - INFO - Opened short position in INFY.NS at $1631.10, Shares: 1.23, Size: $2005.30
2025-06-26 17:45:08,433 - src.data.trading_system - INFO - Opened short position in INFY.NS at 1631.0999755859375
2025-06-26 17:45:08,440 - src.data.trading_system - INFO - Completed INFY.NS: Trades: 6, P&L: $-5.44
2025-06-26 17:45:08,440 - src.data.trading_system - INFO - 
Processing SBIN.NS...
2025-06-26 17:45:08,457 - src.data.trading_system - INFO - Opened long position in SBIN.NS at $795.67, Shares: 2.47, Size: $1965.19
2025-06-26 17:45:08,457 - src.data.trading_system - INFO - Opened long position in SBIN.NS at 795.6732788085938
2025-06-26 17:45:08,470 - src.data.trading_system - INFO - Closed long position in SBIN.NS at $767.10, P&L: $-70.58 (-3.59%)
2025-06-26 17:45:08,881 - src.data.trading_system - INFO - Opened long position in SBIN.NS at $768.81, Shares: 2.55, Size: $1963.78
2025-06-26 17:45:08,881 - src.data.trading_system - INFO - Opened long position in SBIN.NS at 768.8125610351562
2025-06-26 17:45:08,897 - src.data.trading_system - INFO - Closed long position in SBIN.NS at $804.25, P&L: $90.52 (4.61%)
2025-06-26 17:45:09,314 - src.data.trading_system - INFO - Opened long position in SBIN.NS at $783.91, Shares: 2.51, Size: $1965.59
2025-06-26 17:45:09,314 - src.data.trading_system - INFO - Opened long position in SBIN.NS at 783.9094848632812
2025-06-26 17:45:09,317 - src.data.trading_system - INFO - Closed long position in SBIN.NS at $761.12, P&L: $-57.15 (-2.91%)
2025-06-26 17:45:09,712 - src.data.trading_system - INFO - Opened long position in SBIN.NS at $715.14, Shares: 2.75, Size: $1964.45
2025-06-26 17:45:09,712 - src.data.trading_system - INFO - Opened long position in SBIN.NS at 715.1403198242188
2025-06-26 17:45:09,714 - src.data.trading_system - INFO - Closed long position in SBIN.NS at $751.22, P&L: $99.10 (5.04%)
2025-06-26 17:45:10,165 - src.data.trading_system - INFO - Opened short position in SBIN.NS at $765.43, Shares: 2.57, Size: $1966.43
2025-06-26 17:45:10,165 - src.data.trading_system - INFO - Opened short position in SBIN.NS at 765.4304809570312
2025-06-26 17:45:10,170 - src.data.trading_system - INFO - Closed short position in SBIN.NS at $732.20, P&L: $85.38 (4.34%)
2025-06-26 17:45:10,594 - src.data.trading_system - INFO - Completed SBIN.NS: Trades: 5, P&L: $147.27
2025-06-26 17:45:10,594 - src.data.trading_system - INFO - 
Processing TCS.NS...
2025-06-26 17:45:10,620 - src.data.trading_system - INFO - Opened short position in TCS.NS at $4391.70, Shares: 0.45, Size: $1968.14
2025-06-26 17:45:10,620 - src.data.trading_system - INFO - Opened short position in TCS.NS at 4391.70361328125
2025-06-26 17:45:10,627 - src.data.trading_system - INFO - Closed short position in TCS.NS at $4181.28, P&L: $94.30 (4.79%)
2025-06-26 17:45:11,030 - src.data.trading_system - INFO - Opened long position in TCS.NS at $4181.28, Shares: 0.47, Size: $1970.02
2025-06-26 17:45:11,030 - src.data.trading_system - INFO - Opened long position in TCS.NS at 4181.28369140625
2025-06-26 17:45:11,039 - src.data.trading_system - INFO - Closed long position in TCS.NS at $4038.26, P&L: $-67.38 (-3.42%)
2025-06-26 17:45:11,439 - src.data.trading_system - INFO - Opened long position in TCS.NS at $3985.46, Shares: 0.49, Size: $1968.68
2025-06-26 17:45:11,440 - src.data.trading_system - INFO - Opened long position in TCS.NS at 3985.463623046875
2025-06-26 17:45:11,446 - src.data.trading_system - INFO - Closed long position in TCS.NS at $3871.77, P&L: $-56.16 (-2.85%)
2025-06-26 17:45:11,847 - src.data.trading_system - INFO - Opened short position in TCS.NS at $4209.97, Shares: 0.47, Size: $1967.55
2025-06-26 17:45:11,848 - src.data.trading_system - INFO - Opened short position in TCS.NS at 4209.97314453125
2025-06-26 17:45:11,852 - src.data.trading_system - INFO - Closed short position in TCS.NS at $4355.29, P&L: $-67.92 (-3.45%)
2025-06-26 17:45:12,279 - src.data.trading_system - INFO - Opened long position in TCS.NS at $3928.63, Shares: 0.50, Size: $1966.19
2025-06-26 17:45:12,279 - src.data.trading_system - INFO - Opened long position in TCS.NS at 3928.631103515625
2025-06-26 17:45:12,281 - src.data.trading_system - INFO - Closed long position in TCS.NS at $3839.08, P&L: $-44.82 (-2.28%)
2025-06-26 17:45:12,689 - src.data.trading_system - INFO - Opened long position in TCS.NS at $3750.76, Shares: 0.52, Size: $1965.30
2025-06-26 17:45:12,689 - src.data.trading_system - INFO - Opened long position in TCS.NS at 3750.761962890625
2025-06-26 17:45:12,691 - src.data.trading_system - INFO - Closed long position in TCS.NS at $3643.22, P&L: $-56.35 (-2.87%)
2025-06-26 17:45:13,103 - src.data.trading_system - INFO - Opened long position in TCS.NS at $3643.22, Shares: 0.54, Size: $1964.17
2025-06-26 17:45:13,103 - src.data.trading_system - INFO - Opened long position in TCS.NS at 3643.218017578125
2025-06-26 17:45:13,105 - src.data.trading_system - INFO - Closed long position in TCS.NS at $3452.56, P&L: $-102.79 (-5.23%)
2025-06-26 17:45:13,500 - src.data.trading_system - INFO - Opened long position in TCS.NS at $3452.56, Shares: 0.57, Size: $1962.12
2025-06-26 17:45:13,500 - src.data.trading_system - INFO - Opened long position in TCS.NS at 3452.5625
2025-06-26 17:45:13,509 - src.data.trading_system - INFO - Closed long position in TCS.NS at $3596.98, P&L: $82.07 (4.18%)
2025-06-26 17:45:13,906 - src.data.trading_system - INFO - Opened long position in TCS.NS at $3285.20, Shares: 0.60, Size: $1963.76
2025-06-26 17:45:13,906 - src.data.trading_system - INFO - Opened long position in TCS.NS at 3285.199951171875
2025-06-26 17:45:13,908 - src.data.trading_system - INFO - Closed long position in TCS.NS at $3417.62, P&L: $79.16 (4.03%)
2025-06-26 17:45:14,349 - src.data.trading_system - INFO - Opened short position in TCS.NS at $3588.50, Shares: 0.55, Size: $1965.34
2025-06-26 17:45:14,349 - src.data.trading_system - INFO - Opened short position in TCS.NS at 3588.50390625
2025-06-26 17:45:14,359 - src.data.trading_system - INFO - Closed short position in TCS.NS at $3432.89, P&L: $85.23 (4.34%)
2025-06-26 17:45:14,753 - src.data.trading_system - INFO - Completed TCS.NS: Trades: 10, P&L: $-54.66
2025-06-26 17:45:14,753 - src.data.trading_system - INFO - 
Processing BHARTIARTL.NS...
2025-06-26 17:45:14,767 - src.data.trading_system - INFO - Opened short position in BHARTIARTL.NS at $1506.01, Shares: 1.31, Size: $1967.04
2025-06-26 17:45:14,767 - src.data.trading_system - INFO - Opened short position in BHARTIARTL.NS at 1506.00732421875
2025-06-26 17:45:14,770 - src.data.trading_system - INFO - Closed short position in BHARTIARTL.NS at $1435.55, P&L: $92.03 (4.68%)
2025-06-26 17:45:15,170 - src.data.trading_system - INFO - Opened short position in BHARTIARTL.NS at $1522.75, Shares: 1.29, Size: $1968.89
2025-06-26 17:45:15,170 - src.data.trading_system - INFO - Opened short position in BHARTIARTL.NS at 1522.75
2025-06-26 17:45:15,171 - src.data.trading_system - INFO - Closed short position in BHARTIARTL.NS at $1556.35, P&L: $-43.44 (-2.21%)
2025-06-26 17:45:15,585 - src.data.trading_system - INFO - Opened short position in BHARTIARTL.NS at $1556.35, Shares: 1.26, Size: $1968.02
2025-06-26 17:45:15,585 - src.data.trading_system - INFO - Opened short position in BHARTIARTL.NS at 1556.3499755859375
2025-06-26 17:45:15,586 - src.data.trading_system - INFO - Closed short position in BHARTIARTL.NS at $1589.05, P&L: $-41.35 (-2.10%)
2025-06-26 17:45:16,036 - src.data.trading_system - INFO - Opened short position in BHARTIARTL.NS at $1589.05, Shares: 1.24, Size: $1967.19
2025-06-26 17:45:16,036 - src.data.trading_system - INFO - Opened short position in BHARTIARTL.NS at 1589.050048828125
2025-06-26 17:45:16,041 - src.data.trading_system - INFO - Closed short position in BHARTIARTL.NS at $1646.75, P&L: $-71.43 (-3.63%)
2025-06-26 17:45:16,445 - src.data.trading_system - INFO - Opened short position in BHARTIARTL.NS at $1646.75, Shares: 1.19, Size: $1965.76
2025-06-26 17:45:16,445 - src.data.trading_system - INFO - Opened short position in BHARTIARTL.NS at 1646.75
2025-06-26 17:45:16,451 - src.data.trading_system - INFO - Closed short position in BHARTIARTL.NS at $1711.75, P&L: $-77.59 (-3.95%)
2025-06-26 17:45:16,851 - src.data.trading_system - INFO - Opened short position in BHARTIARTL.NS at $1711.75, Shares: 1.15, Size: $1964.21
2025-06-26 17:45:16,852 - src.data.trading_system - INFO - Opened short position in BHARTIARTL.NS at 1711.75
2025-06-26 17:45:16,852 - src.data.trading_system - INFO - Closed short position in BHARTIARTL.NS at $1750.45, P&L: $-44.41 (-2.26%)
2025-06-26 17:45:17,262 - src.data.trading_system - INFO - Opened short position in BHARTIARTL.NS at $1750.45, Shares: 1.12, Size: $1963.32
2025-06-26 17:45:17,262 - src.data.trading_system - INFO - Opened short position in BHARTIARTL.NS at 1750.449951171875
2025-06-26 17:45:17,266 - src.data.trading_system - INFO - Closed short position in BHARTIARTL.NS at $1673.45, P&L: $86.36 (4.40%)
2025-06-26 17:45:17,658 - src.data.trading_system - INFO - Opened long position in BHARTIARTL.NS at $1612.60, Shares: 1.22, Size: $1965.05
2025-06-26 17:45:17,658 - src.data.trading_system - INFO - Opened long position in BHARTIARTL.NS at 1612.5999755859375
2025-06-26 17:45:17,659 - src.data.trading_system - INFO - Closed long position in BHARTIARTL.NS at $1578.40, P&L: $-41.67 (-2.12%)
2025-06-26 17:45:18,062 - src.data.trading_system - INFO - Opened long position in BHARTIARTL.NS at $1578.40, Shares: 1.24, Size: $1964.21
2025-06-26 17:45:18,062 - src.data.trading_system - INFO - Opened long position in BHARTIARTL.NS at 1578.4000244140625
2025-06-26 17:45:18,066 - src.data.trading_system - INFO - Closed long position in BHARTIARTL.NS at $1537.00, P&L: $-51.52 (-2.62%)
2025-06-26 17:45:18,559 - src.data.trading_system - INFO - Opened short position in BHARTIARTL.NS at $1725.80, Shares: 1.14, Size: $1963.18
2025-06-26 17:45:18,559 - src.data.trading_system - INFO - Opened short position in BHARTIARTL.NS at 1725.800048828125
2025-06-26 17:45:18,567 - src.data.trading_system - INFO - Closed short position in BHARTIARTL.NS at $1798.80, P&L: $-83.04 (-4.23%)
2025-06-26 17:45:18,954 - src.data.trading_system - INFO - Opened short position in BHARTIARTL.NS at $1889.10, Shares: 1.04, Size: $1961.52
2025-06-26 17:45:18,955 - src.data.trading_system - INFO - Opened short position in BHARTIARTL.NS at 1889.0999755859375
2025-06-26 17:45:18,967 - src.data.trading_system - INFO - Closed short position in BHARTIARTL.NS at $1808.90, P&L: $83.27 (4.25%)
2025-06-26 17:45:19,408 - src.data.trading_system - INFO - Opened short position in BHARTIARTL.NS at $1936.70, Shares: 1.01, Size: $1963.19
2025-06-26 17:45:19,408 - src.data.trading_system - INFO - Opened short position in BHARTIARTL.NS at 1936.699951171875
2025-06-26 17:45:19,416 - src.data.trading_system - INFO - Closed short position in BHARTIARTL.NS at $2014.30, P&L: $-78.66 (-4.01%)
2025-06-26 17:45:19,807 - src.data.trading_system - INFO - Opened short position in BHARTIARTL.NS at $2014.30, Shares: 0.97, Size: $1961.62
2025-06-26 17:45:19,807 - src.data.trading_system - INFO - Opened short position in BHARTIARTL.NS at 2014.300048828125
2025-06-26 17:45:19,808 - src.data.trading_system - INFO - Completed BHARTIARTL.NS: Trades: 12, P&L: $-271.46
2025-06-26 17:45:21,273 - src.data.trading_system - INFO - 
Performance report generated: /workspaces/algoTradingSystem/trading_results/figures/performance_report_20250626_174521.html
2025-06-26 17:45:21,277 - root - INFO - Results saved to trading_results
