2025-06-27 09:35:49,416 - __main__ - INFO - Starting trading system in Backtest mode
2025-06-27 09:35:49,416 - __main__ - INFO - Initial capital: $100,000.00
2025-06-27 09:35:49,422 - src.data.trading_system - INFO - 
Starting backtest for all symbols
2025-06-27 09:35:49,422 - src.data.trading_system - INFO - Period: 2024-06-27 to 2025-06-27
2025-06-27 09:35:49,907 - src.data.trading_system - INFO - 
Processing BHARTIARTL.NS...
2025-06-27 09:35:49,923 - src.data.trading_system - INFO - Opened short position in BHARTIARTL.NS at $1506.01, Shares: 1.33, Size: $2000.00
2025-06-27 09:35:49,924 - src.data.trading_system - INFO - Opened short position in BHARTIARTL.NS at 1506.00732421875
2025-06-27 09:35:49,928 - src.data.trading_system - INFO - Closed short position in BHARTIARTL.NS at $1435.55, P&L: $93.57 (4.68%)
2025-06-27 09:35:49,940 - src.data.trading_system - INFO - Opened short position in BHARTIARTL.NS at $1522.75, Shares: 1.31, Size: $2001.87
2025-06-27 09:35:49,940 - src.data.trading_system - INFO - Opened short position in BHARTIARTL.NS at 1522.75
2025-06-27 09:35:49,941 - src.data.trading_system - INFO - Closed short position in BHARTIARTL.NS at $1556.35, P&L: $-44.17 (-2.21%)
2025-06-27 09:35:49,942 - src.data.trading_system - INFO - Opened short position in BHARTIARTL.NS at $1556.35, Shares: 1.29, Size: $2000.99
2025-06-27 09:35:49,942 - src.data.trading_system - INFO - Opened short position in BHARTIARTL.NS at 1556.3499755859375
2025-06-27 09:35:49,943 - src.data.trading_system - INFO - Closed short position in BHARTIARTL.NS at $1589.05, P&L: $-42.04 (-2.10%)
2025-06-27 09:35:49,944 - src.data.trading_system - INFO - Opened short position in BHARTIARTL.NS at $1589.05, Shares: 1.26, Size: $2000.15
2025-06-27 09:35:49,944 - src.data.trading_system - INFO - Opened short position in BHARTIARTL.NS at 1589.050048828125
2025-06-27 09:35:49,952 - src.data.trading_system - INFO - Closed short position in BHARTIARTL.NS at $1646.75, P&L: $-72.63 (-3.63%)
2025-06-27 09:35:49,953 - src.data.trading_system - INFO - Opened short position in BHARTIARTL.NS at $1646.75, Shares: 1.21, Size: $1998.69
2025-06-27 09:35:49,953 - src.data.trading_system - INFO - Opened short position in BHARTIARTL.NS at 1646.75
2025-06-27 09:35:49,959 - src.data.trading_system - INFO - Closed short position in BHARTIARTL.NS at $1711.75, P&L: $-78.89 (-3.95%)
2025-06-27 09:35:49,961 - src.data.trading_system - INFO - Opened short position in BHARTIARTL.NS at $1711.75, Shares: 1.17, Size: $1997.12
2025-06-27 09:35:49,961 - src.data.trading_system - INFO - Opened short position in BHARTIARTL.NS at 1711.75
2025-06-27 09:35:49,961 - src.data.trading_system - INFO - Closed short position in BHARTIARTL.NS at $1750.45, P&L: $-45.15 (-2.26%)
2025-06-27 09:35:49,963 - src.data.trading_system - INFO - Opened short position in BHARTIARTL.NS at $1750.45, Shares: 1.14, Size: $1996.21
2025-06-27 09:35:49,963 - src.data.trading_system - INFO - Opened short position in BHARTIARTL.NS at 1750.449951171875
2025-06-27 09:35:49,969 - src.data.trading_system - INFO - Closed short position in BHARTIARTL.NS at $1673.45, P&L: $87.81 (4.40%)
2025-06-27 09:35:49,982 - src.data.trading_system - INFO - Opened long position in BHARTIARTL.NS at $1612.60, Shares: 1.24, Size: $1997.97
2025-06-27 09:35:49,983 - src.data.trading_system - INFO - Opened long position in BHARTIARTL.NS at 1612.5999755859375
2025-06-27 09:35:49,984 - src.data.trading_system - INFO - Closed long position in BHARTIARTL.NS at $1578.40, P&L: $-42.37 (-2.12%)
2025-06-27 09:35:49,985 - src.data.trading_system - INFO - Opened long position in BHARTIARTL.NS at $1578.40, Shares: 1.27, Size: $1997.12
2025-06-27 09:35:49,985 - src.data.trading_system - INFO - Opened long position in BHARTIARTL.NS at 1578.4000244140625
2025-06-27 09:35:49,991 - src.data.trading_system - INFO - Closed long position in BHARTIARTL.NS at $1537.00, P&L: $-52.38 (-2.62%)
2025-06-27 09:35:50,042 - src.data.trading_system - INFO - Opened short position in BHARTIARTL.NS at $1725.80, Shares: 1.16, Size: $1996.07
2025-06-27 09:35:50,042 - src.data.trading_system - INFO - Opened short position in BHARTIARTL.NS at 1725.800048828125
2025-06-27 09:35:50,051 - src.data.trading_system - INFO - Closed short position in BHARTIARTL.NS at $1798.80, P&L: $-84.43 (-4.23%)
2025-06-27 09:35:50,053 - src.data.trading_system - INFO - Opened short position in BHARTIARTL.NS at $1889.10, Shares: 1.06, Size: $1994.39
2025-06-27 09:35:50,054 - src.data.trading_system - INFO - Opened short position in BHARTIARTL.NS at 1889.0999755859375
2025-06-27 09:35:50,071 - src.data.trading_system - INFO - Closed short position in BHARTIARTL.NS at $1808.90, P&L: $84.67 (4.25%)
2025-06-27 09:35:50,086 - src.data.trading_system - INFO - Opened short position in BHARTIARTL.NS at $1936.70, Shares: 1.03, Size: $1996.08
2025-06-27 09:35:50,087 - src.data.trading_system - INFO - Opened short position in BHARTIARTL.NS at 1936.699951171875
2025-06-27 09:35:50,089 - src.data.trading_system - INFO - Closed short position in BHARTIARTL.NS at $2014.30, P&L: $-79.98 (-4.01%)
2025-06-27 09:35:50,089 - src.data.trading_system - INFO - Opened short position in BHARTIARTL.NS at $2014.30, Shares: 0.99, Size: $1994.48
2025-06-27 09:35:50,090 - src.data.trading_system - INFO - Opened short position in BHARTIARTL.NS at 2014.300048828125
2025-06-27 09:35:50,091 - src.data.trading_system - INFO - Completed BHARTIARTL.NS: Trades: 12, P&L: $-276.00
2025-06-27 09:35:50,091 - src.data.trading_system - INFO - 
Processing RELIANCE.NS...
2025-06-27 09:35:50,134 - src.data.trading_system - INFO - Opened long position in RELIANCE.NS at $1370.72, Shares: 1.43, Size: $1954.59
2025-06-27 09:35:50,134 - src.data.trading_system - INFO - Opened long position in RELIANCE.NS at 1370.7249755859375
2025-06-27 09:35:50,142 - src.data.trading_system - INFO - Closed long position in RELIANCE.NS at $1338.53, P&L: $-45.92 (-2.35%)
2025-06-27 09:35:50,151 - src.data.trading_system - INFO - Opened long position in RELIANCE.NS at $1283.75, Shares: 1.52, Size: $1953.67
2025-06-27 09:35:50,151 - src.data.trading_system - INFO - Opened long position in RELIANCE.NS at 1283.75
2025-06-27 09:35:50,153 - src.data.trading_system - INFO - Closed long position in RELIANCE.NS at $1252.05, P&L: $-48.24 (-2.47%)
2025-06-27 09:35:50,154 - src.data.trading_system - INFO - Opened long position in RELIANCE.NS at $1252.05, Shares: 1.56, Size: $1952.71
2025-06-27 09:35:50,154 - src.data.trading_system - INFO - Opened long position in RELIANCE.NS at 1252.050048828125
2025-06-27 09:35:50,158 - src.data.trading_system - INFO - Closed long position in RELIANCE.NS at $1223.00, P&L: $-45.31 (-2.32%)
2025-06-27 09:35:50,159 - src.data.trading_system - INFO - Opened long position in RELIANCE.NS at $1223.00, Shares: 1.60, Size: $1951.80
2025-06-27 09:35:50,160 - src.data.trading_system - INFO - Opened long position in RELIANCE.NS at 1223.0
2025-06-27 09:35:50,162 - src.data.trading_system - INFO - Closed long position in RELIANCE.NS at $1287.00, P&L: $102.14 (5.23%)
2025-06-27 09:35:50,178 - src.data.trading_system - INFO - Opened long position in RELIANCE.NS at $1205.30, Shares: 1.62, Size: $1953.84
2025-06-27 09:35:50,178 - src.data.trading_system - INFO - Opened long position in RELIANCE.NS at 1205.300048828125
2025-06-27 09:35:50,192 - src.data.trading_system - INFO - Closed long position in RELIANCE.NS at $1265.50, P&L: $97.59 (4.99%)
2025-06-27 09:35:50,200 - src.data.trading_system - INFO - Opened short position in RELIANCE.NS at $1302.35, Shares: 1.50, Size: $1955.80
2025-06-27 09:35:50,201 - src.data.trading_system - INFO - Opened short position in RELIANCE.NS at 1302.3499755859375
2025-06-27 09:35:50,205 - src.data.trading_system - INFO - Closed short position in RELIANCE.NS at $1246.30, P&L: $84.17 (4.30%)
2025-06-27 09:35:50,232 - src.data.trading_system - INFO - Opened long position in RELIANCE.NS at $1171.25, Shares: 1.67, Size: $1957.48
2025-06-27 09:35:50,233 - src.data.trading_system - INFO - Opened long position in RELIANCE.NS at 1171.25
2025-06-27 09:35:50,236 - src.data.trading_system - INFO - Closed long position in RELIANCE.NS at $1249.80, P&L: $131.28 (6.71%)
2025-06-27 09:35:50,244 - src.data.trading_system - INFO - Opened short position in RELIANCE.NS at $1302.10, Shares: 1.51, Size: $1960.10
2025-06-27 09:35:50,244 - src.data.trading_system - INFO - Opened short position in RELIANCE.NS at 1302.0999755859375
2025-06-27 09:35:50,248 - src.data.trading_system - INFO - Closed short position in RELIANCE.NS at $1248.70, P&L: $80.39 (4.10%)
2025-06-27 09:35:50,258 - src.data.trading_system - INFO - Opened short position in RELIANCE.NS at $1368.80, Shares: 1.43, Size: $1961.71
2025-06-27 09:35:50,259 - src.data.trading_system - INFO - Opened short position in RELIANCE.NS at 1368.800048828125
2025-06-27 09:35:50,259 - src.data.trading_system - INFO - Closed short position in RELIANCE.NS at $1399.70, P&L: $-44.28 (-2.26%)
2025-06-27 09:35:50,260 - src.data.trading_system - INFO - Opened short position in RELIANCE.NS at $1399.70, Shares: 1.40, Size: $1960.83
2025-06-27 09:35:50,260 - src.data.trading_system - INFO - Opened short position in RELIANCE.NS at 1399.699951171875
2025-06-27 09:35:50,262 - src.data.trading_system - INFO - Closed short position in RELIANCE.NS at $1431.30, P&L: $-44.27 (-2.26%)
2025-06-27 09:35:50,289 - src.data.trading_system - INFO - Completed RELIANCE.NS: Trades: 10, P&L: $267.54
2025-06-27 09:35:50,289 - src.data.trading_system - INFO - 
Processing LT.NS...
2025-06-27 09:35:50,357 - src.data.trading_system - INFO - Opened short position in LT.NS at $3910.83, Shares: 0.50, Size: $1959.94
2025-06-27 09:35:50,357 - src.data.trading_system - INFO - Opened short position in LT.NS at 3910.826416015625
2025-06-27 09:35:50,361 - src.data.trading_system - INFO - Closed short position in LT.NS at $3723.42, P&L: $93.92 (4.79%)
2025-06-27 09:35:50,399 - src.data.trading_system - INFO - Opened short position in LT.NS at $3384.39, Shares: 0.58, Size: $1961.82
2025-06-27 09:35:50,400 - src.data.trading_system - INFO - Opened short position in LT.NS at 3384.385986328125
2025-06-27 09:35:50,402 - src.data.trading_system - INFO - Closed short position in LT.NS at $3469.24, P&L: $-49.19 (-2.51%)
2025-06-27 09:35:50,423 - src.data.trading_system - INFO - Opened short position in LT.NS at $3554.05, Shares: 0.55, Size: $1960.84
2025-06-27 09:35:50,424 - src.data.trading_system - INFO - Opened short position in LT.NS at 3554.0537109375
2025-06-27 09:35:50,440 - src.data.trading_system - INFO - Closed short position in LT.NS at $3641.14, P&L: $-48.05 (-2.45%)
2025-06-27 09:35:50,457 - src.data.trading_system - INFO - Completed LT.NS: Trades: 3, P&L: $-3.32
2025-06-27 09:35:50,457 - src.data.trading_system - INFO - 
Processing INFY.NS...
2025-06-27 09:35:50,510 - src.data.trading_system - INFO - Opened long position in INFY.NS at $1732.87, Shares: 1.13, Size: $1959.87
2025-06-27 09:35:50,511 - src.data.trading_system - INFO - Opened long position in INFY.NS at 1732.868408203125
2025-06-27 09:35:50,514 - src.data.trading_system - INFO - Closed long position in INFY.NS at $1804.56, P&L: $81.08 (4.14%)
2025-06-27 09:35:50,558 - src.data.trading_system - INFO - Opened long position in INFY.NS at $1739.62, Shares: 1.13, Size: $1961.50
2025-06-27 09:35:50,558 - src.data.trading_system - INFO - Opened long position in INFY.NS at 1739.623291015625
2025-06-27 09:35:50,559 - src.data.trading_system - INFO - Closed long position in INFY.NS at $1664.28, P&L: $-84.95 (-4.33%)
2025-06-27 09:35:50,560 - src.data.trading_system - INFO - Opened long position in INFY.NS at $1664.28, Shares: 1.18, Size: $1959.80
2025-06-27 09:35:50,560 - src.data.trading_system - INFO - Opened long position in INFY.NS at 1664.2833251953125
2025-06-27 09:35:50,565 - src.data.trading_system - INFO - Closed long position in INFY.NS at $1568.78, P&L: $-112.46 (-5.74%)
2025-06-27 09:35:50,566 - src.data.trading_system - INFO - Opened long position in INFY.NS at $1568.78, Shares: 1.25, Size: $1957.55
2025-06-27 09:35:50,567 - src.data.trading_system - INFO - Opened long position in INFY.NS at 1568.777099609375
2025-06-27 09:35:50,575 - src.data.trading_system - INFO - Closed long position in INFY.NS at $1505.32, P&L: $-79.18 (-4.05%)
2025-06-27 09:35:50,578 - src.data.trading_system - INFO - Opened long position in INFY.NS at $1377.37, Shares: 1.42, Size: $1955.96
2025-06-27 09:35:50,578 - src.data.trading_system - INFO - Opened long position in INFY.NS at 1377.3702392578125
2025-06-27 09:35:50,585 - src.data.trading_system - INFO - Closed long position in INFY.NS at $1454.44, P&L: $109.44 (5.60%)
2025-06-27 09:35:50,595 - src.data.trading_system - INFO - Opened short position in INFY.NS at $1604.33, Shares: 1.22, Size: $1958.15
2025-06-27 09:35:50,595 - src.data.trading_system - INFO - Opened short position in INFY.NS at 1604.3270263671875
2025-06-27 09:35:50,598 - src.data.trading_system - INFO - Closed short position in INFY.NS at $1538.16, P&L: $80.76 (4.12%)
2025-06-27 09:35:50,610 - src.data.trading_system - INFO - Opened short position in INFY.NS at $1631.10, Shares: 1.20, Size: $1959.77
2025-06-27 09:35:50,610 - src.data.trading_system - INFO - Opened short position in INFY.NS at 1631.0999755859375
2025-06-27 09:35:50,619 - src.data.trading_system - INFO - Completed INFY.NS: Trades: 6, P&L: $-5.31
2025-06-27 09:35:50,619 - src.data.trading_system - INFO - 
Processing TCS.NS...
2025-06-27 09:35:50,647 - src.data.trading_system - INFO - Opened short position in TCS.NS at $4391.70, Shares: 0.44, Size: $1920.57
2025-06-27 09:35:50,647 - src.data.trading_system - INFO - Opened short position in TCS.NS at 4391.70361328125
2025-06-27 09:35:50,655 - src.data.trading_system - INFO - Closed short position in TCS.NS at $4181.28, P&L: $92.02 (4.79%)
2025-06-27 09:35:50,656 - src.data.trading_system - INFO - Opened long position in TCS.NS at $4181.28, Shares: 0.46, Size: $1922.41
2025-06-27 09:35:50,656 - src.data.trading_system - INFO - Opened long position in TCS.NS at 4181.28369140625
2025-06-27 09:35:50,667 - src.data.trading_system - INFO - Closed long position in TCS.NS at $4038.26, P&L: $-65.76 (-3.42%)
2025-06-27 09:35:50,671 - src.data.trading_system - INFO - Opened long position in TCS.NS at $3985.46, Shares: 0.48, Size: $1921.10
2025-06-27 09:35:50,671 - src.data.trading_system - INFO - Opened long position in TCS.NS at 3985.463623046875
2025-06-27 09:35:50,678 - src.data.trading_system - INFO - Closed long position in TCS.NS at $3871.77, P&L: $-54.80 (-2.85%)
2025-06-27 09:35:50,689 - src.data.trading_system - INFO - Opened short position in TCS.NS at $4209.97, Shares: 0.46, Size: $1920.00
2025-06-27 09:35:50,689 - src.data.trading_system - INFO - Opened short position in TCS.NS at 4209.97314453125
2025-06-27 09:35:50,693 - src.data.trading_system - INFO - Closed short position in TCS.NS at $4355.29, P&L: $-66.28 (-3.45%)
2025-06-27 09:35:50,723 - src.data.trading_system - INFO - Opened long position in TCS.NS at $3928.63, Shares: 0.49, Size: $1918.68
2025-06-27 09:35:50,724 - src.data.trading_system - INFO - Opened long position in TCS.NS at 3928.631103515625
2025-06-27 09:35:50,726 - src.data.trading_system - INFO - Closed long position in TCS.NS at $3839.08, P&L: $-43.74 (-2.28%)
2025-06-27 09:35:50,727 - src.data.trading_system - INFO - Opened long position in TCS.NS at $3750.76, Shares: 0.51, Size: $1917.80
2025-06-27 09:35:50,727 - src.data.trading_system - INFO - Opened long position in TCS.NS at 3750.761962890625
2025-06-27 09:35:50,729 - src.data.trading_system - INFO - Closed long position in TCS.NS at $3643.22, P&L: $-54.99 (-2.87%)
2025-06-27 09:35:50,730 - src.data.trading_system - INFO - Opened long position in TCS.NS at $3643.22, Shares: 0.53, Size: $1916.70
2025-06-27 09:35:50,730 - src.data.trading_system - INFO - Opened long position in TCS.NS at 3643.218017578125
2025-06-27 09:35:50,733 - src.data.trading_system - INFO - Closed long position in TCS.NS at $3452.56, P&L: $-100.30 (-5.23%)
2025-06-27 09:35:50,733 - src.data.trading_system - INFO - Opened long position in TCS.NS at $3452.56, Shares: 0.55, Size: $1914.70
2025-06-27 09:35:50,734 - src.data.trading_system - INFO - Opened long position in TCS.NS at 3452.5625
2025-06-27 09:35:50,745 - src.data.trading_system - INFO - Closed long position in TCS.NS at $3596.98, P&L: $80.09 (4.18%)
2025-06-27 09:35:50,757 - src.data.trading_system - INFO - Opened long position in TCS.NS at $3285.20, Shares: 0.58, Size: $1916.30
2025-06-27 09:35:50,757 - src.data.trading_system - INFO - Opened long position in TCS.NS at 3285.199951171875
2025-06-27 09:35:50,759 - src.data.trading_system - INFO - Closed long position in TCS.NS at $3417.62, P&L: $77.24 (4.03%)
2025-06-27 09:35:50,766 - src.data.trading_system - INFO - Opened short position in TCS.NS at $3588.50, Shares: 0.53, Size: $1917.84
2025-06-27 09:35:50,766 - src.data.trading_system - INFO - Opened short position in TCS.NS at 3588.50390625
2025-06-27 09:35:50,775 - src.data.trading_system - INFO - Closed short position in TCS.NS at $3432.89, P&L: $83.17 (4.34%)
2025-06-27 09:35:50,789 - src.data.trading_system - INFO - Completed TCS.NS: Trades: 10, P&L: $-53.34
2025-06-27 09:35:50,790 - src.data.trading_system - INFO - 
Processing SBIN.NS...
2025-06-27 09:35:50,806 - src.data.trading_system - INFO - Opened long position in SBIN.NS at $795.67, Shares: 2.41, Size: $1919.51
2025-06-27 09:35:50,806 - src.data.trading_system - INFO - Opened long position in SBIN.NS at 795.6732788085938
2025-06-27 09:35:50,821 - src.data.trading_system - INFO - Closed long position in SBIN.NS at $767.10, P&L: $-68.94 (-3.59%)
2025-06-27 09:35:50,822 - src.data.trading_system - INFO - Opened long position in SBIN.NS at $768.81, Shares: 2.49, Size: $1918.13
2025-06-27 09:35:50,822 - src.data.trading_system - INFO - Opened long position in SBIN.NS at 768.8125610351562
2025-06-27 09:35:50,839 - src.data.trading_system - INFO - Closed long position in SBIN.NS at $804.25, P&L: $88.42 (4.61%)
2025-06-27 09:35:50,868 - src.data.trading_system - INFO - Opened long position in SBIN.NS at $783.91, Shares: 2.45, Size: $1919.90
2025-06-27 09:35:50,868 - src.data.trading_system - INFO - Opened long position in SBIN.NS at 783.9094848632812
2025-06-27 09:35:50,871 - src.data.trading_system - INFO - Closed long position in SBIN.NS at $761.12, P&L: $-55.82 (-2.91%)
2025-06-27 09:35:50,875 - src.data.trading_system - INFO - Opened long position in SBIN.NS at $715.14, Shares: 2.68, Size: $1918.78
2025-06-27 09:35:50,876 - src.data.trading_system - INFO - Opened long position in SBIN.NS at 715.1403198242188
2025-06-27 09:35:50,878 - src.data.trading_system - INFO - Closed long position in SBIN.NS at $751.22, P&L: $96.79 (5.04%)
2025-06-27 09:35:50,906 - src.data.trading_system - INFO - Opened short position in SBIN.NS at $765.43, Shares: 2.51, Size: $1920.72
2025-06-27 09:35:50,906 - src.data.trading_system - INFO - Opened short position in SBIN.NS at 765.4304809570312
2025-06-27 09:35:50,911 - src.data.trading_system - INFO - Closed short position in SBIN.NS at $732.20, P&L: $83.39 (4.34%)
2025-06-27 09:35:50,947 - src.data.trading_system - INFO - Completed SBIN.NS: Trades: 5, P&L: $143.84
2025-06-27 09:35:52,040 - src.data.trading_system - INFO - 
Performance report generated: /workspaces/algoTradingSystem/trading_results/figures/performance_report_20250627_093552.html
