2025-06-26 16:19:18,704 - __main__ - INFO - Starting trading system in live mode
2025-06-26 16:19:18,704 - __main__ - INFO - Initial capital: $100,000.00
2025-06-26 16:19:20,425 - src.data.google_sheets_logger - INFO - gspread worksheet opened successfully.
2025-06-26 16:19:20,427 - googleapiclient.discovery_cache - INFO - file_cache is only supported with oauth2client<4.0.0
2025-06-26 16:19:20,430 - src.data.google_sheets_logger - INFO - Google Sheets API service initialized.
2025-06-26 16:19:20,430 - src.data.trading_system - INFO - ✅ Google Sheets logging enabled
2025-06-26 16:19:20,431 - src.data.trading_system - INFO - Connected to: https://docs.google.com/spreadsheets/d/1yhmCMKFpMsjvsEfRzzXZWXCaU7Mao8bYt1MSK7r-12A
2025-06-26 16:19:20,431 - src.data.automation_controller - INFO - Starting automation controller...
2025-06-26 16:19:20,432 - src.data.automation_controller - INFO - Starting trading loop...
2025-06-26 16:19:20,432 - src.data.automation_controller - INFO - Market is open. Starting trading...
2025-06-26 16:19:20,432 - src.data.automation_controller - INFO - Starting trading...
2025-06-26 16:19:20,432 - src.data.trading_system - INFO - Market conditions updated.
2025-06-26 16:19:20,432 - src.data.trading_system - INFO - Initialized trading session.
2025-06-26 16:19:20,891 - src.data.google_sheets_logger - INFO - System event logged: ['2025-06-26 16:19:20', 'Trading Started', '{"capital": 100000.0, "timestamp": "2025-06-26 16:19:20.433020+00:00"}']
2025-06-26 16:19:20,892 - src.data.trading_system - INFO - Trading system started.
2025-06-26 16:24:22,374 - src.data.automation_controller - INFO - Positions updated successfully
2025-06-26 16:29:31,201 - src.data.automation_controller - INFO - Positions updated successfully
2025-06-26 16:34:21,245 - src.data.trading_system - INFO - Market conditions updated.
2025-06-26 16:34:21,245 - src.data.automation_controller - INFO - Market conditions updated
2025-06-26 16:34:32,419 - src.data.automation_controller - INFO - Positions updated successfully
2025-06-26 16:39:33,666 - src.data.automation_controller - INFO - Positions updated successfully
2025-06-26 16:44:35,055 - src.data.automation_controller - INFO - Positions updated successfully
2025-06-26 16:48:00,111 - src.data.automation_controller - INFO - Received shutdown signal...
2025-06-26 16:48:01,096 - src.data.automation_controller - INFO - Automation controller stopped.
