2025-06-27 08:46:57,428 - src.data.google_sheets_logger - INFO - gspread worksheet opened successfully.
2025-06-27 08:46:57,430 - googleapiclient.discovery_cache - INFO - file_cache is only supported with oauth2client<4.0.0
2025-06-27 08:46:57,433 - src.data.google_sheets_logger - INFO - Google Sheets API service initialized.
2025-06-27 08:47:04,228 - __main__ - INFO - Starting trading system in Backtest mode
2025-06-27 08:47:04,229 - __main__ - INFO - Initial capital: $100,000.00
2025-06-27 08:47:05,889 - src.data.google_sheets_logger - INFO - gspread worksheet opened successfully.
2025-06-27 08:47:05,892 - googleapiclient.discovery_cache - INFO - file_cache is only supported with oauth2client<4.0.0
2025-06-27 08:47:05,894 - src.data.google_sheets_logger - INFO - Google Sheets API service initialized.
2025-06-27 08:47:05,894 - src.data.trading_system - INFO - ✅ Google Sheets logging enabled
2025-06-27 08:47:05,894 - src.data.trading_system - INFO - Connected to: https://docs.google.com/spreadsheets/d/1yhmCMKFpMsjvsEfRzzXZWXCaU7Mao8bYt1MSK7r-12A
2025-06-27 08:47:05,895 - src.data.trading_system - INFO - 
Starting backtest for all symbols
2025-06-27 08:47:05,896 - src.data.trading_system - INFO - Period: 2024-06-27 to 2025-06-27
2025-06-27 08:47:06,471 - src.data.trading_system - INFO - 
Processing BHARTIARTL.NS...
2025-06-27 08:47:06,490 - src.data.trading_system - INFO - Opened short position in BHARTIARTL.NS at $1506.01, Shares: 1.33, Size: $2000.00
2025-06-27 08:47:06,490 - src.data.trading_system - INFO - Opened short position in BHARTIARTL.NS at 1506.00732421875
2025-06-27 08:47:06,494 - src.data.trading_system - INFO - Closed short position in BHARTIARTL.NS at $1435.55, P&L: $93.57 (4.68%)
2025-06-27 08:47:06,951 - src.data.trading_system - INFO - Opened short position in BHARTIARTL.NS at $1522.75, Shares: 1.31, Size: $2001.87
2025-06-27 08:47:06,951 - src.data.trading_system - INFO - Opened short position in BHARTIARTL.NS at 1522.75
2025-06-27 08:47:06,951 - src.data.trading_system - INFO - Closed short position in BHARTIARTL.NS at $1556.35, P&L: $-44.17 (-2.21%)
2025-06-27 08:47:07,354 - src.data.trading_system - INFO - Opened short position in BHARTIARTL.NS at $1556.35, Shares: 1.29, Size: $2000.99
2025-06-27 08:47:07,354 - src.data.trading_system - INFO - Opened short position in BHARTIARTL.NS at 1556.3499755859375
2025-06-27 08:47:07,355 - src.data.trading_system - INFO - Closed short position in BHARTIARTL.NS at $1589.05, P&L: $-42.04 (-2.10%)
2025-06-27 08:47:07,728 - src.data.trading_system - INFO - Opened short position in BHARTIARTL.NS at $1589.05, Shares: 1.26, Size: $2000.15
2025-06-27 08:47:07,728 - src.data.trading_system - INFO - Opened short position in BHARTIARTL.NS at 1589.050048828125
2025-06-27 08:47:07,739 - src.data.trading_system - INFO - Closed short position in BHARTIARTL.NS at $1646.75, P&L: $-72.63 (-3.63%)
2025-06-27 08:47:08,140 - src.data.trading_system - INFO - Opened short position in BHARTIARTL.NS at $1646.75, Shares: 1.21, Size: $1998.69
2025-06-27 08:47:08,140 - src.data.trading_system - INFO - Opened short position in BHARTIARTL.NS at 1646.75
2025-06-27 08:47:08,143 - src.data.trading_system - INFO - Closed short position in BHARTIARTL.NS at $1711.75, P&L: $-78.89 (-3.95%)
2025-06-27 08:47:08,539 - src.data.trading_system - INFO - Opened short position in BHARTIARTL.NS at $1711.75, Shares: 1.17, Size: $1997.12
2025-06-27 08:47:08,539 - src.data.trading_system - INFO - Opened short position in BHARTIARTL.NS at 1711.75
2025-06-27 08:47:08,539 - src.data.trading_system - INFO - Closed short position in BHARTIARTL.NS at $1750.45, P&L: $-45.15 (-2.26%)
2025-06-27 08:47:08,914 - src.data.trading_system - INFO - Opened short position in BHARTIARTL.NS at $1750.45, Shares: 1.14, Size: $1996.21
2025-06-27 08:47:08,914 - src.data.trading_system - INFO - Opened short position in BHARTIARTL.NS at 1750.449951171875
2025-06-27 08:47:08,923 - src.data.trading_system - INFO - Closed short position in BHARTIARTL.NS at $1673.45, P&L: $87.81 (4.40%)
2025-06-27 08:47:09,349 - src.data.trading_system - INFO - Opened long position in BHARTIARTL.NS at $1612.60, Shares: 1.24, Size: $1997.97
2025-06-27 08:47:09,349 - src.data.trading_system - INFO - Opened long position in BHARTIARTL.NS at 1612.5999755859375
2025-06-27 08:47:09,351 - src.data.trading_system - INFO - Closed long position in BHARTIARTL.NS at $1578.40, P&L: $-42.37 (-2.12%)
2025-06-27 08:47:09,732 - src.data.trading_system - INFO - Opened long position in BHARTIARTL.NS at $1578.40, Shares: 1.27, Size: $1997.12
2025-06-27 08:47:09,733 - src.data.trading_system - INFO - Opened long position in BHARTIARTL.NS at 1578.4000244140625
2025-06-27 08:47:09,737 - src.data.trading_system - INFO - Closed long position in BHARTIARTL.NS at $1537.00, P&L: $-52.38 (-2.62%)
2025-06-27 08:47:10,190 - src.data.trading_system - INFO - Opened short position in BHARTIARTL.NS at $1725.80, Shares: 1.16, Size: $1996.07
2025-06-27 08:47:10,190 - src.data.trading_system - INFO - Opened short position in BHARTIARTL.NS at 1725.800048828125
2025-06-27 08:47:10,199 - src.data.trading_system - INFO - Closed short position in BHARTIARTL.NS at $1798.80, P&L: $-84.43 (-4.23%)
2025-06-27 08:47:10,589 - src.data.trading_system - INFO - Opened short position in BHARTIARTL.NS at $1889.10, Shares: 1.06, Size: $1994.39
2025-06-27 08:47:10,589 - src.data.trading_system - INFO - Opened short position in BHARTIARTL.NS at 1889.0999755859375
2025-06-27 08:47:10,601 - src.data.trading_system - INFO - Closed short position in BHARTIARTL.NS at $1808.90, P&L: $84.67 (4.25%)
2025-06-27 08:47:11,073 - src.data.trading_system - INFO - Opened short position in BHARTIARTL.NS at $1936.70, Shares: 1.03, Size: $1996.08
2025-06-27 08:47:11,073 - src.data.trading_system - INFO - Opened short position in BHARTIARTL.NS at 1936.699951171875
2025-06-27 08:47:11,075 - src.data.trading_system - INFO - Closed short position in BHARTIARTL.NS at $2014.30, P&L: $-79.98 (-4.01%)
2025-06-27 08:47:11,482 - src.data.trading_system - INFO - Opened short position in BHARTIARTL.NS at $2014.30, Shares: 0.99, Size: $1994.48
2025-06-27 08:47:11,483 - src.data.trading_system - INFO - Opened short position in BHARTIARTL.NS at 2014.300048828125
2025-06-27 08:47:11,484 - src.data.trading_system - INFO - Completed BHARTIARTL.NS: Trades: 12, P&L: $-276.00
2025-06-27 08:47:11,484 - src.data.trading_system - INFO - 
Processing SBIN.NS...
2025-06-27 08:47:11,501 - src.data.trading_system - INFO - Opened long position in SBIN.NS at $795.67, Shares: 2.46, Size: $1954.59
2025-06-27 08:47:11,501 - src.data.trading_system - INFO - Opened long position in SBIN.NS at 795.6732788085938
2025-06-27 08:47:11,515 - src.data.trading_system - INFO - Closed long position in SBIN.NS at $767.10, P&L: $-70.20 (-3.59%)
2025-06-27 08:47:11,920 - src.data.trading_system - INFO - Opened long position in SBIN.NS at $768.81, Shares: 2.54, Size: $1953.19
2025-06-27 08:47:11,920 - src.data.trading_system - INFO - Opened long position in SBIN.NS at 768.8125610351562
2025-06-27 08:47:11,937 - src.data.trading_system - INFO - Closed long position in SBIN.NS at $804.25, P&L: $90.03 (4.61%)
2025-06-27 08:47:13,651 - src.data.trading_system - INFO - Opened long position in SBIN.NS at $783.91, Shares: 2.49, Size: $1954.99
2025-06-27 08:47:13,652 - src.data.trading_system - INFO - Opened long position in SBIN.NS at 783.9094848632812
2025-06-27 08:47:13,659 - src.data.trading_system - INFO - Closed long position in SBIN.NS at $761.12, P&L: $-56.84 (-2.91%)
2025-06-27 08:47:14,063 - src.data.trading_system - INFO - Opened long position in SBIN.NS at $715.14, Shares: 2.73, Size: $1953.85
2025-06-27 08:47:14,064 - src.data.trading_system - INFO - Opened long position in SBIN.NS at 715.1403198242188
2025-06-27 08:47:14,065 - src.data.trading_system - INFO - Closed long position in SBIN.NS at $751.22, P&L: $98.56 (5.04%)
2025-06-27 08:47:14,489 - src.data.trading_system - INFO - Opened short position in SBIN.NS at $765.43, Shares: 2.56, Size: $1955.82
2025-06-27 08:47:14,489 - src.data.trading_system - INFO - Opened short position in SBIN.NS at 765.4304809570312
2025-06-27 08:47:14,494 - src.data.trading_system - INFO - Closed short position in SBIN.NS at $732.20, P&L: $84.92 (4.34%)
2025-06-27 08:47:15,091 - src.data.trading_system - INFO - Completed SBIN.NS: Trades: 5, P&L: $146.47
2025-06-27 08:47:15,092 - src.data.trading_system - INFO - 
Processing LT.NS...
2025-06-27 08:47:15,152 - src.data.trading_system - INFO - Opened short position in LT.NS at $3910.83, Shares: 0.50, Size: $1957.52
2025-06-27 08:47:15,153 - src.data.trading_system - INFO - Opened short position in LT.NS at 3910.826416015625
2025-06-27 08:47:15,156 - src.data.trading_system - INFO - Closed short position in LT.NS at $3723.42, P&L: $93.80 (4.79%)
2025-06-27 08:47:15,684 - src.data.trading_system - INFO - Opened short position in LT.NS at $3384.39, Shares: 0.58, Size: $1959.40
2025-06-27 08:47:15,684 - src.data.trading_system - INFO - Opened short position in LT.NS at 3384.385986328125
2025-06-27 08:47:15,688 - src.data.trading_system - INFO - Closed short position in LT.NS at $3469.24, P&L: $-49.13 (-2.51%)
2025-06-27 08:47:16,113 - src.data.trading_system - INFO - Opened short position in LT.NS at $3554.05, Shares: 0.55, Size: $1958.41
2025-06-27 08:47:16,113 - src.data.trading_system - INFO - Opened short position in LT.NS at 3554.0537109375
2025-06-27 08:47:16,122 - src.data.trading_system - INFO - Closed short position in LT.NS at $3641.14, P&L: $-47.99 (-2.45%)
2025-06-27 08:47:16,563 - src.data.trading_system - INFO - Completed LT.NS: Trades: 3, P&L: $-3.32
2025-06-27 08:47:16,563 - src.data.trading_system - INFO - 
Processing TCS.NS...
2025-06-27 08:47:16,589 - src.data.trading_system - INFO - Opened short position in TCS.NS at $4391.70, Shares: 0.45, Size: $1957.45
2025-06-27 08:47:16,590 - src.data.trading_system - INFO - Opened short position in TCS.NS at 4391.70361328125
2025-06-27 08:47:16,597 - src.data.trading_system - INFO - Closed short position in TCS.NS at $4181.28, P&L: $93.79 (4.79%)
2025-06-27 08:47:16,987 - src.data.trading_system - INFO - Opened long position in TCS.NS at $4181.28, Shares: 0.47, Size: $1959.33
2025-06-27 08:47:16,987 - src.data.trading_system - INFO - Opened long position in TCS.NS at 4181.2841796875
2025-06-27 08:47:16,997 - src.data.trading_system - INFO - Closed long position in TCS.NS at $4038.26, P&L: $-67.02 (-3.42%)
2025-06-27 08:47:17,395 - src.data.trading_system - INFO - Opened long position in TCS.NS at $3985.46, Shares: 0.49, Size: $1957.99
2025-06-27 08:47:17,396 - src.data.trading_system - INFO - Opened long position in TCS.NS at 3985.46337890625
2025-06-27 08:47:17,409 - src.data.trading_system - INFO - Closed long position in TCS.NS at $3871.77, P&L: $-55.86 (-2.85%)
2025-06-27 08:47:17,802 - src.data.trading_system - INFO - Opened short position in TCS.NS at $4209.97, Shares: 0.46, Size: $1956.87
2025-06-27 08:47:17,802 - src.data.trading_system - INFO - Opened short position in TCS.NS at 4209.97314453125
2025-06-27 08:47:17,806 - src.data.trading_system - INFO - Closed short position in TCS.NS at $4355.29, P&L: $-67.55 (-3.45%)
2025-06-27 08:47:18,214 - src.data.trading_system - INFO - Opened long position in TCS.NS at $3928.63, Shares: 0.50, Size: $1955.52
2025-06-27 08:47:18,214 - src.data.trading_system - INFO - Opened long position in TCS.NS at 3928.631103515625
2025-06-27 08:47:18,217 - src.data.trading_system - INFO - Closed long position in TCS.NS at $3839.08, P&L: $-44.58 (-2.28%)
2025-06-27 08:47:18,617 - src.data.trading_system - INFO - Opened long position in TCS.NS at $3750.76, Shares: 0.52, Size: $1954.63
2025-06-27 08:47:18,617 - src.data.trading_system - INFO - Opened long position in TCS.NS at 3750.761962890625
2025-06-27 08:47:18,618 - src.data.trading_system - INFO - Closed long position in TCS.NS at $3643.22, P&L: $-56.04 (-2.87%)
2025-06-27 08:47:19,041 - src.data.trading_system - INFO - Opened long position in TCS.NS at $3643.22, Shares: 0.54, Size: $1953.51
2025-06-27 08:47:19,041 - src.data.trading_system - INFO - Opened long position in TCS.NS at 3643.218017578125
2025-06-27 08:47:19,043 - src.data.trading_system - INFO - Closed long position in TCS.NS at $3452.56, P&L: $-102.23 (-5.23%)
2025-06-27 08:47:19,428 - src.data.trading_system - INFO - Opened long position in TCS.NS at $3452.56, Shares: 0.57, Size: $1951.46
2025-06-27 08:47:19,428 - src.data.trading_system - INFO - Opened long position in TCS.NS at 3452.5625
2025-06-27 08:47:19,444 - src.data.trading_system - INFO - Closed long position in TCS.NS at $3596.98, P&L: $81.63 (4.18%)
2025-06-27 08:47:19,869 - src.data.trading_system - INFO - Opened long position in TCS.NS at $3285.20, Shares: 0.59, Size: $1953.10
2025-06-27 08:47:19,869 - src.data.trading_system - INFO - Opened long position in TCS.NS at 3285.199951171875
2025-06-27 08:47:19,871 - src.data.trading_system - INFO - Closed long position in TCS.NS at $3417.62, P&L: $78.73 (4.03%)
2025-06-27 08:47:20,265 - src.data.trading_system - INFO - Opened short position in TCS.NS at $3588.50, Shares: 0.54, Size: $1954.67
2025-06-27 08:47:20,266 - src.data.trading_system - INFO - Opened short position in TCS.NS at 3588.50390625
2025-06-27 08:47:20,275 - src.data.trading_system - INFO - Closed short position in TCS.NS at $3432.89, P&L: $84.76 (4.34%)
2025-06-27 08:47:20,700 - src.data.trading_system - INFO - Completed TCS.NS: Trades: 10, P&L: $-54.37
2025-06-27 08:47:20,700 - src.data.trading_system - INFO - 
Processing INFY.NS...
2025-06-27 08:47:20,755 - src.data.trading_system - INFO - Opened long position in INFY.NS at $1732.87, Shares: 1.13, Size: $1956.37
2025-06-27 08:47:20,755 - src.data.trading_system - INFO - Opened long position in INFY.NS at 1732.868408203125
2025-06-27 08:47:20,758 - src.data.trading_system - INFO - Closed long position in INFY.NS at $1804.56, P&L: $80.94 (4.14%)
2025-06-27 08:47:21,186 - src.data.trading_system - INFO - Opened long position in INFY.NS at $1739.62, Shares: 1.13, Size: $1957.98
2025-06-27 08:47:21,187 - src.data.trading_system - INFO - Opened long position in INFY.NS at 1739.623291015625
2025-06-27 08:47:21,188 - src.data.trading_system - INFO - Closed long position in INFY.NS at $1664.28, P&L: $-84.80 (-4.33%)
2025-06-27 08:47:21,588 - src.data.trading_system - INFO - Opened long position in INFY.NS at $1664.28, Shares: 1.18, Size: $1956.29
2025-06-27 08:47:21,589 - src.data.trading_system - INFO - Opened long position in INFY.NS at 1664.2833251953125
2025-06-27 08:47:21,593 - src.data.trading_system - INFO - Closed long position in INFY.NS at $1568.78, P&L: $-112.26 (-5.74%)
2025-06-27 08:47:21,971 - src.data.trading_system - INFO - Opened long position in INFY.NS at $1568.78, Shares: 1.25, Size: $1954.04
2025-06-27 08:47:21,971 - src.data.trading_system - INFO - Opened long position in INFY.NS at 1568.777099609375
2025-06-27 08:47:21,981 - src.data.trading_system - INFO - Closed long position in INFY.NS at $1505.32, P&L: $-79.04 (-4.05%)
2025-06-27 08:47:22,364 - src.data.trading_system - INFO - Opened long position in INFY.NS at $1377.37, Shares: 1.42, Size: $1952.46
2025-06-27 08:47:22,365 - src.data.trading_system - INFO - Opened long position in INFY.NS at 1377.3702392578125
2025-06-27 08:47:22,369 - src.data.trading_system - INFO - Closed long position in INFY.NS at $1454.44, P&L: $109.24 (5.60%)
2025-06-27 08:47:22,782 - src.data.trading_system - INFO - Opened short position in INFY.NS at $1604.33, Shares: 1.22, Size: $1954.65
2025-06-27 08:47:22,783 - src.data.trading_system - INFO - Opened short position in INFY.NS at 1604.3270263671875
2025-06-27 08:47:22,785 - src.data.trading_system - INFO - Closed short position in INFY.NS at $1538.16, P&L: $80.62 (4.12%)
2025-06-27 08:47:23,200 - src.data.trading_system - INFO - Opened short position in INFY.NS at $1631.10, Shares: 1.20, Size: $1956.26
2025-06-27 08:47:23,201 - src.data.trading_system - INFO - Opened short position in INFY.NS at 1631.0999755859375
2025-06-27 08:47:23,208 - src.data.trading_system - INFO - Completed INFY.NS: Trades: 6, P&L: $-5.30
2025-06-27 08:47:23,209 - src.data.trading_system - INFO - 
Processing RELIANCE.NS...
2025-06-27 08:47:23,247 - src.data.trading_system - INFO - Opened long position in RELIANCE.NS at $1370.72, Shares: 1.40, Size: $1917.13
2025-06-27 08:47:23,248 - src.data.trading_system - INFO - Opened long position in RELIANCE.NS at 1370.7249755859375
2025-06-27 08:47:23,255 - src.data.trading_system - INFO - Closed long position in RELIANCE.NS at $1338.53, P&L: $-45.04 (-2.35%)
2025-06-27 08:47:23,761 - src.data.trading_system - INFO - Opened long position in RELIANCE.NS at $1283.75, Shares: 1.49, Size: $1916.23
2025-06-27 08:47:23,761 - src.data.trading_system - INFO - Opened long position in RELIANCE.NS at 1283.75
2025-06-27 08:47:23,764 - src.data.trading_system - INFO - Closed long position in RELIANCE.NS at $1252.05, P&L: $-47.32 (-2.47%)
2025-06-27 08:47:24,182 - src.data.trading_system - INFO - Opened long position in RELIANCE.NS at $1252.05, Shares: 1.53, Size: $1915.29
2025-06-27 08:47:24,182 - src.data.trading_system - INFO - Opened long position in RELIANCE.NS at 1252.050048828125
2025-06-27 08:47:24,185 - src.data.trading_system - INFO - Closed long position in RELIANCE.NS at $1223.00, P&L: $-44.44 (-2.32%)
2025-06-27 08:47:25,178 - src.data.trading_system - INFO - Opened long position in RELIANCE.NS at $1223.00, Shares: 1.57, Size: $1914.40
2025-06-27 08:47:25,179 - src.data.trading_system - INFO - Opened long position in RELIANCE.NS at 1223.0
2025-06-27 08:47:25,179 - src.data.trading_system - INFO - Closed long position in RELIANCE.NS at $1287.00, P&L: $100.18 (5.23%)
2025-06-27 08:47:25,603 - src.data.trading_system - INFO - Opened long position in RELIANCE.NS at $1205.30, Shares: 1.59, Size: $1916.40
2025-06-27 08:47:25,603 - src.data.trading_system - INFO - Opened long position in RELIANCE.NS at 1205.300048828125
2025-06-27 08:47:25,610 - src.data.trading_system - INFO - Closed long position in RELIANCE.NS at $1265.50, P&L: $95.72 (4.99%)
2025-06-27 08:47:26,115 - src.data.trading_system - INFO - Opened short position in RELIANCE.NS at $1302.35, Shares: 1.47, Size: $1918.32
2025-06-27 08:47:26,115 - src.data.trading_system - INFO - Opened short position in RELIANCE.NS at 1302.3499755859375
2025-06-27 08:47:26,117 - src.data.trading_system - INFO - Closed short position in RELIANCE.NS at $1246.30, P&L: $82.56 (4.30%)
2025-06-27 08:47:26,534 - src.data.trading_system - INFO - Opened long position in RELIANCE.NS at $1171.25, Shares: 1.64, Size: $1919.97
2025-06-27 08:47:26,535 - src.data.trading_system - INFO - Opened long position in RELIANCE.NS at 1171.25
2025-06-27 08:47:26,536 - src.data.trading_system - INFO - Closed long position in RELIANCE.NS at $1249.80, P&L: $128.76 (6.71%)
2025-06-27 08:47:26,929 - src.data.trading_system - INFO - Opened short position in RELIANCE.NS at $1302.10, Shares: 1.48, Size: $1922.54
2025-06-27 08:47:26,929 - src.data.trading_system - INFO - Opened short position in RELIANCE.NS at 1302.0999755859375
2025-06-27 08:47:26,932 - src.data.trading_system - INFO - Closed short position in RELIANCE.NS at $1248.70, P&L: $78.84 (4.10%)
2025-06-27 08:47:27,355 - src.data.trading_system - INFO - Opened short position in RELIANCE.NS at $1368.80, Shares: 1.41, Size: $1924.12
2025-06-27 08:47:27,355 - src.data.trading_system - INFO - Opened short position in RELIANCE.NS at 1368.800048828125
2025-06-27 08:47:27,355 - src.data.trading_system - INFO - Closed short position in RELIANCE.NS at $1399.70, P&L: $-43.44 (-2.26%)
2025-06-27 08:47:27,758 - src.data.trading_system - INFO - Opened short position in RELIANCE.NS at $1399.70, Shares: 1.37, Size: $1923.25
2025-06-27 08:47:27,759 - src.data.trading_system - INFO - Opened short position in RELIANCE.NS at 1399.699951171875
2025-06-27 08:47:27,760 - src.data.trading_system - INFO - Closed short position in RELIANCE.NS at $1431.30, P&L: $-43.42 (-2.26%)
2025-06-27 08:47:28,196 - src.data.trading_system - INFO - Completed RELIANCE.NS: Trades: 10, P&L: $262.42
2025-06-27 08:47:29,475 - src.data.trading_system - INFO - 
Performance report generated: /workspaces/algoTradingSystem/trading_results/figures/performance_report_20250627_084729.html
2025-06-27 08:47:31,081 - src.data.google_sheets_logger - INFO - gspread worksheet opened successfully.
2025-06-27 08:47:31,084 - googleapiclient.discovery_cache - INFO - file_cache is only supported with oauth2client<4.0.0
2025-06-27 08:47:31,086 - src.data.google_sheets_logger - INFO - Google Sheets API service initialized.
