2025-06-26 17:08:23,293 - __main__ - INFO - Starting trading system in backtest mode
2025-06-26 17:08:23,293 - __main__ - INFO - Initial capital: $100,000.00
2025-06-26 17:08:24,987 - src.data.google_sheets_logger - INFO - gspread worksheet opened successfully.
2025-06-26 17:08:24,989 - googleapiclient.discovery_cache - INFO - file_cache is only supported with oauth2client<4.0.0
2025-06-26 17:08:24,992 - src.data.google_sheets_logger - INFO - Google Sheets API service initialized.
2025-06-26 17:08:24,992 - src.data.trading_system - INFO - ✅ Google Sheets logging enabled
2025-06-26 17:08:24,992 - src.data.trading_system - INFO - Connected to: https://docs.google.com/spreadsheets/d/1yhmCMKFpMsjvsEfRzzXZWXCaU7Mao8bYt1MSK7r-12A
2025-06-26 17:08:24,992 - src.data.trading_system - INFO - 
Starting backtest for all symbols
2025-06-26 17:08:24,992 - src.data.trading_system - INFO - Period: 2024-06-26 to 2025-06-26
2025-06-26 17:08:25,563 - src.data.trading_system - INFO - 
Processing TCS.NS...
2025-06-26 17:08:25,590 - src.data.trading_system - INFO - Opened short position in TCS.NS at $4451.10, Shares: 0.45, Size: $2000.00
2025-06-26 17:08:25,590 - src.data.trading_system - INFO - Opened short position in TCS.NS at 4451.10400390625
2025-06-26 17:08:25,597 - src.data.trading_system - INFO - Closed short position in TCS.NS at $4237.84, P&L: $95.83 (4.79%)
2025-06-26 17:08:25,597 - src.data.trading_system - WARNING - Failed to log to Google Sheets: 'GoogleSheetsLogger' object has no attribute 'log_trade'
2025-06-26 17:08:25,598 - src.data.trading_system - INFO - Opened long position in TCS.NS at $4237.84, Shares: 0.47, Size: $2001.92
2025-06-26 17:08:25,598 - src.data.trading_system - INFO - Opened long position in TCS.NS at 4237.83837890625
2025-06-26 17:08:25,608 - src.data.trading_system - INFO - Closed long position in TCS.NS at $4092.88, P&L: $-68.48 (-3.42%)
2025-06-26 17:08:25,608 - src.data.trading_system - WARNING - Failed to log to Google Sheets: 'GoogleSheetsLogger' object has no attribute 'log_trade'
2025-06-26 17:08:25,611 - src.data.trading_system - INFO - Opened long position in TCS.NS at $4039.37, Shares: 0.50, Size: $2000.55
2025-06-26 17:08:25,611 - src.data.trading_system - INFO - Opened long position in TCS.NS at 4039.369384765625
2025-06-26 17:08:25,617 - src.data.trading_system - INFO - Closed long position in TCS.NS at $3924.14, P&L: $-57.07 (-2.85%)
2025-06-26 17:08:25,618 - src.data.trading_system - WARNING - Failed to log to Google Sheets: 'GoogleSheetsLogger' object has no attribute 'log_trade'
2025-06-26 17:08:25,627 - src.data.trading_system - INFO - Opened short position in TCS.NS at $4266.92, Shares: 0.47, Size: $1999.41
2025-06-26 17:08:25,627 - src.data.trading_system - INFO - Opened short position in TCS.NS at 4266.91552734375
2025-06-26 17:08:25,631 - src.data.trading_system - INFO - Closed short position in TCS.NS at $4414.20, P&L: $-69.02 (-3.45%)
2025-06-26 17:08:25,631 - src.data.trading_system - WARNING - Failed to log to Google Sheets: 'GoogleSheetsLogger' object has no attribute 'log_trade'
2025-06-26 17:08:25,659 - src.data.trading_system - INFO - Opened long position in TCS.NS at $3928.63, Shares: 0.51, Size: $1998.03
2025-06-26 17:08:25,660 - src.data.trading_system - INFO - Opened long position in TCS.NS at 3928.631103515625
2025-06-26 17:08:25,662 - src.data.trading_system - INFO - Closed long position in TCS.NS at $3839.08, P&L: $-45.55 (-2.28%)
2025-06-26 17:08:25,662 - src.data.trading_system - WARNING - Failed to log to Google Sheets: 'GoogleSheetsLogger' object has no attribute 'log_trade'
2025-06-26 17:08:25,663 - src.data.trading_system - INFO - Opened long position in TCS.NS at $3750.76, Shares: 0.53, Size: $1997.11
2025-06-26 17:08:25,663 - src.data.trading_system - INFO - Opened long position in TCS.NS at 3750.761962890625
2025-06-26 17:08:25,665 - src.data.trading_system - INFO - Closed long position in TCS.NS at $3643.22, P&L: $-57.26 (-2.87%)
2025-06-26 17:08:25,665 - src.data.trading_system - WARNING - Failed to log to Google Sheets: 'GoogleSheetsLogger' object has no attribute 'log_trade'
2025-06-26 17:08:25,666 - src.data.trading_system - INFO - Opened long position in TCS.NS at $3643.22, Shares: 0.55, Size: $1995.97
2025-06-26 17:08:25,666 - src.data.trading_system - INFO - Opened long position in TCS.NS at 3643.218017578125
2025-06-26 17:08:25,668 - src.data.trading_system - INFO - Closed long position in TCS.NS at $3452.56, P&L: $-104.45 (-5.23%)
2025-06-26 17:08:25,668 - src.data.trading_system - WARNING - Failed to log to Google Sheets: 'GoogleSheetsLogger' object has no attribute 'log_trade'
2025-06-26 17:08:25,669 - src.data.trading_system - INFO - Opened long position in TCS.NS at $3452.56, Shares: 0.58, Size: $1993.88
2025-06-26 17:08:25,669 - src.data.trading_system - INFO - Opened long position in TCS.NS at 3452.5625
2025-06-26 17:08:25,678 - src.data.trading_system - INFO - Closed long position in TCS.NS at $3596.98, P&L: $83.40 (4.18%)
2025-06-26 17:08:25,679 - src.data.trading_system - WARNING - Failed to log to Google Sheets: 'GoogleSheetsLogger' object has no attribute 'log_trade'
2025-06-26 17:08:25,689 - src.data.trading_system - INFO - Opened long position in TCS.NS at $3285.20, Shares: 0.61, Size: $1995.55
2025-06-26 17:08:25,690 - src.data.trading_system - INFO - Opened long position in TCS.NS at 3285.199951171875
2025-06-26 17:08:25,691 - src.data.trading_system - INFO - Closed long position in TCS.NS at $3417.62, P&L: $80.44 (4.03%)
2025-06-26 17:08:25,691 - src.data.trading_system - WARNING - Failed to log to Google Sheets: 'GoogleSheetsLogger' object has no attribute 'log_trade'
2025-06-26 17:08:25,698 - src.data.trading_system - INFO - Opened short position in TCS.NS at $3588.50, Shares: 0.56, Size: $1997.16
2025-06-26 17:08:25,699 - src.data.trading_system - INFO - Opened short position in TCS.NS at 3588.50390625
2025-06-26 17:08:25,707 - src.data.trading_system - INFO - Closed short position in TCS.NS at $3432.89, P&L: $86.61 (4.34%)
2025-06-26 17:08:25,707 - src.data.trading_system - WARNING - Failed to log to Google Sheets: 'GoogleSheetsLogger' object has no attribute 'log_trade'
2025-06-26 17:08:25,721 - src.data.trading_system - INFO - Completed TCS.NS: Trades: 10, P&L: $-55.55
2025-06-26 17:08:25,721 - src.data.trading_system - INFO - 
Processing SBIN.NS...
2025-06-26 17:08:25,749 - src.data.trading_system - INFO - Opened long position in SBIN.NS at $795.67, Shares: 2.51, Size: $1998.89
2025-06-26 17:08:25,749 - src.data.trading_system - INFO - Opened long position in SBIN.NS at 795.6732788085938
2025-06-26 17:08:25,772 - src.data.trading_system - INFO - Closed long position in SBIN.NS at $767.10, P&L: $-71.79 (-3.59%)
2025-06-26 17:08:25,772 - src.data.trading_system - WARNING - Failed to log to Google Sheets: 'GoogleSheetsLogger' object has no attribute 'log_trade'
2025-06-26 17:08:25,773 - src.data.trading_system - INFO - Opened long position in SBIN.NS at $768.81, Shares: 2.60, Size: $1997.45
2025-06-26 17:08:25,773 - src.data.trading_system - INFO - Opened long position in SBIN.NS at 768.8125610351562
2025-06-26 17:08:25,789 - src.data.trading_system - INFO - Closed long position in SBIN.NS at $804.25, P&L: $92.07 (4.61%)
2025-06-26 17:08:25,789 - src.data.trading_system - WARNING - Failed to log to Google Sheets: 'GoogleSheetsLogger' object has no attribute 'log_trade'
2025-06-26 17:08:25,816 - src.data.trading_system - INFO - Opened long position in SBIN.NS at $783.91, Shares: 2.55, Size: $1999.29
2025-06-26 17:08:25,816 - src.data.trading_system - INFO - Opened long position in SBIN.NS at 783.9094848632812
2025-06-26 17:08:25,819 - src.data.trading_system - INFO - Closed long position in SBIN.NS at $761.12, P&L: $-58.13 (-2.91%)
2025-06-26 17:08:25,819 - src.data.trading_system - WARNING - Failed to log to Google Sheets: 'GoogleSheetsLogger' object has no attribute 'log_trade'
2025-06-26 17:08:25,823 - src.data.trading_system - INFO - Opened long position in SBIN.NS at $715.14, Shares: 2.79, Size: $1998.13
2025-06-26 17:08:25,823 - src.data.trading_system - INFO - Opened long position in SBIN.NS at 715.1403198242188
2025-06-26 17:08:25,825 - src.data.trading_system - INFO - Closed long position in SBIN.NS at $751.22, P&L: $100.80 (5.04%)
2025-06-26 17:08:25,825 - src.data.trading_system - WARNING - Failed to log to Google Sheets: 'GoogleSheetsLogger' object has no attribute 'log_trade'
2025-06-26 17:08:25,851 - src.data.trading_system - INFO - Opened short position in SBIN.NS at $765.43, Shares: 2.61, Size: $2000.15
2025-06-26 17:08:25,851 - src.data.trading_system - INFO - Opened short position in SBIN.NS at 765.4304809570312
2025-06-26 17:08:25,856 - src.data.trading_system - INFO - Closed short position in SBIN.NS at $732.20, P&L: $86.84 (4.34%)
2025-06-26 17:08:25,856 - src.data.trading_system - WARNING - Failed to log to Google Sheets: 'GoogleSheetsLogger' object has no attribute 'log_trade'
2025-06-26 17:08:25,886 - src.data.trading_system - INFO - Completed SBIN.NS: Trades: 5, P&L: $149.79
2025-06-26 17:08:25,886 - src.data.trading_system - INFO - 
Processing RELIANCE.NS...
2025-06-26 17:08:25,923 - src.data.trading_system - INFO - Opened long position in RELIANCE.NS at $1370.72, Shares: 1.46, Size: $2001.88
2025-06-26 17:08:25,923 - src.data.trading_system - INFO - Opened long position in RELIANCE.NS at 1370.7249755859375
2025-06-26 17:08:25,930 - src.data.trading_system - INFO - Closed long position in RELIANCE.NS at $1338.53, P&L: $-47.03 (-2.35%)
2025-06-26 17:08:25,930 - src.data.trading_system - WARNING - Failed to log to Google Sheets: 'GoogleSheetsLogger' object has no attribute 'log_trade'
2025-06-26 17:08:25,940 - src.data.trading_system - INFO - Opened long position in RELIANCE.NS at $1283.75, Shares: 1.56, Size: $2000.94
2025-06-26 17:08:25,940 - src.data.trading_system - INFO - Opened long position in RELIANCE.NS at 1283.75
2025-06-26 17:08:25,941 - src.data.trading_system - INFO - Closed long position in RELIANCE.NS at $1252.05, P&L: $-49.41 (-2.47%)
2025-06-26 17:08:25,941 - src.data.trading_system - WARNING - Failed to log to Google Sheets: 'GoogleSheetsLogger' object has no attribute 'log_trade'
2025-06-26 17:08:25,942 - src.data.trading_system - INFO - Opened long position in RELIANCE.NS at $1252.05, Shares: 1.60, Size: $1999.96
2025-06-26 17:08:25,942 - src.data.trading_system - INFO - Opened long position in RELIANCE.NS at 1252.050048828125
2025-06-26 17:08:25,944 - src.data.trading_system - INFO - Closed long position in RELIANCE.NS at $1223.00, P&L: $-46.40 (-2.32%)
2025-06-26 17:08:25,944 - src.data.trading_system - WARNING - Failed to log to Google Sheets: 'GoogleSheetsLogger' object has no attribute 'log_trade'
2025-06-26 17:08:25,945 - src.data.trading_system - INFO - Opened long position in RELIANCE.NS at $1223.00, Shares: 1.63, Size: $1999.03
2025-06-26 17:08:25,945 - src.data.trading_system - INFO - Opened long position in RELIANCE.NS at 1223.0
2025-06-26 17:08:25,946 - src.data.trading_system - INFO - Closed long position in RELIANCE.NS at $1287.00, P&L: $104.61 (5.23%)
2025-06-26 17:08:25,946 - src.data.trading_system - WARNING - Failed to log to Google Sheets: 'GoogleSheetsLogger' object has no attribute 'log_trade'
2025-06-26 17:08:25,959 - src.data.trading_system - INFO - Opened long position in RELIANCE.NS at $1205.30, Shares: 1.66, Size: $2001.12
2025-06-26 17:08:25,959 - src.data.trading_system - INFO - Opened long position in RELIANCE.NS at 1205.300048828125
2025-06-26 17:08:25,965 - src.data.trading_system - INFO - Closed long position in RELIANCE.NS at $1265.50, P&L: $99.95 (4.99%)
2025-06-26 17:08:25,965 - src.data.trading_system - WARNING - Failed to log to Google Sheets: 'GoogleSheetsLogger' object has no attribute 'log_trade'
2025-06-26 17:08:25,971 - src.data.trading_system - INFO - Opened short position in RELIANCE.NS at $1302.35, Shares: 1.54, Size: $2003.12
2025-06-26 17:08:25,971 - src.data.trading_system - INFO - Opened short position in RELIANCE.NS at 1302.3499755859375
2025-06-26 17:08:25,975 - src.data.trading_system - INFO - Closed short position in RELIANCE.NS at $1246.30, P&L: $86.21 (4.30%)
2025-06-26 17:08:25,975 - src.data.trading_system - WARNING - Failed to log to Google Sheets: 'GoogleSheetsLogger' object has no attribute 'log_trade'
2025-06-26 17:08:25,990 - src.data.trading_system - INFO - Opened long position in RELIANCE.NS at $1171.25, Shares: 1.71, Size: $2004.84
2025-06-26 17:08:25,991 - src.data.trading_system - INFO - Opened long position in RELIANCE.NS at 1171.25
2025-06-26 17:08:25,992 - src.data.trading_system - INFO - Closed long position in RELIANCE.NS at $1249.80, P&L: $134.46 (6.71%)
2025-06-26 17:08:25,993 - src.data.trading_system - WARNING - Failed to log to Google Sheets: 'GoogleSheetsLogger' object has no attribute 'log_trade'
2025-06-26 17:08:26,000 - src.data.trading_system - INFO - Opened short position in RELIANCE.NS at $1302.10, Shares: 1.54, Size: $2007.53
2025-06-26 17:08:26,000 - src.data.trading_system - INFO - Opened short position in RELIANCE.NS at 1302.0999755859375
2025-06-26 17:08:26,003 - src.data.trading_system - INFO - Closed short position in RELIANCE.NS at $1248.70, P&L: $82.33 (4.10%)
2025-06-26 17:08:26,004 - src.data.trading_system - WARNING - Failed to log to Google Sheets: 'GoogleSheetsLogger' object has no attribute 'log_trade'
2025-06-26 17:08:26,013 - src.data.trading_system - INFO - Opened short position in RELIANCE.NS at $1368.80, Shares: 1.47, Size: $2009.18
2025-06-26 17:08:26,014 - src.data.trading_system - INFO - Opened short position in RELIANCE.NS at 1368.800048828125
2025-06-26 17:08:26,014 - src.data.trading_system - INFO - Closed short position in RELIANCE.NS at $1399.70, P&L: $-45.36 (-2.26%)
2025-06-26 17:08:26,014 - src.data.trading_system - WARNING - Failed to log to Google Sheets: 'GoogleSheetsLogger' object has no attribute 'log_trade'
2025-06-26 17:08:26,015 - src.data.trading_system - INFO - Opened short position in RELIANCE.NS at $1399.70, Shares: 1.43, Size: $2008.27
2025-06-26 17:08:26,015 - src.data.trading_system - INFO - Opened short position in RELIANCE.NS at 1399.699951171875
2025-06-26 17:08:26,016 - src.data.trading_system - INFO - Closed short position in RELIANCE.NS at $1431.30, P&L: $-45.34 (-2.26%)
2025-06-26 17:08:26,016 - src.data.trading_system - WARNING - Failed to log to Google Sheets: 'GoogleSheetsLogger' object has no attribute 'log_trade'
2025-06-26 17:08:26,038 - src.data.trading_system - INFO - Completed RELIANCE.NS: Trades: 10, P&L: $274.02
2025-06-26 17:08:26,038 - src.data.trading_system - INFO - 
Processing ICICIBANK.NS...
2025-06-26 17:08:26,054 - src.data.trading_system - INFO - Opened long position in ICICIBANK.NS at $1162.59, Shares: 1.73, Size: $2007.37
2025-06-26 17:08:26,054 - src.data.trading_system - INFO - Opened long position in ICICIBANK.NS at 1162.5914306640625
2025-06-26 17:08:26,063 - src.data.trading_system - INFO - Closed long position in ICICIBANK.NS at $1213.30, P&L: $87.56 (4.36%)
2025-06-26 17:08:26,063 - src.data.trading_system - WARNING - Failed to log to Google Sheets: 'GoogleSheetsLogger' object has no attribute 'log_trade'
2025-06-26 17:08:26,065 - src.data.trading_system - INFO - Opened short position in ICICIBANK.NS at $1226.35, Shares: 1.64, Size: $2009.12
2025-06-26 17:08:26,065 - src.data.trading_system - INFO - Opened short position in ICICIBANK.NS at 1226.3499755859375
2025-06-26 17:08:26,072 - src.data.trading_system - INFO - Closed short position in ICICIBANK.NS at $1252.15, P&L: $-42.27 (-2.10%)
2025-06-26 17:08:26,072 - src.data.trading_system - WARNING - Failed to log to Google Sheets: 'GoogleSheetsLogger' object has no attribute 'log_trade'
2025-06-26 17:08:26,075 - src.data.trading_system - INFO - Opened short position in ICICIBANK.NS at $1288.35, Shares: 1.56, Size: $2008.27
2025-06-26 17:08:26,076 - src.data.trading_system - INFO - Opened short position in ICICIBANK.NS at 1288.3499755859375
2025-06-26 17:08:26,076 - src.data.trading_system - INFO - Closed short position in ICICIBANK.NS at $1338.45, P&L: $-78.10 (-3.89%)
2025-06-26 17:08:26,076 - src.data.trading_system - WARNING - Failed to log to Google Sheets: 'GoogleSheetsLogger' object has no attribute 'log_trade'
2025-06-26 17:08:26,077 - src.data.trading_system - INFO - Opened short position in ICICIBANK.NS at $1338.45, Shares: 1.50, Size: $2006.71
2025-06-26 17:08:26,077 - src.data.trading_system - INFO - Opened short position in ICICIBANK.NS at 1338.449951171875
2025-06-26 17:08:26,081 - src.data.trading_system - INFO - Closed short position in ICICIBANK.NS at $1273.00, P&L: $98.13 (4.89%)
2025-06-26 17:08:26,081 - src.data.trading_system - WARNING - Failed to log to Google Sheets: 'GoogleSheetsLogger' object has no attribute 'log_trade'
2025-06-26 17:08:26,107 - src.data.trading_system - INFO - Opened short position in ICICIBANK.NS at $1336.50, Shares: 1.50, Size: $2008.67
2025-06-26 17:08:26,107 - src.data.trading_system - INFO - Opened short position in ICICIBANK.NS at 1336.5
2025-06-26 17:08:26,121 - src.data.trading_system - INFO - Closed short position in ICICIBANK.NS at $1281.65, P&L: $82.44 (4.10%)
2025-06-26 17:08:26,121 - src.data.trading_system - WARNING - Failed to log to Google Sheets: 'GoogleSheetsLogger' object has no attribute 'log_trade'
2025-06-26 17:08:26,129 - src.data.trading_system - INFO - Opened long position in ICICIBANK.NS at $1229.75, Shares: 1.63, Size: $2010.32
2025-06-26 17:08:26,130 - src.data.trading_system - INFO - Opened long position in ICICIBANK.NS at 1229.75
2025-06-26 17:08:26,132 - src.data.trading_system - INFO - Closed long position in ICICIBANK.NS at $1196.15, P&L: $-54.93 (-2.73%)
2025-06-26 17:08:26,133 - src.data.trading_system - WARNING - Failed to log to Google Sheets: 'GoogleSheetsLogger' object has no attribute 'log_trade'
2025-06-26 17:08:26,133 - src.data.trading_system - INFO - Opened long position in ICICIBANK.NS at $1196.15, Shares: 1.68, Size: $2009.22
2025-06-26 17:08:26,133 - src.data.trading_system - INFO - Opened long position in ICICIBANK.NS at 1196.1500244140625
2025-06-26 17:08:26,136 - src.data.trading_system - INFO - Closed long position in ICICIBANK.NS at $1246.90, P&L: $85.25 (4.24%)
2025-06-26 17:08:26,136 - src.data.trading_system - WARNING - Failed to log to Google Sheets: 'GoogleSheetsLogger' object has no attribute 'log_trade'
2025-06-26 17:08:26,159 - src.data.trading_system - INFO - Opened short position in ICICIBANK.NS at $1313.10, Shares: 1.53, Size: $2010.93
2025-06-26 17:08:26,159 - src.data.trading_system - INFO - Opened short position in ICICIBANK.NS at 1313.0999755859375
2025-06-26 17:08:26,160 - src.data.trading_system - INFO - Closed short position in ICICIBANK.NS at $1343.10, P&L: $-45.94 (-2.28%)
2025-06-26 17:08:26,160 - src.data.trading_system - WARNING - Failed to log to Google Sheets: 'GoogleSheetsLogger' object has no attribute 'log_trade'
2025-06-26 17:08:26,161 - src.data.trading_system - INFO - Opened short position in ICICIBANK.NS at $1343.10, Shares: 1.50, Size: $2010.01
2025-06-26 17:08:26,161 - src.data.trading_system - INFO - Opened short position in ICICIBANK.NS at 1343.0999755859375
2025-06-26 17:08:26,166 - src.data.trading_system - INFO - Closed short position in ICICIBANK.NS at $1287.55, P&L: $83.13 (4.14%)
2025-06-26 17:08:26,166 - src.data.trading_system - WARNING - Failed to log to Google Sheets: 'GoogleSheetsLogger' object has no attribute 'log_trade'
2025-06-26 17:08:26,185 - src.data.trading_system - INFO - Opened short position in ICICIBANK.NS at $1435.50, Shares: 1.40, Size: $2011.67
2025-06-26 17:08:26,185 - src.data.trading_system - INFO - Opened short position in ICICIBANK.NS at 1435.5
2025-06-26 17:08:26,221 - src.data.trading_system - INFO - Completed ICICIBANK.NS: Trades: 9, P&L: $215.26
2025-06-26 17:08:26,221 - src.data.trading_system - INFO - 
Processing LT.NS...
2025-06-26 17:08:26,307 - src.data.trading_system - INFO - Opened short position in LT.NS at $3910.83, Shares: 0.50, Size: $1971.44
2025-06-26 17:08:26,307 - src.data.trading_system - INFO - Opened short position in LT.NS at 3910.826416015625
2025-06-26 17:08:26,311 - src.data.trading_system - INFO - Closed short position in LT.NS at $3723.42, P&L: $94.47 (4.79%)
2025-06-26 17:08:26,311 - src.data.trading_system - WARNING - Failed to log to Google Sheets: 'GoogleSheetsLogger' object has no attribute 'log_trade'
2025-06-26 17:08:26,346 - src.data.trading_system - INFO - Opened short position in LT.NS at $3384.39, Shares: 0.58, Size: $1973.33
2025-06-26 17:08:26,346 - src.data.trading_system - INFO - Opened short position in LT.NS at 3384.385986328125
2025-06-26 17:08:26,348 - src.data.trading_system - INFO - Closed short position in LT.NS at $3469.24, P&L: $-49.48 (-2.51%)
2025-06-26 17:08:26,348 - src.data.trading_system - WARNING - Failed to log to Google Sheets: 'GoogleSheetsLogger' object has no attribute 'log_trade'
2025-06-26 17:08:26,365 - src.data.trading_system - INFO - Opened short position in LT.NS at $3554.05, Shares: 0.55, Size: $1972.34
2025-06-26 17:08:26,365 - src.data.trading_system - INFO - Opened short position in LT.NS at 3554.0537109375
2025-06-26 17:08:26,373 - src.data.trading_system - INFO - Closed short position in LT.NS at $3641.14, P&L: $-48.33 (-2.45%)
2025-06-26 17:08:26,373 - src.data.trading_system - WARNING - Failed to log to Google Sheets: 'GoogleSheetsLogger' object has no attribute 'log_trade'
2025-06-26 17:08:26,387 - src.data.trading_system - INFO - Completed LT.NS: Trades: 3, P&L: $-3.34
2025-06-26 17:08:26,387 - src.data.trading_system - INFO - 
Processing BHARTIARTL.NS...
2025-06-26 17:08:26,399 - src.data.trading_system - INFO - Opened short position in BHARTIARTL.NS at $1506.01, Shares: 1.31, Size: $1971.37
2025-06-26 17:08:26,400 - src.data.trading_system - INFO - Opened short position in BHARTIARTL.NS at 1506.00732421875
2025-06-26 17:08:26,403 - src.data.trading_system - INFO - Closed short position in BHARTIARTL.NS at $1435.55, P&L: $92.23 (4.68%)
2025-06-26 17:08:26,403 - src.data.trading_system - WARNING - Failed to log to Google Sheets: 'GoogleSheetsLogger' object has no attribute 'log_trade'
2025-06-26 17:08:26,413 - src.data.trading_system - INFO - Opened short position in BHARTIARTL.NS at $1522.75, Shares: 1.30, Size: $1973.21
2025-06-26 17:08:26,413 - src.data.trading_system - INFO - Opened short position in BHARTIARTL.NS at 1522.75
2025-06-26 17:08:26,413 - src.data.trading_system - INFO - Closed short position in BHARTIARTL.NS at $1556.35, P&L: $-43.54 (-2.21%)
2025-06-26 17:08:26,413 - src.data.trading_system - WARNING - Failed to log to Google Sheets: 'GoogleSheetsLogger' object has no attribute 'log_trade'
2025-06-26 17:08:26,414 - src.data.trading_system - INFO - Opened short position in BHARTIARTL.NS at $1556.35, Shares: 1.27, Size: $1972.34
2025-06-26 17:08:26,414 - src.data.trading_system - INFO - Opened short position in BHARTIARTL.NS at 1556.3499755859375
2025-06-26 17:08:26,415 - src.data.trading_system - INFO - Closed short position in BHARTIARTL.NS at $1589.05, P&L: $-41.44 (-2.10%)
2025-06-26 17:08:26,415 - src.data.trading_system - WARNING - Failed to log to Google Sheets: 'GoogleSheetsLogger' object has no attribute 'log_trade'
2025-06-26 17:08:26,416 - src.data.trading_system - INFO - Opened short position in BHARTIARTL.NS at $1589.05, Shares: 1.24, Size: $1971.52
2025-06-26 17:08:26,416 - src.data.trading_system - INFO - Opened short position in BHARTIARTL.NS at 1589.050048828125
2025-06-26 17:08:26,422 - src.data.trading_system - INFO - Closed short position in BHARTIARTL.NS at $1646.75, P&L: $-71.59 (-3.63%)
2025-06-26 17:08:26,422 - src.data.trading_system - WARNING - Failed to log to Google Sheets: 'GoogleSheetsLogger' object has no attribute 'log_trade'
2025-06-26 17:08:26,423 - src.data.trading_system - INFO - Opened short position in BHARTIARTL.NS at $1646.75, Shares: 1.20, Size: $1970.08
2025-06-26 17:08:26,423 - src.data.trading_system - INFO - Opened short position in BHARTIARTL.NS at 1646.75
2025-06-26 17:08:26,426 - src.data.trading_system - INFO - Closed short position in BHARTIARTL.NS at $1711.75, P&L: $-77.76 (-3.95%)
2025-06-26 17:08:26,426 - src.data.trading_system - WARNING - Failed to log to Google Sheets: 'GoogleSheetsLogger' object has no attribute 'log_trade'
2025-06-26 17:08:26,426 - src.data.trading_system - INFO - Opened short position in BHARTIARTL.NS at $1711.75, Shares: 1.15, Size: $1968.53
2025-06-26 17:08:26,427 - src.data.trading_system - INFO - Opened short position in BHARTIARTL.NS at 1711.75
2025-06-26 17:08:26,427 - src.data.trading_system - INFO - Closed short position in BHARTIARTL.NS at $1750.45, P&L: $-44.51 (-2.26%)
2025-06-26 17:08:26,427 - src.data.trading_system - WARNING - Failed to log to Google Sheets: 'GoogleSheetsLogger' object has no attribute 'log_trade'
2025-06-26 17:08:26,428 - src.data.trading_system - INFO - Opened short position in BHARTIARTL.NS at $1750.45, Shares: 1.12, Size: $1967.64
2025-06-26 17:08:26,428 - src.data.trading_system - INFO - Opened short position in BHARTIARTL.NS at 1750.449951171875
2025-06-26 17:08:26,432 - src.data.trading_system - INFO - Closed short position in BHARTIARTL.NS at $1673.45, P&L: $86.55 (4.40%)
2025-06-26 17:08:26,433 - src.data.trading_system - WARNING - Failed to log to Google Sheets: 'GoogleSheetsLogger' object has no attribute 'log_trade'
2025-06-26 17:08:26,447 - src.data.trading_system - INFO - Opened long position in BHARTIARTL.NS at $1612.60, Shares: 1.22, Size: $1969.37
2025-06-26 17:08:26,447 - src.data.trading_system - INFO - Opened long position in BHARTIARTL.NS at 1612.5999755859375
2025-06-26 17:08:26,448 - src.data.trading_system - INFO - Closed long position in BHARTIARTL.NS at $1578.40, P&L: $-41.77 (-2.12%)
2025-06-26 17:08:26,448 - src.data.trading_system - WARNING - Failed to log to Google Sheets: 'GoogleSheetsLogger' object has no attribute 'log_trade'
2025-06-26 17:08:26,449 - src.data.trading_system - INFO - Opened long position in BHARTIARTL.NS at $1578.40, Shares: 1.25, Size: $1968.53
2025-06-26 17:08:26,449 - src.data.trading_system - INFO - Opened long position in BHARTIARTL.NS at 1578.4000244140625
2025-06-26 17:08:26,454 - src.data.trading_system - INFO - Closed long position in BHARTIARTL.NS at $1537.00, P&L: $-51.63 (-2.62%)
2025-06-26 17:08:26,454 - src.data.trading_system - WARNING - Failed to log to Google Sheets: 'GoogleSheetsLogger' object has no attribute 'log_trade'
2025-06-26 17:08:26,500 - src.data.trading_system - INFO - Opened short position in BHARTIARTL.NS at $1725.80, Shares: 1.14, Size: $1967.50
2025-06-26 17:08:26,500 - src.data.trading_system - INFO - Opened short position in BHARTIARTL.NS at 1725.800048828125
2025-06-26 17:08:26,509 - src.data.trading_system - INFO - Closed short position in BHARTIARTL.NS at $1798.80, P&L: $-83.22 (-4.23%)
2025-06-26 17:08:26,509 - src.data.trading_system - WARNING - Failed to log to Google Sheets: 'GoogleSheetsLogger' object has no attribute 'log_trade'
2025-06-26 17:08:26,511 - src.data.trading_system - INFO - Opened short position in BHARTIARTL.NS at $1889.10, Shares: 1.04, Size: $1965.84
2025-06-26 17:08:26,511 - src.data.trading_system - INFO - Opened short position in BHARTIARTL.NS at 1889.0999755859375
2025-06-26 17:08:26,523 - src.data.trading_system - INFO - Closed short position in BHARTIARTL.NS at $1808.90, P&L: $83.46 (4.25%)
2025-06-26 17:08:26,523 - src.data.trading_system - WARNING - Failed to log to Google Sheets: 'GoogleSheetsLogger' object has no attribute 'log_trade'
2025-06-26 17:08:26,537 - src.data.trading_system - INFO - Opened short position in BHARTIARTL.NS at $1936.70, Shares: 1.02, Size: $1967.51
2025-06-26 17:08:26,537 - src.data.trading_system - INFO - Opened short position in BHARTIARTL.NS at 1936.699951171875
2025-06-26 17:08:26,539 - src.data.trading_system - INFO - Closed short position in BHARTIARTL.NS at $2014.30, P&L: $-78.83 (-4.01%)
2025-06-26 17:08:26,539 - src.data.trading_system - WARNING - Failed to log to Google Sheets: 'GoogleSheetsLogger' object has no attribute 'log_trade'
2025-06-26 17:08:26,540 - src.data.trading_system - INFO - Opened short position in BHARTIARTL.NS at $2014.30, Shares: 0.98, Size: $1965.93
2025-06-26 17:08:26,540 - src.data.trading_system - INFO - Opened short position in BHARTIARTL.NS at 2014.300048828125
2025-06-26 17:08:26,541 - src.data.trading_system - INFO - Completed BHARTIARTL.NS: Trades: 12, P&L: $-272.05
2025-06-26 17:08:26,541 - src.data.trading_system - INFO - 
Processing HDFCBANK.NS...
2025-06-26 17:08:26,570 - src.data.trading_system - INFO - Opened short position in HDFCBANK.NS at $1666.60, Shares: 1.16, Size: $1926.61
2025-06-26 17:08:26,570 - src.data.trading_system - INFO - Opened short position in HDFCBANK.NS at 1666.5999755859375
2025-06-26 17:08:26,572 - src.data.trading_system - INFO - Closed short position in HDFCBANK.NS at $1708.50, P&L: $-48.44 (-2.51%)
2025-06-26 17:08:26,572 - src.data.trading_system - WARNING - Failed to log to Google Sheets: 'GoogleSheetsLogger' object has no attribute 'log_trade'
2025-06-26 17:08:26,573 - src.data.trading_system - INFO - Opened short position in HDFCBANK.NS at $1708.50, Shares: 1.13, Size: $1925.64
2025-06-26 17:08:26,573 - src.data.trading_system - INFO - Opened short position in HDFCBANK.NS at 1708.5
2025-06-26 17:08:26,574 - src.data.trading_system - INFO - Closed short position in HDFCBANK.NS at $1759.80, P&L: $-57.82 (-3.00%)
2025-06-26 17:08:26,574 - src.data.trading_system - WARNING - Failed to log to Google Sheets: 'GoogleSheetsLogger' object has no attribute 'log_trade'
2025-06-26 17:08:26,575 - src.data.trading_system - INFO - Opened short position in HDFCBANK.NS at $1759.80, Shares: 1.09, Size: $1924.49
2025-06-26 17:08:26,575 - src.data.trading_system - INFO - Opened short position in HDFCBANK.NS at 1759.800048828125
2025-06-26 17:08:26,580 - src.data.trading_system - INFO - Closed short position in HDFCBANK.NS at $1682.00, P&L: $85.08 (4.42%)
2025-06-26 17:08:26,580 - src.data.trading_system - WARNING - Failed to log to Google Sheets: 'GoogleSheetsLogger' object has no attribute 'log_trade'
2025-06-26 17:08:26,605 - src.data.trading_system - INFO - Opened short position in HDFCBANK.NS at $1860.10, Shares: 1.04, Size: $1926.19
2025-06-26 17:08:26,605 - src.data.trading_system - INFO - Opened short position in HDFCBANK.NS at 1860.0999755859375
2025-06-26 17:08:26,611 - src.data.trading_system - INFO - Closed short position in HDFCBANK.NS at $1771.50, P&L: $91.75 (4.76%)
2025-06-26 17:08:26,611 - src.data.trading_system - WARNING - Failed to log to Google Sheets: 'GoogleSheetsLogger' object has no attribute 'log_trade'
2025-06-26 17:08:26,618 - src.data.trading_system - INFO - Opened long position in HDFCBANK.NS at $1710.50, Shares: 1.13, Size: $1928.02
2025-06-26 17:08:26,618 - src.data.trading_system - INFO - Opened long position in HDFCBANK.NS at 1710.5
2025-06-26 17:08:26,620 - src.data.trading_system - INFO - Closed long position in HDFCBANK.NS at $1667.80, P&L: $-48.13 (-2.50%)
2025-06-26 17:08:26,620 - src.data.trading_system - WARNING - Failed to log to Google Sheets: 'GoogleSheetsLogger' object has no attribute 'log_trade'
2025-06-26 17:08:26,621 - src.data.trading_system - INFO - Opened long position in HDFCBANK.NS at $1667.80, Shares: 1.16, Size: $1927.06
2025-06-26 17:08:26,622 - src.data.trading_system - INFO - Opened long position in HDFCBANK.NS at 1667.800048828125
2025-06-26 17:08:26,622 - src.data.trading_system - INFO - Closed long position in HDFCBANK.NS at $1630.85, P&L: $-42.69 (-2.22%)
2025-06-26 17:08:26,623 - src.data.trading_system - WARNING - Failed to log to Google Sheets: 'GoogleSheetsLogger' object has no attribute 'log_trade'
2025-06-26 17:08:26,623 - src.data.trading_system - INFO - Opened long position in HDFCBANK.NS at $1630.85, Shares: 1.18, Size: $1926.21
2025-06-26 17:08:26,623 - src.data.trading_system - INFO - Opened long position in HDFCBANK.NS at 1630.8499755859375
2025-06-26 17:08:26,633 - src.data.trading_system - INFO - Closed long position in HDFCBANK.NS at $1698.75, P&L: $80.20 (4.16%)
2025-06-26 17:08:26,633 - src.data.trading_system - WARNING - Failed to log to Google Sheets: 'GoogleSheetsLogger' object has no attribute 'log_trade'
2025-06-26 17:08:26,636 - src.data.trading_system - INFO - Opened short position in HDFCBANK.NS at $1737.80, Shares: 1.11, Size: $1927.81
2025-06-26 17:08:26,636 - src.data.trading_system - INFO - Opened short position in HDFCBANK.NS at 1737.800048828125
2025-06-26 17:08:26,653 - src.data.trading_system - INFO - Closed short position in HDFCBANK.NS at $1800.00, P&L: $-69.00 (-3.58%)
2025-06-26 17:08:26,653 - src.data.trading_system - WARNING - Failed to log to Google Sheets: 'GoogleSheetsLogger' object has no attribute 'log_trade'
2025-06-26 17:08:26,654 - src.data.trading_system - INFO - Opened short position in HDFCBANK.NS at $1800.00, Shares: 1.07, Size: $1926.43
2025-06-26 17:08:26,654 - src.data.trading_system - INFO - Opened short position in HDFCBANK.NS at 1800.0
2025-06-26 17:08:26,661 - src.data.trading_system - INFO - Closed short position in HDFCBANK.NS at $1864.90, P&L: $-69.46 (-3.61%)
2025-06-26 17:08:26,661 - src.data.trading_system - WARNING - Failed to log to Google Sheets: 'GoogleSheetsLogger' object has no attribute 'log_trade'
2025-06-26 17:08:26,675 - src.data.trading_system - INFO - Opened short position in HDFCBANK.NS at $1931.70, Shares: 1.00, Size: $1925.04
2025-06-26 17:08:26,675 - src.data.trading_system - INFO - Opened short position in HDFCBANK.NS at 1931.699951171875
2025-06-26 17:08:26,691 - src.data.trading_system - INFO - Closed short position in HDFCBANK.NS at $1978.70, P&L: $-46.84 (-2.43%)
2025-06-26 17:08:26,691 - src.data.trading_system - WARNING - Failed to log to Google Sheets: 'GoogleSheetsLogger' object has no attribute 'log_trade'
2025-06-26 17:08:26,692 - src.data.trading_system - INFO - Opened short position in HDFCBANK.NS at $1978.90, Shares: 0.97, Size: $1924.10
2025-06-26 17:08:26,693 - src.data.trading_system - INFO - Opened short position in HDFCBANK.NS at 1978.9000244140625
2025-06-26 17:08:26,700 - src.data.trading_system - INFO - Closed short position in HDFCBANK.NS at $2021.80, P&L: $-41.71 (-2.17%)
2025-06-26 17:08:26,701 - src.data.trading_system - WARNING - Failed to log to Google Sheets: 'GoogleSheetsLogger' object has no attribute 'log_trade'
2025-06-26 17:08:26,702 - src.data.trading_system - INFO - Completed HDFCBANK.NS: Trades: 11, P&L: $-167.06
2025-06-26 17:08:26,702 - src.data.trading_system - INFO - 
Processing ITC.NS...
2025-06-26 17:08:26,756 - src.data.trading_system - INFO - Opened short position in ITC.NS at $505.32, Shares: 3.81, Size: $1923.27
2025-06-26 17:08:26,756 - src.data.trading_system - INFO - Opened short position in ITC.NS at 505.31646728515625
2025-06-26 17:08:26,763 - src.data.trading_system - INFO - Closed short position in ITC.NS at $475.30, P&L: $114.24 (5.94%)
2025-06-26 17:08:26,763 - src.data.trading_system - WARNING - Failed to log to Google Sheets: 'GoogleSheetsLogger' object has no attribute 'log_trade'
2025-06-26 17:08:26,766 - src.data.trading_system - INFO - Opened long position in ITC.NS at $471.92, Shares: 4.08, Size: $1925.55
2025-06-26 17:08:26,766 - src.data.trading_system - INFO - Opened long position in ITC.NS at 471.918701171875
2025-06-26 17:08:26,774 - src.data.trading_system - INFO - Closed long position in ITC.NS at $455.97, P&L: $-65.08 (-3.38%)
2025-06-26 17:08:26,775 - src.data.trading_system - WARNING - Failed to log to Google Sheets: 'GoogleSheetsLogger' object has no attribute 'log_trade'
2025-06-26 17:08:26,800 - src.data.trading_system - INFO - Opened long position in ITC.NS at $450.41, Shares: 4.27, Size: $1924.25
2025-06-26 17:08:26,801 - src.data.trading_system - INFO - Opened long position in ITC.NS at 450.41070556640625
2025-06-26 17:08:26,840 - src.data.trading_system - INFO - Closed long position in ITC.NS at $472.74, P&L: $95.40 (4.96%)
2025-06-26 17:08:26,840 - src.data.trading_system - WARNING - Failed to log to Google Sheets: 'GoogleSheetsLogger' object has no attribute 'log_trade'
2025-06-26 17:08:26,841 - src.data.trading_system - INFO - Opened short position in ITC.NS at $472.74, Shares: 4.07, Size: $1926.16
2025-06-26 17:08:26,842 - src.data.trading_system - INFO - Opened short position in ITC.NS at 472.7403259277344
2025-06-26 17:08:26,843 - src.data.trading_system - INFO - Closed short position in ITC.NS at $427.89, P&L: $182.75 (9.49%)
2025-06-26 17:08:26,843 - src.data.trading_system - WARNING - Failed to log to Google Sheets: 'GoogleSheetsLogger' object has no attribute 'log_trade'
2025-06-26 17:08:26,865 - src.data.trading_system - INFO - Opened short position in ITC.NS at $447.12, Shares: 4.32, Size: $1929.82
2025-06-26 17:08:26,865 - src.data.trading_system - INFO - Opened short position in ITC.NS at 447.1240539550781
2025-06-26 17:08:26,868 - src.data.trading_system - INFO - Closed short position in ITC.NS at $426.39, P&L: $89.49 (4.64%)
2025-06-26 17:08:26,869 - src.data.trading_system - WARNING - Failed to log to Google Sheets: 'GoogleSheetsLogger' object has no attribute 'log_trade'
2025-06-26 17:08:26,906 - src.data.trading_system - INFO - Opened short position in ITC.NS at $413.92, Shares: 4.67, Size: $1931.61
2025-06-26 17:08:26,906 - src.data.trading_system - INFO - Opened short position in ITC.NS at 413.92340087890625
2025-06-26 17:08:26,909 - src.data.trading_system - INFO - Closed short position in ITC.NS at $425.76, P&L: $-55.22 (-2.86%)
2025-06-26 17:08:26,909 - src.data.trading_system - WARNING - Failed to log to Google Sheets: 'GoogleSheetsLogger' object has no attribute 'log_trade'
2025-06-26 17:08:26,910 - src.data.trading_system - INFO - Opened short position in ITC.NS at $425.76, Shares: 4.53, Size: $1930.50
2025-06-26 17:08:26,910 - src.data.trading_system - INFO - Opened short position in ITC.NS at 425.75543212890625
2025-06-26 17:08:26,922 - src.data.trading_system - INFO - Closed short position in ITC.NS at $434.89, P&L: $-41.41 (-2.14%)
2025-06-26 17:08:26,922 - src.data.trading_system - WARNING - Failed to log to Google Sheets: 'GoogleSheetsLogger' object has no attribute 'log_trade'
2025-06-26 17:08:26,939 - src.data.trading_system - INFO - Completed ITC.NS: Trades: 7, P&L: $320.18
2025-06-26 17:08:26,939 - src.data.trading_system - INFO - 
Processing KOTAKBANK.NS...
2025-06-26 17:08:26,978 - src.data.trading_system - INFO - Opened short position in KOTAKBANK.NS at $1871.95, Shares: 1.03, Size: $1929.67
2025-06-26 17:08:26,978 - src.data.trading_system - INFO - Opened short position in KOTAKBANK.NS at 1871.949951171875
2025-06-26 17:08:26,979 - src.data.trading_system - INFO - Closed short position in KOTAKBANK.NS at $1934.70, P&L: $-64.68 (-3.35%)
2025-06-26 17:08:26,979 - src.data.trading_system - WARNING - Failed to log to Google Sheets: 'GoogleSheetsLogger' object has no attribute 'log_trade'
2025-06-26 17:08:26,980 - src.data.trading_system - INFO - Opened short position in KOTAKBANK.NS at $1934.70, Shares: 1.00, Size: $1928.38
2025-06-26 17:08:26,981 - src.data.trading_system - INFO - Opened short position in KOTAKBANK.NS at 1934.699951171875
2025-06-26 17:08:26,983 - src.data.trading_system - INFO - Closed short position in KOTAKBANK.NS at $1853.95, P&L: $80.49 (4.17%)
2025-06-26 17:08:26,984 - src.data.trading_system - WARNING - Failed to log to Google Sheets: 'GoogleSheetsLogger' object has no attribute 'log_trade'
2025-06-26 17:08:27,058 - src.data.trading_system - INFO - Opened short position in KOTAKBANK.NS at $2079.00, Shares: 0.93, Size: $1929.99
2025-06-26 17:08:27,058 - src.data.trading_system - INFO - Opened short position in KOTAKBANK.NS at 2079.0
2025-06-26 17:08:27,058 - src.data.trading_system - INFO - Closed short position in KOTAKBANK.NS at $2176.15, P&L: $-90.19 (-4.67%)
2025-06-26 17:08:27,058 - src.data.trading_system - WARNING - Failed to log to Google Sheets: 'GoogleSheetsLogger' object has no attribute 'log_trade'
2025-06-26 17:08:27,059 - src.data.trading_system - INFO - Opened short position in KOTAKBANK.NS at $2176.15, Shares: 0.89, Size: $1928.19
2025-06-26 17:08:27,059 - src.data.trading_system - INFO - Opened short position in KOTAKBANK.NS at 2176.14990234375
2025-06-26 17:08:27,064 - src.data.trading_system - INFO - Closed short position in KOTAKBANK.NS at $2037.85, P&L: $122.54 (6.36%)
2025-06-26 17:08:27,064 - src.data.trading_system - WARNING - Failed to log to Google Sheets: 'GoogleSheetsLogger' object has no attribute 'log_trade'
2025-06-26 17:08:27,075 - src.data.trading_system - INFO - Opened short position in KOTAKBANK.NS at $2208.10, Shares: 0.87, Size: $1930.64
2025-06-26 17:08:27,075 - src.data.trading_system - INFO - Opened short position in KOTAKBANK.NS at 2208.10009765625
2025-06-26 17:08:27,076 - src.data.trading_system - INFO - Closed short position in KOTAKBANK.NS at $2084.90, P&L: $107.72 (5.58%)
2025-06-26 17:08:27,077 - src.data.trading_system - WARNING - Failed to log to Google Sheets: 'GoogleSheetsLogger' object has no attribute 'log_trade'
2025-06-26 17:08:27,100 - src.data.trading_system - INFO - Opened short position in KOTAKBANK.NS at $2223.60, Shares: 0.87, Size: $1932.79
2025-06-26 17:08:27,100 - src.data.trading_system - INFO - Opened short position in KOTAKBANK.NS at 2223.60009765625
2025-06-26 17:08:27,102 - src.data.trading_system - INFO - Completed KOTAKBANK.NS: Trades: 5, P&L: $155.87
2025-06-26 17:08:27,102 - src.data.trading_system - INFO - 
Processing INFY.NS...
2025-06-26 17:08:27,156 - src.data.trading_system - INFO - Opened long position in INFY.NS at $1732.87, Shares: 1.09, Size: $1894.13
2025-06-26 17:08:27,156 - src.data.trading_system - INFO - Opened long position in INFY.NS at 1732.868408203125
2025-06-26 17:08:27,159 - src.data.trading_system - INFO - Closed long position in INFY.NS at $1804.56, P&L: $78.36 (4.14%)
2025-06-26 17:08:27,159 - src.data.trading_system - WARNING - Failed to log to Google Sheets: 'GoogleSheetsLogger' object has no attribute 'log_trade'
2025-06-26 17:08:27,199 - src.data.trading_system - INFO - Opened long position in INFY.NS at $1739.62, Shares: 1.09, Size: $1895.70
2025-06-26 17:08:27,199 - src.data.trading_system - INFO - Opened long position in INFY.NS at 1739.623291015625
2025-06-26 17:08:27,200 - src.data.trading_system - INFO - Closed long position in INFY.NS at $1664.28, P&L: $-82.10 (-4.33%)
2025-06-26 17:08:27,200 - src.data.trading_system - WARNING - Failed to log to Google Sheets: 'GoogleSheetsLogger' object has no attribute 'log_trade'
2025-06-26 17:08:27,201 - src.data.trading_system - INFO - Opened long position in INFY.NS at $1664.28, Shares: 1.14, Size: $1894.06
2025-06-26 17:08:27,201 - src.data.trading_system - INFO - Opened long position in INFY.NS at 1664.2833251953125
2025-06-26 17:08:27,206 - src.data.trading_system - INFO - Closed long position in INFY.NS at $1568.78, P&L: $-108.69 (-5.74%)
2025-06-26 17:08:27,206 - src.data.trading_system - WARNING - Failed to log to Google Sheets: 'GoogleSheetsLogger' object has no attribute 'log_trade'
2025-06-26 17:08:27,207 - src.data.trading_system - INFO - Opened long position in INFY.NS at $1568.78, Shares: 1.21, Size: $1891.89
2025-06-26 17:08:27,207 - src.data.trading_system - INFO - Opened long position in INFY.NS at 1568.777099609375
2025-06-26 17:08:27,215 - src.data.trading_system - INFO - Closed long position in INFY.NS at $1505.32, P&L: $-76.53 (-4.05%)
2025-06-26 17:08:27,215 - src.data.trading_system - WARNING - Failed to log to Google Sheets: 'GoogleSheetsLogger' object has no attribute 'log_trade'
2025-06-26 17:08:27,218 - src.data.trading_system - INFO - Opened long position in INFY.NS at $1377.37, Shares: 1.37, Size: $1890.36
2025-06-26 17:08:27,218 - src.data.trading_system - INFO - Opened long position in INFY.NS at 1377.3702392578125
2025-06-26 17:08:27,223 - src.data.trading_system - INFO - Closed long position in INFY.NS at $1454.44, P&L: $105.77 (5.60%)
2025-06-26 17:08:27,223 - src.data.trading_system - WARNING - Failed to log to Google Sheets: 'GoogleSheetsLogger' object has no attribute 'log_trade'
2025-06-26 17:08:27,232 - src.data.trading_system - INFO - Opened short position in INFY.NS at $1604.33, Shares: 1.18, Size: $1892.47
2025-06-26 17:08:27,232 - src.data.trading_system - INFO - Opened short position in INFY.NS at 1604.3270263671875
2025-06-26 17:08:27,235 - src.data.trading_system - INFO - Closed short position in INFY.NS at $1538.16, P&L: $78.05 (4.12%)
2025-06-26 17:08:27,235 - src.data.trading_system - WARNING - Failed to log to Google Sheets: 'GoogleSheetsLogger' object has no attribute 'log_trade'
2025-06-26 17:08:27,246 - src.data.trading_system - INFO - Opened short position in INFY.NS at $1631.10, Shares: 1.16, Size: $1894.03
2025-06-26 17:08:27,246 - src.data.trading_system - INFO - Opened short position in INFY.NS at 1631.0999755859375
2025-06-26 17:08:27,253 - src.data.trading_system - INFO - Completed INFY.NS: Trades: 6, P&L: $-5.13
2025-06-26 17:08:28,930 - src.data.trading_system - INFO - 
Performance report generated: /workspaces/algoTradingSystem/trading_results/figures/performance_report_20250626_170828.html
2025-06-26 17:08:28,935 - root - INFO - Results saved to trading_results
