2025-06-26 14:08:49,900 - google_sheets_logger - INFO - Using credentials from: /workspaces/algoTradingSystem/src/data/credentials.json
2025-06-26 14:08:49,904 - googleapiclient.discovery_cache - INFO - file_cache is only supported with oauth2client<4.0.0
2025-06-26 14:08:52,639 - trading_system - INFO - ✅ Google Sheets logging enabled
2025-06-26 14:08:52,640 - trading_system - INFO - Connected to: https://docs.google.com/spreadsheets/d/1yhmCMKFpMsjvsEfRzzXZWXCaU7Mao8bYt1MSK7r-12A
2025-06-26 14:08:52,660 - automation_controller - INFO - Starting automation controller...
2025-06-26 14:08:52,661 - automation_controller - INFO - Starting trading loop...
2025-06-26 14:08:52,661 - automation_controller - INFO - Market is open. Starting trading...
2025-06-26 14:08:53,069 - automation_controller - ERROR - Error processing AAPL: 'TradingSystem' object has no attribute 'get_signal'
2025-06-26 14:08:53,192 - automation_controller - ERROR - Error processing MSFT: 'TradingSystem' object has no attribute 'get_signal'
2025-06-26 14:08:53,292 - automation_controller - ERROR - Error processing GOOGL: 'TradingSystem' object has no attribute 'get_signal'
2025-06-26 14:08:53,464 - automation_controller - ERROR - Error processing AMZN: 'TradingSystem' object has no attribute 'get_signal'
2025-06-26 14:08:53,662 - automation_controller - ERROR - Error processing AAPL: 'TradingSystem' object has no attribute 'get_signal'
2025-06-26 14:08:54,662 - automation_controller - ERROR - Error processing MSFT: 'TradingSystem' object has no attribute 'get_signal'
2025-06-26 14:08:55,662 - automation_controller - ERROR - Error processing GOOGL: 'TradingSystem' object has no attribute 'get_signal'
2025-06-26 14:08:56,663 - automation_controller - ERROR - Error processing AMZN: 'TradingSystem' object has no attribute 'get_signal'
2025-06-26 14:09:53,613 - automation_controller - ERROR - Error processing AAPL: 'TradingSystem' object has no attribute 'get_signal'
2025-06-26 14:09:53,672 - automation_controller - ERROR - Error processing AAPL: 'TradingSystem' object has no attribute 'get_signal'
2025-06-26 14:09:53,755 - automation_controller - ERROR - Error processing MSFT: 'TradingSystem' object has no attribute 'get_signal'
2025-06-26 14:09:53,851 - automation_controller - ERROR - Error processing GOOGL: 'TradingSystem' object has no attribute 'get_signal'
2025-06-26 14:09:53,944 - automation_controller - ERROR - Error processing AMZN: 'TradingSystem' object has no attribute 'get_signal'
2025-06-26 14:09:54,672 - automation_controller - ERROR - Error processing MSFT: 'TradingSystem' object has no attribute 'get_signal'
2025-06-26 14:09:55,673 - automation_controller - ERROR - Error processing GOOGL: 'TradingSystem' object has no attribute 'get_signal'
2025-06-26 14:09:56,674 - automation_controller - ERROR - Error processing AMZN: 'TradingSystem' object has no attribute 'get_signal'
2025-06-26 14:10:54,137 - automation_controller - ERROR - Error processing AAPL: 'TradingSystem' object has no attribute 'get_signal'
2025-06-26 14:10:54,384 - automation_controller - ERROR - Error processing MSFT: 'TradingSystem' object has no attribute 'get_signal'
2025-06-26 14:10:54,585 - automation_controller - ERROR - Error processing GOOGL: 'TradingSystem' object has no attribute 'get_signal'
2025-06-26 14:10:54,682 - automation_controller - ERROR - Error processing AAPL: 'TradingSystem' object has no attribute 'get_signal'
2025-06-26 14:10:54,796 - automation_controller - ERROR - Error processing AMZN: 'TradingSystem' object has no attribute 'get_signal'
2025-06-26 14:10:55,682 - automation_controller - ERROR - Error processing MSFT: 'TradingSystem' object has no attribute 'get_signal'
2025-06-26 14:10:56,682 - automation_controller - ERROR - Error processing GOOGL: 'TradingSystem' object has no attribute 'get_signal'
2025-06-26 14:10:57,683 - automation_controller - ERROR - Error processing AMZN: 'TradingSystem' object has no attribute 'get_signal'
2025-06-26 14:11:54,934 - automation_controller - ERROR - Error processing AAPL: 'TradingSystem' object has no attribute 'get_signal'
2025-06-26 14:11:55,064 - automation_controller - ERROR - Error processing MSFT: 'TradingSystem' object has no attribute 'get_signal'
2025-06-26 14:11:55,266 - automation_controller - ERROR - Error processing GOOGL: 'TradingSystem' object has no attribute 'get_signal'
2025-06-26 14:11:55,409 - automation_controller - ERROR - Error processing AMZN: 'TradingSystem' object has no attribute 'get_signal'
2025-06-26 14:11:55,692 - automation_controller - ERROR - Error processing AAPL: 'TradingSystem' object has no attribute 'get_signal'
2025-06-26 14:11:56,692 - automation_controller - ERROR - Error processing MSFT: 'TradingSystem' object has no attribute 'get_signal'
2025-06-26 14:11:57,693 - automation_controller - ERROR - Error processing GOOGL: 'TradingSystem' object has no attribute 'get_signal'
2025-06-26 14:11:58,693 - automation_controller - ERROR - Error processing AMZN: 'TradingSystem' object has no attribute 'get_signal'
2025-06-26 14:12:55,558 - automation_controller - ERROR - Error processing AAPL: 'TradingSystem' object has no attribute 'get_signal'
2025-06-26 14:12:55,677 - automation_controller - ERROR - Error processing MSFT: 'TradingSystem' object has no attribute 'get_signal'
2025-06-26 14:12:55,701 - automation_controller - ERROR - Error processing AAPL: 'TradingSystem' object has no attribute 'get_signal'
2025-06-26 14:12:55,788 - automation_controller - ERROR - Error processing GOOGL: 'TradingSystem' object has no attribute 'get_signal'
2025-06-26 14:12:55,880 - automation_controller - ERROR - Error processing AMZN: 'TradingSystem' object has no attribute 'get_signal'
2025-06-26 14:12:56,702 - automation_controller - ERROR - Error processing MSFT: 'TradingSystem' object has no attribute 'get_signal'
2025-06-26 14:12:57,702 - automation_controller - ERROR - Error processing GOOGL: 'TradingSystem' object has no attribute 'get_signal'
2025-06-26 14:12:58,702 - automation_controller - ERROR - Error processing AMZN: 'TradingSystem' object has no attribute 'get_signal'
2025-06-26 14:13:56,019 - automation_controller - ERROR - Error processing AAPL: 'TradingSystem' object has no attribute 'get_signal'
2025-06-26 14:13:56,140 - automation_controller - ERROR - Error processing MSFT: 'TradingSystem' object has no attribute 'get_signal'
2025-06-26 14:13:56,234 - automation_controller - ERROR - Error processing GOOGL: 'TradingSystem' object has no attribute 'get_signal'
2025-06-26 14:13:56,323 - automation_controller - ERROR - Error processing AMZN: 'TradingSystem' object has no attribute 'get_signal'
2025-06-26 14:13:56,711 - automation_controller - ERROR - Error processing AAPL: 'TradingSystem' object has no attribute 'get_signal'
2025-06-26 14:13:57,711 - automation_controller - ERROR - Error processing MSFT: 'TradingSystem' object has no attribute 'get_signal'
2025-06-26 14:13:58,711 - automation_controller - ERROR - Error processing GOOGL: 'TradingSystem' object has no attribute 'get_signal'
2025-06-26 14:13:59,712 - automation_controller - ERROR - Error processing AMZN: 'TradingSystem' object has no attribute 'get_signal'
2025-06-26 14:14:56,474 - automation_controller - ERROR - Error processing AAPL: 'TradingSystem' object has no attribute 'get_signal'
2025-06-26 14:14:56,615 - automation_controller - ERROR - Error processing MSFT: 'TradingSystem' object has no attribute 'get_signal'
2025-06-26 14:14:56,707 - automation_controller - ERROR - Error processing GOOGL: 'TradingSystem' object has no attribute 'get_signal'
2025-06-26 14:14:56,722 - automation_controller - ERROR - Error processing AAPL: 'TradingSystem' object has no attribute 'get_signal'
2025-06-26 14:14:56,798 - automation_controller - ERROR - Error processing AMZN: 'TradingSystem' object has no attribute 'get_signal'
2025-06-26 14:14:57,722 - automation_controller - ERROR - Error processing MSFT: 'TradingSystem' object has no attribute 'get_signal'
2025-06-26 14:14:58,722 - automation_controller - ERROR - Error processing GOOGL: 'TradingSystem' object has no attribute 'get_signal'
2025-06-26 14:14:59,723 - automation_controller - ERROR - Error processing AMZN: 'TradingSystem' object has no attribute 'get_signal'
2025-06-26 14:15:56,938 - automation_controller - ERROR - Error processing AAPL: 'TradingSystem' object has no attribute 'get_signal'
2025-06-26 14:15:57,073 - automation_controller - ERROR - Error processing MSFT: 'TradingSystem' object has no attribute 'get_signal'
2025-06-26 14:15:57,168 - automation_controller - ERROR - Error processing GOOGL: 'TradingSystem' object has no attribute 'get_signal'
2025-06-26 14:15:57,265 - automation_controller - ERROR - Error processing AMZN: 'TradingSystem' object has no attribute 'get_signal'
2025-06-26 14:15:57,732 - automation_controller - ERROR - Error processing AAPL: 'TradingSystem' object has no attribute 'get_signal'
2025-06-26 14:15:58,732 - automation_controller - ERROR - Error processing MSFT: 'TradingSystem' object has no attribute 'get_signal'
2025-06-26 14:15:59,732 - automation_controller - ERROR - Error processing GOOGL: 'TradingSystem' object has no attribute 'get_signal'
2025-06-26 14:16:00,733 - automation_controller - ERROR - Error processing AMZN: 'TradingSystem' object has no attribute 'get_signal'
2025-06-26 14:16:57,535 - automation_controller - ERROR - Error processing AAPL: 'TradingSystem' object has no attribute 'get_signal'
2025-06-26 14:16:57,653 - automation_controller - ERROR - Error processing MSFT: 'TradingSystem' object has no attribute 'get_signal'
2025-06-26 14:16:57,740 - automation_controller - ERROR - Error processing AAPL: 'TradingSystem' object has no attribute 'get_signal'
2025-06-26 14:16:57,757 - automation_controller - ERROR - Error processing GOOGL: 'TradingSystem' object has no attribute 'get_signal'
2025-06-26 14:16:57,849 - automation_controller - ERROR - Error processing AMZN: 'TradingSystem' object has no attribute 'get_signal'
2025-06-26 14:16:58,741 - automation_controller - ERROR - Error processing MSFT: 'TradingSystem' object has no attribute 'get_signal'
2025-06-26 14:16:59,741 - automation_controller - ERROR - Error processing GOOGL: 'TradingSystem' object has no attribute 'get_signal'
2025-06-26 14:17:00,741 - automation_controller - ERROR - Error processing AMZN: 'TradingSystem' object has no attribute 'get_signal'
2025-06-26 14:17:58,095 - automation_controller - ERROR - Error processing AAPL: 'TradingSystem' object has no attribute 'get_signal'
2025-06-26 14:17:58,261 - automation_controller - ERROR - Error processing MSFT: 'TradingSystem' object has no attribute 'get_signal'
2025-06-26 14:17:58,368 - automation_controller - ERROR - Error processing GOOGL: 'TradingSystem' object has no attribute 'get_signal'
2025-06-26 14:17:58,459 - automation_controller - ERROR - Error processing AMZN: 'TradingSystem' object has no attribute 'get_signal'
2025-06-26 14:17:58,751 - automation_controller - ERROR - Error processing AAPL: 'TradingSystem' object has no attribute 'get_signal'
2025-06-26 14:17:59,751 - automation_controller - ERROR - Error processing MSFT: 'TradingSystem' object has no attribute 'get_signal'
2025-06-26 14:18:00,752 - automation_controller - ERROR - Error processing GOOGL: 'TradingSystem' object has no attribute 'get_signal'
2025-06-26 14:18:01,752 - automation_controller - ERROR - Error processing AMZN: 'TradingSystem' object has no attribute 'get_signal'
2025-06-26 14:18:58,725 - automation_controller - ERROR - Error processing AAPL: 'TradingSystem' object has no attribute 'get_signal'
2025-06-26 14:18:58,761 - automation_controller - ERROR - Error processing AAPL: 'TradingSystem' object has no attribute 'get_signal'
2025-06-26 14:18:58,864 - automation_controller - ERROR - Error processing MSFT: 'TradingSystem' object has no attribute 'get_signal'
2025-06-26 14:18:58,962 - automation_controller - ERROR - Error processing GOOGL: 'TradingSystem' object has no attribute 'get_signal'
2025-06-26 14:18:59,056 - automation_controller - ERROR - Error processing AMZN: 'TradingSystem' object has no attribute 'get_signal'
2025-06-26 14:18:59,762 - automation_controller - ERROR - Error processing MSFT: 'TradingSystem' object has no attribute 'get_signal'
2025-06-26 14:19:00,762 - automation_controller - ERROR - Error processing GOOGL: 'TradingSystem' object has no attribute 'get_signal'
2025-06-26 14:19:01,762 - automation_controller - ERROR - Error processing AMZN: 'TradingSystem' object has no attribute 'get_signal'
2025-06-26 14:19:59,204 - automation_controller - ERROR - Error processing AAPL: 'TradingSystem' object has no attribute 'get_signal'
2025-06-26 14:19:59,347 - automation_controller - ERROR - Error processing MSFT: 'TradingSystem' object has no attribute 'get_signal'
2025-06-26 14:19:59,442 - automation_controller - ERROR - Error processing GOOGL: 'TradingSystem' object has no attribute 'get_signal'
2025-06-26 14:19:59,549 - automation_controller - ERROR - Error processing AMZN: 'TradingSystem' object has no attribute 'get_signal'
2025-06-26 14:19:59,770 - automation_controller - ERROR - Error processing AAPL: 'TradingSystem' object has no attribute 'get_signal'
2025-06-26 14:20:00,771 - automation_controller - ERROR - Error processing MSFT: 'TradingSystem' object has no attribute 'get_signal'
2025-06-26 14:20:01,771 - automation_controller - ERROR - Error processing GOOGL: 'TradingSystem' object has no attribute 'get_signal'
2025-06-26 14:20:02,772 - automation_controller - ERROR - Error processing AMZN: 'TradingSystem' object has no attribute 'get_signal'
2025-06-26 14:20:59,678 - automation_controller - ERROR - Error processing AAPL: 'TradingSystem' object has no attribute 'get_signal'
2025-06-26 14:20:59,780 - automation_controller - ERROR - Error processing AAPL: 'TradingSystem' object has no attribute 'get_signal'
2025-06-26 14:20:59,922 - automation_controller - ERROR - Error processing MSFT: 'TradingSystem' object has no attribute 'get_signal'
2025-06-26 14:21:00,017 - automation_controller - ERROR - Error processing GOOGL: 'TradingSystem' object has no attribute 'get_signal'
2025-06-26 14:21:00,114 - automation_controller - ERROR - Error processing AMZN: 'TradingSystem' object has no attribute 'get_signal'
2025-06-26 14:21:00,780 - automation_controller - ERROR - Error processing MSFT: 'TradingSystem' object has no attribute 'get_signal'
2025-06-26 14:21:01,780 - automation_controller - ERROR - Error processing GOOGL: 'TradingSystem' object has no attribute 'get_signal'
2025-06-26 14:21:02,781 - automation_controller - ERROR - Error processing AMZN: 'TradingSystem' object has no attribute 'get_signal'
2025-06-26 14:22:00,271 - automation_controller - ERROR - Error processing AAPL: 'TradingSystem' object has no attribute 'get_signal'
2025-06-26 14:22:00,404 - automation_controller - ERROR - Error processing MSFT: 'TradingSystem' object has no attribute 'get_signal'
2025-06-26 14:22:00,522 - automation_controller - ERROR - Error processing GOOGL: 'TradingSystem' object has no attribute 'get_signal'
2025-06-26 14:22:00,617 - automation_controller - ERROR - Error processing AMZN: 'TradingSystem' object has no attribute 'get_signal'
2025-06-26 14:22:00,789 - automation_controller - ERROR - Error processing AAPL: 'TradingSystem' object has no attribute 'get_signal'
2025-06-26 14:22:01,789 - automation_controller - ERROR - Error processing MSFT: 'TradingSystem' object has no attribute 'get_signal'
2025-06-26 14:22:02,789 - automation_controller - ERROR - Error processing GOOGL: 'TradingSystem' object has no attribute 'get_signal'
2025-06-26 14:22:03,790 - automation_controller - ERROR - Error processing AMZN: 'TradingSystem' object has no attribute 'get_signal'
2025-06-26 14:23:00,765 - automation_controller - ERROR - Error processing AAPL: 'TradingSystem' object has no attribute 'get_signal'
2025-06-26 14:23:00,797 - automation_controller - ERROR - Error processing AAPL: 'TradingSystem' object has no attribute 'get_signal'
2025-06-26 14:23:00,902 - automation_controller - ERROR - Error processing MSFT: 'TradingSystem' object has no attribute 'get_signal'
2025-06-26 14:23:01,003 - automation_controller - ERROR - Error processing GOOGL: 'TradingSystem' object has no attribute 'get_signal'
2025-06-26 14:23:01,095 - automation_controller - ERROR - Error processing AMZN: 'TradingSystem' object has no attribute 'get_signal'
2025-06-26 14:23:01,798 - automation_controller - ERROR - Error processing MSFT: 'TradingSystem' object has no attribute 'get_signal'
2025-06-26 14:23:02,798 - automation_controller - ERROR - Error processing GOOGL: 'TradingSystem' object has no attribute 'get_signal'
2025-06-26 14:23:03,798 - automation_controller - ERROR - Error processing AMZN: 'TradingSystem' object has no attribute 'get_signal'
2025-06-26 14:24:01,287 - automation_controller - ERROR - Error processing AAPL: 'TradingSystem' object has no attribute 'get_signal'
2025-06-26 14:24:01,414 - automation_controller - ERROR - Error processing MSFT: 'TradingSystem' object has no attribute 'get_signal'
2025-06-26 14:24:01,515 - automation_controller - ERROR - Error processing GOOGL: 'TradingSystem' object has no attribute 'get_signal'
2025-06-26 14:24:01,625 - automation_controller - ERROR - Error processing AMZN: 'TradingSystem' object has no attribute 'get_signal'
2025-06-26 14:24:01,806 - automation_controller - ERROR - Error processing AAPL: 'TradingSystem' object has no attribute 'get_signal'
2025-06-26 14:24:02,807 - automation_controller - ERROR - Error processing MSFT: 'TradingSystem' object has no attribute 'get_signal'
2025-06-26 14:24:03,807 - automation_controller - ERROR - Error processing GOOGL: 'TradingSystem' object has no attribute 'get_signal'
2025-06-26 14:24:04,807 - automation_controller - ERROR - Error processing AMZN: 'TradingSystem' object has no attribute 'get_signal'
2025-06-26 14:25:01,769 - automation_controller - ERROR - Error processing AAPL: 'TradingSystem' object has no attribute 'get_signal'
2025-06-26 14:25:01,815 - automation_controller - ERROR - Error processing AAPL: 'TradingSystem' object has no attribute 'get_signal'
2025-06-26 14:25:01,921 - automation_controller - ERROR - Error processing MSFT: 'TradingSystem' object has no attribute 'get_signal'
2025-06-26 14:25:02,061 - automation_controller - ERROR - Error processing GOOGL: 'TradingSystem' object has no attribute 'get_signal'
2025-06-26 14:25:02,159 - automation_controller - ERROR - Error processing AMZN: 'TradingSystem' object has no attribute 'get_signal'
2025-06-26 14:25:02,815 - automation_controller - ERROR - Error processing MSFT: 'TradingSystem' object has no attribute 'get_signal'
2025-06-26 14:25:03,816 - automation_controller - ERROR - Error processing GOOGL: 'TradingSystem' object has no attribute 'get_signal'
2025-06-26 14:25:04,816 - automation_controller - ERROR - Error processing AMZN: 'TradingSystem' object has no attribute 'get_signal'
2025-06-26 14:26:02,308 - automation_controller - ERROR - Error processing AAPL: 'TradingSystem' object has no attribute 'get_signal'
2025-06-26 14:26:02,428 - automation_controller - ERROR - Error processing MSFT: 'TradingSystem' object has no attribute 'get_signal'
2025-06-26 14:26:02,519 - automation_controller - ERROR - Error processing GOOGL: 'TradingSystem' object has no attribute 'get_signal'
2025-06-26 14:26:02,722 - automation_controller - ERROR - Error processing AMZN: 'TradingSystem' object has no attribute 'get_signal'
2025-06-26 14:26:02,826 - automation_controller - ERROR - Error processing AAPL: 'TradingSystem' object has no attribute 'get_signal'
2025-06-26 14:26:03,826 - automation_controller - ERROR - Error processing MSFT: 'TradingSystem' object has no attribute 'get_signal'
2025-06-26 14:26:04,826 - automation_controller - ERROR - Error processing GOOGL: 'TradingSystem' object has no attribute 'get_signal'
2025-06-26 14:26:05,827 - automation_controller - ERROR - Error processing AMZN: 'TradingSystem' object has no attribute 'get_signal'
2025-06-26 14:27:02,876 - automation_controller - ERROR - Error processing AAPL: 'TradingSystem' object has no attribute 'get_signal'
2025-06-26 14:27:03,014 - automation_controller - ERROR - Error processing MSFT: 'TradingSystem' object has no attribute 'get_signal'
2025-06-26 14:27:03,110 - automation_controller - ERROR - Error processing GOOGL: 'TradingSystem' object has no attribute 'get_signal'
2025-06-26 14:27:03,317 - automation_controller - ERROR - Error processing AMZN: 'TradingSystem' object has no attribute 'get_signal'
2025-06-26 14:27:03,843 - automation_controller - ERROR - Error processing AAPL: 'TradingSystem' object has no attribute 'get_signal'
2025-06-26 14:27:04,843 - automation_controller - ERROR - Error processing MSFT: 'TradingSystem' object has no attribute 'get_signal'
2025-06-26 14:27:05,844 - automation_controller - ERROR - Error processing GOOGL: 'TradingSystem' object has no attribute 'get_signal'
2025-06-26 14:27:06,844 - automation_controller - ERROR - Error processing AMZN: 'TradingSystem' object has no attribute 'get_signal'
2025-06-26 14:28:03,466 - automation_controller - ERROR - Error processing AAPL: 'TradingSystem' object has no attribute 'get_signal'
2025-06-26 14:28:03,853 - automation_controller - ERROR - Error processing AAPL: 'TradingSystem' object has no attribute 'get_signal'
2025-06-26 14:28:08,641 - automation_controller - ERROR - Error processing MSFT: 'TradingSystem' object has no attribute 'get_signal'
2025-06-26 14:28:08,742 - automation_controller - ERROR - Error processing GOOGL: 'TradingSystem' object has no attribute 'get_signal'
2025-06-26 14:28:08,853 - automation_controller - ERROR - Error processing AMZN: 'TradingSystem' object has no attribute 'get_signal'
2025-06-26 14:28:08,854 - automation_controller - ERROR - Error processing MSFT: 'TradingSystem' object has no attribute 'get_signal'
2025-06-26 14:28:09,854 - automation_controller - ERROR - Error processing GOOGL: 'TradingSystem' object has no attribute 'get_signal'
2025-06-26 14:28:10,855 - automation_controller - ERROR - Error processing AMZN: 'TradingSystem' object has no attribute 'get_signal'
2025-06-26 14:29:08,995 - automation_controller - ERROR - Error processing AAPL: 'TradingSystem' object has no attribute 'get_signal'
2025-06-26 14:29:09,119 - automation_controller - ERROR - Error processing MSFT: 'TradingSystem' object has no attribute 'get_signal'
2025-06-26 14:29:09,233 - automation_controller - ERROR - Error processing GOOGL: 'TradingSystem' object has no attribute 'get_signal'
2025-06-26 14:29:09,327 - automation_controller - ERROR - Error processing AMZN: 'TradingSystem' object has no attribute 'get_signal'
2025-06-26 14:29:09,864 - automation_controller - ERROR - Error processing AAPL: 'TradingSystem' object has no attribute 'get_signal'
2025-06-26 14:29:10,865 - automation_controller - ERROR - Error processing MSFT: 'TradingSystem' object has no attribute 'get_signal'
2025-06-26 14:29:11,865 - automation_controller - ERROR - Error processing GOOGL: 'TradingSystem' object has no attribute 'get_signal'
2025-06-26 14:29:12,865 - automation_controller - ERROR - Error processing AMZN: 'TradingSystem' object has no attribute 'get_signal'
2025-06-26 14:30:09,591 - automation_controller - ERROR - Error processing AAPL: 'TradingSystem' object has no attribute 'get_signal'
2025-06-26 14:30:09,720 - automation_controller - ERROR - Error processing MSFT: 'TradingSystem' object has no attribute 'get_signal'
2025-06-26 14:30:09,820 - automation_controller - ERROR - Error processing GOOGL: 'TradingSystem' object has no attribute 'get_signal'
2025-06-26 14:30:09,874 - automation_controller - ERROR - Error processing AAPL: 'TradingSystem' object has no attribute 'get_signal'
2025-06-26 14:30:09,929 - automation_controller - ERROR - Error processing AMZN: 'TradingSystem' object has no attribute 'get_signal'
2025-06-26 14:30:10,874 - automation_controller - ERROR - Error processing MSFT: 'TradingSystem' object has no attribute 'get_signal'
2025-06-26 14:30:11,875 - automation_controller - ERROR - Error processing GOOGL: 'TradingSystem' object has no attribute 'get_signal'
2025-06-26 14:30:12,875 - automation_controller - ERROR - Error processing AMZN: 'TradingSystem' object has no attribute 'get_signal'
2025-06-26 14:31:10,068 - automation_controller - ERROR - Error processing AAPL: 'TradingSystem' object has no attribute 'get_signal'
2025-06-26 14:31:10,190 - automation_controller - ERROR - Error processing MSFT: 'TradingSystem' object has no attribute 'get_signal'
2025-06-26 14:31:10,283 - automation_controller - ERROR - Error processing GOOGL: 'TradingSystem' object has no attribute 'get_signal'
2025-06-26 14:31:10,376 - automation_controller - ERROR - Error processing AMZN: 'TradingSystem' object has no attribute 'get_signal'
2025-06-26 14:31:10,883 - automation_controller - ERROR - Error processing AAPL: 'TradingSystem' object has no attribute 'get_signal'
2025-06-26 14:31:11,884 - automation_controller - ERROR - Error processing MSFT: 'TradingSystem' object has no attribute 'get_signal'
2025-06-26 14:31:12,884 - automation_controller - ERROR - Error processing GOOGL: 'TradingSystem' object has no attribute 'get_signal'
2025-06-26 14:31:13,885 - automation_controller - ERROR - Error processing AMZN: 'TradingSystem' object has no attribute 'get_signal'
2025-06-26 14:32:10,524 - automation_controller - ERROR - Error processing AAPL: 'TradingSystem' object has no attribute 'get_signal'
2025-06-26 14:32:10,655 - automation_controller - ERROR - Error processing MSFT: 'TradingSystem' object has no attribute 'get_signal'
2025-06-26 14:32:10,764 - automation_controller - ERROR - Error processing GOOGL: 'TradingSystem' object has no attribute 'get_signal'
2025-06-26 14:32:10,859 - automation_controller - ERROR - Error processing AMZN: 'TradingSystem' object has no attribute 'get_signal'
2025-06-26 14:32:10,892 - automation_controller - ERROR - Error processing AAPL: 'TradingSystem' object has no attribute 'get_signal'
2025-06-26 14:32:11,892 - automation_controller - ERROR - Error processing MSFT: 'TradingSystem' object has no attribute 'get_signal'
2025-06-26 14:32:12,893 - automation_controller - ERROR - Error processing GOOGL: 'TradingSystem' object has no attribute 'get_signal'
2025-06-26 14:32:13,894 - automation_controller - ERROR - Error processing AMZN: 'TradingSystem' object has no attribute 'get_signal'
2025-06-26 14:33:10,994 - automation_controller - ERROR - Error processing AAPL: 'TradingSystem' object has no attribute 'get_signal'
2025-06-26 14:33:11,123 - automation_controller - ERROR - Error processing MSFT: 'TradingSystem' object has no attribute 'get_signal'
2025-06-26 14:33:11,223 - automation_controller - ERROR - Error processing GOOGL: 'TradingSystem' object has no attribute 'get_signal'
2025-06-26 14:33:11,315 - automation_controller - ERROR - Error processing AMZN: 'TradingSystem' object has no attribute 'get_signal'
2025-06-26 14:33:11,902 - automation_controller - ERROR - Error processing AAPL: 'TradingSystem' object has no attribute 'get_signal'
2025-06-26 14:33:12,903 - automation_controller - ERROR - Error processing MSFT: 'TradingSystem' object has no attribute 'get_signal'
2025-06-26 14:33:13,903 - automation_controller - ERROR - Error processing GOOGL: 'TradingSystem' object has no attribute 'get_signal'
2025-06-26 14:33:14,904 - automation_controller - ERROR - Error processing AMZN: 'TradingSystem' object has no attribute 'get_signal'
2025-06-26 14:34:11,461 - automation_controller - ERROR - Error processing AAPL: 'TradingSystem' object has no attribute 'get_signal'
2025-06-26 14:34:11,702 - automation_controller - ERROR - Error processing MSFT: 'TradingSystem' object has no attribute 'get_signal'
2025-06-26 14:34:11,793 - automation_controller - ERROR - Error processing GOOGL: 'TradingSystem' object has no attribute 'get_signal'
2025-06-26 14:34:11,911 - automation_controller - ERROR - Error processing AAPL: 'TradingSystem' object has no attribute 'get_signal'
2025-06-26 14:34:11,988 - automation_controller - ERROR - Error processing AMZN: 'TradingSystem' object has no attribute 'get_signal'
2025-06-26 14:34:12,912 - automation_controller - ERROR - Error processing MSFT: 'TradingSystem' object has no attribute 'get_signal'
2025-06-26 14:34:13,912 - automation_controller - ERROR - Error processing GOOGL: 'TradingSystem' object has no attribute 'get_signal'
2025-06-26 14:34:14,912 - automation_controller - ERROR - Error processing AMZN: 'TradingSystem' object has no attribute 'get_signal'
2025-06-26 14:35:12,133 - automation_controller - ERROR - Error processing AAPL: 'TradingSystem' object has no attribute 'get_signal'
2025-06-26 14:35:12,256 - automation_controller - ERROR - Error processing MSFT: 'TradingSystem' object has no attribute 'get_signal'
2025-06-26 14:35:12,352 - automation_controller - ERROR - Error processing GOOGL: 'TradingSystem' object has no attribute 'get_signal'
2025-06-26 14:35:12,446 - automation_controller - ERROR - Error processing AMZN: 'TradingSystem' object has no attribute 'get_signal'
2025-06-26 14:35:12,925 - automation_controller - ERROR - Error processing AAPL: 'TradingSystem' object has no attribute 'get_signal'
2025-06-26 14:35:13,925 - automation_controller - ERROR - Error processing MSFT: 'TradingSystem' object has no attribute 'get_signal'
2025-06-26 14:35:14,926 - automation_controller - ERROR - Error processing GOOGL: 'TradingSystem' object has no attribute 'get_signal'
2025-06-26 14:35:15,926 - automation_controller - ERROR - Error processing AMZN: 'TradingSystem' object has no attribute 'get_signal'
2025-06-26 14:36:12,598 - automation_controller - ERROR - Error processing AAPL: 'TradingSystem' object has no attribute 'get_signal'
2025-06-26 14:36:12,721 - automation_controller - ERROR - Error processing MSFT: 'TradingSystem' object has no attribute 'get_signal'
2025-06-26 14:36:12,823 - automation_controller - ERROR - Error processing GOOGL: 'TradingSystem' object has no attribute 'get_signal'
2025-06-26 14:36:12,941 - automation_controller - ERROR - Error processing AAPL: 'TradingSystem' object has no attribute 'get_signal'
2025-06-26 14:36:13,041 - automation_controller - ERROR - Error processing AMZN: 'TradingSystem' object has no attribute 'get_signal'
2025-06-26 14:36:13,942 - automation_controller - ERROR - Error processing MSFT: 'TradingSystem' object has no attribute 'get_signal'
2025-06-26 14:36:14,942 - automation_controller - ERROR - Error processing GOOGL: 'TradingSystem' object has no attribute 'get_signal'
2025-06-26 14:36:15,942 - automation_controller - ERROR - Error processing AMZN: 'TradingSystem' object has no attribute 'get_signal'
2025-06-26 14:37:13,193 - automation_controller - ERROR - Error processing AAPL: 'TradingSystem' object has no attribute 'get_signal'
2025-06-26 14:37:13,308 - automation_controller - ERROR - Error processing MSFT: 'TradingSystem' object has no attribute 'get_signal'
2025-06-26 14:37:13,407 - automation_controller - ERROR - Error processing GOOGL: 'TradingSystem' object has no attribute 'get_signal'
2025-06-26 14:37:13,497 - automation_controller - ERROR - Error processing AMZN: 'TradingSystem' object has no attribute 'get_signal'
2025-06-26 14:37:13,957 - automation_controller - ERROR - Error processing AAPL: 'TradingSystem' object has no attribute 'get_signal'
2025-06-26 14:37:14,958 - automation_controller - ERROR - Error processing MSFT: 'TradingSystem' object has no attribute 'get_signal'
2025-06-26 14:37:15,958 - automation_controller - ERROR - Error processing GOOGL: 'TradingSystem' object has no attribute 'get_signal'
2025-06-26 14:37:16,958 - automation_controller - ERROR - Error processing AMZN: 'TradingSystem' object has no attribute 'get_signal'
2025-06-26 14:38:13,651 - automation_controller - ERROR - Error processing AAPL: 'TradingSystem' object has no attribute 'get_signal'
2025-06-26 14:38:13,765 - automation_controller - ERROR - Error processing MSFT: 'TradingSystem' object has no attribute 'get_signal'
2025-06-26 14:38:13,860 - automation_controller - ERROR - Error processing GOOGL: 'TradingSystem' object has no attribute 'get_signal'
2025-06-26 14:38:13,945 - automation_controller - ERROR - Error processing AMZN: 'TradingSystem' object has no attribute 'get_signal'
2025-06-26 14:38:13,969 - automation_controller - ERROR - Error processing AAPL: 'TradingSystem' object has no attribute 'get_signal'
2025-06-26 14:38:14,970 - automation_controller - ERROR - Error processing MSFT: 'TradingSystem' object has no attribute 'get_signal'
2025-06-26 14:38:15,970 - automation_controller - ERROR - Error processing GOOGL: 'TradingSystem' object has no attribute 'get_signal'
2025-06-26 14:38:16,970 - automation_controller - ERROR - Error processing AMZN: 'TradingSystem' object has no attribute 'get_signal'
2025-06-26 14:39:14,129 - automation_controller - ERROR - Error processing AAPL: 'TradingSystem' object has no attribute 'get_signal'
2025-06-26 14:39:14,378 - automation_controller - ERROR - Error processing MSFT: 'TradingSystem' object has no attribute 'get_signal'
2025-06-26 14:39:14,483 - automation_controller - ERROR - Error processing GOOGL: 'TradingSystem' object has no attribute 'get_signal'
2025-06-26 14:39:14,587 - automation_controller - ERROR - Error processing AMZN: 'TradingSystem' object has no attribute 'get_signal'
2025-06-26 14:39:14,986 - automation_controller - ERROR - Error processing AAPL: 'TradingSystem' object has no attribute 'get_signal'
2025-06-26 14:39:15,986 - automation_controller - ERROR - Error processing MSFT: 'TradingSystem' object has no attribute 'get_signal'
2025-06-26 14:39:16,986 - automation_controller - ERROR - Error processing GOOGL: 'TradingSystem' object has no attribute 'get_signal'
2025-06-26 14:39:17,987 - automation_controller - ERROR - Error processing AMZN: 'TradingSystem' object has no attribute 'get_signal'
2025-06-26 14:40:14,752 - automation_controller - ERROR - Error processing AAPL: 'TradingSystem' object has no attribute 'get_signal'
2025-06-26 14:40:14,876 - automation_controller - ERROR - Error processing MSFT: 'TradingSystem' object has no attribute 'get_signal'
2025-06-26 14:40:15,004 - automation_controller - ERROR - Error processing AAPL: 'TradingSystem' object has no attribute 'get_signal'
2025-06-26 14:40:15,037 - automation_controller - ERROR - Error processing GOOGL: 'TradingSystem' object has no attribute 'get_signal'
2025-06-26 14:40:15,145 - automation_controller - ERROR - Error processing AMZN: 'TradingSystem' object has no attribute 'get_signal'
2025-06-26 14:40:16,004 - automation_controller - ERROR - Error processing MSFT: 'TradingSystem' object has no attribute 'get_signal'
2025-06-26 14:40:17,004 - automation_controller - ERROR - Error processing GOOGL: 'TradingSystem' object has no attribute 'get_signal'
2025-06-26 14:40:18,005 - automation_controller - ERROR - Error processing AMZN: 'TradingSystem' object has no attribute 'get_signal'
2025-06-26 14:41:15,299 - automation_controller - ERROR - Error processing AAPL: 'TradingSystem' object has no attribute 'get_signal'
2025-06-26 14:41:15,419 - automation_controller - ERROR - Error processing MSFT: 'TradingSystem' object has no attribute 'get_signal'
2025-06-26 14:41:15,523 - automation_controller - ERROR - Error processing GOOGL: 'TradingSystem' object has no attribute 'get_signal'
2025-06-26 14:41:15,719 - automation_controller - ERROR - Error processing AMZN: 'TradingSystem' object has no attribute 'get_signal'
2025-06-26 14:41:16,015 - automation_controller - ERROR - Error processing AAPL: 'TradingSystem' object has no attribute 'get_signal'
2025-06-26 14:41:17,015 - automation_controller - ERROR - Error processing MSFT: 'TradingSystem' object has no attribute 'get_signal'
2025-06-26 14:41:18,016 - automation_controller - ERROR - Error processing GOOGL: 'TradingSystem' object has no attribute 'get_signal'
2025-06-26 14:41:19,016 - automation_controller - ERROR - Error processing AMZN: 'TradingSystem' object has no attribute 'get_signal'
2025-06-26 14:42:15,867 - automation_controller - ERROR - Error processing AAPL: 'TradingSystem' object has no attribute 'get_signal'
2025-06-26 14:42:15,993 - automation_controller - ERROR - Error processing MSFT: 'TradingSystem' object has no attribute 'get_signal'
2025-06-26 14:42:16,024 - automation_controller - ERROR - Error processing AAPL: 'TradingSystem' object has no attribute 'get_signal'
2025-06-26 14:42:16,102 - automation_controller - ERROR - Error processing GOOGL: 'TradingSystem' object has no attribute 'get_signal'
2025-06-26 14:42:16,197 - automation_controller - ERROR - Error processing AMZN: 'TradingSystem' object has no attribute 'get_signal'
2025-06-26 14:42:17,024 - automation_controller - ERROR - Error processing MSFT: 'TradingSystem' object has no attribute 'get_signal'
2025-06-26 14:42:18,024 - automation_controller - ERROR - Error processing GOOGL: 'TradingSystem' object has no attribute 'get_signal'
2025-06-26 14:42:19,025 - automation_controller - ERROR - Error processing AMZN: 'TradingSystem' object has no attribute 'get_signal'
2025-06-26 14:43:16,336 - automation_controller - ERROR - Error processing AAPL: 'TradingSystem' object has no attribute 'get_signal'
2025-06-26 14:43:16,481 - automation_controller - ERROR - Error processing MSFT: 'TradingSystem' object has no attribute 'get_signal'
2025-06-26 14:43:16,689 - automation_controller - ERROR - Error processing GOOGL: 'TradingSystem' object has no attribute 'get_signal'
2025-06-26 14:43:16,784 - automation_controller - ERROR - Error processing AMZN: 'TradingSystem' object has no attribute 'get_signal'
2025-06-26 14:43:17,034 - automation_controller - ERROR - Error processing AAPL: 'TradingSystem' object has no attribute 'get_signal'
2025-06-26 14:43:18,034 - automation_controller - ERROR - Error processing MSFT: 'TradingSystem' object has no attribute 'get_signal'
2025-06-26 14:43:19,035 - automation_controller - ERROR - Error processing GOOGL: 'TradingSystem' object has no attribute 'get_signal'
2025-06-26 14:43:20,035 - automation_controller - ERROR - Error processing AMZN: 'TradingSystem' object has no attribute 'get_signal'
2025-06-26 14:44:16,921 - automation_controller - ERROR - Error processing AAPL: 'TradingSystem' object has no attribute 'get_signal'
2025-06-26 14:44:17,050 - automation_controller - ERROR - Error processing AAPL: 'TradingSystem' object has no attribute 'get_signal'
2025-06-26 14:44:17,055 - automation_controller - ERROR - Error processing MSFT: 'TradingSystem' object has no attribute 'get_signal'
2025-06-26 14:44:17,160 - automation_controller - ERROR - Error processing GOOGL: 'TradingSystem' object has no attribute 'get_signal'
2025-06-26 14:44:17,259 - automation_controller - ERROR - Error processing AMZN: 'TradingSystem' object has no attribute 'get_signal'
2025-06-26 14:44:18,056 - automation_controller - ERROR - Error processing MSFT: 'TradingSystem' object has no attribute 'get_signal'
2025-06-26 14:44:19,056 - automation_controller - ERROR - Error processing GOOGL: 'TradingSystem' object has no attribute 'get_signal'
2025-06-26 14:44:20,056 - automation_controller - ERROR - Error processing AMZN: 'TradingSystem' object has no attribute 'get_signal'
2025-06-26 14:45:17,391 - automation_controller - ERROR - Error processing AAPL: 'TradingSystem' object has no attribute 'get_signal'
2025-06-26 14:45:17,524 - automation_controller - ERROR - Error processing MSFT: 'TradingSystem' object has no attribute 'get_signal'
2025-06-26 14:45:17,729 - automation_controller - ERROR - Error processing GOOGL: 'TradingSystem' object has no attribute 'get_signal'
2025-06-26 14:45:17,817 - automation_controller - ERROR - Error processing AMZN: 'TradingSystem' object has no attribute 'get_signal'
2025-06-26 14:45:18,064 - automation_controller - ERROR - Error processing AAPL: 'TradingSystem' object has no attribute 'get_signal'
2025-06-26 14:45:19,065 - automation_controller - ERROR - Error processing MSFT: 'TradingSystem' object has no attribute 'get_signal'
2025-06-26 14:45:20,065 - automation_controller - ERROR - Error processing GOOGL: 'TradingSystem' object has no attribute 'get_signal'
2025-06-26 14:45:21,065 - automation_controller - ERROR - Error processing AMZN: 'TradingSystem' object has no attribute 'get_signal'
2025-06-26 14:46:18,059 - automation_controller - ERROR - Error processing AAPL: 'TradingSystem' object has no attribute 'get_signal'
2025-06-26 14:46:18,074 - automation_controller - ERROR - Error processing AAPL: 'TradingSystem' object has no attribute 'get_signal'
2025-06-26 14:46:18,188 - automation_controller - ERROR - Error processing MSFT: 'TradingSystem' object has no attribute 'get_signal'
2025-06-26 14:46:18,287 - automation_controller - ERROR - Error processing GOOGL: 'TradingSystem' object has no attribute 'get_signal'
2025-06-26 14:46:18,485 - automation_controller - ERROR - Error processing AMZN: 'TradingSystem' object has no attribute 'get_signal'
2025-06-26 14:46:19,074 - automation_controller - ERROR - Error processing MSFT: 'TradingSystem' object has no attribute 'get_signal'
2025-06-26 14:46:20,074 - automation_controller - ERROR - Error processing GOOGL: 'TradingSystem' object has no attribute 'get_signal'
2025-06-26 14:46:21,075 - automation_controller - ERROR - Error processing AMZN: 'TradingSystem' object has no attribute 'get_signal'
2025-06-26 14:47:18,621 - automation_controller - ERROR - Error processing AAPL: 'TradingSystem' object has no attribute 'get_signal'
2025-06-26 14:47:18,750 - automation_controller - ERROR - Error processing MSFT: 'TradingSystem' object has no attribute 'get_signal'
2025-06-26 14:47:18,858 - automation_controller - ERROR - Error processing GOOGL: 'TradingSystem' object has no attribute 'get_signal'
2025-06-26 14:47:18,949 - automation_controller - ERROR - Error processing AMZN: 'TradingSystem' object has no attribute 'get_signal'
2025-06-26 14:47:19,083 - automation_controller - ERROR - Error processing AAPL: 'TradingSystem' object has no attribute 'get_signal'
2025-06-26 14:47:20,083 - automation_controller - ERROR - Error processing MSFT: 'TradingSystem' object has no attribute 'get_signal'
2025-06-26 14:47:21,083 - automation_controller - ERROR - Error processing GOOGL: 'TradingSystem' object has no attribute 'get_signal'
2025-06-26 14:47:22,084 - automation_controller - ERROR - Error processing AMZN: 'TradingSystem' object has no attribute 'get_signal'
2025-06-26 14:48:19,086 - automation_controller - ERROR - Error processing AAPL: 'TradingSystem' object has no attribute 'get_signal'
2025-06-26 14:48:19,096 - automation_controller - ERROR - Error processing AAPL: 'TradingSystem' object has no attribute 'get_signal'
2025-06-26 14:48:19,207 - automation_controller - ERROR - Error processing MSFT: 'TradingSystem' object has no attribute 'get_signal'
2025-06-26 14:48:19,302 - automation_controller - ERROR - Error processing GOOGL: 'TradingSystem' object has no attribute 'get_signal'
2025-06-26 14:48:19,401 - automation_controller - ERROR - Error processing AMZN: 'TradingSystem' object has no attribute 'get_signal'
2025-06-26 14:48:20,096 - automation_controller - ERROR - Error processing MSFT: 'TradingSystem' object has no attribute 'get_signal'
2025-06-26 14:48:21,097 - automation_controller - ERROR - Error processing GOOGL: 'TradingSystem' object has no attribute 'get_signal'
2025-06-26 14:48:22,098 - automation_controller - ERROR - Error processing AMZN: 'TradingSystem' object has no attribute 'get_signal'
2025-06-26 14:49:19,540 - automation_controller - ERROR - Error processing AAPL: 'TradingSystem' object has no attribute 'get_signal'
2025-06-26 14:49:19,778 - automation_controller - ERROR - Error processing MSFT: 'TradingSystem' object has no attribute 'get_signal'
2025-06-26 14:49:20,024 - automation_controller - ERROR - Error processing GOOGL: 'TradingSystem' object has no attribute 'get_signal'
2025-06-26 14:49:20,106 - automation_controller - ERROR - Error processing AAPL: 'TradingSystem' object has no attribute 'get_signal'
2025-06-26 14:49:20,228 - automation_controller - ERROR - Error processing AMZN: 'TradingSystem' object has no attribute 'get_signal'
2025-06-26 14:49:21,106 - automation_controller - ERROR - Error processing MSFT: 'TradingSystem' object has no attribute 'get_signal'
2025-06-26 14:49:22,107 - automation_controller - ERROR - Error processing GOOGL: 'TradingSystem' object has no attribute 'get_signal'
2025-06-26 14:49:23,107 - automation_controller - ERROR - Error processing AMZN: 'TradingSystem' object has no attribute 'get_signal'
2025-06-26 14:50:20,503 - automation_controller - ERROR - Error processing AAPL: 'TradingSystem' object has no attribute 'get_signal'
2025-06-26 14:50:20,627 - automation_controller - ERROR - Error processing MSFT: 'TradingSystem' object has no attribute 'get_signal'
2025-06-26 14:50:20,730 - automation_controller - ERROR - Error processing GOOGL: 'TradingSystem' object has no attribute 'get_signal'
2025-06-26 14:50:20,840 - automation_controller - ERROR - Error processing AMZN: 'TradingSystem' object has no attribute 'get_signal'
2025-06-26 14:50:21,116 - automation_controller - ERROR - Error processing AAPL: 'TradingSystem' object has no attribute 'get_signal'
2025-06-26 14:50:22,117 - automation_controller - ERROR - Error processing MSFT: 'TradingSystem' object has no attribute 'get_signal'
2025-06-26 14:50:23,117 - automation_controller - ERROR - Error processing GOOGL: 'TradingSystem' object has no attribute 'get_signal'
2025-06-26 14:50:24,118 - automation_controller - ERROR - Error processing AMZN: 'TradingSystem' object has no attribute 'get_signal'
2025-06-26 14:51:21,031 - automation_controller - ERROR - Error processing AAPL: 'TradingSystem' object has no attribute 'get_signal'
2025-06-26 14:51:21,127 - automation_controller - ERROR - Error processing AAPL: 'TradingSystem' object has no attribute 'get_signal'
2025-06-26 14:51:21,168 - automation_controller - ERROR - Error processing MSFT: 'TradingSystem' object has no attribute 'get_signal'
2025-06-26 14:51:21,273 - automation_controller - ERROR - Error processing GOOGL: 'TradingSystem' object has no attribute 'get_signal'
2025-06-26 14:51:21,375 - automation_controller - ERROR - Error processing AMZN: 'TradingSystem' object has no attribute 'get_signal'
2025-06-26 14:51:22,129 - automation_controller - ERROR - Error processing MSFT: 'TradingSystem' object has no attribute 'get_signal'
2025-06-26 14:51:23,129 - automation_controller - ERROR - Error processing GOOGL: 'TradingSystem' object has no attribute 'get_signal'
2025-06-26 14:51:24,130 - automation_controller - ERROR - Error processing AMZN: 'TradingSystem' object has no attribute 'get_signal'
2025-06-26 14:52:21,521 - automation_controller - ERROR - Error processing AAPL: 'TradingSystem' object has no attribute 'get_signal'
2025-06-26 14:52:21,647 - automation_controller - ERROR - Error processing MSFT: 'TradingSystem' object has no attribute 'get_signal'
2025-06-26 14:52:21,751 - automation_controller - ERROR - Error processing GOOGL: 'TradingSystem' object has no attribute 'get_signal'
2025-06-26 14:52:21,866 - automation_controller - ERROR - Error processing AMZN: 'TradingSystem' object has no attribute 'get_signal'
2025-06-26 14:52:22,140 - automation_controller - ERROR - Error processing AAPL: 'TradingSystem' object has no attribute 'get_signal'
2025-06-26 14:52:23,141 - automation_controller - ERROR - Error processing MSFT: 'TradingSystem' object has no attribute 'get_signal'
2025-06-26 14:52:24,141 - automation_controller - ERROR - Error processing GOOGL: 'TradingSystem' object has no attribute 'get_signal'
2025-06-26 14:52:25,142 - automation_controller - ERROR - Error processing AMZN: 'TradingSystem' object has no attribute 'get_signal'
2025-06-26 14:53:22,008 - automation_controller - ERROR - Error processing AAPL: 'TradingSystem' object has no attribute 'get_signal'
2025-06-26 14:53:22,154 - automation_controller - ERROR - Error processing AAPL: 'TradingSystem' object has no attribute 'get_signal'
2025-06-26 14:53:22,155 - automation_controller - ERROR - Error processing MSFT: 'TradingSystem' object has no attribute 'get_signal'
2025-06-26 14:53:22,248 - automation_controller - ERROR - Error processing GOOGL: 'TradingSystem' object has no attribute 'get_signal'
2025-06-26 14:53:22,340 - automation_controller - ERROR - Error processing AMZN: 'TradingSystem' object has no attribute 'get_signal'
2025-06-26 14:53:23,155 - automation_controller - ERROR - Error processing MSFT: 'TradingSystem' object has no attribute 'get_signal'
2025-06-26 14:53:24,155 - automation_controller - ERROR - Error processing GOOGL: 'TradingSystem' object has no attribute 'get_signal'
2025-06-26 14:53:25,157 - automation_controller - ERROR - Error processing AMZN: 'TradingSystem' object has no attribute 'get_signal'
2025-06-26 14:54:22,480 - automation_controller - ERROR - Error processing AAPL: 'TradingSystem' object has no attribute 'get_signal'
2025-06-26 14:54:22,607 - automation_controller - ERROR - Error processing MSFT: 'TradingSystem' object has no attribute 'get_signal'
2025-06-26 14:54:22,708 - automation_controller - ERROR - Error processing GOOGL: 'TradingSystem' object has no attribute 'get_signal'
2025-06-26 14:54:22,800 - automation_controller - ERROR - Error processing AMZN: 'TradingSystem' object has no attribute 'get_signal'
2025-06-26 14:54:23,165 - automation_controller - ERROR - Error processing AAPL: 'TradingSystem' object has no attribute 'get_signal'
2025-06-26 14:54:24,166 - automation_controller - ERROR - Error processing MSFT: 'TradingSystem' object has no attribute 'get_signal'
2025-06-26 14:54:25,166 - automation_controller - ERROR - Error processing GOOGL: 'TradingSystem' object has no attribute 'get_signal'
2025-06-26 14:54:26,167 - automation_controller - ERROR - Error processing AMZN: 'TradingSystem' object has no attribute 'get_signal'
2025-06-26 14:55:22,963 - automation_controller - ERROR - Error processing AAPL: 'TradingSystem' object has no attribute 'get_signal'
2025-06-26 14:55:23,081 - automation_controller - ERROR - Error processing MSFT: 'TradingSystem' object has no attribute 'get_signal'
2025-06-26 14:55:23,177 - automation_controller - ERROR - Error processing GOOGL: 'TradingSystem' object has no attribute 'get_signal'
2025-06-26 14:55:23,177 - automation_controller - ERROR - Error processing AAPL: 'TradingSystem' object has no attribute 'get_signal'
2025-06-26 14:55:23,283 - automation_controller - ERROR - Error processing AMZN: 'TradingSystem' object has no attribute 'get_signal'
2025-06-26 14:55:24,179 - automation_controller - ERROR - Error processing MSFT: 'TradingSystem' object has no attribute 'get_signal'
2025-06-26 14:55:25,179 - automation_controller - ERROR - Error processing GOOGL: 'TradingSystem' object has no attribute 'get_signal'
2025-06-26 14:55:26,181 - automation_controller - ERROR - Error processing AMZN: 'TradingSystem' object has no attribute 'get_signal'
2025-06-26 14:56:23,443 - automation_controller - ERROR - Error processing AAPL: 'TradingSystem' object has no attribute 'get_signal'
2025-06-26 14:56:23,598 - automation_controller - ERROR - Error processing MSFT: 'TradingSystem' object has no attribute 'get_signal'
2025-06-26 14:56:23,699 - automation_controller - ERROR - Error processing GOOGL: 'TradingSystem' object has no attribute 'get_signal'
2025-06-26 14:56:23,806 - automation_controller - ERROR - Error processing AMZN: 'TradingSystem' object has no attribute 'get_signal'
2025-06-26 14:56:24,189 - automation_controller - ERROR - Error processing AAPL: 'TradingSystem' object has no attribute 'get_signal'
2025-06-26 14:56:25,189 - automation_controller - ERROR - Error processing MSFT: 'TradingSystem' object has no attribute 'get_signal'
2025-06-26 14:56:26,190 - automation_controller - ERROR - Error processing GOOGL: 'TradingSystem' object has no attribute 'get_signal'
2025-06-26 14:56:27,190 - automation_controller - ERROR - Error processing AMZN: 'TradingSystem' object has no attribute 'get_signal'
2025-06-26 14:57:23,980 - automation_controller - ERROR - Error processing AAPL: 'TradingSystem' object has no attribute 'get_signal'
2025-06-26 14:57:24,200 - automation_controller - ERROR - Error processing AAPL: 'TradingSystem' object has no attribute 'get_signal'
2025-06-26 14:57:24,235 - automation_controller - ERROR - Error processing MSFT: 'TradingSystem' object has no attribute 'get_signal'
2025-06-26 14:57:24,456 - automation_controller - ERROR - Error processing GOOGL: 'TradingSystem' object has no attribute 'get_signal'
2025-06-26 14:57:24,545 - automation_controller - ERROR - Error processing AMZN: 'TradingSystem' object has no attribute 'get_signal'
2025-06-26 14:57:25,201 - automation_controller - ERROR - Error processing MSFT: 'TradingSystem' object has no attribute 'get_signal'
2025-06-26 14:57:26,202 - automation_controller - ERROR - Error processing GOOGL: 'TradingSystem' object has no attribute 'get_signal'
2025-06-26 14:57:27,202 - automation_controller - ERROR - Error processing AMZN: 'TradingSystem' object has no attribute 'get_signal'
2025-06-26 14:58:24,693 - automation_controller - ERROR - Error processing AAPL: 'TradingSystem' object has no attribute 'get_signal'
2025-06-26 14:58:24,821 - automation_controller - ERROR - Error processing MSFT: 'TradingSystem' object has no attribute 'get_signal'
2025-06-26 14:58:24,930 - automation_controller - ERROR - Error processing GOOGL: 'TradingSystem' object has no attribute 'get_signal'
2025-06-26 14:58:25,029 - automation_controller - ERROR - Error processing AMZN: 'TradingSystem' object has no attribute 'get_signal'
2025-06-26 14:58:25,212 - automation_controller - ERROR - Error processing AAPL: 'TradingSystem' object has no attribute 'get_signal'
2025-06-26 14:58:26,213 - automation_controller - ERROR - Error processing MSFT: 'TradingSystem' object has no attribute 'get_signal'
2025-06-26 14:58:27,213 - automation_controller - ERROR - Error processing GOOGL: 'TradingSystem' object has no attribute 'get_signal'
2025-06-26 14:58:28,214 - automation_controller - ERROR - Error processing AMZN: 'TradingSystem' object has no attribute 'get_signal'
2025-06-26 14:59:25,177 - automation_controller - ERROR - Error processing AAPL: 'TradingSystem' object has no attribute 'get_signal'
2025-06-26 14:59:25,222 - automation_controller - ERROR - Error processing AAPL: 'TradingSystem' object has no attribute 'get_signal'
2025-06-26 14:59:25,292 - automation_controller - ERROR - Error processing MSFT: 'TradingSystem' object has no attribute 'get_signal'
2025-06-26 14:59:25,393 - automation_controller - ERROR - Error processing GOOGL: 'TradingSystem' object has no attribute 'get_signal'
2025-06-26 14:59:25,490 - automation_controller - ERROR - Error processing AMZN: 'TradingSystem' object has no attribute 'get_signal'
2025-06-26 14:59:26,223 - automation_controller - ERROR - Error processing MSFT: 'TradingSystem' object has no attribute 'get_signal'
2025-06-26 14:59:27,223 - automation_controller - ERROR - Error processing GOOGL: 'TradingSystem' object has no attribute 'get_signal'
2025-06-26 14:59:28,224 - automation_controller - ERROR - Error processing AMZN: 'TradingSystem' object has no attribute 'get_signal'
2025-06-26 15:00:25,638 - automation_controller - ERROR - Error processing AAPL: 'TradingSystem' object has no attribute 'get_signal'
2025-06-26 15:00:25,769 - automation_controller - ERROR - Error processing MSFT: 'TradingSystem' object has no attribute 'get_signal'
2025-06-26 15:00:25,859 - automation_controller - ERROR - Error processing GOOGL: 'TradingSystem' object has no attribute 'get_signal'
2025-06-26 15:00:25,947 - automation_controller - ERROR - Error processing AMZN: 'TradingSystem' object has no attribute 'get_signal'
2025-06-26 15:00:26,231 - automation_controller - ERROR - Error processing AAPL: 'TradingSystem' object has no attribute 'get_signal'
2025-06-26 15:00:27,232 - automation_controller - ERROR - Error processing MSFT: 'TradingSystem' object has no attribute 'get_signal'
2025-06-26 15:00:28,232 - automation_controller - ERROR - Error processing GOOGL: 'TradingSystem' object has no attribute 'get_signal'
2025-06-26 15:00:29,233 - automation_controller - ERROR - Error processing AMZN: 'TradingSystem' object has no attribute 'get_signal'
2025-06-26 15:01:26,096 - automation_controller - ERROR - Error processing AAPL: 'TradingSystem' object has no attribute 'get_signal'
2025-06-26 15:01:26,234 - automation_controller - ERROR - Error processing MSFT: 'TradingSystem' object has no attribute 'get_signal'
2025-06-26 15:01:26,240 - automation_controller - ERROR - Error processing AAPL: 'TradingSystem' object has no attribute 'get_signal'
2025-06-26 15:01:26,335 - automation_controller - ERROR - Error processing GOOGL: 'TradingSystem' object has no attribute 'get_signal'
2025-06-26 15:01:26,429 - automation_controller - ERROR - Error processing AMZN: 'TradingSystem' object has no attribute 'get_signal'
2025-06-26 15:01:27,240 - automation_controller - ERROR - Error processing MSFT: 'TradingSystem' object has no attribute 'get_signal'
2025-06-26 15:01:28,241 - automation_controller - ERROR - Error processing GOOGL: 'TradingSystem' object has no attribute 'get_signal'
2025-06-26 15:01:29,241 - automation_controller - ERROR - Error processing AMZN: 'TradingSystem' object has no attribute 'get_signal'
2025-06-26 15:02:26,558 - automation_controller - ERROR - Error processing AAPL: 'TradingSystem' object has no attribute 'get_signal'
2025-06-26 15:02:26,796 - automation_controller - ERROR - Error processing MSFT: 'TradingSystem' object has no attribute 'get_signal'
2025-06-26 15:02:27,008 - automation_controller - ERROR - Error processing GOOGL: 'TradingSystem' object has no attribute 'get_signal'
2025-06-26 15:02:27,106 - automation_controller - ERROR - Error processing AMZN: 'TradingSystem' object has no attribute 'get_signal'
2025-06-26 15:02:27,249 - automation_controller - ERROR - Error processing AAPL: 'TradingSystem' object has no attribute 'get_signal'
2025-06-26 15:02:28,249 - automation_controller - ERROR - Error processing MSFT: 'TradingSystem' object has no attribute 'get_signal'
2025-06-26 15:02:29,250 - automation_controller - ERROR - Error processing GOOGL: 'TradingSystem' object has no attribute 'get_signal'
2025-06-26 15:02:30,250 - automation_controller - ERROR - Error processing AMZN: 'TradingSystem' object has no attribute 'get_signal'
2025-06-26 15:03:27,270 - automation_controller - ERROR - Error processing AAPL: 'TradingSystem' object has no attribute 'get_signal'
2025-06-26 15:03:27,399 - automation_controller - ERROR - Error processing MSFT: 'TradingSystem' object has no attribute 'get_signal'
2025-06-26 15:03:27,490 - automation_controller - ERROR - Error processing GOOGL: 'TradingSystem' object has no attribute 'get_signal'
2025-06-26 15:03:27,581 - automation_controller - ERROR - Error processing AMZN: 'TradingSystem' object has no attribute 'get_signal'
2025-06-26 15:03:28,270 - automation_controller - ERROR - Error processing AAPL: 'TradingSystem' object has no attribute 'get_signal'
2025-06-26 15:03:29,271 - automation_controller - ERROR - Error processing MSFT: 'TradingSystem' object has no attribute 'get_signal'
2025-06-26 15:03:30,271 - automation_controller - ERROR - Error processing GOOGL: 'TradingSystem' object has no attribute 'get_signal'
2025-06-26 15:03:31,272 - automation_controller - ERROR - Error processing AMZN: 'TradingSystem' object has no attribute 'get_signal'
2025-06-26 15:04:27,717 - automation_controller - ERROR - Error processing AAPL: 'TradingSystem' object has no attribute 'get_signal'
2025-06-26 15:04:27,831 - automation_controller - ERROR - Error processing MSFT: 'TradingSystem' object has no attribute 'get_signal'
2025-06-26 15:04:27,923 - automation_controller - ERROR - Error processing GOOGL: 'TradingSystem' object has no attribute 'get_signal'
2025-06-26 15:04:28,027 - automation_controller - ERROR - Error processing AMZN: 'TradingSystem' object has no attribute 'get_signal'
2025-06-26 15:04:28,280 - automation_controller - ERROR - Error processing AAPL: 'TradingSystem' object has no attribute 'get_signal'
2025-06-26 15:04:29,281 - automation_controller - ERROR - Error processing MSFT: 'TradingSystem' object has no attribute 'get_signal'
2025-06-26 15:04:30,281 - automation_controller - ERROR - Error processing GOOGL: 'TradingSystem' object has no attribute 'get_signal'
2025-06-26 15:04:31,282 - automation_controller - ERROR - Error processing AMZN: 'TradingSystem' object has no attribute 'get_signal'
2025-06-26 15:05:28,213 - automation_controller - ERROR - Error processing AAPL: 'TradingSystem' object has no attribute 'get_signal'
2025-06-26 15:05:28,290 - automation_controller - ERROR - Error processing AAPL: 'TradingSystem' object has no attribute 'get_signal'
2025-06-26 15:05:28,330 - automation_controller - ERROR - Error processing MSFT: 'TradingSystem' object has no attribute 'get_signal'
2025-06-26 15:05:28,431 - automation_controller - ERROR - Error processing GOOGL: 'TradingSystem' object has no attribute 'get_signal'
2025-06-26 15:05:28,519 - automation_controller - ERROR - Error processing AMZN: 'TradingSystem' object has no attribute 'get_signal'
2025-06-26 15:05:29,291 - automation_controller - ERROR - Error processing MSFT: 'TradingSystem' object has no attribute 'get_signal'
2025-06-26 15:05:30,291 - automation_controller - ERROR - Error processing GOOGL: 'TradingSystem' object has no attribute 'get_signal'
2025-06-26 15:05:31,292 - automation_controller - ERROR - Error processing AMZN: 'TradingSystem' object has no attribute 'get_signal'
2025-06-26 15:06:28,666 - automation_controller - ERROR - Error processing AAPL: 'TradingSystem' object has no attribute 'get_signal'
2025-06-26 15:06:28,780 - automation_controller - ERROR - Error processing MSFT: 'TradingSystem' object has no attribute 'get_signal'
2025-06-26 15:06:28,870 - automation_controller - ERROR - Error processing GOOGL: 'TradingSystem' object has no attribute 'get_signal'
2025-06-26 15:06:28,960 - automation_controller - ERROR - Error processing AMZN: 'TradingSystem' object has no attribute 'get_signal'
2025-06-26 15:06:29,300 - automation_controller - ERROR - Error processing AAPL: 'TradingSystem' object has no attribute 'get_signal'
2025-06-26 15:06:30,300 - automation_controller - ERROR - Error processing MSFT: 'TradingSystem' object has no attribute 'get_signal'
2025-06-26 15:06:31,301 - automation_controller - ERROR - Error processing GOOGL: 'TradingSystem' object has no attribute 'get_signal'
2025-06-26 15:06:32,301 - automation_controller - ERROR - Error processing AMZN: 'TradingSystem' object has no attribute 'get_signal'
2025-06-26 15:07:29,108 - automation_controller - ERROR - Error processing AAPL: 'TradingSystem' object has no attribute 'get_signal'
2025-06-26 15:07:29,237 - automation_controller - ERROR - Error processing MSFT: 'TradingSystem' object has no attribute 'get_signal'
2025-06-26 15:07:29,312 - automation_controller - ERROR - Error processing AAPL: 'TradingSystem' object has no attribute 'get_signal'
2025-06-26 15:07:29,330 - automation_controller - ERROR - Error processing GOOGL: 'TradingSystem' object has no attribute 'get_signal'
2025-06-26 15:07:29,424 - automation_controller - ERROR - Error processing AMZN: 'TradingSystem' object has no attribute 'get_signal'
2025-06-26 15:07:30,313 - automation_controller - ERROR - Error processing MSFT: 'TradingSystem' object has no attribute 'get_signal'
2025-06-26 15:07:31,314 - automation_controller - ERROR - Error processing GOOGL: 'TradingSystem' object has no attribute 'get_signal'
2025-06-26 15:07:32,314 - automation_controller - ERROR - Error processing AMZN: 'TradingSystem' object has no attribute 'get_signal'
2025-06-26 15:08:29,558 - automation_controller - ERROR - Error processing AAPL: 'TradingSystem' object has no attribute 'get_signal'
2025-06-26 15:08:29,684 - automation_controller - ERROR - Error processing MSFT: 'TradingSystem' object has no attribute 'get_signal'
2025-06-26 15:08:29,892 - automation_controller - ERROR - Error processing GOOGL: 'TradingSystem' object has no attribute 'get_signal'
2025-06-26 15:08:29,991 - automation_controller - ERROR - Error processing AMZN: 'TradingSystem' object has no attribute 'get_signal'
2025-06-26 15:08:30,324 - automation_controller - ERROR - Error processing AAPL: 'TradingSystem' object has no attribute 'get_signal'
2025-06-26 15:08:31,324 - automation_controller - ERROR - Error processing MSFT: 'TradingSystem' object has no attribute 'get_signal'
2025-06-26 15:08:32,325 - automation_controller - ERROR - Error processing GOOGL: 'TradingSystem' object has no attribute 'get_signal'
2025-06-26 15:08:33,325 - automation_controller - ERROR - Error processing AMZN: 'TradingSystem' object has no attribute 'get_signal'
2025-06-26 15:09:30,149 - automation_controller - ERROR - Error processing AAPL: 'TradingSystem' object has no attribute 'get_signal'
2025-06-26 15:09:30,303 - automation_controller - ERROR - Error processing MSFT: 'TradingSystem' object has no attribute 'get_signal'
2025-06-26 15:09:30,334 - automation_controller - ERROR - Error processing AAPL: 'TradingSystem' object has no attribute 'get_signal'
2025-06-26 15:09:30,402 - automation_controller - ERROR - Error processing GOOGL: 'TradingSystem' object has no attribute 'get_signal'
2025-06-26 15:09:30,510 - automation_controller - ERROR - Error processing AMZN: 'TradingSystem' object has no attribute 'get_signal'
2025-06-26 15:09:31,335 - automation_controller - ERROR - Error processing MSFT: 'TradingSystem' object has no attribute 'get_signal'
2025-06-26 15:09:32,336 - automation_controller - ERROR - Error processing GOOGL: 'TradingSystem' object has no attribute 'get_signal'
2025-06-26 15:09:33,336 - automation_controller - ERROR - Error processing AMZN: 'TradingSystem' object has no attribute 'get_signal'
2025-06-26 15:10:30,771 - automation_controller - ERROR - Error processing AAPL: 'TradingSystem' object has no attribute 'get_signal'
2025-06-26 15:10:30,898 - automation_controller - ERROR - Error processing MSFT: 'TradingSystem' object has no attribute 'get_signal'
2025-06-26 15:10:31,006 - automation_controller - ERROR - Error processing GOOGL: 'TradingSystem' object has no attribute 'get_signal'
2025-06-26 15:10:31,099 - automation_controller - ERROR - Error processing AMZN: 'TradingSystem' object has no attribute 'get_signal'
2025-06-26 15:10:31,349 - automation_controller - ERROR - Error processing AAPL: 'TradingSystem' object has no attribute 'get_signal'
2025-06-26 15:10:32,349 - automation_controller - ERROR - Error processing MSFT: 'TradingSystem' object has no attribute 'get_signal'
2025-06-26 15:10:33,350 - automation_controller - ERROR - Error processing GOOGL: 'TradingSystem' object has no attribute 'get_signal'
2025-06-26 15:10:34,350 - automation_controller - ERROR - Error processing AMZN: 'TradingSystem' object has no attribute 'get_signal'
